{"timestamp":"2025-07-11T11:49:08.065169","level":"info","event":"DAG bundles loaded: dags-folder, example_dags","logger":"airflow.dag_processing.bundles.manager.DagBundlesManager"}
{"timestamp":"2025-07-11T11:49:08.065827","level":"info","event":"Filling up the DagBag from /opt/airflow/dags/main.py","logger":"airflow.models.dagbag.DagBag"}
{"timestamp":"2025-07-11T11:49:08.437357Z","level":"error","event":"WARNING: Using incubator modules: jdk.incubator.vector","chan":"stderr","logger":"task"}
{"timestamp":"2025-07-11T11:49:10.123508Z","level":"error","event":"25/07/11 11:49:10 WARN NativeCodeLoader: Unable to load native-hadoop library for your platform... using builtin-java classes where applicable","chan":"stderr","logger":"task"}
{"timestamp":"2025-07-11T11:49:10.326014Z","level":"error","event":"Using Spark's default log4j profile: org/apache/spark/log4j2-defaults.properties","chan":"stderr","logger":"task"}
{"timestamp":"2025-07-11T11:49:10.326624Z","level":"error","event":"Setting default log level to \"WARN\".","chan":"stderr","logger":"task"}
{"timestamp":"2025-07-11T11:49:10.327014Z","level":"error","event":"To adjust logging level use sc.setLogLevel(newLevel). For SparkR, use setLogLevel(newLevel).","chan":"stderr","logger":"task"}
{"timestamp":"2025-07-11T11:49:16.474960Z","level":"info","event":"Task instance is in running state","chan":"stdout","logger":"task"}
{"timestamp":"2025-07-11T11:49:16.475495Z","level":"info","event":" Previous state of the Task instance: queued","chan":"stdout","logger":"task"}
{"timestamp":"2025-07-11T11:49:16.475939Z","level":"info","event":"Current task name:etl_data_weather.load","chan":"stdout","logger":"task"}
{"timestamp":"2025-07-11T11:49:16.476321Z","level":"info","event":"Dag name:etl_pipeline","chan":"stdout","logger":"task"}
{"timestamp":"2025-07-11T11:49:16.476558Z","level":"info","event":"extract data from file","chan":"stdout","logger":"task"}
{"timestamp":"2025-07-11T11:49:17.554283Z","level":"error","event":"25/07/11 11:49:17 WARN MetricsConfig: Cannot locate configuration: tried hadoop-metrics2-s3a-file-system.properties,hadoop-metrics2.properties","chan":"stderr","logger":"task"}
{"timestamp":"2025-07-11T11:49:17.582365Z","level":"error","event":"25/07/11 11:49:17 WARN FileSystem: Failed to initialize filesystem s3a://weather-data/weather_data.json: java.lang.NumberFormatException: For input string: \"60s\"","chan":"stderr","logger":"task"}
{"timestamp":"2025-07-11T11:49:17.585843Z","level":"error","event":"25/07/11 11:49:17 WARN FileStreamSink: Assume no metadata directory. Error while looking for metadata directory in the path: s3a://weather-data/weather_data.json.","chan":"stderr","logger":"task"}
{"timestamp":"2025-07-11T11:49:17.586331Z","level":"error","event":"java.lang.NumberFormatException: For input string: \"60s\"","chan":"stderr","logger":"task"}
{"timestamp":"2025-07-11T11:49:17.586823Z","level":"error","event":"\tat java.base/java.lang.NumberFormatException.forInputString(NumberFormatException.java:67)","chan":"stderr","logger":"task"}
{"timestamp":"2025-07-11T11:49:17.587200Z","level":"error","event":"\tat java.base/java.lang.Long.parseLong(Long.java:711)","chan":"stderr","logger":"task"}
{"timestamp":"2025-07-11T11:49:17.587481Z","level":"error","event":"\tat java.base/java.lang.Long.parseLong(Long.java:836)","chan":"stderr","logger":"task"}
{"timestamp":"2025-07-11T11:49:17.587756Z","level":"error","event":"\tat org.apache.hadoop.conf.Configuration.getLong(Configuration.java:1607)","chan":"stderr","logger":"task"}
{"timestamp":"2025-07-11T11:49:17.587987Z","level":"error","event":"\tat org.apache.hadoop.fs.s3a.S3AUtils.longOption(S3AUtils.java:1024)","chan":"stderr","logger":"task"}
{"timestamp":"2025-07-11T11:49:17.588206Z","level":"error","event":"\tat org.apache.hadoop.fs.s3a.S3AFileSystem.initThreadPools(S3AFileSystem.java:719)","chan":"stderr","logger":"task"}
{"timestamp":"2025-07-11T11:49:17.588405Z","level":"error","event":"\tat org.apache.hadoop.fs.s3a.S3AFileSystem.initialize(S3AFileSystem.java:498)","chan":"stderr","logger":"task"}
{"timestamp":"2025-07-11T11:49:17.588609Z","level":"error","event":"\tat org.apache.hadoop.fs.FileSystem.createFileSystem(FileSystem.java:3615)","chan":"stderr","logger":"task"}
{"timestamp":"2025-07-11T11:49:17.588893Z","level":"error","event":"\tat org.apache.hadoop.fs.FileSystem.access$300(FileSystem.java:172)","chan":"stderr","logger":"task"}
{"timestamp":"2025-07-11T11:49:17.589283Z","level":"error","event":"\tat org.apache.hadoop.fs.FileSystem$Cache.getInternal(FileSystem.java:3716)","chan":"stderr","logger":"task"}
{"timestamp":"2025-07-11T11:49:17.589669Z","level":"error","event":"\tat org.apache.hadoop.fs.FileSystem$Cache.get(FileSystem.java:3667)","chan":"stderr","logger":"task"}
{"timestamp":"2025-07-11T11:49:17.589885Z","level":"error","event":"\tat org.apache.hadoop.fs.FileSystem.get(FileSystem.java:557)","chan":"stderr","logger":"task"}
{"timestamp":"2025-07-11T11:49:17.590090Z","level":"error","event":"\tat org.apache.hadoop.fs.Path.getFileSystem(Path.java:366)","chan":"stderr","logger":"task"}
{"timestamp":"2025-07-11T11:49:17.590265Z","level":"error","event":"\tat org.apache.spark.sql.execution.streaming.FileStreamSink$.hasMetadata(FileStreamSink.scala:55)","chan":"stderr","logger":"task"}
{"timestamp":"2025-07-11T11:49:17.590422Z","level":"error","event":"\tat org.apache.spark.sql.execution.datasources.DataSource.resolveRelation(DataSource.scala:381)","chan":"stderr","logger":"task"}
{"timestamp":"2025-07-11T11:49:17.590618Z","level":"error","event":"\tat org.apache.spark.sql.catalyst.analysis.ResolveDataSource.org$apache$spark$sql$catalyst$analysis$ResolveDataSource$$loadV1BatchSource(ResolveDataSource.scala:143)","chan":"stderr","logger":"task"}
{"timestamp":"2025-07-11T11:49:17.590819Z","level":"error","event":"\tat org.apache.spark.sql.catalyst.analysis.ResolveDataSource$$anonfun$apply$1.$anonfun$applyOrElse$2(ResolveDataSource.scala:61)","chan":"stderr","logger":"task"}
{"timestamp":"2025-07-11T11:49:17.591007Z","level":"error","event":"\tat scala.Option.getOrElse(Option.scala:201)","chan":"stderr","logger":"task"}
{"timestamp":"2025-07-11T11:49:17.591211Z","level":"error","event":"\tat org.apache.spark.sql.catalyst.analysis.ResolveDataSource$$anonfun$apply$1.applyOrElse(ResolveDataSource.scala:61)","chan":"stderr","logger":"task"}
{"timestamp":"2025-07-11T11:49:17.591402Z","level":"error","event":"\tat org.apache.spark.sql.catalyst.analysis.ResolveDataSource$$anonfun$apply$1.applyOrElse(ResolveDataSource.scala:45)","chan":"stderr","logger":"task"}
{"timestamp":"2025-07-11T11:49:17.591635Z","level":"error","event":"\tat org.apache.spark.sql.catalyst.plans.logical.AnalysisHelper.$anonfun$resolveOperatorsUpWithPruning$3(AnalysisHelper.scala:139)","chan":"stderr","logger":"task"}
{"timestamp":"2025-07-11T11:49:17.591953Z","level":"error","event":"\tat org.apache.spark.sql.catalyst.trees.CurrentOrigin$.withOrigin(origin.scala:86)","chan":"stderr","logger":"task"}
{"timestamp":"2025-07-11T11:49:17.592250Z","level":"error","event":"\tat org.apache.spark.sql.catalyst.plans.logical.AnalysisHelper.$anonfun$resolveOperatorsUpWithPruning$1(AnalysisHelper.scala:139)","chan":"stderr","logger":"task"}
{"timestamp":"2025-07-11T11:49:17.592467Z","level":"error","event":"\tat org.apache.spark.sql.catalyst.plans.logical.AnalysisHelper$.allowInvokingTransformsInAnalyzer(AnalysisHelper.scala:416)","chan":"stderr","logger":"task"}
{"timestamp":"2025-07-11T11:49:17.592675Z","level":"error","event":"\tat org.apache.spark.sql.catalyst.plans.logical.AnalysisHelper.resolveOperatorsUpWithPruning(AnalysisHelper.scala:135)","chan":"stderr","logger":"task"}
{"timestamp":"2025-07-11T11:49:17.592887Z","level":"error","event":"\tat org.apache.spark.sql.catalyst.plans.logical.AnalysisHelper.resolveOperatorsUpWithPruning$(AnalysisHelper.scala:131)","chan":"stderr","logger":"task"}
{"timestamp":"2025-07-11T11:49:17.593075Z","level":"error","event":"\tat org.apache.spark.sql.catalyst.plans.logical.LogicalPlan.resolveOperatorsUpWithPruning(LogicalPlan.scala:37)","chan":"stderr","logger":"task"}
{"timestamp":"2025-07-11T11:49:17.593278Z","level":"error","event":"\tat org.apache.spark.sql.catalyst.plans.logical.AnalysisHelper.resolveOperatorsUp(AnalysisHelper.scala:112)","chan":"stderr","logger":"task"}
{"timestamp":"2025-07-11T11:49:17.593503Z","level":"error","event":"\tat org.apache.spark.sql.catalyst.plans.logical.AnalysisHelper.resolveOperatorsUp$(AnalysisHelper.scala:111)","chan":"stderr","logger":"task"}
{"timestamp":"2025-07-11T11:49:17.593683Z","level":"error","event":"\tat org.apache.spark.sql.catalyst.plans.logical.LogicalPlan.resolveOperatorsUp(LogicalPlan.scala:37)","chan":"stderr","logger":"task"}
{"timestamp":"2025-07-11T11:49:17.593860Z","level":"error","event":"\tat org.apache.spark.sql.catalyst.analysis.ResolveDataSource.apply(ResolveDataSource.scala:45)","chan":"stderr","logger":"task"}
{"timestamp":"2025-07-11T11:49:17.594011Z","level":"error","event":"\tat org.apache.spark.sql.catalyst.analysis.ResolveDataSource.apply(ResolveDataSource.scala:43)","chan":"stderr","logger":"task"}
{"timestamp":"2025-07-11T11:49:17.594224Z","level":"error","event":"\tat org.apache.spark.sql.catalyst.rules.RuleExecutor.$anonfun$execute$2(RuleExecutor.scala:242)","chan":"stderr","logger":"task"}
{"timestamp":"2025-07-11T11:49:17.594429Z","level":"error","event":"\tat scala.collection.LinearSeqOps.foldLeft(LinearSeq.scala:183)","chan":"stderr","logger":"task"}
{"timestamp":"2025-07-11T11:49:17.594587Z","level":"error","event":"\tat scala.collection.LinearSeqOps.foldLeft$(LinearSeq.scala:179)","chan":"stderr","logger":"task"}
{"timestamp":"2025-07-11T11:49:17.594732Z","level":"error","event":"\tat scala.collection.immutable.List.foldLeft(List.scala:79)","chan":"stderr","logger":"task"}
{"timestamp":"2025-07-11T11:49:17.594875Z","level":"error","event":"\tat org.apache.spark.sql.catalyst.rules.RuleExecutor.$anonfun$execute$1(RuleExecutor.scala:239)","chan":"stderr","logger":"task"}
{"timestamp":"2025-07-11T11:49:17.595024Z","level":"error","event":"\tat org.apache.spark.sql.catalyst.rules.RuleExecutor.$anonfun$execute$1$adapted(RuleExecutor.scala:231)","chan":"stderr","logger":"task"}
{"timestamp":"2025-07-11T11:49:17.595194Z","level":"error","event":"\tat scala.collection.immutable.List.foreach(List.scala:334)","chan":"stderr","logger":"task"}
{"timestamp":"2025-07-11T11:49:17.595419Z","level":"error","event":"\tat org.apache.spark.sql.catalyst.rules.RuleExecutor.execute(RuleExecutor.scala:231)","chan":"stderr","logger":"task"}
{"timestamp":"2025-07-11T11:49:17.595602Z","level":"error","event":"\tat org.apache.spark.sql.catalyst.analysis.Analyzer.org$apache$spark$sql$catalyst$analysis$Analyzer$$executeSameContext(Analyzer.scala:290)","chan":"stderr","logger":"task"}
{"timestamp":"2025-07-11T11:49:17.595780Z","level":"error","event":"\tat org.apache.spark.sql.catalyst.analysis.Analyzer.$anonfun$execute$1(Analyzer.scala:286)","chan":"stderr","logger":"task"}
{"timestamp":"2025-07-11T11:49:17.596065Z","level":"error","event":"\tat org.apache.spark.sql.catalyst.analysis.AnalysisContext$.withNewAnalysisContext(Analyzer.scala:234)","chan":"stderr","logger":"task"}
{"timestamp":"2025-07-11T11:49:17.596260Z","level":"error","event":"\tat org.apache.spark.sql.catalyst.analysis.Analyzer.execute(Analyzer.scala:286)","chan":"stderr","logger":"task"}
{"timestamp":"2025-07-11T11:49:17.596505Z","level":"error","event":"\tat org.apache.spark.sql.catalyst.analysis.Analyzer.execute(Analyzer.scala:249)","chan":"stderr","logger":"task"}
{"timestamp":"2025-07-11T11:49:17.596864Z","level":"error","event":"\tat org.apache.spark.sql.catalyst.rules.RuleExecutor.$anonfun$executeAndTrack$1(RuleExecutor.scala:201)","chan":"stderr","logger":"task"}
{"timestamp":"2025-07-11T11:49:17.597067Z","level":"error","event":"\tat org.apache.spark.sql.catalyst.QueryPlanningTracker$.withTracker(QueryPlanningTracker.scala:89)","chan":"stderr","logger":"task"}
{"timestamp":"2025-07-11T11:49:17.597323Z","level":"error","event":"\tat org.apache.spark.sql.catalyst.rules.RuleExecutor.executeAndTrack(RuleExecutor.scala:201)","chan":"stderr","logger":"task"}
{"timestamp":"2025-07-11T11:49:17.597605Z","level":"error","event":"\tat org.apache.spark.sql.catalyst.analysis.resolver.HybridAnalyzer.resolveInFixedPoint(HybridAnalyzer.scala:190)","chan":"stderr","logger":"task"}
{"timestamp":"2025-07-11T11:49:17.598077Z","level":"error","event":"\tat org.apache.spark.sql.catalyst.analysis.resolver.HybridAnalyzer.$anonfun$apply$1(HybridAnalyzer.scala:76)","chan":"stderr","logger":"task"}
{"timestamp":"2025-07-11T11:49:17.598362Z","level":"error","event":"\tat org.apache.spark.sql.catalyst.analysis.resolver.HybridAnalyzer.withTrackedAnalyzerBridgeState(HybridAnalyzer.scala:111)","chan":"stderr","logger":"task"}
{"timestamp":"2025-07-11T11:49:17.598555Z","level":"error","event":"\tat org.apache.spark.sql.catalyst.analysis.resolver.HybridAnalyzer.apply(HybridAnalyzer.scala:71)","chan":"stderr","logger":"task"}
{"timestamp":"2025-07-11T11:49:17.598741Z","level":"error","event":"\tat org.apache.spark.sql.catalyst.analysis.Analyzer.$anonfun$executeAndCheck$1(Analyzer.scala:280)","chan":"stderr","logger":"task"}
{"timestamp":"2025-07-11T11:49:17.598951Z","level":"error","event":"\tat org.apache.spark.sql.catalyst.plans.logical.AnalysisHelper$.markInAnalyzer(AnalysisHelper.scala:423)","chan":"stderr","logger":"task"}
{"timestamp":"2025-07-11T11:49:17.599140Z","level":"error","event":"\tat org.apache.spark.sql.catalyst.analysis.Analyzer.executeAndCheck(Analyzer.scala:280)","chan":"stderr","logger":"task"}
{"timestamp":"2025-07-11T11:49:17.599344Z","level":"error","event":"\tat org.apache.spark.sql.execution.QueryExecution.$anonfun$lazyAnalyzed$2(QueryExecution.scala:110)","chan":"stderr","logger":"task"}
{"timestamp":"2025-07-11T11:49:17.599527Z","level":"error","event":"\tat org.apache.spark.sql.catalyst.QueryPlanningTracker.measurePhase(QueryPlanningTracker.scala:148)","chan":"stderr","logger":"task"}
{"timestamp":"2025-07-11T11:49:17.599721Z","level":"error","event":"\tat org.apache.spark.sql.execution.QueryExecution.$anonfun$executePhase$2(QueryExecution.scala:278)","chan":"stderr","logger":"task"}
{"timestamp":"2025-07-11T11:49:17.599977Z","level":"error","event":"\tat org.apache.spark.sql.execution.QueryExecution$.withInternalError(QueryExecution.scala:654)","chan":"stderr","logger":"task"}
{"timestamp":"2025-07-11T11:49:17.600294Z","level":"error","event":"\tat org.apache.spark.sql.execution.QueryExecution.$anonfun$executePhase$1(QueryExecution.scala:278)","chan":"stderr","logger":"task"}
{"timestamp":"2025-07-11T11:49:17.600588Z","level":"error","event":"\tat org.apache.spark.sql.SparkSession.withActive(SparkSession.scala:804)","chan":"stderr","logger":"task"}
{"timestamp":"2025-07-11T11:49:17.600855Z","level":"error","event":"\tat org.apache.spark.sql.execution.QueryExecution.executePhase(QueryExecution.scala:277)","chan":"stderr","logger":"task"}
{"timestamp":"2025-07-11T11:49:17.601087Z","level":"error","event":"\tat org.apache.spark.sql.execution.QueryExecution.$anonfun$lazyAnalyzed$1(QueryExecution.scala:110)","chan":"stderr","logger":"task"}
{"timestamp":"2025-07-11T11:49:17.601297Z","level":"error","event":"\tat scala.util.Try$.apply(Try.scala:217)","chan":"stderr","logger":"task"}
{"timestamp":"2025-07-11T11:49:17.601494Z","level":"error","event":"\tat org.apache.spark.util.Utils$.doTryWithCallerStacktrace(Utils.scala:1378)","chan":"stderr","logger":"task"}
{"timestamp":"2025-07-11T11:49:17.601709Z","level":"error","event":"\tat org.apache.spark.util.LazyTry.tryT$lzycompute(LazyTry.scala:46)","chan":"stderr","logger":"task"}
{"timestamp":"2025-07-11T11:49:17.601925Z","level":"error","event":"\tat org.apache.spark.util.LazyTry.tryT(LazyTry.scala:46)","chan":"stderr","logger":"task"}
{"timestamp":"2025-07-11T11:49:17.602153Z","level":"error","event":"\tat org.apache.spark.util.LazyTry.get(LazyTry.scala:58)","chan":"stderr","logger":"task"}
{"timestamp":"2025-07-11T11:49:17.602357Z","level":"error","event":"\tat org.apache.spark.sql.execution.QueryExecution.analyzed(QueryExecution.scala:121)","chan":"stderr","logger":"task"}
{"timestamp":"2025-07-11T11:49:17.602549Z","level":"error","event":"\tat org.apache.spark.sql.execution.QueryExecution.assertAnalyzed(QueryExecution.scala:80)","chan":"stderr","logger":"task"}
{"timestamp":"2025-07-11T11:49:17.602764Z","level":"error","event":"\tat org.apache.spark.sql.classic.Dataset$.$anonfun$ofRows$1(Dataset.scala:115)","chan":"stderr","logger":"task"}
{"timestamp":"2025-07-11T11:49:17.602985Z","level":"error","event":"\tat org.apache.spark.sql.SparkSession.withActive(SparkSession.scala:804)","chan":"stderr","logger":"task"}
{"timestamp":"2025-07-11T11:49:17.603217Z","level":"error","event":"\tat org.apache.spark.sql.classic.Dataset$.ofRows(Dataset.scala:113)","chan":"stderr","logger":"task"}
{"timestamp":"2025-07-11T11:49:17.603454Z","level":"error","event":"\tat org.apache.spark.sql.classic.DataFrameReader.load(DataFrameReader.scala:109)","chan":"stderr","logger":"task"}
{"timestamp":"2025-07-11T11:49:17.603702Z","level":"error","event":"\tat org.apache.spark.sql.classic.DataFrameReader.load(DataFrameReader.scala:58)","chan":"stderr","logger":"task"}
{"timestamp":"2025-07-11T11:49:17.603914Z","level":"error","event":"\tat org.apache.spark.sql.DataFrameReader.json(DataFrameReader.scala:296)","chan":"stderr","logger":"task"}
{"timestamp":"2025-07-11T11:49:17.604104Z","level":"error","event":"\tat org.apache.spark.sql.classic.DataFrameReader.json(DataFrameReader.scala:150)","chan":"stderr","logger":"task"}
{"timestamp":"2025-07-11T11:49:17.604348Z","level":"error","event":"\tat java.base/jdk.internal.reflect.NativeMethodAccessorImpl.invoke0(Native Method)","chan":"stderr","logger":"task"}
{"timestamp":"2025-07-11T11:49:17.604624Z","level":"error","event":"\tat java.base/jdk.internal.reflect.NativeMethodAccessorImpl.invoke(NativeMethodAccessorImpl.java:77)","chan":"stderr","logger":"task"}
{"timestamp":"2025-07-11T11:49:17.604920Z","level":"error","event":"\tat java.base/jdk.internal.reflect.DelegatingMethodAccessorImpl.invoke(DelegatingMethodAccessorImpl.java:43)","chan":"stderr","logger":"task"}
{"timestamp":"2025-07-11T11:49:17.605125Z","level":"error","event":"\tat java.base/java.lang.reflect.Method.invoke(Method.java:569)","chan":"stderr","logger":"task"}
{"timestamp":"2025-07-11T11:49:17.605330Z","level":"error","event":"\tat py4j.reflection.MethodInvoker.invoke(MethodInvoker.java:244)","chan":"stderr","logger":"task"}
{"timestamp":"2025-07-11T11:49:17.605541Z","level":"error","event":"\tat py4j.reflection.ReflectionEngine.invoke(ReflectionEngine.java:374)","chan":"stderr","logger":"task"}
{"timestamp":"2025-07-11T11:49:17.605767Z","level":"error","event":"\tat py4j.Gateway.invoke(Gateway.java:282)","chan":"stderr","logger":"task"}
{"timestamp":"2025-07-11T11:49:17.606000Z","level":"error","event":"\tat py4j.commands.AbstractCommand.invokeMethod(AbstractCommand.java:132)","chan":"stderr","logger":"task"}
{"timestamp":"2025-07-11T11:49:17.606225Z","level":"error","event":"\tat py4j.commands.CallCommand.execute(CallCommand.java:79)","chan":"stderr","logger":"task"}
{"timestamp":"2025-07-11T11:49:17.606439Z","level":"error","event":"\tat py4j.ClientServerConnection.waitForCommands(ClientServerConnection.java:184)","chan":"stderr","logger":"task"}
{"timestamp":"2025-07-11T11:49:17.606631Z","level":"error","event":"\tat py4j.ClientServerConnection.run(ClientServerConnection.java:108)","chan":"stderr","logger":"task"}
{"timestamp":"2025-07-11T11:49:17.606859Z","level":"error","event":"\tat java.base/java.lang.Thread.run(Thread.java:840)","chan":"stderr","logger":"task"}
{"timestamp":"2025-07-11T11:49:17.607306Z","level":"error","event":"25/07/11 11:49:17 WARN MetricsConfig: Cannot locate configuration: tried hadoop-metrics2-s3a-file-system.properties,hadoop-metrics2.properties","chan":"stderr","logger":"task"}
{"timestamp":"2025-07-11T11:49:17.607633Z","level":"error","event":"25/07/11 11:49:17 WARN FileSystem: Failed to initialize filesystem s3a://weather-data/weather_data.json: java.lang.NumberFormatException: For input string: \"60s\"","chan":"stderr","logger":"task"}
{"timestamp":"2025-07-11T11:49:17.668304","level":"error","event":"Task failed with exception","logger":"task","error_detail":[{"exc_type":"NumberFormatException","exc_value":"For input string: \"60s\"","exc_notes":[],"syntax_error":null,"is_cause":false,"frames":[{"filename":"/home/airflow/.local/lib/python3.12/site-packages/airflow/sdk/execution_time/task_runner.py","lineno":825,"name":"run"},{"filename":"/home/airflow/.local/lib/python3.12/site-packages/airflow/sdk/execution_time/task_runner.py","lineno":1088,"name":"_execute_task"},{"filename":"/home/airflow/.local/lib/python3.12/site-packages/airflow/sdk/bases/operator.py","lineno":408,"name":"wrapper"},{"filename":"/home/airflow/.local/lib/python3.12/site-packages/airflow/providers/standard/operators/python.py","lineno":212,"name":"execute"},{"filename":"/home/airflow/.local/lib/python3.12/site-packages/airflow/providers/standard/operators/python.py","lineno":235,"name":"execute_callable"},{"filename":"/home/airflow/.local/lib/python3.12/site-packages/airflow/sdk/execution_time/callback_runner.py","lineno":81,"name":"run"},{"filename":"/opt/airflow/dags/main.py","lineno":22,"name":"run_etl_weather"},{"filename":"/opt/airflow/dags/etl_data_weather.py","lineno":24,"name":"extract_data_weather"},{"filename":"/home/airflow/.local/lib/python3.12/site-packages/pyspark/sql/readwriter.py","lineno":468,"name":"json"},{"filename":"/home/airflow/.local/lib/python3.12/site-packages/py4j/java_gateway.py","lineno":1362,"name":"__call__"},{"filename":"/home/airflow/.local/lib/python3.12/site-packages/pyspark/errors/exceptions/captured.py","lineno":288,"name":"deco"}]}]}
{"timestamp":"2025-07-11T11:49:17.698773Z","level":"info","event":"Task instance in failure state","chan":"stdout","logger":"task"}
{"timestamp":"2025-07-11T11:49:17.699242Z","level":"info","event":"Task start","chan":"stdout","logger":"task"}
{"timestamp":"2025-07-11T11:49:17.699698Z","level":"info","event":"Task:<Task(PythonOperator): etl_data_weather.load>","chan":"stdout","logger":"task"}
{"timestamp":"2025-07-11T11:49:17.700170Z","level":"info","event":"Failure caused by For input string: \"60s\"","chan":"stdout","logger":"task"}
