{"timestamp":"2025-07-11T18:29:26.115579","level":"info","event":"DAG bundles loaded: dags-folder, example_dags","logger":"airflow.dag_processing.bundles.manager.DagBundlesManager"}
{"timestamp":"2025-07-11T18:29:26.116391","level":"info","event":"Filling up the DagBag from /opt/airflow/dags/main.py","logger":"airflow.models.dagbag.DagBag"}
{"timestamp":"2025-07-11T18:29:26.684184Z","level":"error","event":"WARNING: Using incubator modules: jdk.incubator.vector","chan":"stderr","logger":"task"}
{"timestamp":"2025-07-11T18:29:29.561665Z","level":"error","event":"25/07/11 18:29:29 WARN NativeCodeLoader: Unable to load native-hadoop library for your platform... using builtin-java classes where applicable","chan":"stderr","logger":"task"}
{"timestamp":"2025-07-11T18:29:30.110611Z","level":"error","event":"Using Spark's default log4j profile: org/apache/spark/log4j2-defaults.properties","chan":"stderr","logger":"task"}
{"timestamp":"2025-07-11T18:29:30.111342Z","level":"error","event":"Setting default log level to \"WARN\".","chan":"stderr","logger":"task"}
{"timestamp":"2025-07-11T18:29:30.111772Z","level":"error","event":"To adjust logging level use sc.setLogLevel(newLevel). For SparkR, use setLogLevel(newLevel).","chan":"stderr","logger":"task"}
{"timestamp":"2025-07-11T18:29:37.783226Z","level":"info","event":"Task instance is in running state","chan":"stdout","logger":"task"}
{"timestamp":"2025-07-11T18:29:37.783781Z","level":"info","event":" Previous state of the Task instance: queued","chan":"stdout","logger":"task"}
{"timestamp":"2025-07-11T18:29:37.784125Z","level":"info","event":"Current task name:etl_data_weather.load","chan":"stdout","logger":"task"}
{"timestamp":"2025-07-11T18:29:37.784441Z","level":"info","event":"Dag name:etl_pipeline","chan":"stdout","logger":"task"}
{"timestamp":"2025-07-11T18:29:37.784739Z","level":"info","event":"extract data from file","chan":"stdout","logger":"task"}
{"timestamp":"2025-07-11T18:29:37.805745Z","level":"info","event":"spark.hadoop.fs.s3a.connection.part.upload.timeout = 60000","chan":"stdout","logger":"task"}
{"timestamp":"2025-07-11T18:29:37.806415Z","level":"info","event":"spark.app.startTime = 1752258570517","chan":"stdout","logger":"task"}
{"timestamp":"2025-07-11T18:29:37.806814Z","level":"info","event":"spark.hadoop.fs.s3a.socket.recv.buffer = 65536","chan":"stdout","logger":"task"}
{"timestamp":"2025-07-11T18:29:37.807180Z","level":"info","event":"spark.hadoop.fs.s3a.impl.disable.cache = true","chan":"stdout","logger":"task"}
{"timestamp":"2025-07-11T18:29:37.807477Z","level":"info","event":"spark.hadoop.fs.s3a.connection.request.timeout = 60000","chan":"stdout","logger":"task"}
{"timestamp":"2025-07-11T18:29:37.807772Z","level":"info","event":"spark.hadoop.fs.s3a.path.style.access = true","chan":"stdout","logger":"task"}
{"timestamp":"2025-07-11T18:29:37.808056Z","level":"info","event":"spark.rdd.compress = True","chan":"stdout","logger":"task"}
{"timestamp":"2025-07-11T18:29:37.808303Z","level":"info","event":"spark.hadoop.fs.s3a.connection.idle.time = 60000","chan":"stdout","logger":"task"}
{"timestamp":"2025-07-11T18:29:37.808573Z","level":"info","event":"spark.app.submitTime = 1752258569821","chan":"stdout","logger":"task"}
{"timestamp":"2025-07-11T18:29:37.808851Z","level":"info","event":"spark.executor.extraClassPath = /opt/spark/jars/ojdbc11.jar","chan":"stdout","logger":"task"}
{"timestamp":"2025-07-11T18:29:37.809085Z","level":"info","event":"spark.hadoop.fs.s3a.connection.establish.timeout = 5000","chan":"stdout","logger":"task"}
{"timestamp":"2025-07-11T18:29:37.809359Z","level":"info","event":"spark.hadoop.fs.s3a.access.key = admin","chan":"stdout","logger":"task"}
{"timestamp":"2025-07-11T18:29:37.809602Z","level":"info","event":"spark.hadoop.fs.s3a.endpoint = http://minio:9000/","chan":"stdout","logger":"task"}
{"timestamp":"2025-07-11T18:29:37.809883Z","level":"info","event":"spark.hadoop.fs.s3a.retry.interval = 500","chan":"stdout","logger":"task"}
{"timestamp":"2025-07-11T18:29:37.810172Z","level":"info","event":"spark.jars = /opt/spark/jars/hadoop-aws-3.3.6.jar,/opt/spark/jars/aws-java-sdk-bundle-1.12.787.jar,/opt/spark/jars/ojdbc11.jar","chan":"stdout","logger":"task"}
{"timestamp":"2025-07-11T18:29:37.810643Z","level":"info","event":"spark.hadoop.fs.s3a.connection.maximum = 15","chan":"stdout","logger":"task"}
{"timestamp":"2025-07-11T18:29:37.810973Z","level":"info","event":"spark.hadoop.fs.s3a.retry.limit = 5","chan":"stdout","logger":"task"}
{"timestamp":"2025-07-11T18:29:37.811262Z","level":"info","event":"spark.hadoop.fs.s3a.vectored.read.max.merged.size = 2097152","chan":"stdout","logger":"task"}
{"timestamp":"2025-07-11T18:29:37.811702Z","level":"info","event":"spark.hadoop.fs.s3a.impl = org.apache.hadoop.fs.s3a.S3AFileSystem","chan":"stdout","logger":"task"}
{"timestamp":"2025-07-11T18:29:37.811947Z","level":"info","event":"spark.hadoop.fs.s3a.vectored.read.min.seek.size = 131072","chan":"stdout","logger":"task"}
{"timestamp":"2025-07-11T18:29:37.812153Z","level":"info","event":"spark.hadoop.fs.s3a.secret.key = admin12345","chan":"stdout","logger":"task"}
{"timestamp":"2025-07-11T18:29:37.812367Z","level":"info","event":"spark.sql.adaptive.coalescePartitions.enabled = false","chan":"stdout","logger":"task"}
{"timestamp":"2025-07-11T18:29:37.812628Z","level":"info","event":"spark.hadoop.fs.s3a.socket.send.buffer = 65536","chan":"stdout","logger":"task"}
{"timestamp":"2025-07-11T18:29:37.812848Z","level":"info","event":"spark.hadoop.fs.s3a.fast.upload = true","chan":"stdout","logger":"task"}
{"timestamp":"2025-07-11T18:29:37.813057Z","level":"info","event":"spark.executor.extraJavaOptions = -Djava.net.preferIPv6Addresses=false -XX:+IgnoreUnrecognizedVMOptions --add-modules=jdk.incubator.vector --add-opens=java.base/java.lang=ALL-UNNAMED --add-opens=java.base/java.lang.invoke=ALL-UNNAMED --add-opens=java.base/java.lang.reflect=ALL-UNNAMED --add-opens=java.base/java.io=ALL-UNNAMED --add-opens=java.base/java.net=ALL-UNNAMED --add-opens=java.base/java.nio=ALL-UNNAMED --add-opens=java.base/java.util=ALL-UNNAMED --add-opens=java.base/java.util.concurrent=ALL-UNNAMED --add-opens=java.base/java.util.concurrent.atomic=ALL-UNNAMED --add-opens=java.base/jdk.internal.ref=ALL-UNNAMED --add-opens=java.base/sun.nio.ch=ALL-UNNAMED --add-opens=java.base/sun.nio.cs=ALL-UNNAMED --add-opens=java.base/sun.security.action=ALL-UNNAMED --add-opens=java.base/sun.util.calendar=ALL-UNNAMED --add-opens=java.security.jgss/sun.security.krb5=ALL-UNNAMED -Djdk.reflect.useDirectMethodHandle=false -Dio.netty.tryReflectionSetAccessible=true","chan":"stdout","logger":"task"}
{"timestamp":"2025-07-11T18:29:37.813291Z","level":"info","event":"spark.sql.artifact.isolation.enabled = false","chan":"stdout","logger":"task"}
{"timestamp":"2025-07-11T18:29:37.813533Z","level":"info","event":"spark.hadoop.fs.s3a.multipart.size = 104857600","chan":"stdout","logger":"task"}
{"timestamp":"2025-07-11T18:29:37.813851Z","level":"info","event":"spark.master = local[*]","chan":"stdout","logger":"task"}
{"timestamp":"2025-07-11T18:29:37.814272Z","level":"info","event":"spark.executor.id = driver","chan":"stdout","logger":"task"}
{"timestamp":"2025-07-11T18:29:37.814533Z","level":"info","event":"spark.driver.extraClassPath = /opt/spark/jars/ojdbc11.jar","chan":"stdout","logger":"task"}
{"timestamp":"2025-07-11T18:29:37.814773Z","level":"info","event":"spark.app.name = BAITEST","chan":"stdout","logger":"task"}
{"timestamp":"2025-07-11T18:29:37.815022Z","level":"info","event":"spark.submit.deployMode = client","chan":"stdout","logger":"task"}
{"timestamp":"2025-07-11T18:29:37.815253Z","level":"info","event":"spark.hadoop.fs.s3a.connection.ssl.enabled = false","chan":"stdout","logger":"task"}
{"timestamp":"2025-07-11T18:29:37.815511Z","level":"info","event":"spark.serializer.objectStreamReset = 100","chan":"stdout","logger":"task"}
{"timestamp":"2025-07-11T18:29:37.815751Z","level":"info","event":"spark.driver.host = f3b2998412a1","chan":"stdout","logger":"task"}
{"timestamp":"2025-07-11T18:29:37.816034Z","level":"info","event":"spark.ui.showConsoleProgress = true","chan":"stdout","logger":"task"}
{"timestamp":"2025-07-11T18:29:37.816299Z","level":"info","event":"spark.hadoop.fs.s3a.multipart.purge.age = 86400","chan":"stdout","logger":"task"}
{"timestamp":"2025-07-11T18:29:37.816616Z","level":"info","event":"spark.driver.port = 39759","chan":"stdout","logger":"task"}
{"timestamp":"2025-07-11T18:29:37.816891Z","level":"info","event":"spark.app.id = local-1752258572071","chan":"stdout","logger":"task"}
{"timestamp":"2025-07-11T18:29:37.817146Z","level":"info","event":"spark.hadoop.fs.s3a.threads.max = 10","chan":"stdout","logger":"task"}
{"timestamp":"2025-07-11T18:29:37.817359Z","level":"info","event":"spark.app.initial.jar.urls = spark://f3b2998412a1:39759/jars/aws-java-sdk-bundle-1.12.787.jar,spark://f3b2998412a1:39759/jars/hadoop-aws-3.3.6.jar,spark://f3b2998412a1:39759/jars/ojdbc11.jar","chan":"stdout","logger":"task"}
{"timestamp":"2025-07-11T18:29:37.817600Z","level":"info","event":"spark.hadoop.fs.s3a.aws.credentials.provider = org.apache.hadoop.fs.s3a.SimpleAWSCredentialsProvider","chan":"stdout","logger":"task"}
{"timestamp":"2025-07-11T18:29:37.817832Z","level":"info","event":"spark.submit.pyFiles =","chan":"stdout","logger":"task"}
{"timestamp":"2025-07-11T18:29:37.818185Z","level":"info","event":"spark.driver.extraJavaOptions = -Djava.net.preferIPv6Addresses=false -XX:+IgnoreUnrecognizedVMOptions --add-modules=jdk.incubator.vector --add-opens=java.base/java.lang=ALL-UNNAMED --add-opens=java.base/java.lang.invoke=ALL-UNNAMED --add-opens=java.base/java.lang.reflect=ALL-UNNAMED --add-opens=java.base/java.io=ALL-UNNAMED --add-opens=java.base/java.net=ALL-UNNAMED --add-opens=java.base/java.nio=ALL-UNNAMED --add-opens=java.base/java.util=ALL-UNNAMED --add-opens=java.base/java.util.concurrent=ALL-UNNAMED --add-opens=java.base/java.util.concurrent.atomic=ALL-UNNAMED --add-opens=java.base/jdk.internal.ref=ALL-UNNAMED --add-opens=java.base/sun.nio.ch=ALL-UNNAMED --add-opens=java.base/sun.nio.cs=ALL-UNNAMED --add-opens=java.base/sun.security.action=ALL-UNNAMED --add-opens=java.base/sun.util.calendar=ALL-UNNAMED --add-opens=java.security.jgss/sun.security.krb5=ALL-UNNAMED -Djdk.reflect.useDirectMethodHandle=false -Dio.netty.tryReflectionSetAccessible=true","chan":"stdout","logger":"task"}
{"timestamp":"2025-07-11T18:29:37.818461Z","level":"info","event":"spark.hadoop.fs.s3a.attempts.maximum = 3","chan":"stdout","logger":"task"}
{"timestamp":"2025-07-11T18:29:37.818676Z","level":"info","event":"spark.hadoop.fs.s3a.threads.keepalivetime = 60000","chan":"stdout","logger":"task"}
{"timestamp":"2025-07-11T18:29:37.818872Z","level":"info","event":"spark.repl.local.jars = file:///opt/spark/jars/hadoop-aws-3.3.6.jar,file:///opt/spark/jars/aws-java-sdk-bundle-1.12.787.jar,file:///opt/spark/jars/ojdbc11.jar","chan":"stdout","logger":"task"}
{"timestamp":"2025-07-11T18:29:37.819084Z","level":"info","event":"spark.sql.adaptive.enabled = false","chan":"stdout","logger":"task"}
{"timestamp":"2025-07-11T18:29:37.819340Z","level":"info","event":"spark.hadoop.fs.s3a.connection.timeout = 60000","chan":"stdout","logger":"task"}
{"timestamp":"2025-07-11T18:29:39.241352Z","level":"error","event":"25/07/11 18:29:39 WARN MetricsConfig: Cannot locate configuration: tried hadoop-metrics2-s3a-file-system.properties,hadoop-metrics2.properties","chan":"stderr","logger":"task"}
{"timestamp":"2025-07-11T18:29:39.353207Z","level":"error","event":"25/07/11 18:29:39 WARN VersionInfoUtils: The AWS SDK for Java 1.x entered maintenance mode starting July 31, 2024 and will reach end of support on December 31, 2025. For more information, see https://aws.amazon.com/blogs/developer/the-aws-sdk-for-java-1-x-is-in-maintenance-mode-effective-july-31-2024/","chan":"stderr","logger":"task"}
{"timestamp":"2025-07-11T18:29:39.353738Z","level":"error","event":"You can print where on the file system the AWS SDK for Java 1.x core runtime is located by setting the AWS_JAVA_V1_PRINT_LOCATION environment variable or aws.java.v1.printLocation system property to 'true'.","chan":"stderr","logger":"task"}
{"timestamp":"2025-07-11T18:29:39.354150Z","level":"error","event":"This message can be disabled by setting the AWS_JAVA_V1_DISABLE_DEPRECATION_ANNOUNCEMENT environment variable or aws.java.v1.disableDeprecationAnnouncement system property to 'true'.","chan":"stderr","logger":"task"}
{"timestamp":"2025-07-11T18:29:39.354493Z","level":"error","event":"The AWS SDK for Java 1.x is being used here:","chan":"stderr","logger":"task"}
{"timestamp":"2025-07-11T18:29:39.354795Z","level":"error","event":"at java.base/java.lang.Thread.getStackTrace(Thread.java:1619)","chan":"stderr","logger":"task"}
{"timestamp":"2025-07-11T18:29:39.355077Z","level":"error","event":"at com.amazonaws.util.VersionInfoUtils.printDeprecationAnnouncement(VersionInfoUtils.java:81)","chan":"stderr","logger":"task"}
{"timestamp":"2025-07-11T18:29:39.355501Z","level":"error","event":"at com.amazonaws.util.VersionInfoUtils.<clinit>(VersionInfoUtils.java:59)","chan":"stderr","logger":"task"}
{"timestamp":"2025-07-11T18:29:39.355956Z","level":"error","event":"at com.amazonaws.ClientConfiguration.<clinit>(ClientConfiguration.java:95)","chan":"stderr","logger":"task"}
{"timestamp":"2025-07-11T18:29:39.356297Z","level":"error","event":"at org.apache.hadoop.fs.s3a.S3AUtils.createAwsConf(S3AUtils.java:1251)","chan":"stderr","logger":"task"}
{"timestamp":"2025-07-11T18:29:39.356687Z","level":"error","event":"at org.apache.hadoop.fs.s3a.DefaultS3ClientFactory.createS3Client(DefaultS3ClientFactory.java:118)","chan":"stderr","logger":"task"}
{"timestamp":"2025-07-11T18:29:39.357045Z","level":"error","event":"at org.apache.hadoop.fs.s3a.S3AFileSystem.bindAWSClient(S3AFileSystem.java:982)","chan":"stderr","logger":"task"}
{"timestamp":"2025-07-11T18:29:39.357326Z","level":"error","event":"at org.apache.hadoop.fs.s3a.S3AFileSystem.initialize(S3AFileSystem.java:586)","chan":"stderr","logger":"task"}
{"timestamp":"2025-07-11T18:29:39.357592Z","level":"error","event":"at org.apache.hadoop.fs.FileSystem.createFileSystem(FileSystem.java:3615)","chan":"stderr","logger":"task"}
{"timestamp":"2025-07-11T18:29:39.357913Z","level":"error","event":"at org.apache.hadoop.fs.FileSystem.get(FileSystem.java:554)","chan":"stderr","logger":"task"}
{"timestamp":"2025-07-11T18:29:39.358180Z","level":"error","event":"at org.apache.hadoop.fs.Path.getFileSystem(Path.java:366)","chan":"stderr","logger":"task"}
{"timestamp":"2025-07-11T18:29:39.358397Z","level":"error","event":"at org.apache.spark.sql.execution.streaming.FileStreamSink$.hasMetadata(FileStreamSink.scala:55)","chan":"stderr","logger":"task"}
{"timestamp":"2025-07-11T18:29:39.358623Z","level":"error","event":"at org.apache.spark.sql.execution.datasources.DataSource.resolveRelation(DataSource.scala:381)","chan":"stderr","logger":"task"}
{"timestamp":"2025-07-11T18:29:39.358820Z","level":"error","event":"at org.apache.spark.sql.catalyst.analysis.ResolveDataSource.org$apache$spark$sql$catalyst$analysis$ResolveDataSource$$loadV1BatchSource(ResolveDataSource.scala:143)","chan":"stderr","logger":"task"}
{"timestamp":"2025-07-11T18:29:39.359012Z","level":"error","event":"at org.apache.spark.sql.catalyst.analysis.ResolveDataSource$$anonfun$apply$1.$anonfun$applyOrElse$2(ResolveDataSource.scala:61)","chan":"stderr","logger":"task"}
{"timestamp":"2025-07-11T18:29:39.359231Z","level":"error","event":"at scala.Option.getOrElse(Option.scala:201)","chan":"stderr","logger":"task"}
{"timestamp":"2025-07-11T18:29:39.359499Z","level":"error","event":"at org.apache.spark.sql.catalyst.analysis.ResolveDataSource$$anonfun$apply$1.applyOrElse(ResolveDataSource.scala:61)","chan":"stderr","logger":"task"}
{"timestamp":"2025-07-11T18:29:39.359702Z","level":"error","event":"at org.apache.spark.sql.catalyst.analysis.ResolveDataSource$$anonfun$apply$1.applyOrElse(ResolveDataSource.scala:45)","chan":"stderr","logger":"task"}
{"timestamp":"2025-07-11T18:29:39.359909Z","level":"error","event":"at org.apache.spark.sql.catalyst.plans.logical.AnalysisHelper.$anonfun$resolveOperatorsUpWithPruning$3(AnalysisHelper.scala:139)","chan":"stderr","logger":"task"}
{"timestamp":"2025-07-11T18:29:39.360128Z","level":"error","event":"at org.apache.spark.sql.catalyst.trees.CurrentOrigin$.withOrigin(origin.scala:86)","chan":"stderr","logger":"task"}
{"timestamp":"2025-07-11T18:29:39.360395Z","level":"error","event":"at org.apache.spark.sql.catalyst.plans.logical.AnalysisHelper.$anonfun$resolveOperatorsUpWithPruning$1(AnalysisHelper.scala:139)","chan":"stderr","logger":"task"}
{"timestamp":"2025-07-11T18:29:39.360650Z","level":"error","event":"at org.apache.spark.sql.catalyst.plans.logical.AnalysisHelper$.allowInvokingTransformsInAnalyzer(AnalysisHelper.scala:416)","chan":"stderr","logger":"task"}
{"timestamp":"2025-07-11T18:29:39.360901Z","level":"error","event":"at org.apache.spark.sql.catalyst.plans.logical.AnalysisHelper.resolveOperatorsUpWithPruning(AnalysisHelper.scala:135)","chan":"stderr","logger":"task"}
{"timestamp":"2025-07-11T18:29:39.361132Z","level":"error","event":"at org.apache.spark.sql.catalyst.plans.logical.AnalysisHelper.resolveOperatorsUpWithPruning$(AnalysisHelper.scala:131)","chan":"stderr","logger":"task"}
{"timestamp":"2025-07-11T18:29:39.361373Z","level":"error","event":"at org.apache.spark.sql.catalyst.plans.logical.LogicalPlan.resolveOperatorsUpWithPruning(LogicalPlan.scala:37)","chan":"stderr","logger":"task"}
{"timestamp":"2025-07-11T18:29:39.361581Z","level":"error","event":"at org.apache.spark.sql.catalyst.plans.logical.AnalysisHelper.resolveOperatorsUp(AnalysisHelper.scala:112)","chan":"stderr","logger":"task"}
{"timestamp":"2025-07-11T18:29:39.361799Z","level":"error","event":"at org.apache.spark.sql.catalyst.plans.logical.AnalysisHelper.resolveOperatorsUp$(AnalysisHelper.scala:111)","chan":"stderr","logger":"task"}
{"timestamp":"2025-07-11T18:29:39.362033Z","level":"error","event":"at org.apache.spark.sql.catalyst.plans.logical.LogicalPlan.resolveOperatorsUp(LogicalPlan.scala:37)","chan":"stderr","logger":"task"}
{"timestamp":"2025-07-11T18:29:39.362271Z","level":"error","event":"at org.apache.spark.sql.catalyst.analysis.ResolveDataSource.apply(ResolveDataSource.scala:45)","chan":"stderr","logger":"task"}
{"timestamp":"2025-07-11T18:29:39.362507Z","level":"error","event":"at org.apache.spark.sql.catalyst.analysis.ResolveDataSource.apply(ResolveDataSource.scala:43)","chan":"stderr","logger":"task"}
{"timestamp":"2025-07-11T18:29:39.362732Z","level":"error","event":"at org.apache.spark.sql.catalyst.rules.RuleExecutor.$anonfun$execute$2(RuleExecutor.scala:242)","chan":"stderr","logger":"task"}
{"timestamp":"2025-07-11T18:29:39.362951Z","level":"error","event":"at scala.collection.LinearSeqOps.foldLeft(LinearSeq.scala:183)","chan":"stderr","logger":"task"}
{"timestamp":"2025-07-11T18:29:39.363168Z","level":"error","event":"at scala.collection.LinearSeqOps.foldLeft$(LinearSeq.scala:179)","chan":"stderr","logger":"task"}
{"timestamp":"2025-07-11T18:29:39.363393Z","level":"error","event":"at scala.collection.immutable.List.foldLeft(List.scala:79)","chan":"stderr","logger":"task"}
{"timestamp":"2025-07-11T18:29:39.363617Z","level":"error","event":"at org.apache.spark.sql.catalyst.rules.RuleExecutor.$anonfun$execute$1(RuleExecutor.scala:239)","chan":"stderr","logger":"task"}
{"timestamp":"2025-07-11T18:29:39.363981Z","level":"error","event":"at org.apache.spark.sql.catalyst.rules.RuleExecutor.$anonfun$execute$1$adapted(RuleExecutor.scala:231)","chan":"stderr","logger":"task"}
{"timestamp":"2025-07-11T18:29:39.364421Z","level":"error","event":"at scala.collection.immutable.List.foreach(List.scala:334)","chan":"stderr","logger":"task"}
{"timestamp":"2025-07-11T18:29:39.364678Z","level":"error","event":"at org.apache.spark.sql.catalyst.rules.RuleExecutor.execute(RuleExecutor.scala:231)","chan":"stderr","logger":"task"}
{"timestamp":"2025-07-11T18:29:39.364936Z","level":"error","event":"at org.apache.spark.sql.catalyst.analysis.Analyzer.org$apache$spark$sql$catalyst$analysis$Analyzer$$executeSameContext(Analyzer.scala:290)","chan":"stderr","logger":"task"}
{"timestamp":"2025-07-11T18:29:39.365177Z","level":"error","event":"at org.apache.spark.sql.catalyst.analysis.Analyzer.$anonfun$execute$1(Analyzer.scala:286)","chan":"stderr","logger":"task"}
{"timestamp":"2025-07-11T18:29:39.365419Z","level":"error","event":"at org.apache.spark.sql.catalyst.analysis.AnalysisContext$.withNewAnalysisContext(Analyzer.scala:234)","chan":"stderr","logger":"task"}
{"timestamp":"2025-07-11T18:29:39.365714Z","level":"error","event":"at org.apache.spark.sql.catalyst.analysis.Analyzer.execute(Analyzer.scala:286)","chan":"stderr","logger":"task"}
{"timestamp":"2025-07-11T18:29:39.365974Z","level":"error","event":"at org.apache.spark.sql.catalyst.analysis.Analyzer.execute(Analyzer.scala:249)","chan":"stderr","logger":"task"}
{"timestamp":"2025-07-11T18:29:39.366196Z","level":"error","event":"at org.apache.spark.sql.catalyst.rules.RuleExecutor.$anonfun$executeAndTrack$1(RuleExecutor.scala:201)","chan":"stderr","logger":"task"}
{"timestamp":"2025-07-11T18:29:39.366436Z","level":"error","event":"at org.apache.spark.sql.catalyst.QueryPlanningTracker$.withTracker(QueryPlanningTracker.scala:89)","chan":"stderr","logger":"task"}
{"timestamp":"2025-07-11T18:29:39.366679Z","level":"error","event":"at org.apache.spark.sql.catalyst.rules.RuleExecutor.executeAndTrack(RuleExecutor.scala:201)","chan":"stderr","logger":"task"}
{"timestamp":"2025-07-11T18:29:39.366906Z","level":"error","event":"at org.apache.spark.sql.catalyst.analysis.resolver.HybridAnalyzer.resolveInFixedPoint(HybridAnalyzer.scala:190)","chan":"stderr","logger":"task"}
{"timestamp":"2025-07-11T18:29:39.367172Z","level":"error","event":"at org.apache.spark.sql.catalyst.analysis.resolver.HybridAnalyzer.$anonfun$apply$1(HybridAnalyzer.scala:76)","chan":"stderr","logger":"task"}
{"timestamp":"2025-07-11T18:29:39.367377Z","level":"error","event":"at org.apache.spark.sql.catalyst.analysis.resolver.HybridAnalyzer.withTrackedAnalyzerBridgeState(HybridAnalyzer.scala:111)","chan":"stderr","logger":"task"}
{"timestamp":"2025-07-11T18:29:39.367594Z","level":"error","event":"at org.apache.spark.sql.catalyst.analysis.resolver.HybridAnalyzer.apply(HybridAnalyzer.scala:71)","chan":"stderr","logger":"task"}
{"timestamp":"2025-07-11T18:29:39.367781Z","level":"error","event":"at org.apache.spark.sql.catalyst.analysis.Analyzer.$anonfun$executeAndCheck$1(Analyzer.scala:280)","chan":"stderr","logger":"task"}
{"timestamp":"2025-07-11T18:29:39.367980Z","level":"error","event":"at org.apache.spark.sql.catalyst.plans.logical.AnalysisHelper$.markInAnalyzer(AnalysisHelper.scala:423)","chan":"stderr","logger":"task"}
{"timestamp":"2025-07-11T18:29:39.368217Z","level":"error","event":"at org.apache.spark.sql.catalyst.analysis.Analyzer.executeAndCheck(Analyzer.scala:280)","chan":"stderr","logger":"task"}
{"timestamp":"2025-07-11T18:29:39.368433Z","level":"error","event":"at org.apache.spark.sql.execution.QueryExecution.$anonfun$lazyAnalyzed$2(QueryExecution.scala:110)","chan":"stderr","logger":"task"}
{"timestamp":"2025-07-11T18:29:39.368657Z","level":"error","event":"at org.apache.spark.sql.catalyst.QueryPlanningTracker.measurePhase(QueryPlanningTracker.scala:148)","chan":"stderr","logger":"task"}
{"timestamp":"2025-07-11T18:29:39.368898Z","level":"error","event":"at org.apache.spark.sql.execution.QueryExecution.$anonfun$executePhase$2(QueryExecution.scala:278)","chan":"stderr","logger":"task"}
{"timestamp":"2025-07-11T18:29:39.369121Z","level":"error","event":"at org.apache.spark.sql.execution.QueryExecution$.withInternalError(QueryExecution.scala:654)","chan":"stderr","logger":"task"}
{"timestamp":"2025-07-11T18:29:39.369342Z","level":"error","event":"at org.apache.spark.sql.execution.QueryExecution.$anonfun$executePhase$1(QueryExecution.scala:278)","chan":"stderr","logger":"task"}
{"timestamp":"2025-07-11T18:29:39.369537Z","level":"error","event":"at org.apache.spark.sql.SparkSession.withActive(SparkSession.scala:804)","chan":"stderr","logger":"task"}
{"timestamp":"2025-07-11T18:29:39.369757Z","level":"error","event":"at org.apache.spark.sql.execution.QueryExecution.executePhase(QueryExecution.scala:277)","chan":"stderr","logger":"task"}
{"timestamp":"2025-07-11T18:29:39.369966Z","level":"error","event":"at org.apache.spark.sql.execution.QueryExecution.$anonfun$lazyAnalyzed$1(QueryExecution.scala:110)","chan":"stderr","logger":"task"}
{"timestamp":"2025-07-11T18:29:39.370179Z","level":"error","event":"at scala.util.Try$.apply(Try.scala:217)","chan":"stderr","logger":"task"}
{"timestamp":"2025-07-11T18:29:39.370443Z","level":"error","event":"at org.apache.spark.util.Utils$.doTryWithCallerStacktrace(Utils.scala:1378)","chan":"stderr","logger":"task"}
{"timestamp":"2025-07-11T18:29:39.370652Z","level":"error","event":"at org.apache.spark.util.LazyTry.tryT$lzycompute(LazyTry.scala:46)","chan":"stderr","logger":"task"}
{"timestamp":"2025-07-11T18:29:39.370873Z","level":"error","event":"at org.apache.spark.util.LazyTry.tryT(LazyTry.scala:46)","chan":"stderr","logger":"task"}
{"timestamp":"2025-07-11T18:29:39.371065Z","level":"error","event":"at org.apache.spark.util.LazyTry.get(LazyTry.scala:58)","chan":"stderr","logger":"task"}
{"timestamp":"2025-07-11T18:29:39.371286Z","level":"error","event":"at org.apache.spark.sql.execution.QueryExecution.analyzed(QueryExecution.scala:121)","chan":"stderr","logger":"task"}
{"timestamp":"2025-07-11T18:29:39.371522Z","level":"error","event":"at org.apache.spark.sql.execution.QueryExecution.assertAnalyzed(QueryExecution.scala:80)","chan":"stderr","logger":"task"}
{"timestamp":"2025-07-11T18:29:39.371753Z","level":"error","event":"at org.apache.spark.sql.classic.Dataset$.$anonfun$ofRows$1(Dataset.scala:115)","chan":"stderr","logger":"task"}
{"timestamp":"2025-07-11T18:29:39.372134Z","level":"error","event":"at org.apache.spark.sql.SparkSession.withActive(SparkSession.scala:804)","chan":"stderr","logger":"task"}
{"timestamp":"2025-07-11T18:29:39.372414Z","level":"error","event":"at org.apache.spark.sql.classic.Dataset$.ofRows(Dataset.scala:113)","chan":"stderr","logger":"task"}
{"timestamp":"2025-07-11T18:29:39.372764Z","level":"error","event":"at org.apache.spark.sql.classic.DataFrameReader.load(DataFrameReader.scala:109)","chan":"stderr","logger":"task"}
{"timestamp":"2025-07-11T18:29:39.373020Z","level":"error","event":"at org.apache.spark.sql.classic.DataFrameReader.load(DataFrameReader.scala:58)","chan":"stderr","logger":"task"}
{"timestamp":"2025-07-11T18:29:39.373332Z","level":"error","event":"at org.apache.spark.sql.DataFrameReader.json(DataFrameReader.scala:296)","chan":"stderr","logger":"task"}
{"timestamp":"2025-07-11T18:29:39.373703Z","level":"error","event":"at org.apache.spark.sql.classic.DataFrameReader.json(DataFrameReader.scala:150)","chan":"stderr","logger":"task"}
{"timestamp":"2025-07-11T18:29:39.373967Z","level":"error","event":"at java.base/jdk.internal.reflect.NativeMethodAccessorImpl.invoke0(Native Method)","chan":"stderr","logger":"task"}
{"timestamp":"2025-07-11T18:29:39.374216Z","level":"error","event":"at java.base/jdk.internal.reflect.NativeMethodAccessorImpl.invoke(NativeMethodAccessorImpl.java:77)","chan":"stderr","logger":"task"}
{"timestamp":"2025-07-11T18:29:39.374423Z","level":"error","event":"at java.base/jdk.internal.reflect.DelegatingMethodAccessorImpl.invoke(DelegatingMethodAccessorImpl.java:43)","chan":"stderr","logger":"task"}
{"timestamp":"2025-07-11T18:29:39.374623Z","level":"error","event":"at java.base/java.lang.reflect.Method.invoke(Method.java:569)","chan":"stderr","logger":"task"}
{"timestamp":"2025-07-11T18:29:39.374812Z","level":"error","event":"at py4j.reflection.MethodInvoker.invoke(MethodInvoker.java:244)","chan":"stderr","logger":"task"}
{"timestamp":"2025-07-11T18:29:39.375017Z","level":"error","event":"at py4j.reflection.ReflectionEngine.invoke(ReflectionEngine.java:374)","chan":"stderr","logger":"task"}
{"timestamp":"2025-07-11T18:29:39.375214Z","level":"error","event":"at py4j.Gateway.invoke(Gateway.java:282)","chan":"stderr","logger":"task"}
{"timestamp":"2025-07-11T18:29:39.375421Z","level":"error","event":"at py4j.commands.AbstractCommand.invokeMethod(AbstractCommand.java:132)","chan":"stderr","logger":"task"}
{"timestamp":"2025-07-11T18:29:39.375620Z","level":"error","event":"at py4j.commands.CallCommand.execute(CallCommand.java:79)","chan":"stderr","logger":"task"}
{"timestamp":"2025-07-11T18:29:39.375903Z","level":"error","event":"at py4j.ClientServerConnection.waitForCommands(ClientServerConnection.java:184)","chan":"stderr","logger":"task"}
{"timestamp":"2025-07-11T18:29:39.376165Z","level":"error","event":"at py4j.ClientServerConnection.run(ClientServerConnection.java:108)","chan":"stderr","logger":"task"}
{"timestamp":"2025-07-11T18:29:39.376429Z","level":"error","event":"at java.base/java.lang.Thread.run(Thread.java:840)","chan":"stderr","logger":"task"}
{"timestamp":"2025-07-11T18:29:40.883941Z","level":"info","event":"HELLLLLLLLLLLLLLLLLLLLLLLLLLLOOOOOOOOOOOOOOOOOOOOOOOOOOOOO","chan":"stdout","logger":"task"}
{"timestamp":"2025-07-11T18:29:40.907870Z","level":"info","event":"root","chan":"stdout","logger":"task"}
{"timestamp":"2025-07-11T18:29:40.908345Z","level":"info","event":" |-- city: struct (nullable = true)","chan":"stdout","logger":"task"}
{"timestamp":"2025-07-11T18:29:40.908716Z","level":"info","event":" |    |-- coord: struct (nullable = true)","chan":"stdout","logger":"task"}
{"timestamp":"2025-07-11T18:29:40.909052Z","level":"info","event":" |    |    |-- lat: double (nullable = true)","chan":"stdout","logger":"task"}
{"timestamp":"2025-07-11T18:29:40.909424Z","level":"info","event":" |    |    |-- lon: double (nullable = true)","chan":"stdout","logger":"task"}
{"timestamp":"2025-07-11T18:29:40.909784Z","level":"info","event":" |    |-- country: string (nullable = true)","chan":"stdout","logger":"task"}
{"timestamp":"2025-07-11T18:29:40.910093Z","level":"info","event":" |    |-- id: long (nullable = true)","chan":"stdout","logger":"task"}
{"timestamp":"2025-07-11T18:29:40.910353Z","level":"info","event":" |    |-- name: string (nullable = true)","chan":"stdout","logger":"task"}
{"timestamp":"2025-07-11T18:29:40.910598Z","level":"info","event":" |    |-- population: long (nullable = true)","chan":"stdout","logger":"task"}
{"timestamp":"2025-07-11T18:29:40.910847Z","level":"info","event":" |    |-- sunrise: long (nullable = true)","chan":"stdout","logger":"task"}
{"timestamp":"2025-07-11T18:29:40.911100Z","level":"info","event":" |    |-- sunset: long (nullable = true)","chan":"stdout","logger":"task"}
{"timestamp":"2025-07-11T18:29:40.911348Z","level":"info","event":" |    |-- timezone: long (nullable = true)","chan":"stdout","logger":"task"}
{"timestamp":"2025-07-11T18:29:40.911555Z","level":"info","event":" |-- cnt: long (nullable = true)","chan":"stdout","logger":"task"}
{"timestamp":"2025-07-11T18:29:40.911808Z","level":"info","event":" |-- cod: string (nullable = true)","chan":"stdout","logger":"task"}
{"timestamp":"2025-07-11T18:29:40.912025Z","level":"info","event":" |-- list: array (nullable = true)","chan":"stdout","logger":"task"}
{"timestamp":"2025-07-11T18:29:40.912260Z","level":"info","event":" |    |-- element: struct (containsNull = true)","chan":"stdout","logger":"task"}
{"timestamp":"2025-07-11T18:29:40.912436Z","level":"info","event":" |    |    |-- clouds: struct (nullable = true)","chan":"stdout","logger":"task"}
{"timestamp":"2025-07-11T18:29:40.912626Z","level":"info","event":" |    |    |    |-- all: long (nullable = true)","chan":"stdout","logger":"task"}
{"timestamp":"2025-07-11T18:29:40.912844Z","level":"info","event":" |    |    |-- dt: long (nullable = true)","chan":"stdout","logger":"task"}
{"timestamp":"2025-07-11T18:29:40.913070Z","level":"info","event":" |    |    |-- dt_txt: string (nullable = true)","chan":"stdout","logger":"task"}
{"timestamp":"2025-07-11T18:29:40.913313Z","level":"info","event":" |    |    |-- main: struct (nullable = true)","chan":"stdout","logger":"task"}
{"timestamp":"2025-07-11T18:29:40.913530Z","level":"info","event":" |    |    |    |-- feels_like: double (nullable = true)","chan":"stdout","logger":"task"}
{"timestamp":"2025-07-11T18:29:40.913775Z","level":"info","event":" |    |    |    |-- grnd_level: long (nullable = true)","chan":"stdout","logger":"task"}
{"timestamp":"2025-07-11T18:29:40.914069Z","level":"info","event":" |    |    |    |-- humidity: long (nullable = true)","chan":"stdout","logger":"task"}
{"timestamp":"2025-07-11T18:29:40.914375Z","level":"info","event":" |    |    |    |-- pressure: long (nullable = true)","chan":"stdout","logger":"task"}
{"timestamp":"2025-07-11T18:29:40.914798Z","level":"info","event":" |    |    |    |-- sea_level: long (nullable = true)","chan":"stdout","logger":"task"}
{"timestamp":"2025-07-11T18:29:40.915032Z","level":"info","event":" |    |    |    |-- temp: double (nullable = true)","chan":"stdout","logger":"task"}
{"timestamp":"2025-07-11T18:29:40.915237Z","level":"info","event":" |    |    |    |-- temp_kf: double (nullable = true)","chan":"stdout","logger":"task"}
{"timestamp":"2025-07-11T18:29:40.915457Z","level":"info","event":" |    |    |    |-- temp_max: double (nullable = true)","chan":"stdout","logger":"task"}
{"timestamp":"2025-07-11T18:29:40.915665Z","level":"info","event":" |    |    |    |-- temp_min: double (nullable = true)","chan":"stdout","logger":"task"}
{"timestamp":"2025-07-11T18:29:40.915869Z","level":"info","event":" |    |    |-- pop: double (nullable = true)","chan":"stdout","logger":"task"}
{"timestamp":"2025-07-11T18:29:40.916105Z","level":"info","event":" |    |    |-- rain: struct (nullable = true)","chan":"stdout","logger":"task"}
{"timestamp":"2025-07-11T18:29:40.916314Z","level":"info","event":" |    |    |    |-- 3h: double (nullable = true)","chan":"stdout","logger":"task"}
{"timestamp":"2025-07-11T18:29:40.916547Z","level":"info","event":" |    |    |-- sys: struct (nullable = true)","chan":"stdout","logger":"task"}
{"timestamp":"2025-07-11T18:29:40.916796Z","level":"info","event":" |    |    |    |-- pod: string (nullable = true)","chan":"stdout","logger":"task"}
{"timestamp":"2025-07-11T18:29:40.917050Z","level":"info","event":" |    |    |-- visibility: long (nullable = true)","chan":"stdout","logger":"task"}
{"timestamp":"2025-07-11T18:29:40.917315Z","level":"info","event":" |    |    |-- weather: array (nullable = true)","chan":"stdout","logger":"task"}
{"timestamp":"2025-07-11T18:29:40.917514Z","level":"info","event":" |    |    |    |-- element: struct (containsNull = true)","chan":"stdout","logger":"task"}
{"timestamp":"2025-07-11T18:29:40.917717Z","level":"info","event":" |    |    |    |    |-- description: string (nullable = true)","chan":"stdout","logger":"task"}
{"timestamp":"2025-07-11T18:29:40.917926Z","level":"info","event":" |    |    |    |    |-- icon: string (nullable = true)","chan":"stdout","logger":"task"}
{"timestamp":"2025-07-11T18:29:40.918127Z","level":"info","event":" |    |    |    |    |-- id: long (nullable = true)","chan":"stdout","logger":"task"}
{"timestamp":"2025-07-11T18:29:40.918432Z","level":"info","event":" |    |    |    |    |-- main: string (nullable = true)","chan":"stdout","logger":"task"}
{"timestamp":"2025-07-11T18:29:40.918654Z","level":"info","event":" |    |    |-- wind: struct (nullable = true)","chan":"stdout","logger":"task"}
{"timestamp":"2025-07-11T18:29:40.918877Z","level":"info","event":" |    |    |    |-- deg: long (nullable = true)","chan":"stdout","logger":"task"}
{"timestamp":"2025-07-11T18:29:40.919058Z","level":"info","event":" |    |    |    |-- gust: double (nullable = true)","chan":"stdout","logger":"task"}
{"timestamp":"2025-07-11T18:29:40.919351Z","level":"info","event":" |    |    |    |-- speed: double (nullable = true)","chan":"stdout","logger":"task"}
{"timestamp":"2025-07-11T18:29:40.919606Z","level":"info","event":" |-- message: long (nullable = true)","chan":"stdout","logger":"task"}
{"timestamp":"2025-07-11T18:29:40.919976Z","level":"info","event":"","chan":"stdout","logger":"task"}
{"timestamp":"2025-07-11T18:29:43.340142Z","level":"info","event":"+--------------------+---+---+--------------------+-------+","chan":"stdout","logger":"task"}
{"timestamp":"2025-07-11T18:29:43.340763Z","level":"info","event":"|                city|cnt|cod|                list|message|","chan":"stdout","logger":"task"}
{"timestamp":"2025-07-11T18:29:43.341168Z","level":"info","event":"+--------------------+---+---+--------------------+-------+","chan":"stdout","logger":"task"}
{"timestamp":"2025-07-11T18:29:43.341512Z","level":"info","event":"|{{21.0278, 105.83...| 40|200|[{{100}, 17521920...|      0|","chan":"stdout","logger":"task"}
{"timestamp":"2025-07-11T18:29:43.341830Z","level":"info","event":"+--------------------+---+---+--------------------+-------+","chan":"stdout","logger":"task"}
{"timestamp":"2025-07-11T18:29:43.342120Z","level":"info","event":"","chan":"stdout","logger":"task"}
{"timestamp":"2025-07-11T18:29:45.038348Z","level":"info","event":"+----------+-----------+--------+--------+-----------+","chan":"stdout","logger":"task"}
{"timestamp":"2025-07-11T18:29:45.038975Z","level":"info","event":"|        dt|temperature|pressure|humidity|description|","chan":"stdout","logger":"task"}
{"timestamp":"2025-07-11T18:29:45.039396Z","level":"info","event":"+----------+-----------+--------+--------+-----------+","chan":"stdout","logger":"task"}
{"timestamp":"2025-07-11T18:29:45.039970Z","level":"info","event":"|1752192000|      26.72|     998|      89|    mưa vừa|","chan":"stdout","logger":"task"}
{"timestamp":"2025-07-11T18:29:45.040368Z","level":"info","event":"|1752202800|      27.27|     999|      81|    mưa nhẹ|","chan":"stdout","logger":"task"}
{"timestamp":"2025-07-11T18:29:45.040699Z","level":"info","event":"|1752213600|      30.07|     999|      67|    mưa vừa|","chan":"stdout","logger":"task"}
{"timestamp":"2025-07-11T18:29:45.040992Z","level":"info","event":"|1752224400|      29.96|     998|      75|    mưa vừa|","chan":"stdout","logger":"task"}
{"timestamp":"2025-07-11T18:29:45.041338Z","level":"info","event":"|1752235200|      26.19|    1000|      91|    mưa vừa|","chan":"stdout","logger":"task"}
{"timestamp":"2025-07-11T18:29:45.041682Z","level":"info","event":"+----------+-----------+--------+--------+-----------+","chan":"stdout","logger":"task"}
{"timestamp":"2025-07-11T18:29:45.041966Z","level":"info","event":"only showing top 5 rows","chan":"stdout","logger":"task"}
{"timestamp":"2025-07-11T18:29:45.042226Z","level":"info","event":"HELLLLLLLLLLLLLLLLLLLLLLLLLLLOOOOOOOOOOOOOOOOOOOOOOOOOOOOO25252525","chan":"stdout","logger":"task"}
{"timestamp":"2025-07-11T18:29:45.045883Z","level":"info","event":"transform data","chan":"stdout","logger":"task"}
{"timestamp":"2025-07-11T18:29:45.300138Z","level":"info","event":"load data","chan":"stdout","logger":"task"}
{"timestamp":"2025-07-11T18:29:47.673427Z","level":"error","event":"\r[Stage 0:>                                                          (0 + 1) / 1]\r\r                                                                                \r\r[Stage 5:>                                                       (0 + 12) / 200]\r25/07/11 18:29:47 WARN JdbcUtils: Requested isolation level 1 is not supported; falling back to default isolation level 2","chan":"stderr","logger":"task"}
{"timestamp":"2025-07-11T18:29:47.674202Z","level":"error","event":"25/07/11 18:29:47 WARN JdbcUtils: Requested isolation level 1 is not supported; falling back to default isolation level 2","chan":"stderr","logger":"task"}
{"timestamp":"2025-07-11T18:29:47.674814Z","level":"error","event":"25/07/11 18:29:47 WARN JdbcUtils: Requested isolation level 1 is not supported; falling back to default isolation level 2","chan":"stderr","logger":"task"}
{"timestamp":"2025-07-11T18:29:47.675224Z","level":"error","event":"25/07/11 18:29:47 WARN JdbcUtils: Requested isolation level 1 is not supported; falling back to default isolation level 2","chan":"stderr","logger":"task"}
{"timestamp":"2025-07-11T18:29:47.676037Z","level":"error","event":"25/07/11 18:29:47 WARN JdbcUtils: Requested isolation level 1 is not supported; falling back to default isolation level 2","chan":"stderr","logger":"task"}
{"timestamp":"2025-07-11T18:29:47.676532Z","level":"error","event":"25/07/11 18:29:47 WARN JdbcUtils: Requested isolation level 1 is not supported; falling back to default isolation level 2","chan":"stderr","logger":"task"}
{"timestamp":"2025-07-11T18:29:47.676977Z","level":"error","event":"25/07/11 18:29:47 WARN JdbcUtils: Requested isolation level 1 is not supported; falling back to default isolation level 2","chan":"stderr","logger":"task"}
{"timestamp":"2025-07-11T18:29:47.678839Z","level":"error","event":"25/07/11 18:29:47 WARN JdbcUtils: Requested isolation level 1 is not supported; falling back to default isolation level 2","chan":"stderr","logger":"task"}
{"timestamp":"2025-07-11T18:29:47.679555Z","level":"error","event":"25/07/11 18:29:47 WARN JdbcUtils: Requested isolation level 1 is not supported; falling back to default isolation level 2","chan":"stderr","logger":"task"}
{"timestamp":"2025-07-11T18:29:47.681226Z","level":"error","event":"25/07/11 18:29:47 WARN JdbcUtils: Requested isolation level 1 is not supported; falling back to default isolation level 2","chan":"stderr","logger":"task"}
{"timestamp":"2025-07-11T18:29:47.683476Z","level":"error","event":"25/07/11 18:29:47 WARN JdbcUtils: Requested isolation level 1 is not supported; falling back to default isolation level 2","chan":"stderr","logger":"task"}
{"timestamp":"2025-07-11T18:29:47.683947Z","level":"error","event":"25/07/11 18:29:47 WARN JdbcUtils: Requested isolation level 1 is not supported; falling back to default isolation level 2","chan":"stderr","logger":"task"}
{"timestamp":"2025-07-11T18:29:47.887309Z","level":"error","event":"\r[Stage 5:==>                                                     (9 + 13) / 200]\r25/07/11 18:29:47 WARN JdbcUtils: Requested isolation level 1 is not supported; falling back to default isolation level 2","chan":"stderr","logger":"task"}
{"timestamp":"2025-07-11T18:29:47.887930Z","level":"error","event":"25/07/11 18:29:47 WARN JdbcUtils: Requested isolation level 1 is not supported; falling back to default isolation level 2","chan":"stderr","logger":"task"}
{"timestamp":"2025-07-11T18:29:47.891800Z","level":"error","event":"25/07/11 18:29:47 WARN JdbcUtils: Requested isolation level 1 is not supported; falling back to default isolation level 2","chan":"stderr","logger":"task"}
{"timestamp":"2025-07-11T18:29:47.895240Z","level":"error","event":"25/07/11 18:29:47 WARN JdbcUtils: Requested isolation level 1 is not supported; falling back to default isolation level 2","chan":"stderr","logger":"task"}
{"timestamp":"2025-07-11T18:29:47.915131Z","level":"error","event":"25/07/11 18:29:47 WARN JdbcUtils: Requested isolation level 1 is not supported; falling back to default isolation level 2","chan":"stderr","logger":"task"}
{"timestamp":"2025-07-11T18:29:47.916643Z","level":"error","event":"25/07/11 18:29:47 WARN JdbcUtils: Requested isolation level 1 is not supported; falling back to default isolation level 2","chan":"stderr","logger":"task"}
{"timestamp":"2025-07-11T18:29:47.963901Z","level":"error","event":"25/07/11 18:29:47 WARN JdbcUtils: Requested isolation level 1 is not supported; falling back to default isolation level 2","chan":"stderr","logger":"task"}
{"timestamp":"2025-07-11T18:29:47.983865Z","level":"error","event":"25/07/11 18:29:47 WARN JdbcUtils: Requested isolation level 1 is not supported; falling back to default isolation level 2","chan":"stderr","logger":"task"}
{"timestamp":"2025-07-11T18:29:47.986555Z","level":"error","event":"25/07/11 18:29:47 WARN JdbcUtils: Requested isolation level 1 is not supported; falling back to default isolation level 2","chan":"stderr","logger":"task"}
{"timestamp":"2025-07-11T18:29:47.997594Z","level":"error","event":"25/07/11 18:29:47 WARN JdbcUtils: Requested isolation level 1 is not supported; falling back to default isolation level 2","chan":"stderr","logger":"task"}
{"timestamp":"2025-07-11T18:29:48.029896Z","level":"error","event":"\r[Stage 5:=====>                                                 (21 + 13) / 200]\r25/07/11 18:29:48 WARN JdbcUtils: Requested isolation level 1 is not supported; falling back to default isolation level 2","chan":"stderr","logger":"task"}
{"timestamp":"2025-07-11T18:29:48.044775Z","level":"error","event":"25/07/11 18:29:48 WARN JdbcUtils: Requested isolation level 1 is not supported; falling back to default isolation level 2","chan":"stderr","logger":"task"}
{"timestamp":"2025-07-11T18:29:48.090708Z","level":"error","event":"25/07/11 18:29:48 WARN JdbcUtils: Requested isolation level 1 is not supported; falling back to default isolation level 2","chan":"stderr","logger":"task"}
{"timestamp":"2025-07-11T18:29:48.118743Z","level":"error","event":"25/07/11 18:29:48 WARN JdbcUtils: Requested isolation level 1 is not supported; falling back to default isolation level 2","chan":"stderr","logger":"task"}
{"timestamp":"2025-07-11T18:29:48.122988Z","level":"error","event":"25/07/11 18:29:48 WARN JdbcUtils: Requested isolation level 1 is not supported; falling back to default isolation level 2","chan":"stderr","logger":"task"}
{"timestamp":"2025-07-11T18:29:48.126534Z","level":"error","event":"25/07/11 18:29:48 WARN JdbcUtils: Requested isolation level 1 is not supported; falling back to default isolation level 2","chan":"stderr","logger":"task"}
{"timestamp":"2025-07-11T18:29:48.162646Z","level":"error","event":"25/07/11 18:29:48 WARN JdbcUtils: Requested isolation level 1 is not supported; falling back to default isolation level 2","chan":"stderr","logger":"task"}
{"timestamp":"2025-07-11T18:29:48.168665Z","level":"error","event":"25/07/11 18:29:48 WARN JdbcUtils: Requested isolation level 1 is not supported; falling back to default isolation level 2","chan":"stderr","logger":"task"}
{"timestamp":"2025-07-11T18:29:48.207469Z","level":"error","event":"25/07/11 18:29:48 WARN JdbcUtils: Requested isolation level 1 is not supported; falling back to default isolation level 2","chan":"stderr","logger":"task"}
{"timestamp":"2025-07-11T18:29:48.210711Z","level":"error","event":"25/07/11 18:29:48 WARN JdbcUtils: Requested isolation level 1 is not supported; falling back to default isolation level 2","chan":"stderr","logger":"task"}
{"timestamp":"2025-07-11T18:29:48.211349Z","level":"error","event":"25/07/11 18:29:48 WARN JdbcUtils: Requested isolation level 1 is not supported; falling back to default isolation level 2","chan":"stderr","logger":"task"}
{"timestamp":"2025-07-11T18:29:48.219192Z","level":"error","event":"\r[Stage 5:========>                                              (30 + 12) / 200]\r25/07/11 18:29:48 WARN JdbcUtils: Requested isolation level 1 is not supported; falling back to default isolation level 2","chan":"stderr","logger":"task"}
{"timestamp":"2025-07-11T18:29:48.298606Z","level":"error","event":"25/07/11 18:29:48 WARN JdbcUtils: Requested isolation level 1 is not supported; falling back to default isolation level 2","chan":"stderr","logger":"task"}
{"timestamp":"2025-07-11T18:29:48.339259Z","level":"error","event":"25/07/11 18:29:48 WARN JdbcUtils: Requested isolation level 1 is not supported; falling back to default isolation level 2","chan":"stderr","logger":"task"}
{"timestamp":"2025-07-11T18:29:48.358582Z","level":"error","event":"25/07/11 18:29:48 WARN JdbcUtils: Requested isolation level 1 is not supported; falling back to default isolation level 2","chan":"stderr","logger":"task"}
{"timestamp":"2025-07-11T18:29:48.411673Z","level":"error","event":"25/07/11 18:29:48 WARN JdbcUtils: Requested isolation level 1 is not supported; falling back to default isolation level 2","chan":"stderr","logger":"task"}
{"timestamp":"2025-07-11T18:29:48.418279Z","level":"error","event":"\r[Stage 5:============>                                          (45 + 13) / 200]\r25/07/11 18:29:48 WARN JdbcUtils: Requested isolation level 1 is not supported; falling back to default isolation level 2","chan":"stderr","logger":"task"}
{"timestamp":"2025-07-11T18:29:49.230897","level":"info","event":"Done. Returned value was: None","logger":"airflow.task.operators.airflow.providers.standard.operators.python.PythonOperator"}
{"timestamp":"2025-07-11T18:29:49.253136Z","level":"info","event":"Task instance in success state","chan":"stdout","logger":"task"}
{"timestamp":"2025-07-11T18:29:49.253698Z","level":"info","event":" Previous state of the Task instance: running","chan":"stdout","logger":"task"}
{"timestamp":"2025-07-11T18:29:49.254063Z","level":"info","event":"Task operator:<Task(PythonOperator): etl_data_weather.load>","chan":"stdout","logger":"task"}
{"timestamp":"2025-07-11T18:29:49.718017Z","level":"error","event":"\r[Stage 5:=======================>                               (85 + 13) / 200]\r\r[Stage 5:=======================================>              (145 + 13) / 200]\r\r[Stage 5:====================================================>  (191 + 9) / 200]","chan":"stderr","logger":"task"}
