{"timestamp":"2025-07-11T16:37:02.126656","level":"info","event":"DAG bundles loaded: dags-folder, example_dags","logger":"airflow.dag_processing.bundles.manager.DagBundlesManager"}
{"timestamp":"2025-07-11T16:37:02.127195","level":"info","event":"Filling up the DagBag from /opt/airflow/dags/main.py","logger":"airflow.models.dagbag.DagBag"}
{"timestamp":"2025-07-11T16:37:02.611137Z","level":"error","event":"WARNING: Using incubator modules: jdk.incubator.vector","chan":"stderr","logger":"task"}
{"timestamp":"2025-07-11T16:37:04.288287Z","level":"error","event":"25/07/11 16:37:04 WARN NativeCodeLoader: Unable to load native-hadoop library for your platform... using builtin-java classes where applicable","chan":"stderr","logger":"task"}
{"timestamp":"2025-07-11T16:37:04.492967Z","level":"error","event":"Using Spark's default log4j profile: org/apache/spark/log4j2-defaults.properties","chan":"stderr","logger":"task"}
{"timestamp":"2025-07-11T16:37:04.493557Z","level":"error","event":"Setting default log level to \"WARN\".","chan":"stderr","logger":"task"}
{"timestamp":"2025-07-11T16:37:04.493831Z","level":"error","event":"To adjust logging level use sc.setLogLevel(newLevel). For SparkR, use setLogLevel(newLevel).","chan":"stderr","logger":"task"}
{"timestamp":"2025-07-11T16:37:17.432543Z","level":"info","event":"Task instance is in running state","chan":"stdout","logger":"task"}
{"timestamp":"2025-07-11T16:37:17.433048Z","level":"info","event":" Previous state of the Task instance: queued","chan":"stdout","logger":"task"}
{"timestamp":"2025-07-11T16:37:17.433588Z","level":"info","event":"Current task name:etl_data_weather.load","chan":"stdout","logger":"task"}
{"timestamp":"2025-07-11T16:37:17.433856Z","level":"info","event":"Dag name:etl_pipeline","chan":"stdout","logger":"task"}
{"timestamp":"2025-07-11T16:37:17.434156Z","level":"info","event":"extract data from file","chan":"stdout","logger":"task"}
{"timestamp":"2025-07-11T16:37:17.434442Z","level":"info","event":"spark.hadoop.fs.s3a.vectored.read.min.seek.size = 128K","chan":"stdout","logger":"task"}
{"timestamp":"2025-07-11T16:37:17.434709Z","level":"info","event":"spark.executor.extraJavaOptions = -Djava.net.preferIPv6Addresses=false -XX:+IgnoreUnrecognizedVMOptions --add-modules=jdk.incubator.vector --add-opens=java.base/java.lang=ALL-UNNAMED --add-opens=java.base/java.lang.invoke=ALL-UNNAMED --add-opens=java.base/java.lang.reflect=ALL-UNNAMED --add-opens=java.base/java.io=ALL-UNNAMED --add-opens=java.base/java.net=ALL-UNNAMED --add-opens=java.base/java.nio=ALL-UNNAMED --add-opens=java.base/java.util=ALL-UNNAMED --add-opens=java.base/java.util.concurrent=ALL-UNNAMED --add-opens=java.base/java.util.concurrent.atomic=ALL-UNNAMED --add-opens=java.base/jdk.internal.ref=ALL-UNNAMED --add-opens=java.base/sun.nio.ch=ALL-UNNAMED --add-opens=java.base/sun.nio.cs=ALL-UNNAMED --add-opens=java.base/sun.security.action=ALL-UNNAMED --add-opens=java.base/sun.util.calendar=ALL-UNNAMED --add-opens=java.security.jgss/sun.security.krb5=ALL-UNNAMED -Djdk.reflect.useDirectMethodHandle=false -Dio.netty.tryReflectionSetAccessible=true","chan":"stdout","logger":"task"}
{"timestamp":"2025-07-11T16:37:17.435179Z","level":"info","event":"spark.sql.artifact.isolation.enabled = false","chan":"stdout","logger":"task"}
{"timestamp":"2025-07-11T16:37:17.435425Z","level":"info","event":"spark.app.startTime = 1752251824748","chan":"stdout","logger":"task"}
{"timestamp":"2025-07-11T16:37:17.435716Z","level":"info","event":"spark.master = local[*]","chan":"stdout","logger":"task"}
{"timestamp":"2025-07-11T16:37:17.435942Z","level":"info","event":"spark.repl.local.jars = file:///opt/spark/jars/hadoop-aws-3.4.1.jar,file:///opt/spark/jars/aws-java-sdk-bundle-1.12.787.jar,file:///opt/spark/jars/ojdbc11.jar","chan":"stdout","logger":"task"}
{"timestamp":"2025-07-11T16:37:17.436192Z","level":"info","event":"spark.executor.id = driver","chan":"stdout","logger":"task"}
{"timestamp":"2025-07-11T16:37:17.436463Z","level":"info","event":"spark.driver.extraClassPath = /opt/spark/jars/ojdbc11.jar","chan":"stdout","logger":"task"}
{"timestamp":"2025-07-11T16:37:17.436794Z","level":"info","event":"spark.app.name = BAITEST","chan":"stdout","logger":"task"}
{"timestamp":"2025-07-11T16:37:17.437076Z","level":"info","event":"spark.app.id = local-1752251825939","chan":"stdout","logger":"task"}
{"timestamp":"2025-07-11T16:37:17.437271Z","level":"info","event":"spark.submit.deployMode = client","chan":"stdout","logger":"task"}
{"timestamp":"2025-07-11T16:37:17.437467Z","level":"info","event":"spark.hadoop.fs.s3a.connection.ssl.enabled = false","chan":"stdout","logger":"task"}
{"timestamp":"2025-07-11T16:37:17.437673Z","level":"info","event":"spark.serializer.objectStreamReset = 100","chan":"stdout","logger":"task"}
{"timestamp":"2025-07-11T16:37:17.437894Z","level":"info","event":"spark.ui.showConsoleProgress = true","chan":"stdout","logger":"task"}
{"timestamp":"2025-07-11T16:37:17.438144Z","level":"info","event":"spark.hadoop.fs.s3a.path.style.access = true","chan":"stdout","logger":"task"}
{"timestamp":"2025-07-11T16:37:17.438391Z","level":"info","event":"spark.rdd.compress = True","chan":"stdout","logger":"task"}
{"timestamp":"2025-07-11T16:37:17.438635Z","level":"info","event":"spark.jars = /opt/spark/jars/hadoop-aws-3.4.1.jar,/opt/spark/jars/aws-java-sdk-bundle-1.12.787.jar,/opt/spark/jars/ojdbc11.jar","chan":"stdout","logger":"task"}
{"timestamp":"2025-07-11T16:37:17.438876Z","level":"info","event":"spark.driver.host = 192b09c925c2","chan":"stdout","logger":"task"}
{"timestamp":"2025-07-11T16:37:17.439370Z","level":"info","event":"spark.driver.port = 36427","chan":"stdout","logger":"task"}
{"timestamp":"2025-07-11T16:37:17.439697Z","level":"info","event":"spark.executor.extraClassPath = /opt/spark/jars/ojdbc11.jar","chan":"stdout","logger":"task"}
{"timestamp":"2025-07-11T16:37:17.440113Z","level":"info","event":"spark.hadoop.fs.s3a.endpoint = http://127.0.0.1:9000/","chan":"stdout","logger":"task"}
{"timestamp":"2025-07-11T16:37:17.440787Z","level":"info","event":"spark.hadoop.fs.s3a.access.key = admin","chan":"stdout","logger":"task"}
{"timestamp":"2025-07-11T16:37:17.441146Z","level":"info","event":"spark.hadoop.fs.s3a.aws.credentials.provider = org.apache.hadoop.fs.s3a.SimpleAWSCredentialsProvider","chan":"stdout","logger":"task"}
{"timestamp":"2025-07-11T16:37:17.441476Z","level":"info","event":"spark.submit.pyFiles =","chan":"stdout","logger":"task"}
{"timestamp":"2025-07-11T16:37:17.442402Z","level":"info","event":"spark.app.submitTime = 1752251824404","chan":"stdout","logger":"task"}
{"timestamp":"2025-07-11T16:37:17.443290Z","level":"info","event":"spark.driver.extraJavaOptions = -Djava.net.preferIPv6Addresses=false -XX:+IgnoreUnrecognizedVMOptions --add-modules=jdk.incubator.vector --add-opens=java.base/java.lang=ALL-UNNAMED --add-opens=java.base/java.lang.invoke=ALL-UNNAMED --add-opens=java.base/java.lang.reflect=ALL-UNNAMED --add-opens=java.base/java.io=ALL-UNNAMED --add-opens=java.base/java.net=ALL-UNNAMED --add-opens=java.base/java.nio=ALL-UNNAMED --add-opens=java.base/java.util=ALL-UNNAMED --add-opens=java.base/java.util.concurrent=ALL-UNNAMED --add-opens=java.base/java.util.concurrent.atomic=ALL-UNNAMED --add-opens=java.base/jdk.internal.ref=ALL-UNNAMED --add-opens=java.base/sun.nio.ch=ALL-UNNAMED --add-opens=java.base/sun.nio.cs=ALL-UNNAMED --add-opens=java.base/sun.security.action=ALL-UNNAMED --add-opens=java.base/sun.util.calendar=ALL-UNNAMED --add-opens=java.security.jgss/sun.security.krb5=ALL-UNNAMED -Djdk.reflect.useDirectMethodHandle=false -Dio.netty.tryReflectionSetAccessible=true","chan":"stdout","logger":"task"}
{"timestamp":"2025-07-11T16:37:17.445202Z","level":"info","event":"spark.hadoop.fs.s3a.vectored.read.max.merged.size = 2M","chan":"stdout","logger":"task"}
{"timestamp":"2025-07-11T16:37:17.445755Z","level":"info","event":"spark.app.initial.jar.urls = spark://192b09c925c2:36427/jars/hadoop-aws-3.4.1.jar,spark://192b09c925c2:36427/jars/aws-java-sdk-bundle-1.12.787.jar,spark://192b09c925c2:36427/jars/ojdbc11.jar","chan":"stdout","logger":"task"}
{"timestamp":"2025-07-11T16:37:17.446005Z","level":"info","event":"spark.hadoop.fs.s3a.impl = org.apache.hadoop.fs.s3a.S3AFileSystem","chan":"stdout","logger":"task"}
{"timestamp":"2025-07-11T16:37:17.446293Z","level":"info","event":"spark.hadoop.fs.s3a.secret.key = admin12345","chan":"stdout","logger":"task"}
{"timestamp":"2025-07-11T16:37:17.446532Z","level":"info","event":"Task instance in failure state","chan":"stdout","logger":"task"}
{"timestamp":"2025-07-11T16:37:17.446814Z","level":"info","event":"Task start","chan":"stdout","logger":"task"}
{"timestamp":"2025-07-11T16:37:17.447050Z","level":"info","event":"Task:<Task(PythonOperator): etl_data_weather.load>","chan":"stdout","logger":"task"}
{"timestamp":"2025-07-11T16:37:17.447287Z","level":"info","event":"Failure caused by An error occurred while calling o146.json.","chan":"stdout","logger":"task"}
{"timestamp":"2025-07-11T16:37:17.447500Z","level":"info","event":": java.lang.NoClassDefFoundError: software/amazon/awssdk/auth/credentials/AwsCredentialsProvider","chan":"stdout","logger":"task"}
{"timestamp":"2025-07-11T16:37:17.447722Z","level":"info","event":"\tat java.base/java.lang.Class.forName0(Native Method)","chan":"stdout","logger":"task"}
{"timestamp":"2025-07-11T16:37:17.447980Z","level":"info","event":"\tat java.base/java.lang.Class.forName(Class.java:467)","chan":"stdout","logger":"task"}
{"timestamp":"2025-07-11T16:37:17.512596Z","level":"info","event":"\tat org.apache.hadoop.conf.Configuration.getClassByNameOrNull(Configuration.java:2674)","chan":"stdout","logger":"task"}
{"timestamp":"2025-07-11T16:37:17.513147Z","level":"info","event":"\tat org.apache.hadoop.conf.Configuration.getClassByName(Configuration.java:2639)","chan":"stdout","logger":"task"}
{"timestamp":"2025-07-11T16:37:17.513461Z","level":"info","event":"\tat org.apache.hadoop.conf.Configuration.getClass(Configuration.java:2735)","chan":"stdout","logger":"task"}
{"timestamp":"2025-07-11T16:37:17.513751Z","level":"info","event":"\tat org.apache.hadoop.fs.FileSystem.getFileSystemClass(FileSystem.java:3569)","chan":"stdout","logger":"task"}
{"timestamp":"2025-07-11T16:37:17.514057Z","level":"info","event":"\tat org.apache.hadoop.fs.FileSystem.createFileSystem(FileSystem.java:3612)","chan":"stdout","logger":"task"}
{"timestamp":"2025-07-11T16:37:17.514316Z","level":"info","event":"\tat org.apache.hadoop.fs.FileSystem.access$300(FileSystem.java:172)","chan":"stdout","logger":"task"}
{"timestamp":"2025-07-11T16:37:17.514580Z","level":"info","event":"\tat org.apache.hadoop.fs.FileSystem$Cache.getInternal(FileSystem.java:3716)","chan":"stdout","logger":"task"}
{"timestamp":"2025-07-11T16:37:17.514846Z","level":"info","event":"\tat org.apache.hadoop.fs.FileSystem$Cache.get(FileSystem.java:3667)","chan":"stdout","logger":"task"}
{"timestamp":"2025-07-11T16:37:17.515140Z","level":"info","event":"\tat org.apache.hadoop.fs.FileSystem.get(FileSystem.java:557)","chan":"stdout","logger":"task"}
{"timestamp":"2025-07-11T16:37:17.515387Z","level":"info","event":"\tat org.apache.hadoop.fs.Path.getFileSystem(Path.java:366)","chan":"stdout","logger":"task"}
{"timestamp":"2025-07-11T16:37:17.515625Z","level":"info","event":"\tat org.apache.spark.sql.execution.streaming.FileStreamSink$.hasMetadata(FileStreamSink.scala:55)","chan":"stdout","logger":"task"}
{"timestamp":"2025-07-11T16:37:17.515896Z","level":"info","event":"\tat org.apache.spark.sql.execution.datasources.DataSource.resolveRelation(DataSource.scala:381)","chan":"stdout","logger":"task"}
{"timestamp":"2025-07-11T16:37:17.516172Z","level":"info","event":"\tat org.apache.spark.sql.catalyst.analysis.ResolveDataSource.org$apache$spark$sql$catalyst$analysis$ResolveDataSource$$loadV1BatchSource(ResolveDataSource.scala:143)","chan":"stdout","logger":"task"}
{"timestamp":"2025-07-11T16:37:17.516439Z","level":"info","event":"\tat org.apache.spark.sql.catalyst.analysis.ResolveDataSource$$anonfun$apply$1.$anonfun$applyOrElse$2(ResolveDataSource.scala:61)","chan":"stdout","logger":"task"}
{"timestamp":"2025-07-11T16:37:17.516879Z","level":"info","event":"\tat scala.Option.getOrElse(Option.scala:201)","chan":"stdout","logger":"task"}
{"timestamp":"2025-07-11T16:37:17.517160Z","level":"info","event":"\tat org.apache.spark.sql.catalyst.analysis.ResolveDataSource$$anonfun$apply$1.applyOrElse(ResolveDataSource.scala:61)","chan":"stdout","logger":"task"}
{"timestamp":"2025-07-11T16:37:17.517412Z","level":"info","event":"\tat org.apache.spark.sql.catalyst.analysis.ResolveDataSource$$anonfun$apply$1.applyOrElse(ResolveDataSource.scala:45)","chan":"stdout","logger":"task"}
{"timestamp":"2025-07-11T16:37:17.517704Z","level":"info","event":"\tat org.apache.spark.sql.catalyst.plans.logical.AnalysisHelper.$anonfun$resolveOperatorsUpWithPruning$3(AnalysisHelper.scala:139)","chan":"stdout","logger":"task"}
{"timestamp":"2025-07-11T16:37:17.517977Z","level":"info","event":"\tat org.apache.spark.sql.catalyst.trees.CurrentOrigin$.withOrigin(origin.scala:86)","chan":"stdout","logger":"task"}
{"timestamp":"2025-07-11T16:37:17.518367Z","level":"info","event":"\tat org.apache.spark.sql.catalyst.plans.logical.AnalysisHelper.$anonfun$resolveOperatorsUpWithPruning$1(AnalysisHelper.scala:139)","chan":"stdout","logger":"task"}
{"timestamp":"2025-07-11T16:37:17.518639Z","level":"info","event":"\tat org.apache.spark.sql.catalyst.plans.logical.AnalysisHelper$.allowInvokingTransformsInAnalyzer(AnalysisHelper.scala:416)","chan":"stdout","logger":"task"}
{"timestamp":"2025-07-11T16:37:17.518889Z","level":"info","event":"\tat org.apache.spark.sql.catalyst.plans.logical.AnalysisHelper.resolveOperatorsUpWithPruning(AnalysisHelper.scala:135)","chan":"stdout","logger":"task"}
{"timestamp":"2025-07-11T16:37:17.519138Z","level":"info","event":"\tat org.apache.spark.sql.catalyst.plans.logical.AnalysisHelper.resolveOperatorsUpWithPruning$(AnalysisHelper.scala:131)","chan":"stdout","logger":"task"}
{"timestamp":"2025-07-11T16:37:17.519409Z","level":"info","event":"\tat org.apache.spark.sql.catalyst.plans.logical.LogicalPlan.resolveOperatorsUpWithPruning(LogicalPlan.scala:37)","chan":"stdout","logger":"task"}
{"timestamp":"2025-07-11T16:37:17.519672Z","level":"info","event":"\tat org.apache.spark.sql.catalyst.plans.logical.AnalysisHelper.resolveOperatorsUp(AnalysisHelper.scala:112)","chan":"stdout","logger":"task"}
{"timestamp":"2025-07-11T16:37:17.519926Z","level":"info","event":"\tat org.apache.spark.sql.catalyst.plans.logical.AnalysisHelper.resolveOperatorsUp$(AnalysisHelper.scala:111)","chan":"stdout","logger":"task"}
{"timestamp":"2025-07-11T16:37:17.520215Z","level":"info","event":"\tat org.apache.spark.sql.catalyst.plans.logical.LogicalPlan.resolveOperatorsUp(LogicalPlan.scala:37)","chan":"stdout","logger":"task"}
{"timestamp":"2025-07-11T16:37:17.520468Z","level":"info","event":"\tat org.apache.spark.sql.catalyst.analysis.ResolveDataSource.apply(ResolveDataSource.scala:45)","chan":"stdout","logger":"task"}
{"timestamp":"2025-07-11T16:37:17.520727Z","level":"info","event":"\tat org.apache.spark.sql.catalyst.analysis.ResolveDataSource.apply(ResolveDataSource.scala:43)","chan":"stdout","logger":"task"}
{"timestamp":"2025-07-11T16:37:17.520955Z","level":"info","event":"\tat org.apache.spark.sql.catalyst.rules.RuleExecutor.$anonfun$execute$2(RuleExecutor.scala:242)","chan":"stdout","logger":"task"}
{"timestamp":"2025-07-11T16:37:17.521223Z","level":"info","event":"\tat scala.collection.LinearSeqOps.foldLeft(LinearSeq.scala:183)","chan":"stdout","logger":"task"}
{"timestamp":"2025-07-11T16:37:17.521502Z","level":"info","event":"\tat scala.collection.LinearSeqOps.foldLeft$(LinearSeq.scala:179)","chan":"stdout","logger":"task"}
{"timestamp":"2025-07-11T16:37:17.521794Z","level":"info","event":"\tat scala.collection.immutable.List.foldLeft(List.scala:79)","chan":"stdout","logger":"task"}
{"timestamp":"2025-07-11T16:37:17.522166Z","level":"info","event":"\tat org.apache.spark.sql.catalyst.rules.RuleExecutor.$anonfun$execute$1(RuleExecutor.scala:239)","chan":"stdout","logger":"task"}
{"timestamp":"2025-07-11T16:37:17.522469Z","level":"info","event":"\tat org.apache.spark.sql.catalyst.rules.RuleExecutor.$anonfun$execute$1$adapted(RuleExecutor.scala:231)","chan":"stdout","logger":"task"}
{"timestamp":"2025-07-11T16:37:17.522833Z","level":"info","event":"\tat scala.collection.immutable.List.foreach(List.scala:334)","chan":"stdout","logger":"task"}
{"timestamp":"2025-07-11T16:37:17.523176Z","level":"info","event":"\tat org.apache.spark.sql.catalyst.rules.RuleExecutor.execute(RuleExecutor.scala:231)","chan":"stdout","logger":"task"}
{"timestamp":"2025-07-11T16:37:17.523505Z","level":"info","event":"\tat org.apache.spark.sql.catalyst.analysis.Analyzer.org$apache$spark$sql$catalyst$analysis$Analyzer$$executeSameContext(Analyzer.scala:290)","chan":"stdout","logger":"task"}
{"timestamp":"2025-07-11T16:37:17.523851Z","level":"info","event":"\tat org.apache.spark.sql.catalyst.analysis.Analyzer.$anonfun$execute$1(Analyzer.scala:286)","chan":"stdout","logger":"task"}
{"timestamp":"2025-07-11T16:37:17.524118Z","level":"info","event":"\tat org.apache.spark.sql.catalyst.analysis.AnalysisContext$.withNewAnalysisContext(Analyzer.scala:234)","chan":"stdout","logger":"task"}
{"timestamp":"2025-07-11T16:37:17.524393Z","level":"info","event":"\tat org.apache.spark.sql.catalyst.analysis.Analyzer.execute(Analyzer.scala:286)","chan":"stdout","logger":"task"}
{"timestamp":"2025-07-11T16:37:17.524686Z","level":"info","event":"\tat org.apache.spark.sql.catalyst.analysis.Analyzer.execute(Analyzer.scala:249)","chan":"stdout","logger":"task"}
{"timestamp":"2025-07-11T16:37:17.525560Z","level":"info","event":"\tat org.apache.spark.sql.catalyst.rules.RuleExecutor.$anonfun$executeAndTrack$1(RuleExecutor.scala:201)","chan":"stdout","logger":"task"}
{"timestamp":"2025-07-11T16:37:17.526523Z","level":"info","event":"\tat org.apache.spark.sql.catalyst.QueryPlanningTracker$.withTracker(QueryPlanningTracker.scala:89)","chan":"stdout","logger":"task"}
{"timestamp":"2025-07-11T16:37:17.527842Z","level":"info","event":"\tat org.apache.spark.sql.catalyst.rules.RuleExecutor.executeAndTrack(RuleExecutor.scala:201)","chan":"stdout","logger":"task"}
{"timestamp":"2025-07-11T16:37:17.528557Z","level":"info","event":"\tat org.apache.spark.sql.catalyst.analysis.resolver.HybridAnalyzer.resolveInFixedPoint(HybridAnalyzer.scala:190)","chan":"stdout","logger":"task"}
{"timestamp":"2025-07-11T16:37:17.529449Z","level":"info","event":"\tat org.apache.spark.sql.catalyst.analysis.resolver.HybridAnalyzer.$anonfun$apply$1(HybridAnalyzer.scala:76)","chan":"stdout","logger":"task"}
{"timestamp":"2025-07-11T16:37:17.530790Z","level":"info","event":"\tat org.apache.spark.sql.catalyst.analysis.resolver.HybridAnalyzer.withTrackedAnalyzerBridgeState(HybridAnalyzer.scala:111)","chan":"stdout","logger":"task"}
{"timestamp":"2025-07-11T16:37:17.531510Z","level":"info","event":"\tat org.apache.spark.sql.catalyst.analysis.resolver.HybridAnalyzer.apply(HybridAnalyzer.scala:71)","chan":"stdout","logger":"task"}
{"timestamp":"2025-07-11T16:37:17.531818Z","level":"info","event":"\tat org.apache.spark.sql.catalyst.analysis.Analyzer.$anonfun$executeAndCheck$1(Analyzer.scala:280)","chan":"stdout","logger":"task"}
{"timestamp":"2025-07-11T16:37:17.532163Z","level":"info","event":"\tat org.apache.spark.sql.catalyst.plans.logical.AnalysisHelper$.markInAnalyzer(AnalysisHelper.scala:423)","chan":"stdout","logger":"task"}
{"timestamp":"2025-07-11T16:37:17.532422Z","level":"info","event":"\tat org.apache.spark.sql.catalyst.analysis.Analyzer.executeAndCheck(Analyzer.scala:280)","chan":"stdout","logger":"task"}
{"timestamp":"2025-07-11T16:37:17.532707Z","level":"info","event":"\tat org.apache.spark.sql.execution.QueryExecution.$anonfun$lazyAnalyzed$2(QueryExecution.scala:110)","chan":"stdout","logger":"task"}
{"timestamp":"2025-07-11T16:37:17.532974Z","level":"info","event":"\tat org.apache.spark.sql.catalyst.QueryPlanningTracker.measurePhase(QueryPlanningTracker.scala:148)","chan":"stdout","logger":"task"}
{"timestamp":"2025-07-11T16:37:17.533231Z","level":"info","event":"\tat org.apache.spark.sql.execution.QueryExecution.$anonfun$executePhase$2(QueryExecution.scala:278)","chan":"stdout","logger":"task"}
{"timestamp":"2025-07-11T16:37:17.533498Z","level":"info","event":"\tat org.apache.spark.sql.execution.QueryExecution$.withInternalError(QueryExecution.scala:654)","chan":"stdout","logger":"task"}
{"timestamp":"2025-07-11T16:37:17.533746Z","level":"info","event":"\tat org.apache.spark.sql.execution.QueryExecution.$anonfun$executePhase$1(QueryExecution.scala:278)","chan":"stdout","logger":"task"}
{"timestamp":"2025-07-11T16:37:17.534016Z","level":"info","event":"\tat org.apache.spark.sql.SparkSession.withActive(SparkSession.scala:804)","chan":"stdout","logger":"task"}
{"timestamp":"2025-07-11T16:37:17.534281Z","level":"info","event":"\tat org.apache.spark.sql.execution.QueryExecution.executePhase(QueryExecution.scala:277)","chan":"stdout","logger":"task"}
{"timestamp":"2025-07-11T16:37:17.534607Z","level":"info","event":"\tat org.apache.spark.sql.execution.QueryExecution.$anonfun$lazyAnalyzed$1(QueryExecution.scala:110)","chan":"stdout","logger":"task"}
{"timestamp":"2025-07-11T16:37:17.535061Z","level":"info","event":"\tat scala.util.Try$.apply(Try.scala:217)","chan":"stdout","logger":"task"}
{"timestamp":"2025-07-11T16:37:17.535377Z","level":"info","event":"\tat org.apache.spark.util.Utils$.doTryWithCallerStacktrace(Utils.scala:1378)","chan":"stdout","logger":"task"}
{"timestamp":"2025-07-11T16:37:17.535657Z","level":"info","event":"\tat org.apache.spark.util.LazyTry.tryT$lzycompute(LazyTry.scala:46)","chan":"stdout","logger":"task"}
{"timestamp":"2025-07-11T16:37:17.535930Z","level":"info","event":"\tat org.apache.spark.util.LazyTry.tryT(LazyTry.scala:46)","chan":"stdout","logger":"task"}
{"timestamp":"2025-07-11T16:37:17.536205Z","level":"info","event":"\tat org.apache.spark.util.LazyTry.get(LazyTry.scala:58)","chan":"stdout","logger":"task"}
{"timestamp":"2025-07-11T16:37:17.536518Z","level":"info","event":"\tat org.apache.spark.sql.execution.QueryExecution.analyzed(QueryExecution.scala:121)","chan":"stdout","logger":"task"}
{"timestamp":"2025-07-11T16:37:17.536809Z","level":"info","event":"\tat org.apache.spark.sql.execution.QueryExecution.assertAnalyzed(QueryExecution.scala:80)","chan":"stdout","logger":"task"}
{"timestamp":"2025-07-11T16:37:17.537104Z","level":"info","event":"\tat org.apache.spark.sql.classic.Dataset$.$anonfun$ofRows$1(Dataset.scala:115)","chan":"stdout","logger":"task"}
{"timestamp":"2025-07-11T16:37:17.537415Z","level":"info","event":"\tat org.apache.spark.sql.SparkSession.withActive(SparkSession.scala:804)","chan":"stdout","logger":"task"}
{"timestamp":"2025-07-11T16:37:17.537690Z","level":"info","event":"\tat org.apache.spark.sql.classic.Dataset$.ofRows(Dataset.scala:113)","chan":"stdout","logger":"task"}
{"timestamp":"2025-07-11T16:37:17.537978Z","level":"info","event":"\tat org.apache.spark.sql.classic.DataFrameReader.load(DataFrameReader.scala:109)","chan":"stdout","logger":"task"}
{"timestamp":"2025-07-11T16:37:17.538317Z","level":"info","event":"\tat org.apache.spark.sql.classic.DataFrameReader.load(DataFrameReader.scala:58)","chan":"stdout","logger":"task"}
{"timestamp":"2025-07-11T16:37:17.538636Z","level":"info","event":"\tat org.apache.spark.sql.DataFrameReader.json(DataFrameReader.scala:296)","chan":"stdout","logger":"task"}
{"timestamp":"2025-07-11T16:37:17.538933Z","level":"info","event":"\tat org.apache.spark.sql.classic.DataFrameReader.json(DataFrameReader.scala:150)","chan":"stdout","logger":"task"}
{"timestamp":"2025-07-11T16:37:17.539192Z","level":"info","event":"\tat java.base/jdk.internal.reflect.NativeMethodAccessorImpl.invoke0(Native Method)","chan":"stdout","logger":"task"}
{"timestamp":"2025-07-11T16:37:17.539450Z","level":"info","event":"\tat java.base/jdk.internal.reflect.NativeMethodAccessorImpl.invoke(NativeMethodAccessorImpl.java:77)","chan":"stdout","logger":"task"}
{"timestamp":"2025-07-11T16:37:17.539712Z","level":"info","event":"\tat java.base/jdk.internal.reflect.DelegatingMethodAccessorImpl.invoke(DelegatingMethodAccessorImpl.java:43)","chan":"stdout","logger":"task"}
{"timestamp":"2025-07-11T16:37:17.539994Z","level":"info","event":"\tat java.base/java.lang.reflect.Method.invoke(Method.java:569)","chan":"stdout","logger":"task"}
{"timestamp":"2025-07-11T16:37:17.540280Z","level":"info","event":"\tat py4j.reflection.MethodInvoker.invoke(MethodInvoker.java:244)","chan":"stdout","logger":"task"}
{"timestamp":"2025-07-11T16:37:17.540554Z","level":"info","event":"\tat py4j.reflection.ReflectionEngine.invoke(ReflectionEngine.java:374)","chan":"stdout","logger":"task"}
{"timestamp":"2025-07-11T16:37:17.540837Z","level":"info","event":"\tat py4j.Gateway.invoke(Gateway.java:282)","chan":"stdout","logger":"task"}
{"timestamp":"2025-07-11T16:37:17.541155Z","level":"info","event":"\tat py4j.commands.AbstractCommand.invokeMethod(AbstractCommand.java:132)","chan":"stdout","logger":"task"}
{"timestamp":"2025-07-11T16:37:17.541454Z","level":"info","event":"\tat py4j.commands.CallCommand.execute(CallCommand.java:79)","chan":"stdout","logger":"task"}
{"timestamp":"2025-07-11T16:37:17.541840Z","level":"info","event":"\tat py4j.ClientServerConnection.waitForCommands(ClientServerConnection.java:184)","chan":"stdout","logger":"task"}
{"timestamp":"2025-07-11T16:37:17.542121Z","level":"info","event":"\tat py4j.ClientServerConnection.run(ClientServerConnection.java:108)","chan":"stdout","logger":"task"}
{"timestamp":"2025-07-11T16:37:17.542412Z","level":"info","event":"\tat java.base/java.lang.Thread.run(Thread.java:840)","chan":"stdout","logger":"task"}
{"timestamp":"2025-07-11T16:37:17.542809Z","level":"info","event":"Caused by: java.lang.ClassNotFoundException: software.amazon.awssdk.auth.credentials.AwsCredentialsProvider","chan":"stdout","logger":"task"}
{"timestamp":"2025-07-11T16:37:17.543185Z","level":"info","event":"\tat java.base/java.net.URLClassLoader.findClass(URLClassLoader.java:445)","chan":"stdout","logger":"task"}
{"timestamp":"2025-07-11T16:37:17.543559Z","level":"info","event":"\tat java.base/java.lang.ClassLoader.loadClass(ClassLoader.java:592)","chan":"stdout","logger":"task"}
{"timestamp":"2025-07-11T16:37:17.543858Z","level":"info","event":"\tat java.base/java.lang.ClassLoader.loadClass(ClassLoader.java:525)","chan":"stdout","logger":"task"}
{"timestamp":"2025-07-11T16:37:17.544136Z","level":"info","event":"\t... 88 more","chan":"stdout","logger":"task"}
{"timestamp":"2025-07-11T16:37:17.544416Z","level":"info","event":"","chan":"stdout","logger":"task"}
{"timestamp":"2025-07-11T16:37:17.095507","level":"error","event":"Task failed with exception","logger":"task","error_detail":[{"exc_type":"Py4JJavaError","exc_value":"An error occurred while calling o146.json.\n: java.lang.NoClassDefFoundError: software/amazon/awssdk/auth/credentials/AwsCredentialsProvider\n\tat java.base/java.lang.Class.forName0(Native Method)\n\tat java.base/java.lang.Class.forName(Class.java:467)\n\tat org.apache.hadoop.conf.Configuration.getClassByNameOrNull(Configuration.java:2674)\n\tat org.apache.hadoop.conf.Configuration.getClassByName(Configuration.java:2639)\n\tat org.apache.hadoop.conf.Configuration.getClass(Configuration.java:2735)\n\tat org.apache.hadoop.fs.FileSystem.getFileSystemClass(FileSystem.java:3569)\n\tat org.apache.hadoop.fs.FileSystem.createFileSystem(FileSystem.java:3612)\n\tat org.apache.hadoop.fs.FileSystem.access$300(FileSystem.java:172)\n\tat org.apache.hadoop.fs.FileSystem$Cache.getInternal(FileSystem.java:3716)\n\tat org.apache.hadoop.fs.FileSystem$Cache.get(FileSystem.java:3667)\n\tat org.apache.hadoop.fs.FileSystem.get(FileSystem.java:557)\n\tat org.apache.hadoop.fs.Path.getFileSystem(Path.java:366)\n\tat org.apache.spark.sql.execution.streaming.FileStreamSink$.hasMetadata(FileStreamSink.scala:55)\n\tat org.apache.spark.sql.execution.datasources.DataSource.resolveRelation(DataSource.scala:381)\n\tat org.apache.spark.sql.catalyst.analysis.ResolveDataSource.org$apache$spark$sql$catalyst$analysis$ResolveDataSource$$loadV1BatchSource(ResolveDataSource.scala:143)\n\tat org.apache.spark.sql.catalyst.analysis.ResolveDataSource$$anonfun$apply$1.$anonfun$applyOrElse$2(ResolveDataSource.scala:61)\n\tat scala.Option.getOrElse(Option.scala:201)\n\tat org.apache.spark.sql.catalyst.analysis.ResolveDataSource$$anonfun$apply$1.applyOrElse(ResolveDataSource.scala:61)\n\tat org.apache.spark.sql.catalyst.analysis.ResolveDataSource$$anonfun$apply$1.applyOrElse(ResolveDataSource.scala:45)\n\tat org.apache.spark.sql.catalyst.plans.logical.AnalysisHelper.$anonfun$resolveOperatorsUpWithPruning$3(AnalysisHelper.scala:139)\n\tat org.apache.spark.sql.catalyst.trees.CurrentOrigin$.withOrigin(origin.scala:86)\n\tat org.apache.spark.sql.catalyst.plans.logical.AnalysisHelper.$anonfun$resolveOperatorsUpWithPruning$1(AnalysisHelper.scala:139)\n\tat org.apache.spark.sql.catalyst.plans.logical.AnalysisHelper$.allowInvokingTransformsInAnalyzer(AnalysisHelper.scala:416)\n\tat org.apache.spark.sql.catalyst.plans.logical.AnalysisHelper.resolveOperatorsUpWithPruning(AnalysisHelper.scala:135)\n\tat org.apache.spark.sql.catalyst.plans.logical.AnalysisHelper.resolveOperatorsUpWithPruning$(AnalysisHelper.scala:131)\n\tat org.apache.spark.sql.catalyst.plans.logical.LogicalPlan.resolveOperatorsUpWithPruning(LogicalPlan.scala:37)\n\tat org.apache.spark.sql.catalyst.plans.logical.AnalysisHelper.resolveOperatorsUp(AnalysisHelper.scala:112)\n\tat org.apache.spark.sql.catalyst.plans.logical.AnalysisHelper.resolveOperatorsUp$(AnalysisHelper.scala:111)\n\tat org.apache.spark.sql.catalyst.plans.logical.LogicalPlan.resolveOperatorsUp(LogicalPlan.scala:37)\n\tat org.apache.spark.sql.catalyst.analysis.ResolveDataSource.apply(ResolveDataSource.scala:45)\n\tat org.apache.spark.sql.catalyst.analysis.ResolveDataSource.apply(ResolveDataSource.scala:43)\n\tat org.apache.spark.sql.catalyst.rules.RuleExecutor.$anonfun$execute$2(RuleExecutor.scala:242)\n\tat scala.collection.LinearSeqOps.foldLeft(LinearSeq.scala:183)\n\tat scala.collection.LinearSeqOps.foldLeft$(LinearSeq.scala:179)\n\tat scala.collection.immutable.List.foldLeft(List.scala:79)\n\tat org.apache.spark.sql.catalyst.rules.RuleExecutor.$anonfun$execute$1(RuleExecutor.scala:239)\n\tat org.apache.spark.sql.catalyst.rules.RuleExecutor.$anonfun$execute$1$adapted(RuleExecutor.scala:231)\n\tat scala.collection.immutable.List.foreach(List.scala:334)\n\tat org.apache.spark.sql.catalyst.rules.RuleExecutor.execute(RuleExecutor.scala:231)\n\tat org.apache.spark.sql.catalyst.analysis.Analyzer.org$apache$spark$sql$catalyst$analysis$Analyzer$$executeSameContext(Analyzer.scala:290)\n\tat org.apache.spark.sql.catalyst.analysis.Analyzer.$anonfun$execute$1(Analyzer.scala:286)\n\tat org.apache.spark.sql.catalyst.analysis.AnalysisContext$.withNewAnalysisContext(Analyzer.scala:234)\n\tat org.apache.spark.sql.catalyst.analysis.Analyzer.execute(Analyzer.scala:286)\n\tat org.apache.spark.sql.catalyst.analysis.Analyzer.execute(Analyzer.scala:249)\n\tat org.apache.spark.sql.catalyst.rules.RuleExecutor.$anonfun$executeAndTrack$1(RuleExecutor.scala:201)\n\tat org.apache.spark.sql.catalyst.QueryPlanningTracker$.withTracker(QueryPlanningTracker.scala:89)\n\tat org.apache.spark.sql.catalyst.rules.RuleExecutor.executeAndTrack(RuleExecutor.scala:201)\n\tat org.apache.spark.sql.catalyst.analysis.resolver.HybridAnalyzer.resolveInFixedPoint(HybridAnalyzer.scala:190)\n\tat org.apache.spark.sql.catalyst.analysis.resolver.HybridAnalyzer.$anonfun$apply$1(HybridAnalyzer.scala:76)\n\tat org.apache.spark.sql.catalyst.analysis.resolver.HybridAnalyzer.withTrackedAnalyzerBridgeState(HybridAnalyzer.scala:111)\n\tat org.apache.spark.sql.catalyst.analysis.resolver.HybridAnalyzer.apply(HybridAnalyzer.scala:71)\n\tat org.apache.spark.sql.catalyst.analysis.Analyzer.$anonfun$executeAndCheck$1(Analyzer.scala:280)\n\tat org.apache.spark.sql.catalyst.plans.logical.AnalysisHelper$.markInAnalyzer(AnalysisHelper.scala:423)\n\tat org.apache.spark.sql.catalyst.analysis.Analyzer.executeAndCheck(Analyzer.scala:280)\n\tat org.apache.spark.sql.execution.QueryExecution.$anonfun$lazyAnalyzed$2(QueryExecution.scala:110)\n\tat org.apache.spark.sql.catalyst.QueryPlanningTracker.measurePhase(QueryPlanningTracker.scala:148)\n\tat org.apache.spark.sql.execution.QueryExecution.$anonfun$executePhase$2(QueryExecution.scala:278)\n\tat org.apache.spark.sql.execution.QueryExecution$.withInternalError(QueryExecution.scala:654)\n\tat org.apache.spark.sql.execution.QueryExecution.$anonfun$executePhase$1(QueryExecution.scala:278)\n\tat org.apache.spark.sql.SparkSession.withActive(SparkSession.scala:804)\n\tat org.apache.spark.sql.execution.QueryExecution.executePhase(QueryExecution.scala:277)\n\tat org.apache.spark.sql.execution.QueryExecution.$anonfun$lazyAnalyzed$1(QueryExecution.scala:110)\n\tat scala.util.Try$.apply(Try.scala:217)\n\tat org.apache.spark.util.Utils$.doTryWithCallerStacktrace(Utils.scala:1378)\n\tat org.apache.spark.util.LazyTry.tryT$lzycompute(LazyTry.scala:46)\n\tat org.apache.spark.util.LazyTry.tryT(LazyTry.scala:46)\n\tat org.apache.spark.util.LazyTry.get(LazyTry.scala:58)\n\tat org.apache.spark.sql.execution.QueryExecution.analyzed(QueryExecution.scala:121)\n\tat org.apache.spark.sql.execution.QueryExecution.assertAnalyzed(QueryExecution.scala:80)\n\tat org.apache.spark.sql.classic.Dataset$.$anonfun$ofRows$1(Dataset.scala:115)\n\tat org.apache.spark.sql.SparkSession.withActive(SparkSession.scala:804)\n\tat org.apache.spark.sql.classic.Dataset$.ofRows(Dataset.scala:113)\n\tat org.apache.spark.sql.classic.DataFrameReader.load(DataFrameReader.scala:109)\n\tat org.apache.spark.sql.classic.DataFrameReader.load(DataFrameReader.scala:58)\n\tat org.apache.spark.sql.DataFrameReader.json(DataFrameReader.scala:296)\n\tat org.apache.spark.sql.classic.DataFrameReader.json(DataFrameReader.scala:150)\n\tat java.base/jdk.internal.reflect.NativeMethodAccessorImpl.invoke0(Native Method)\n\tat java.base/jdk.internal.reflect.NativeMethodAccessorImpl.invoke(NativeMethodAccessorImpl.java:77)\n\tat java.base/jdk.internal.reflect.DelegatingMethodAccessorImpl.invoke(DelegatingMethodAccessorImpl.java:43)\n\tat java.base/java.lang.reflect.Method.invoke(Method.java:569)\n\tat py4j.reflection.MethodInvoker.invoke(MethodInvoker.java:244)\n\tat py4j.reflection.ReflectionEngine.invoke(ReflectionEngine.java:374)\n\tat py4j.Gateway.invoke(Gateway.java:282)\n\tat py4j.commands.AbstractCommand.invokeMethod(AbstractCommand.java:132)\n\tat py4j.commands.CallCommand.execute(CallCommand.java:79)\n\tat py4j.ClientServerConnection.waitForCommands(ClientServerConnection.java:184)\n\tat py4j.ClientServerConnection.run(ClientServerConnection.java:108)\n\tat java.base/java.lang.Thread.run(Thread.java:840)\nCaused by: java.lang.ClassNotFoundException: software.amazon.awssdk.auth.credentials.AwsCredentialsProvider\n\tat java.base/java.net.URLClassLoader.findClass(URLClassLoader.java:445)\n\tat java.base/java.lang.ClassLoader.loadClass(ClassLoader.java:592)\n\tat java.base/java.lang.ClassLoader.loadClass(ClassLoader.java:525)\n\t... 88 more\n","exc_notes":[],"syntax_error":null,"is_cause":false,"frames":[{"filename":"/home/airflow/.local/lib/python3.12/site-packages/airflow/sdk/execution_time/task_runner.py","lineno":825,"name":"run"},{"filename":"/home/airflow/.local/lib/python3.12/site-packages/airflow/sdk/execution_time/task_runner.py","lineno":1088,"name":"_execute_task"},{"filename":"/home/airflow/.local/lib/python3.12/site-packages/airflow/sdk/bases/operator.py","lineno":408,"name":"wrapper"},{"filename":"/home/airflow/.local/lib/python3.12/site-packages/airflow/providers/standard/operators/python.py","lineno":212,"name":"execute"},{"filename":"/home/airflow/.local/lib/python3.12/site-packages/airflow/providers/standard/operators/python.py","lineno":235,"name":"execute_callable"},{"filename":"/home/airflow/.local/lib/python3.12/site-packages/airflow/sdk/execution_time/callback_runner.py","lineno":81,"name":"run"},{"filename":"/opt/airflow/dags/main.py","lineno":22,"name":"run_etl_weather"},{"filename":"/opt/airflow/dags/etl_data_weather.py","lineno":27,"name":"extract_data_weather"},{"filename":"/home/airflow/.local/lib/python3.12/site-packages/pyspark/sql/readwriter.py","lineno":468,"name":"json"},{"filename":"/home/airflow/.local/lib/python3.12/site-packages/py4j/java_gateway.py","lineno":1362,"name":"__call__"},{"filename":"/home/airflow/.local/lib/python3.12/site-packages/pyspark/errors/exceptions/captured.py","lineno":282,"name":"deco"},{"filename":"/home/airflow/.local/lib/python3.12/site-packages/py4j/protocol.py","lineno":327,"name":"get_return_value"}]}]}
