{"timestamp":"2025-07-11T16:11:18.214669","level":"info","event":"DAG bundles loaded: dags-folder, example_dags","logger":"airflow.dag_processing.bundles.manager.DagBundlesManager"}
{"timestamp":"2025-07-11T16:11:18.215238","level":"info","event":"Filling up the DagBag from /opt/airflow/dags/main.py","logger":"airflow.models.dagbag.DagBag"}
{"timestamp":"2025-07-11T16:11:18.612247Z","level":"error","event":"WARNING: Using incubator modules: jdk.incubator.vector","chan":"stderr","logger":"task"}
{"timestamp":"2025-07-11T16:11:20.128897Z","level":"error","event":"25/07/11 16:11:20 WARN NativeCodeLoader: Unable to load native-hadoop library for your platform... using builtin-java classes where applicable","chan":"stderr","logger":"task"}
{"timestamp":"2025-07-11T16:11:20.290302Z","level":"error","event":"Using Spark's default log4j profile: org/apache/spark/log4j2-defaults.properties","chan":"stderr","logger":"task"}
{"timestamp":"2025-07-11T16:11:20.291017Z","level":"error","event":"Setting default log level to \"WARN\".","chan":"stderr","logger":"task"}
{"timestamp":"2025-07-11T16:11:20.291493Z","level":"error","event":"To adjust logging level use sc.setLogLevel(newLevel). For SparkR, use setLogLevel(newLevel).","chan":"stderr","logger":"task"}
{"timestamp":"2025-07-11T16:11:23.984799Z","level":"info","event":"Task instance is in running state","chan":"stdout","logger":"task"}
{"timestamp":"2025-07-11T16:11:23.985270Z","level":"info","event":" Previous state of the Task instance: queued","chan":"stdout","logger":"task"}
{"timestamp":"2025-07-11T16:11:23.985603Z","level":"info","event":"Current task name:etl_data_weather.load","chan":"stdout","logger":"task"}
{"timestamp":"2025-07-11T16:11:23.985877Z","level":"info","event":"Dag name:etl_pipeline","chan":"stdout","logger":"task"}
{"timestamp":"2025-07-11T16:11:23.986109Z","level":"info","event":"extract data from file","chan":"stdout","logger":"task"}
{"timestamp":"2025-07-11T16:11:23.997920Z","level":"info","event":"spark.hadoop.fs.s3a.vectored.read.min.seek.size = 128K","chan":"stdout","logger":"task"}
{"timestamp":"2025-07-11T16:11:23.998480Z","level":"info","event":"spark.executor.extraJavaOptions = -Djava.net.preferIPv6Addresses=false -XX:+IgnoreUnrecognizedVMOptions --add-modules=jdk.incubator.vector --add-opens=java.base/java.lang=ALL-UNNAMED --add-opens=java.base/java.lang.invoke=ALL-UNNAMED --add-opens=java.base/java.lang.reflect=ALL-UNNAMED --add-opens=java.base/java.io=ALL-UNNAMED --add-opens=java.base/java.net=ALL-UNNAMED --add-opens=java.base/java.nio=ALL-UNNAMED --add-opens=java.base/java.util=ALL-UNNAMED --add-opens=java.base/java.util.concurrent=ALL-UNNAMED --add-opens=java.base/java.util.concurrent.atomic=ALL-UNNAMED --add-opens=java.base/jdk.internal.ref=ALL-UNNAMED --add-opens=java.base/sun.nio.ch=ALL-UNNAMED --add-opens=java.base/sun.nio.cs=ALL-UNNAMED --add-opens=java.base/sun.security.action=ALL-UNNAMED --add-opens=java.base/sun.util.calendar=ALL-UNNAMED --add-opens=java.security.jgss/sun.security.krb5=ALL-UNNAMED -Djdk.reflect.useDirectMethodHandle=false -Dio.netty.tryReflectionSetAccessible=true","chan":"stdout","logger":"task"}
{"timestamp":"2025-07-11T16:11:23.998939Z","level":"info","event":"spark.sql.artifact.isolation.enabled = false","chan":"stdout","logger":"task"}
{"timestamp":"2025-07-11T16:11:23.999282Z","level":"info","event":"spark.master = local[*]","chan":"stdout","logger":"task"}
{"timestamp":"2025-07-11T16:11:23.999526Z","level":"info","event":"spark.app.startTime = 1752250280491","chan":"stdout","logger":"task"}
{"timestamp":"2025-07-11T16:11:23.999796Z","level":"info","event":"spark.driver.port = 39317","chan":"stdout","logger":"task"}
{"timestamp":"2025-07-11T16:11:24.000058Z","level":"info","event":"spark.executor.id = driver","chan":"stdout","logger":"task"}
{"timestamp":"2025-07-11T16:11:24.000292Z","level":"info","event":"spark.driver.extraClassPath = /opt/spark/jars/ojdbc11.jar","chan":"stdout","logger":"task"}
{"timestamp":"2025-07-11T16:11:24.000554Z","level":"info","event":"spark.app.name = BAITEST","chan":"stdout","logger":"task"}
{"timestamp":"2025-07-11T16:11:24.000842Z","level":"info","event":"spark.app.id = local-1752250281286","chan":"stdout","logger":"task"}
{"timestamp":"2025-07-11T16:11:24.001076Z","level":"info","event":"spark.submit.deployMode = client","chan":"stdout","logger":"task"}
{"timestamp":"2025-07-11T16:11:24.001418Z","level":"info","event":"spark.hadoop.fs.s3a.connection.ssl.enabled = false","chan":"stdout","logger":"task"}
{"timestamp":"2025-07-11T16:11:24.001748Z","level":"info","event":"spark.driver.host = 90756e632957","chan":"stdout","logger":"task"}
{"timestamp":"2025-07-11T16:11:24.001994Z","level":"info","event":"spark.repl.local.jars = file:///opt/spark/jars/hadoop-aws-3.4.1.jar,file:///opt/spark/jars/aws-java-sdk-core-2.20.158.jar,file:///opt/spark/jars/aws-java-sdk-auth-2.20.158.jar,file:///opt/spark/jars/aws-java-sdk-s3-2.20.158.jar,file:///opt/spark/jars/aws-java-sdk-utils-2.20.158.jar,file:///opt/spark/jars/aws-java-sdk-awscore-2.20.158.jar,file:///opt/spark/jars/aws-http-client-spi-2.20.158.jar,file:///opt/spark/jars/aws-sdk-core-2.20.158.jar,file:///opt/spark/jars/ojdbc11.jar","chan":"stdout","logger":"task"}
{"timestamp":"2025-07-11T16:11:24.002225Z","level":"info","event":"spark.serializer.objectStreamReset = 100","chan":"stdout","logger":"task"}
{"timestamp":"2025-07-11T16:11:24.002555Z","level":"info","event":"spark.ui.showConsoleProgress = true","chan":"stdout","logger":"task"}
{"timestamp":"2025-07-11T16:11:24.002859Z","level":"info","event":"spark.hadoop.fs.s3a.path.style.access = true","chan":"stdout","logger":"task"}
{"timestamp":"2025-07-11T16:11:24.003113Z","level":"info","event":"spark.rdd.compress = True","chan":"stdout","logger":"task"}
{"timestamp":"2025-07-11T16:11:24.003348Z","level":"info","event":"spark.executor.extraClassPath = /opt/spark/jars/ojdbc11.jar","chan":"stdout","logger":"task"}
{"timestamp":"2025-07-11T16:11:24.003604Z","level":"info","event":"spark.hadoop.fs.s3a.endpoint = http://127.0.0.1:9000/","chan":"stdout","logger":"task"}
{"timestamp":"2025-07-11T16:11:24.003825Z","level":"info","event":"spark.hadoop.fs.s3a.access.key = admin","chan":"stdout","logger":"task"}
{"timestamp":"2025-07-11T16:11:24.004053Z","level":"info","event":"spark.app.submitTime = 1752250280251","chan":"stdout","logger":"task"}
{"timestamp":"2025-07-11T16:11:24.004288Z","level":"info","event":"spark.hadoop.fs.s3a.aws.credentials.provider = org.apache.hadoop.fs.s3a.SimpleAWSCredentialsProvider","chan":"stdout","logger":"task"}
{"timestamp":"2025-07-11T16:11:24.004648Z","level":"info","event":"spark.submit.pyFiles =","chan":"stdout","logger":"task"}
{"timestamp":"2025-07-11T16:11:24.005040Z","level":"info","event":"spark.driver.extraJavaOptions = -Djava.net.preferIPv6Addresses=false -XX:+IgnoreUnrecognizedVMOptions --add-modules=jdk.incubator.vector --add-opens=java.base/java.lang=ALL-UNNAMED --add-opens=java.base/java.lang.invoke=ALL-UNNAMED --add-opens=java.base/java.lang.reflect=ALL-UNNAMED --add-opens=java.base/java.io=ALL-UNNAMED --add-opens=java.base/java.net=ALL-UNNAMED --add-opens=java.base/java.nio=ALL-UNNAMED --add-opens=java.base/java.util=ALL-UNNAMED --add-opens=java.base/java.util.concurrent=ALL-UNNAMED --add-opens=java.base/java.util.concurrent.atomic=ALL-UNNAMED --add-opens=java.base/jdk.internal.ref=ALL-UNNAMED --add-opens=java.base/sun.nio.ch=ALL-UNNAMED --add-opens=java.base/sun.nio.cs=ALL-UNNAMED --add-opens=java.base/sun.security.action=ALL-UNNAMED --add-opens=java.base/sun.util.calendar=ALL-UNNAMED --add-opens=java.security.jgss/sun.security.krb5=ALL-UNNAMED -Djdk.reflect.useDirectMethodHandle=false -Dio.netty.tryReflectionSetAccessible=true","chan":"stdout","logger":"task"}
{"timestamp":"2025-07-11T16:11:24.005403Z","level":"info","event":"spark.hadoop.fs.s3a.vectored.read.max.merged.size = 2M","chan":"stdout","logger":"task"}
{"timestamp":"2025-07-11T16:11:24.005656Z","level":"info","event":"spark.jars = /opt/spark/jars/hadoop-aws-3.4.1.jar,/opt/spark/jars/aws-java-sdk-core-2.20.158.jar,/opt/spark/jars/aws-java-sdk-auth-2.20.158.jar,/opt/spark/jars/aws-java-sdk-s3-2.20.158.jar,/opt/spark/jars/aws-java-sdk-utils-2.20.158.jar,/opt/spark/jars/aws-java-sdk-awscore-2.20.158.jar,/opt/spark/jars/aws-http-client-spi-2.20.158.jar,/opt/spark/jars/aws-sdk-core-2.20.158.jar,/opt/spark/jars/ojdbc11.jar","chan":"stdout","logger":"task"}
{"timestamp":"2025-07-11T16:11:24.005936Z","level":"info","event":"spark.hadoop.fs.s3a.impl = org.apache.hadoop.fs.s3a.S3AFileSystem","chan":"stdout","logger":"task"}
{"timestamp":"2025-07-11T16:11:24.006174Z","level":"info","event":"spark.hadoop.fs.s3a.secret.key = admin12345","chan":"stdout","logger":"task"}
{"timestamp":"2025-07-11T16:11:24.006447Z","level":"info","event":"spark.app.initial.jar.urls = spark://90756e632957:39317/jars/aws-java-sdk-utils-2.20.158.jar,spark://90756e632957:39317/jars/hadoop-aws-3.4.1.jar,spark://90756e632957:39317/jars/aws-http-client-spi-2.20.158.jar,spark://90756e632957:39317/jars/aws-java-sdk-core-2.20.158.jar,spark://90756e632957:39317/jars/aws-sdk-core-2.20.158.jar,spark://90756e632957:39317/jars/aws-java-sdk-s3-2.20.158.jar,spark://90756e632957:39317/jars/ojdbc11.jar,spark://90756e632957:39317/jars/aws-java-sdk-auth-2.20.158.jar,spark://90756e632957:39317/jars/aws-java-sdk-awscore-2.20.158.jar","chan":"stdout","logger":"task"}
{"timestamp":"2025-07-11T16:11:25.068716","level":"error","event":"Task failed with exception","logger":"task","error_detail":[{"exc_type":"Py4JJavaError","exc_value":"An error occurred while calling o146.json.\n: java.lang.NoClassDefFoundError: software/amazon/awssdk/awscore/exception/AwsServiceException\n\tat java.base/java.lang.ClassLoader.defineClass1(Native Method)\n\tat java.base/java.lang.ClassLoader.defineClass(ClassLoader.java:1017)\n\tat java.base/java.security.SecureClassLoader.defineClass(SecureClassLoader.java:150)\n\tat java.base/java.net.URLClassLoader.defineClass(URLClassLoader.java:524)\n\tat java.base/java.net.URLClassLoader$1.run(URLClassLoader.java:427)\n\tat java.base/java.net.URLClassLoader$1.run(URLClassLoader.java:421)\n\tat java.base/java.security.AccessController.doPrivileged(AccessController.java:712)\n\tat java.base/java.net.URLClassLoader.findClass(URLClassLoader.java:420)\n\tat java.base/java.lang.ClassLoader.loadClass(ClassLoader.java:592)\n\tat java.base/java.lang.ClassLoader.loadClass(ClassLoader.java:525)\n\tat java.base/java.lang.ClassLoader.defineClass1(Native Method)\n\tat java.base/java.lang.ClassLoader.defineClass(ClassLoader.java:1017)\n\tat java.base/java.security.SecureClassLoader.defineClass(SecureClassLoader.java:150)\n\tat java.base/java.net.URLClassLoader.defineClass(URLClassLoader.java:524)\n\tat java.base/java.net.URLClassLoader$1.run(URLClassLoader.java:427)\n\tat java.base/java.net.URLClassLoader$1.run(URLClassLoader.java:421)\n\tat java.base/java.security.AccessController.doPrivileged(AccessController.java:712)\n\tat java.base/java.net.URLClassLoader.findClass(URLClassLoader.java:420)\n\tat java.base/java.lang.ClassLoader.loadClass(ClassLoader.java:592)\n\tat java.base/java.lang.ClassLoader.loadClass(ClassLoader.java:525)\n\tat java.base/java.lang.Class.forName0(Native Method)\n\tat java.base/java.lang.Class.forName(Class.java:467)\n\tat org.apache.hadoop.conf.Configuration.getClassByNameOrNull(Configuration.java:2674)\n\tat org.apache.hadoop.conf.Configuration.getClassByName(Configuration.java:2639)\n\tat org.apache.hadoop.conf.Configuration.getClass(Configuration.java:2735)\n\tat org.apache.hadoop.fs.FileSystem.getFileSystemClass(FileSystem.java:3569)\n\tat org.apache.hadoop.fs.FileSystem.createFileSystem(FileSystem.java:3612)\n\tat org.apache.hadoop.fs.FileSystem.access$300(FileSystem.java:172)\n\tat org.apache.hadoop.fs.FileSystem$Cache.getInternal(FileSystem.java:3716)\n\tat org.apache.hadoop.fs.FileSystem$Cache.get(FileSystem.java:3667)\n\tat org.apache.hadoop.fs.FileSystem.get(FileSystem.java:557)\n\tat org.apache.hadoop.fs.Path.getFileSystem(Path.java:366)\n\tat org.apache.spark.sql.execution.streaming.FileStreamSink$.hasMetadata(FileStreamSink.scala:55)\n\tat org.apache.spark.sql.execution.datasources.DataSource.resolveRelation(DataSource.scala:381)\n\tat org.apache.spark.sql.catalyst.analysis.ResolveDataSource.org$apache$spark$sql$catalyst$analysis$ResolveDataSource$$loadV1BatchSource(ResolveDataSource.scala:143)\n\tat org.apache.spark.sql.catalyst.analysis.ResolveDataSource$$anonfun$apply$1.$anonfun$applyOrElse$2(ResolveDataSource.scala:61)\n\tat scala.Option.getOrElse(Option.scala:201)\n\tat org.apache.spark.sql.catalyst.analysis.ResolveDataSource$$anonfun$apply$1.applyOrElse(ResolveDataSource.scala:61)\n\tat org.apache.spark.sql.catalyst.analysis.ResolveDataSource$$anonfun$apply$1.applyOrElse(ResolveDataSource.scala:45)\n\tat org.apache.spark.sql.catalyst.plans.logical.AnalysisHelper.$anonfun$resolveOperatorsUpWithPruning$3(AnalysisHelper.scala:139)\n\tat org.apache.spark.sql.catalyst.trees.CurrentOrigin$.withOrigin(origin.scala:86)\n\tat org.apache.spark.sql.catalyst.plans.logical.AnalysisHelper.$anonfun$resolveOperatorsUpWithPruning$1(AnalysisHelper.scala:139)\n\tat org.apache.spark.sql.catalyst.plans.logical.AnalysisHelper$.allowInvokingTransformsInAnalyzer(AnalysisHelper.scala:416)\n\tat org.apache.spark.sql.catalyst.plans.logical.AnalysisHelper.resolveOperatorsUpWithPruning(AnalysisHelper.scala:135)\n\tat org.apache.spark.sql.catalyst.plans.logical.AnalysisHelper.resolveOperatorsUpWithPruning$(AnalysisHelper.scala:131)\n\tat org.apache.spark.sql.catalyst.plans.logical.LogicalPlan.resolveOperatorsUpWithPruning(LogicalPlan.scala:37)\n\tat org.apache.spark.sql.catalyst.plans.logical.AnalysisHelper.resolveOperatorsUp(AnalysisHelper.scala:112)\n\tat org.apache.spark.sql.catalyst.plans.logical.AnalysisHelper.resolveOperatorsUp$(AnalysisHelper.scala:111)\n\tat org.apache.spark.sql.catalyst.plans.logical.LogicalPlan.resolveOperatorsUp(LogicalPlan.scala:37)\n\tat org.apache.spark.sql.catalyst.analysis.ResolveDataSource.apply(ResolveDataSource.scala:45)\n\tat org.apache.spark.sql.catalyst.analysis.ResolveDataSource.apply(ResolveDataSource.scala:43)\n\tat org.apache.spark.sql.catalyst.rules.RuleExecutor.$anonfun$execute$2(RuleExecutor.scala:242)\n\tat scala.collection.LinearSeqOps.foldLeft(LinearSeq.scala:183)\n\tat scala.collection.LinearSeqOps.foldLeft$(LinearSeq.scala:179)\n\tat scala.collection.immutable.List.foldLeft(List.scala:79)\n\tat org.apache.spark.sql.catalyst.rules.RuleExecutor.$anonfun$execute$1(RuleExecutor.scala:239)\n\tat org.apache.spark.sql.catalyst.rules.RuleExecutor.$anonfun$execute$1$adapted(RuleExecutor.scala:231)\n\tat scala.collection.immutable.List.foreach(List.scala:334)\n\tat org.apache.spark.sql.catalyst.rules.RuleExecutor.execute(RuleExecutor.scala:231)\n\tat org.apache.spark.sql.catalyst.analysis.Analyzer.org$apache$spark$sql$catalyst$analysis$Analyzer$$executeSameContext(Analyzer.scala:290)\n\tat org.apache.spark.sql.catalyst.analysis.Analyzer.$anonfun$execute$1(Analyzer.scala:286)\n\tat org.apache.spark.sql.catalyst.analysis.AnalysisContext$.withNewAnalysisContext(Analyzer.scala:234)\n\tat org.apache.spark.sql.catalyst.analysis.Analyzer.execute(Analyzer.scala:286)\n\tat org.apache.spark.sql.catalyst.analysis.Analyzer.execute(Analyzer.scala:249)\n\tat org.apache.spark.sql.catalyst.rules.RuleExecutor.$anonfun$executeAndTrack$1(RuleExecutor.scala:201)\n\tat org.apache.spark.sql.catalyst.QueryPlanningTracker$.withTracker(QueryPlanningTracker.scala:89)\n\tat org.apache.spark.sql.catalyst.rules.RuleExecutor.executeAndTrack(RuleExecutor.scala:201)\n\tat org.apache.spark.sql.catalyst.analysis.resolver.HybridAnalyzer.resolveInFixedPoint(HybridAnalyzer.scala:190)\n\tat org.apache.spark.sql.catalyst.analysis.resolver.HybridAnalyzer.$anonfun$apply$1(HybridAnalyzer.scala:76)\n\tat org.apache.spark.sql.catalyst.analysis.resolver.HybridAnalyzer.withTrackedAnalyzerBridgeState(HybridAnalyzer.scala:111)\n\tat org.apache.spark.sql.catalyst.analysis.resolver.HybridAnalyzer.apply(HybridAnalyzer.scala:71)\n\tat org.apache.spark.sql.catalyst.analysis.Analyzer.$anonfun$executeAndCheck$1(Analyzer.scala:280)\n\tat org.apache.spark.sql.catalyst.plans.logical.AnalysisHelper$.markInAnalyzer(AnalysisHelper.scala:423)\n\tat org.apache.spark.sql.catalyst.analysis.Analyzer.executeAndCheck(Analyzer.scala:280)\n\tat org.apache.spark.sql.execution.QueryExecution.$anonfun$lazyAnalyzed$2(QueryExecution.scala:110)\n\tat org.apache.spark.sql.catalyst.QueryPlanningTracker.measurePhase(QueryPlanningTracker.scala:148)\n\tat org.apache.spark.sql.execution.QueryExecution.$anonfun$executePhase$2(QueryExecution.scala:278)\n\tat org.apache.spark.sql.execution.QueryExecution$.withInternalError(QueryExecution.scala:654)\n\tat org.apache.spark.sql.execution.QueryExecution.$anonfun$executePhase$1(QueryExecution.scala:278)\n\tat org.apache.spark.sql.SparkSession.withActive(SparkSession.scala:804)\n\tat org.apache.spark.sql.execution.QueryExecution.executePhase(QueryExecution.scala:277)\n\tat org.apache.spark.sql.execution.QueryExecution.$anonfun$lazyAnalyzed$1(QueryExecution.scala:110)\n\tat scala.util.Try$.apply(Try.scala:217)\n\tat org.apache.spark.util.Utils$.doTryWithCallerStacktrace(Utils.scala:1378)\n\tat org.apache.spark.util.LazyTry.tryT$lzycompute(LazyTry.scala:46)\n\tat org.apache.spark.util.LazyTry.tryT(LazyTry.scala:46)\n\tat org.apache.spark.util.LazyTry.get(LazyTry.scala:58)\n\tat org.apache.spark.sql.execution.QueryExecution.analyzed(QueryExecution.scala:121)\n\tat org.apache.spark.sql.execution.QueryExecution.assertAnalyzed(QueryExecution.scala:80)\n\tat org.apache.spark.sql.classic.Dataset$.$anonfun$ofRows$1(Dataset.scala:115)\n\tat org.apache.spark.sql.SparkSession.withActive(SparkSession.scala:804)\n\tat org.apache.spark.sql.classic.Dataset$.ofRows(Dataset.scala:113)\n\tat org.apache.spark.sql.classic.DataFrameReader.load(DataFrameReader.scala:109)\n\tat org.apache.spark.sql.classic.DataFrameReader.load(DataFrameReader.scala:58)\n\tat org.apache.spark.sql.DataFrameReader.json(DataFrameReader.scala:296)\n\tat org.apache.spark.sql.classic.DataFrameReader.json(DataFrameReader.scala:150)\n\tat java.base/jdk.internal.reflect.NativeMethodAccessorImpl.invoke0(Native Method)\n\tat java.base/jdk.internal.reflect.NativeMethodAccessorImpl.invoke(NativeMethodAccessorImpl.java:77)\n\tat java.base/jdk.internal.reflect.DelegatingMethodAccessorImpl.invoke(DelegatingMethodAccessorImpl.java:43)\n\tat java.base/java.lang.reflect.Method.invoke(Method.java:569)\n\tat py4j.reflection.MethodInvoker.invoke(MethodInvoker.java:244)\n\tat py4j.reflection.ReflectionEngine.invoke(ReflectionEngine.java:374)\n\tat py4j.Gateway.invoke(Gateway.java:282)\n\tat py4j.commands.AbstractCommand.invokeMethod(AbstractCommand.java:132)\n\tat py4j.commands.CallCommand.execute(CallCommand.java:79)\n\tat py4j.ClientServerConnection.waitForCommands(ClientServerConnection.java:184)\n\tat py4j.ClientServerConnection.run(ClientServerConnection.java:108)\n\tat java.base/java.lang.Thread.run(Thread.java:840)\nCaused by: java.lang.ClassNotFoundException: software.amazon.awssdk.awscore.exception.AwsServiceException\n\tat java.base/java.net.URLClassLoader.findClass(URLClassLoader.java:445)\n\tat java.base/java.lang.ClassLoader.loadClass(ClassLoader.java:592)\n\tat java.base/java.lang.ClassLoader.loadClass(ClassLoader.java:525)\n\t... 108 more\n","exc_notes":[],"syntax_error":null,"is_cause":false,"frames":[{"filename":"/home/airflow/.local/lib/python3.12/site-packages/airflow/sdk/execution_time/task_runner.py","lineno":825,"name":"run"},{"filename":"/home/airflow/.local/lib/python3.12/site-packages/airflow/sdk/execution_time/task_runner.py","lineno":1088,"name":"_execute_task"},{"filename":"/home/airflow/.local/lib/python3.12/site-packages/airflow/sdk/bases/operator.py","lineno":408,"name":"wrapper"},{"filename":"/home/airflow/.local/lib/python3.12/site-packages/airflow/providers/standard/operators/python.py","lineno":212,"name":"execute"},{"filename":"/home/airflow/.local/lib/python3.12/site-packages/airflow/providers/standard/operators/python.py","lineno":235,"name":"execute_callable"},{"filename":"/home/airflow/.local/lib/python3.12/site-packages/airflow/sdk/execution_time/callback_runner.py","lineno":81,"name":"run"},{"filename":"/opt/airflow/dags/main.py","lineno":22,"name":"run_etl_weather"},{"filename":"/opt/airflow/dags/etl_data_weather.py","lineno":27,"name":"extract_data_weather"},{"filename":"/home/airflow/.local/lib/python3.12/site-packages/pyspark/sql/readwriter.py","lineno":468,"name":"json"},{"filename":"/home/airflow/.local/lib/python3.12/site-packages/py4j/java_gateway.py","lineno":1362,"name":"__call__"},{"filename":"/home/airflow/.local/lib/python3.12/site-packages/pyspark/errors/exceptions/captured.py","lineno":282,"name":"deco"},{"filename":"/home/airflow/.local/lib/python3.12/site-packages/py4j/protocol.py","lineno":327,"name":"get_return_value"}]}]}
{"timestamp":"2025-07-11T16:11:25.142080Z","level":"info","event":"Task instance in failure state","chan":"stdout","logger":"task"}
{"timestamp":"2025-07-11T16:11:25.142464Z","level":"info","event":"Task start","chan":"stdout","logger":"task"}
{"timestamp":"2025-07-11T16:11:25.142868Z","level":"info","event":"Task:<Task(PythonOperator): etl_data_weather.load>","chan":"stdout","logger":"task"}
{"timestamp":"2025-07-11T16:11:25.168239Z","level":"info","event":"Failure caused by An error occurred while calling o146.json.","chan":"stdout","logger":"task"}
{"timestamp":"2025-07-11T16:11:25.168774Z","level":"info","event":": java.lang.NoClassDefFoundError: software/amazon/awssdk/awscore/exception/AwsServiceException","chan":"stdout","logger":"task"}
{"timestamp":"2025-07-11T16:11:25.169202Z","level":"info","event":"\tat java.base/java.lang.ClassLoader.defineClass1(Native Method)","chan":"stdout","logger":"task"}
{"timestamp":"2025-07-11T16:11:25.169640Z","level":"info","event":"\tat java.base/java.lang.ClassLoader.defineClass(ClassLoader.java:1017)","chan":"stdout","logger":"task"}
{"timestamp":"2025-07-11T16:11:25.169889Z","level":"info","event":"\tat java.base/java.security.SecureClassLoader.defineClass(SecureClassLoader.java:150)","chan":"stdout","logger":"task"}
{"timestamp":"2025-07-11T16:11:25.170116Z","level":"info","event":"\tat java.base/java.net.URLClassLoader.defineClass(URLClassLoader.java:524)","chan":"stdout","logger":"task"}
{"timestamp":"2025-07-11T16:11:25.170352Z","level":"info","event":"\tat java.base/java.net.URLClassLoader$1.run(URLClassLoader.java:427)","chan":"stdout","logger":"task"}
{"timestamp":"2025-07-11T16:11:25.170572Z","level":"info","event":"\tat java.base/java.net.URLClassLoader$1.run(URLClassLoader.java:421)","chan":"stdout","logger":"task"}
{"timestamp":"2025-07-11T16:11:25.170789Z","level":"info","event":"\tat java.base/java.security.AccessController.doPrivileged(AccessController.java:712)","chan":"stdout","logger":"task"}
{"timestamp":"2025-07-11T16:11:25.171053Z","level":"info","event":"\tat java.base/java.net.URLClassLoader.findClass(URLClassLoader.java:420)","chan":"stdout","logger":"task"}
{"timestamp":"2025-07-11T16:11:25.171287Z","level":"info","event":"\tat java.base/java.lang.ClassLoader.loadClass(ClassLoader.java:592)","chan":"stdout","logger":"task"}
{"timestamp":"2025-07-11T16:11:25.171576Z","level":"info","event":"\tat java.base/java.lang.ClassLoader.loadClass(ClassLoader.java:525)","chan":"stdout","logger":"task"}
{"timestamp":"2025-07-11T16:11:25.171830Z","level":"info","event":"\tat java.base/java.lang.ClassLoader.defineClass1(Native Method)","chan":"stdout","logger":"task"}
{"timestamp":"2025-07-11T16:11:25.172063Z","level":"info","event":"\tat java.base/java.lang.ClassLoader.defineClass(ClassLoader.java:1017)","chan":"stdout","logger":"task"}
{"timestamp":"2025-07-11T16:11:25.172250Z","level":"info","event":"\tat java.base/java.security.SecureClassLoader.defineClass(SecureClassLoader.java:150)","chan":"stdout","logger":"task"}
{"timestamp":"2025-07-11T16:11:25.172499Z","level":"info","event":"\tat java.base/java.net.URLClassLoader.defineClass(URLClassLoader.java:524)","chan":"stdout","logger":"task"}
{"timestamp":"2025-07-11T16:11:25.172700Z","level":"info","event":"\tat java.base/java.net.URLClassLoader$1.run(URLClassLoader.java:427)","chan":"stdout","logger":"task"}
{"timestamp":"2025-07-11T16:11:25.172974Z","level":"info","event":"\tat java.base/java.net.URLClassLoader$1.run(URLClassLoader.java:421)","chan":"stdout","logger":"task"}
{"timestamp":"2025-07-11T16:11:25.173239Z","level":"info","event":"\tat java.base/java.security.AccessController.doPrivileged(AccessController.java:712)","chan":"stdout","logger":"task"}
{"timestamp":"2025-07-11T16:11:25.173506Z","level":"info","event":"\tat java.base/java.net.URLClassLoader.findClass(URLClassLoader.java:420)","chan":"stdout","logger":"task"}
{"timestamp":"2025-07-11T16:11:25.173768Z","level":"info","event":"\tat java.base/java.lang.ClassLoader.loadClass(ClassLoader.java:592)","chan":"stdout","logger":"task"}
{"timestamp":"2025-07-11T16:11:25.173963Z","level":"info","event":"\tat java.base/java.lang.ClassLoader.loadClass(ClassLoader.java:525)","chan":"stdout","logger":"task"}
{"timestamp":"2025-07-11T16:11:25.174201Z","level":"info","event":"\tat java.base/java.lang.Class.forName0(Native Method)","chan":"stdout","logger":"task"}
{"timestamp":"2025-07-11T16:11:25.174390Z","level":"info","event":"\tat java.base/java.lang.Class.forName(Class.java:467)","chan":"stdout","logger":"task"}
{"timestamp":"2025-07-11T16:11:25.174620Z","level":"info","event":"\tat org.apache.hadoop.conf.Configuration.getClassByNameOrNull(Configuration.java:2674)","chan":"stdout","logger":"task"}
{"timestamp":"2025-07-11T16:11:25.174801Z","level":"info","event":"\tat org.apache.hadoop.conf.Configuration.getClassByName(Configuration.java:2639)","chan":"stdout","logger":"task"}
{"timestamp":"2025-07-11T16:11:25.175005Z","level":"info","event":"\tat org.apache.hadoop.conf.Configuration.getClass(Configuration.java:2735)","chan":"stdout","logger":"task"}
{"timestamp":"2025-07-11T16:11:25.175340Z","level":"info","event":"\tat org.apache.hadoop.fs.FileSystem.getFileSystemClass(FileSystem.java:3569)","chan":"stdout","logger":"task"}
{"timestamp":"2025-07-11T16:11:25.175528Z","level":"info","event":"\tat org.apache.hadoop.fs.FileSystem.createFileSystem(FileSystem.java:3612)","chan":"stdout","logger":"task"}
{"timestamp":"2025-07-11T16:11:25.175756Z","level":"info","event":"\tat org.apache.hadoop.fs.FileSystem.access$300(FileSystem.java:172)","chan":"stdout","logger":"task"}
{"timestamp":"2025-07-11T16:11:25.175990Z","level":"info","event":"\tat org.apache.hadoop.fs.FileSystem$Cache.getInternal(FileSystem.java:3716)","chan":"stdout","logger":"task"}
{"timestamp":"2025-07-11T16:11:25.176276Z","level":"info","event":"\tat org.apache.hadoop.fs.FileSystem$Cache.get(FileSystem.java:3667)","chan":"stdout","logger":"task"}
{"timestamp":"2025-07-11T16:11:25.176575Z","level":"info","event":"\tat org.apache.hadoop.fs.FileSystem.get(FileSystem.java:557)","chan":"stdout","logger":"task"}
{"timestamp":"2025-07-11T16:11:25.176813Z","level":"info","event":"\tat org.apache.hadoop.fs.Path.getFileSystem(Path.java:366)","chan":"stdout","logger":"task"}
{"timestamp":"2025-07-11T16:11:25.177095Z","level":"info","event":"\tat org.apache.spark.sql.execution.streaming.FileStreamSink$.hasMetadata(FileStreamSink.scala:55)","chan":"stdout","logger":"task"}
{"timestamp":"2025-07-11T16:11:25.177476Z","level":"info","event":"\tat org.apache.spark.sql.execution.datasources.DataSource.resolveRelation(DataSource.scala:381)","chan":"stdout","logger":"task"}
{"timestamp":"2025-07-11T16:11:25.177806Z","level":"info","event":"\tat org.apache.spark.sql.catalyst.analysis.ResolveDataSource.org$apache$spark$sql$catalyst$analysis$ResolveDataSource$$loadV1BatchSource(ResolveDataSource.scala:143)","chan":"stdout","logger":"task"}
{"timestamp":"2025-07-11T16:11:25.178107Z","level":"info","event":"\tat org.apache.spark.sql.catalyst.analysis.ResolveDataSource$$anonfun$apply$1.$anonfun$applyOrElse$2(ResolveDataSource.scala:61)","chan":"stdout","logger":"task"}
{"timestamp":"2025-07-11T16:11:25.178309Z","level":"info","event":"\tat scala.Option.getOrElse(Option.scala:201)","chan":"stdout","logger":"task"}
{"timestamp":"2025-07-11T16:11:25.178551Z","level":"info","event":"\tat org.apache.spark.sql.catalyst.analysis.ResolveDataSource$$anonfun$apply$1.applyOrElse(ResolveDataSource.scala:61)","chan":"stdout","logger":"task"}
{"timestamp":"2025-07-11T16:11:25.178780Z","level":"info","event":"\tat org.apache.spark.sql.catalyst.analysis.ResolveDataSource$$anonfun$apply$1.applyOrElse(ResolveDataSource.scala:45)","chan":"stdout","logger":"task"}
{"timestamp":"2025-07-11T16:11:25.179052Z","level":"info","event":"\tat org.apache.spark.sql.catalyst.plans.logical.AnalysisHelper.$anonfun$resolveOperatorsUpWithPruning$3(AnalysisHelper.scala:139)","chan":"stdout","logger":"task"}
{"timestamp":"2025-07-11T16:11:25.179286Z","level":"info","event":"\tat org.apache.spark.sql.catalyst.trees.CurrentOrigin$.withOrigin(origin.scala:86)","chan":"stdout","logger":"task"}
{"timestamp":"2025-07-11T16:11:25.179488Z","level":"info","event":"\tat org.apache.spark.sql.catalyst.plans.logical.AnalysisHelper.$anonfun$resolveOperatorsUpWithPruning$1(AnalysisHelper.scala:139)","chan":"stdout","logger":"task"}
{"timestamp":"2025-07-11T16:11:25.179734Z","level":"info","event":"\tat org.apache.spark.sql.catalyst.plans.logical.AnalysisHelper$.allowInvokingTransformsInAnalyzer(AnalysisHelper.scala:416)","chan":"stdout","logger":"task"}
{"timestamp":"2025-07-11T16:11:25.180016Z","level":"info","event":"\tat org.apache.spark.sql.catalyst.plans.logical.AnalysisHelper.resolveOperatorsUpWithPruning(AnalysisHelper.scala:135)","chan":"stdout","logger":"task"}
{"timestamp":"2025-07-11T16:11:25.180241Z","level":"info","event":"\tat org.apache.spark.sql.catalyst.plans.logical.AnalysisHelper.resolveOperatorsUpWithPruning$(AnalysisHelper.scala:131)","chan":"stdout","logger":"task"}
{"timestamp":"2025-07-11T16:11:25.180430Z","level":"info","event":"\tat org.apache.spark.sql.catalyst.plans.logical.LogicalPlan.resolveOperatorsUpWithPruning(LogicalPlan.scala:37)","chan":"stdout","logger":"task"}
{"timestamp":"2025-07-11T16:11:25.180779Z","level":"info","event":"\tat org.apache.spark.sql.catalyst.plans.logical.AnalysisHelper.resolveOperatorsUp(AnalysisHelper.scala:112)","chan":"stdout","logger":"task"}
{"timestamp":"2025-07-11T16:11:25.181040Z","level":"info","event":"\tat org.apache.spark.sql.catalyst.plans.logical.AnalysisHelper.resolveOperatorsUp$(AnalysisHelper.scala:111)","chan":"stdout","logger":"task"}
{"timestamp":"2025-07-11T16:11:25.181346Z","level":"info","event":"\tat org.apache.spark.sql.catalyst.plans.logical.LogicalPlan.resolveOperatorsUp(LogicalPlan.scala:37)","chan":"stdout","logger":"task"}
{"timestamp":"2025-07-11T16:11:25.181574Z","level":"info","event":"\tat org.apache.spark.sql.catalyst.analysis.ResolveDataSource.apply(ResolveDataSource.scala:45)","chan":"stdout","logger":"task"}
{"timestamp":"2025-07-11T16:11:25.181804Z","level":"info","event":"\tat org.apache.spark.sql.catalyst.analysis.ResolveDataSource.apply(ResolveDataSource.scala:43)","chan":"stdout","logger":"task"}
{"timestamp":"2025-07-11T16:11:25.181997Z","level":"info","event":"\tat org.apache.spark.sql.catalyst.rules.RuleExecutor.$anonfun$execute$2(RuleExecutor.scala:242)","chan":"stdout","logger":"task"}
{"timestamp":"2025-07-11T16:11:25.182235Z","level":"info","event":"\tat scala.collection.LinearSeqOps.foldLeft(LinearSeq.scala:183)","chan":"stdout","logger":"task"}
{"timestamp":"2025-07-11T16:11:25.182458Z","level":"info","event":"\tat scala.collection.LinearSeqOps.foldLeft$(LinearSeq.scala:179)","chan":"stdout","logger":"task"}
{"timestamp":"2025-07-11T16:11:25.182720Z","level":"info","event":"\tat scala.collection.immutable.List.foldLeft(List.scala:79)","chan":"stdout","logger":"task"}
{"timestamp":"2025-07-11T16:11:25.183032Z","level":"info","event":"\tat org.apache.spark.sql.catalyst.rules.RuleExecutor.$anonfun$execute$1(RuleExecutor.scala:239)","chan":"stdout","logger":"task"}
{"timestamp":"2025-07-11T16:11:25.183264Z","level":"info","event":"\tat org.apache.spark.sql.catalyst.rules.RuleExecutor.$anonfun$execute$1$adapted(RuleExecutor.scala:231)","chan":"stdout","logger":"task"}
{"timestamp":"2025-07-11T16:11:25.183561Z","level":"info","event":"\tat scala.collection.immutable.List.foreach(List.scala:334)","chan":"stdout","logger":"task"}
{"timestamp":"2025-07-11T16:11:25.183803Z","level":"info","event":"\tat org.apache.spark.sql.catalyst.rules.RuleExecutor.execute(RuleExecutor.scala:231)","chan":"stdout","logger":"task"}
{"timestamp":"2025-07-11T16:11:25.184049Z","level":"info","event":"\tat org.apache.spark.sql.catalyst.analysis.Analyzer.org$apache$spark$sql$catalyst$analysis$Analyzer$$executeSameContext(Analyzer.scala:290)","chan":"stdout","logger":"task"}
{"timestamp":"2025-07-11T16:11:25.184285Z","level":"info","event":"\tat org.apache.spark.sql.catalyst.analysis.Analyzer.$anonfun$execute$1(Analyzer.scala:286)","chan":"stdout","logger":"task"}
{"timestamp":"2025-07-11T16:11:25.184572Z","level":"info","event":"\tat org.apache.spark.sql.catalyst.analysis.AnalysisContext$.withNewAnalysisContext(Analyzer.scala:234)","chan":"stdout","logger":"task"}
{"timestamp":"2025-07-11T16:11:25.184847Z","level":"info","event":"\tat org.apache.spark.sql.catalyst.analysis.Analyzer.execute(Analyzer.scala:286)","chan":"stdout","logger":"task"}
{"timestamp":"2025-07-11T16:11:25.185286Z","level":"info","event":"\tat org.apache.spark.sql.catalyst.analysis.Analyzer.execute(Analyzer.scala:249)","chan":"stdout","logger":"task"}
{"timestamp":"2025-07-11T16:11:25.185489Z","level":"info","event":"\tat org.apache.spark.sql.catalyst.rules.RuleExecutor.$anonfun$executeAndTrack$1(RuleExecutor.scala:201)","chan":"stdout","logger":"task"}
{"timestamp":"2025-07-11T16:11:25.185730Z","level":"info","event":"\tat org.apache.spark.sql.catalyst.QueryPlanningTracker$.withTracker(QueryPlanningTracker.scala:89)","chan":"stdout","logger":"task"}
{"timestamp":"2025-07-11T16:11:25.185964Z","level":"info","event":"\tat org.apache.spark.sql.catalyst.rules.RuleExecutor.executeAndTrack(RuleExecutor.scala:201)","chan":"stdout","logger":"task"}
{"timestamp":"2025-07-11T16:11:25.186222Z","level":"info","event":"\tat org.apache.spark.sql.catalyst.analysis.resolver.HybridAnalyzer.resolveInFixedPoint(HybridAnalyzer.scala:190)","chan":"stdout","logger":"task"}
{"timestamp":"2025-07-11T16:11:25.186480Z","level":"info","event":"\tat org.apache.spark.sql.catalyst.analysis.resolver.HybridAnalyzer.$anonfun$apply$1(HybridAnalyzer.scala:76)","chan":"stdout","logger":"task"}
{"timestamp":"2025-07-11T16:11:25.186746Z","level":"info","event":"\tat org.apache.spark.sql.catalyst.analysis.resolver.HybridAnalyzer.withTrackedAnalyzerBridgeState(HybridAnalyzer.scala:111)","chan":"stdout","logger":"task"}
{"timestamp":"2025-07-11T16:11:25.186953Z","level":"info","event":"\tat org.apache.spark.sql.catalyst.analysis.resolver.HybridAnalyzer.apply(HybridAnalyzer.scala:71)","chan":"stdout","logger":"task"}
{"timestamp":"2025-07-11T16:11:25.187265Z","level":"info","event":"\tat org.apache.spark.sql.catalyst.analysis.Analyzer.$anonfun$executeAndCheck$1(Analyzer.scala:280)","chan":"stdout","logger":"task"}
{"timestamp":"2025-07-11T16:11:25.187577Z","level":"info","event":"\tat org.apache.spark.sql.catalyst.plans.logical.AnalysisHelper$.markInAnalyzer(AnalysisHelper.scala:423)","chan":"stdout","logger":"task"}
{"timestamp":"2025-07-11T16:11:25.187897Z","level":"info","event":"\tat org.apache.spark.sql.catalyst.analysis.Analyzer.executeAndCheck(Analyzer.scala:280)","chan":"stdout","logger":"task"}
{"timestamp":"2025-07-11T16:11:25.188165Z","level":"info","event":"\tat org.apache.spark.sql.execution.QueryExecution.$anonfun$lazyAnalyzed$2(QueryExecution.scala:110)","chan":"stdout","logger":"task"}
{"timestamp":"2025-07-11T16:11:25.188645Z","level":"info","event":"\tat org.apache.spark.sql.catalyst.QueryPlanningTracker.measurePhase(QueryPlanningTracker.scala:148)","chan":"stdout","logger":"task"}
{"timestamp":"2025-07-11T16:11:25.188877Z","level":"info","event":"\tat org.apache.spark.sql.execution.QueryExecution.$anonfun$executePhase$2(QueryExecution.scala:278)","chan":"stdout","logger":"task"}
{"timestamp":"2025-07-11T16:11:25.189119Z","level":"info","event":"\tat org.apache.spark.sql.execution.QueryExecution$.withInternalError(QueryExecution.scala:654)","chan":"stdout","logger":"task"}
{"timestamp":"2025-07-11T16:11:25.189358Z","level":"info","event":"\tat org.apache.spark.sql.execution.QueryExecution.$anonfun$executePhase$1(QueryExecution.scala:278)","chan":"stdout","logger":"task"}
{"timestamp":"2025-07-11T16:11:25.189607Z","level":"info","event":"\tat org.apache.spark.sql.SparkSession.withActive(SparkSession.scala:804)","chan":"stdout","logger":"task"}
{"timestamp":"2025-07-11T16:11:25.189853Z","level":"info","event":"\tat org.apache.spark.sql.execution.QueryExecution.executePhase(QueryExecution.scala:277)","chan":"stdout","logger":"task"}
{"timestamp":"2025-07-11T16:11:25.190175Z","level":"info","event":"\tat org.apache.spark.sql.execution.QueryExecution.$anonfun$lazyAnalyzed$1(QueryExecution.scala:110)","chan":"stdout","logger":"task"}
{"timestamp":"2025-07-11T16:11:25.190579Z","level":"info","event":"\tat scala.util.Try$.apply(Try.scala:217)","chan":"stdout","logger":"task"}
{"timestamp":"2025-07-11T16:11:25.190803Z","level":"info","event":"\tat org.apache.spark.util.Utils$.doTryWithCallerStacktrace(Utils.scala:1378)","chan":"stdout","logger":"task"}
{"timestamp":"2025-07-11T16:11:25.191051Z","level":"info","event":"\tat org.apache.spark.util.LazyTry.tryT$lzycompute(LazyTry.scala:46)","chan":"stdout","logger":"task"}
{"timestamp":"2025-07-11T16:11:25.191335Z","level":"info","event":"\tat org.apache.spark.util.LazyTry.tryT(LazyTry.scala:46)","chan":"stdout","logger":"task"}
{"timestamp":"2025-07-11T16:11:25.191606Z","level":"info","event":"\tat org.apache.spark.util.LazyTry.get(LazyTry.scala:58)","chan":"stdout","logger":"task"}
{"timestamp":"2025-07-11T16:11:25.191902Z","level":"info","event":"\tat org.apache.spark.sql.execution.QueryExecution.analyzed(QueryExecution.scala:121)","chan":"stdout","logger":"task"}
{"timestamp":"2025-07-11T16:11:25.192240Z","level":"info","event":"\tat org.apache.spark.sql.execution.QueryExecution.assertAnalyzed(QueryExecution.scala:80)","chan":"stdout","logger":"task"}
{"timestamp":"2025-07-11T16:11:25.192514Z","level":"info","event":"\tat org.apache.spark.sql.classic.Dataset$.$anonfun$ofRows$1(Dataset.scala:115)","chan":"stdout","logger":"task"}
{"timestamp":"2025-07-11T16:11:25.192816Z","level":"info","event":"\tat org.apache.spark.sql.SparkSession.withActive(SparkSession.scala:804)","chan":"stdout","logger":"task"}
{"timestamp":"2025-07-11T16:11:25.193235Z","level":"info","event":"\tat org.apache.spark.sql.classic.Dataset$.ofRows(Dataset.scala:113)","chan":"stdout","logger":"task"}
{"timestamp":"2025-07-11T16:11:25.193579Z","level":"info","event":"\tat org.apache.spark.sql.classic.DataFrameReader.load(DataFrameReader.scala:109)","chan":"stdout","logger":"task"}
{"timestamp":"2025-07-11T16:11:25.193841Z","level":"info","event":"\tat org.apache.spark.sql.classic.DataFrameReader.load(DataFrameReader.scala:58)","chan":"stdout","logger":"task"}
{"timestamp":"2025-07-11T16:11:25.194191Z","level":"info","event":"\tat org.apache.spark.sql.DataFrameReader.json(DataFrameReader.scala:296)","chan":"stdout","logger":"task"}
{"timestamp":"2025-07-11T16:11:25.194434Z","level":"info","event":"\tat org.apache.spark.sql.classic.DataFrameReader.json(DataFrameReader.scala:150)","chan":"stdout","logger":"task"}
{"timestamp":"2025-07-11T16:11:25.194693Z","level":"info","event":"\tat java.base/jdk.internal.reflect.NativeMethodAccessorImpl.invoke0(Native Method)","chan":"stdout","logger":"task"}
{"timestamp":"2025-07-11T16:11:25.194951Z","level":"info","event":"\tat java.base/jdk.internal.reflect.NativeMethodAccessorImpl.invoke(NativeMethodAccessorImpl.java:77)","chan":"stdout","logger":"task"}
{"timestamp":"2025-07-11T16:11:25.195224Z","level":"info","event":"\tat java.base/jdk.internal.reflect.DelegatingMethodAccessorImpl.invoke(DelegatingMethodAccessorImpl.java:43)","chan":"stdout","logger":"task"}
{"timestamp":"2025-07-11T16:11:25.195478Z","level":"info","event":"\tat java.base/java.lang.reflect.Method.invoke(Method.java:569)","chan":"stdout","logger":"task"}
{"timestamp":"2025-07-11T16:11:25.195724Z","level":"info","event":"\tat py4j.reflection.MethodInvoker.invoke(MethodInvoker.java:244)","chan":"stdout","logger":"task"}
{"timestamp":"2025-07-11T16:11:25.195958Z","level":"info","event":"\tat py4j.reflection.ReflectionEngine.invoke(ReflectionEngine.java:374)","chan":"stdout","logger":"task"}
{"timestamp":"2025-07-11T16:11:25.196211Z","level":"info","event":"\tat py4j.Gateway.invoke(Gateway.java:282)","chan":"stdout","logger":"task"}
{"timestamp":"2025-07-11T16:11:25.196466Z","level":"info","event":"\tat py4j.commands.AbstractCommand.invokeMethod(AbstractCommand.java:132)","chan":"stdout","logger":"task"}
{"timestamp":"2025-07-11T16:11:25.196699Z","level":"info","event":"\tat py4j.commands.CallCommand.execute(CallCommand.java:79)","chan":"stdout","logger":"task"}
{"timestamp":"2025-07-11T16:11:25.196978Z","level":"info","event":"\tat py4j.ClientServerConnection.waitForCommands(ClientServerConnection.java:184)","chan":"stdout","logger":"task"}
{"timestamp":"2025-07-11T16:11:25.197201Z","level":"info","event":"\tat py4j.ClientServerConnection.run(ClientServerConnection.java:108)","chan":"stdout","logger":"task"}
{"timestamp":"2025-07-11T16:11:25.197427Z","level":"info","event":"\tat java.base/java.lang.Thread.run(Thread.java:840)","chan":"stdout","logger":"task"}
{"timestamp":"2025-07-11T16:11:25.197662Z","level":"info","event":"Caused by: java.lang.ClassNotFoundException: software.amazon.awssdk.awscore.exception.AwsServiceException","chan":"stdout","logger":"task"}
{"timestamp":"2025-07-11T16:11:25.197936Z","level":"info","event":"\tat java.base/java.net.URLClassLoader.findClass(URLClassLoader.java:445)","chan":"stdout","logger":"task"}
{"timestamp":"2025-07-11T16:11:25.198230Z","level":"info","event":"\tat java.base/java.lang.ClassLoader.loadClass(ClassLoader.java:592)","chan":"stdout","logger":"task"}
{"timestamp":"2025-07-11T16:11:25.198506Z","level":"info","event":"\tat java.base/java.lang.ClassLoader.loadClass(ClassLoader.java:525)","chan":"stdout","logger":"task"}
{"timestamp":"2025-07-11T16:11:25.198772Z","level":"info","event":"\t... 108 more","chan":"stdout","logger":"task"}
{"timestamp":"2025-07-11T16:11:25.199053Z","level":"info","event":"","chan":"stdout","logger":"task"}
