{"timestamp":"2025-07-11T15:38:42.285707","level":"info","event":"DAG bundles loaded: dags-folder, example_dags","logger":"airflow.dag_processing.bundles.manager.DagBundlesManager"}
{"timestamp":"2025-07-11T15:38:42.287322","level":"info","event":"Filling up the DagBag from /opt/airflow/dags/main.py","logger":"airflow.models.dagbag.DagBag"}
{"timestamp":"2025-07-11T15:38:42.921198Z","level":"error","event":"WARNING: Using incubator modules: jdk.incubator.vector","chan":"stderr","logger":"task"}
{"timestamp":"2025-07-11T15:38:44.724644Z","level":"error","event":"25/07/11 15:38:44 WARN NativeCodeLoader: Unable to load native-hadoop library for your platform... using builtin-java classes where applicable","chan":"stderr","logger":"task"}
{"timestamp":"2025-07-11T15:38:45.102142Z","level":"error","event":"Using Spark's default log4j profile: org/apache/spark/log4j2-defaults.properties","chan":"stderr","logger":"task"}
{"timestamp":"2025-07-11T15:38:45.103080Z","level":"error","event":"Setting default log level to \"WARN\".","chan":"stderr","logger":"task"}
{"timestamp":"2025-07-11T15:38:45.103505Z","level":"error","event":"To adjust logging level use sc.setLogLevel(newLevel). For SparkR, use setLogLevel(newLevel).","chan":"stderr","logger":"task"}
{"timestamp":"2025-07-11T15:38:53.463890Z","level":"info","event":"Task instance is in running state","chan":"stdout","logger":"task"}
{"timestamp":"2025-07-11T15:38:53.464393Z","level":"info","event":" Previous state of the Task instance: queued","chan":"stdout","logger":"task"}
{"timestamp":"2025-07-11T15:38:53.464620Z","level":"info","event":"Current task name:etl_data_weather.load","chan":"stdout","logger":"task"}
{"timestamp":"2025-07-11T15:38:53.464985Z","level":"info","event":"Dag name:etl_pipeline","chan":"stdout","logger":"task"}
{"timestamp":"2025-07-11T15:38:53.465289Z","level":"info","event":"extract data from file","chan":"stdout","logger":"task"}
{"timestamp":"2025-07-11T15:38:53.465651Z","level":"info","event":"spark.app.initial.jar.urls = spark://934bf5321242:34839/jars/ojdbc11.jar,spark://934bf5321242:34839/jars/aws-java-sdk-bundle-1.12.698.jar,spark://934bf5321242:34839/jars/hadoop-aws-3.4.1.jar","chan":"stdout","logger":"task"}
{"timestamp":"2025-07-11T15:38:53.465942Z","level":"info","event":"spark.hadoop.fs.s3a.vectored.read.min.seek.size = 128K","chan":"stdout","logger":"task"}
{"timestamp":"2025-07-11T15:38:53.466169Z","level":"info","event":"spark.executor.extraJavaOptions = -Djava.net.preferIPv6Addresses=false -XX:+IgnoreUnrecognizedVMOptions --add-modules=jdk.incubator.vector --add-opens=java.base/java.lang=ALL-UNNAMED --add-opens=java.base/java.lang.invoke=ALL-UNNAMED --add-opens=java.base/java.lang.reflect=ALL-UNNAMED --add-opens=java.base/java.io=ALL-UNNAMED --add-opens=java.base/java.net=ALL-UNNAMED --add-opens=java.base/java.nio=ALL-UNNAMED --add-opens=java.base/java.util=ALL-UNNAMED --add-opens=java.base/java.util.concurrent=ALL-UNNAMED --add-opens=java.base/java.util.concurrent.atomic=ALL-UNNAMED --add-opens=java.base/jdk.internal.ref=ALL-UNNAMED --add-opens=java.base/sun.nio.ch=ALL-UNNAMED --add-opens=java.base/sun.nio.cs=ALL-UNNAMED --add-opens=java.base/sun.security.action=ALL-UNNAMED --add-opens=java.base/sun.util.calendar=ALL-UNNAMED --add-opens=java.security.jgss/sun.security.krb5=ALL-UNNAMED -Djdk.reflect.useDirectMethodHandle=false -Dio.netty.tryReflectionSetAccessible=true","chan":"stdout","logger":"task"}
{"timestamp":"2025-07-11T15:38:53.466427Z","level":"info","event":"spark.sql.artifact.isolation.enabled = false","chan":"stdout","logger":"task"}
{"timestamp":"2025-07-11T15:38:53.466610Z","level":"info","event":"spark.master = local[*]","chan":"stdout","logger":"task"}
{"timestamp":"2025-07-11T15:38:53.466838Z","level":"info","event":"spark.app.id = local-1752248326341","chan":"stdout","logger":"task"}
{"timestamp":"2025-07-11T15:38:53.467031Z","level":"info","event":"spark.driver.port = 34839","chan":"stdout","logger":"task"}
{"timestamp":"2025-07-11T15:38:53.467250Z","level":"info","event":"spark.executor.id = driver","chan":"stdout","logger":"task"}
{"timestamp":"2025-07-11T15:38:53.467541Z","level":"info","event":"spark.jars = /opt/spark/jars/hadoop-aws-3.4.1.jar,/opt/spark/jars/aws-java-sdk-bundle-1.12.698.jar,/opt/spark/jars/ojdbc11.jar","chan":"stdout","logger":"task"}
{"timestamp":"2025-07-11T15:38:53.467843Z","level":"info","event":"spark.driver.extraClassPath = /opt/spark/jars/ojdbc11.jar","chan":"stdout","logger":"task"}
{"timestamp":"2025-07-11T15:38:53.468162Z","level":"info","event":"spark.driver.host = 934bf5321242","chan":"stdout","logger":"task"}
{"timestamp":"2025-07-11T15:38:53.468480Z","level":"info","event":"spark.app.name = BAITEST","chan":"stdout","logger":"task"}
{"timestamp":"2025-07-11T15:38:53.468725Z","level":"info","event":"spark.submit.deployMode = client","chan":"stdout","logger":"task"}
{"timestamp":"2025-07-11T15:38:53.469028Z","level":"info","event":"spark.hadoop.fs.s3a.connection.ssl.enabled = false","chan":"stdout","logger":"task"}
{"timestamp":"2025-07-11T15:38:53.469251Z","level":"info","event":"spark.serializer.objectStreamReset = 100","chan":"stdout","logger":"task"}
{"timestamp":"2025-07-11T15:38:53.469423Z","level":"info","event":"spark.repl.local.jars = file:///opt/spark/jars/hadoop-aws-3.4.1.jar,file:///opt/spark/jars/aws-java-sdk-bundle-1.12.698.jar,file:///opt/spark/jars/ojdbc11.jar","chan":"stdout","logger":"task"}
{"timestamp":"2025-07-11T15:38:53.469664Z","level":"info","event":"spark.ui.showConsoleProgress = true","chan":"stdout","logger":"task"}
{"timestamp":"2025-07-11T15:38:53.469932Z","level":"info","event":"spark.hadoop.fs.s3a.path.style.access = true","chan":"stdout","logger":"task"}
{"timestamp":"2025-07-11T15:38:53.470294Z","level":"info","event":"spark.rdd.compress = True","chan":"stdout","logger":"task"}
{"timestamp":"2025-07-11T15:38:53.470625Z","level":"info","event":"spark.app.submitTime = 1752248324923","chan":"stdout","logger":"task"}
{"timestamp":"2025-07-11T15:38:53.470973Z","level":"info","event":"spark.app.startTime = 1752248325469","chan":"stdout","logger":"task"}
{"timestamp":"2025-07-11T15:38:53.471355Z","level":"info","event":"spark.executor.extraClassPath = /opt/spark/jars/ojdbc11.jar","chan":"stdout","logger":"task"}
{"timestamp":"2025-07-11T15:38:53.471674Z","level":"info","event":"spark.hadoop.fs.s3a.endpoint = http://127.0.0.1:9000/","chan":"stdout","logger":"task"}
{"timestamp":"2025-07-11T15:38:53.471987Z","level":"info","event":"spark.hadoop.fs.s3a.access.key = admin","chan":"stdout","logger":"task"}
{"timestamp":"2025-07-11T15:38:53.472231Z","level":"info","event":"spark.hadoop.fs.s3a.aws.credentials.provider = org.apache.hadoop.fs.s3a.SimpleAWSCredentialsProvider","chan":"stdout","logger":"task"}
{"timestamp":"2025-07-11T15:38:53.472464Z","level":"info","event":"spark.submit.pyFiles =","chan":"stdout","logger":"task"}
{"timestamp":"2025-07-11T15:38:53.472716Z","level":"info","event":"spark.driver.extraJavaOptions = -Djava.net.preferIPv6Addresses=false -XX:+IgnoreUnrecognizedVMOptions --add-modules=jdk.incubator.vector --add-opens=java.base/java.lang=ALL-UNNAMED --add-opens=java.base/java.lang.invoke=ALL-UNNAMED --add-opens=java.base/java.lang.reflect=ALL-UNNAMED --add-opens=java.base/java.io=ALL-UNNAMED --add-opens=java.base/java.net=ALL-UNNAMED --add-opens=java.base/java.nio=ALL-UNNAMED --add-opens=java.base/java.util=ALL-UNNAMED --add-opens=java.base/java.util.concurrent=ALL-UNNAMED --add-opens=java.base/java.util.concurrent.atomic=ALL-UNNAMED --add-opens=java.base/jdk.internal.ref=ALL-UNNAMED --add-opens=java.base/sun.nio.ch=ALL-UNNAMED --add-opens=java.base/sun.nio.cs=ALL-UNNAMED --add-opens=java.base/sun.security.action=ALL-UNNAMED --add-opens=java.base/sun.util.calendar=ALL-UNNAMED --add-opens=java.security.jgss/sun.security.krb5=ALL-UNNAMED -Djdk.reflect.useDirectMethodHandle=false -Dio.netty.tryReflectionSetAccessible=true","chan":"stdout","logger":"task"}
{"timestamp":"2025-07-11T15:38:53.472955Z","level":"info","event":"spark.hadoop.fs.s3a.vectored.read.max.merged.size = 2M","chan":"stdout","logger":"task"}
{"timestamp":"2025-07-11T15:38:53.473181Z","level":"info","event":"spark.hadoop.fs.s3a.impl = org.apache.hadoop.fs.s3a.S3AFileSystem","chan":"stdout","logger":"task"}
{"timestamp":"2025-07-11T15:38:53.473432Z","level":"info","event":"spark.hadoop.fs.s3a.secret.key = admin12345","chan":"stdout","logger":"task"}
{"timestamp":"2025-07-11T15:38:53.473696Z","level":"info","event":"Task instance in failure state","chan":"stdout","logger":"task"}
{"timestamp":"2025-07-11T15:38:53.473923Z","level":"info","event":"Task start","chan":"stdout","logger":"task"}
{"timestamp":"2025-07-11T15:38:53.474106Z","level":"info","event":"Task:<Task(PythonOperator): etl_data_weather.load>","chan":"stdout","logger":"task"}
{"timestamp":"2025-07-11T15:38:53.474304Z","level":"info","event":"Failure caused by An error occurred while calling o146.json.","chan":"stdout","logger":"task"}
{"timestamp":"2025-07-11T15:38:53.474534Z","level":"info","event":": java.lang.NoClassDefFoundError: software/amazon/awssdk/auth/credentials/AwsCredentialsProvider","chan":"stdout","logger":"task"}
{"timestamp":"2025-07-11T15:38:53.474792Z","level":"info","event":"\tat java.base/java.lang.Class.forName0(Native Method)","chan":"stdout","logger":"task"}
{"timestamp":"2025-07-11T15:38:53.475054Z","level":"info","event":"\tat java.base/java.lang.Class.forName(Class.java:467)","chan":"stdout","logger":"task"}
{"timestamp":"2025-07-11T15:38:53.475609Z","level":"info","event":"\tat org.apache.hadoop.conf.Configuration.getClassByNameOrNull(Configuration.java:2674)","chan":"stdout","logger":"task"}
{"timestamp":"2025-07-11T15:38:53.475858Z","level":"info","event":"\tat org.apache.hadoop.conf.Configuration.getClassByName(Configuration.java:2639)","chan":"stdout","logger":"task"}
{"timestamp":"2025-07-11T15:38:53.476088Z","level":"info","event":"\tat org.apache.hadoop.conf.Configuration.getClass(Configuration.java:2735)","chan":"stdout","logger":"task"}
{"timestamp":"2025-07-11T15:38:53.476339Z","level":"info","event":"\tat org.apache.hadoop.fs.FileSystem.getFileSystemClass(FileSystem.java:3569)","chan":"stdout","logger":"task"}
{"timestamp":"2025-07-11T15:38:53.476585Z","level":"info","event":"\tat org.apache.hadoop.fs.FileSystem.createFileSystem(FileSystem.java:3612)","chan":"stdout","logger":"task"}
{"timestamp":"2025-07-11T15:38:53.476799Z","level":"info","event":"\tat org.apache.hadoop.fs.FileSystem.access$300(FileSystem.java:172)","chan":"stdout","logger":"task"}
{"timestamp":"2025-07-11T15:38:53.477523Z","level":"info","event":"\tat org.apache.hadoop.fs.FileSystem$Cache.getInternal(FileSystem.java:3716)","chan":"stdout","logger":"task"}
{"timestamp":"2025-07-11T15:38:53.477895Z","level":"info","event":"\tat org.apache.hadoop.fs.FileSystem$Cache.get(FileSystem.java:3667)","chan":"stdout","logger":"task"}
{"timestamp":"2025-07-11T15:38:53.478152Z","level":"info","event":"\tat org.apache.hadoop.fs.FileSystem.get(FileSystem.java:557)","chan":"stdout","logger":"task"}
{"timestamp":"2025-07-11T15:38:53.478351Z","level":"info","event":"\tat org.apache.hadoop.fs.Path.getFileSystem(Path.java:366)","chan":"stdout","logger":"task"}
{"timestamp":"2025-07-11T15:38:53.478560Z","level":"info","event":"\tat org.apache.spark.sql.execution.streaming.FileStreamSink$.hasMetadata(FileStreamSink.scala:55)","chan":"stdout","logger":"task"}
{"timestamp":"2025-07-11T15:38:53.478859Z","level":"info","event":"\tat org.apache.spark.sql.execution.datasources.DataSource.resolveRelation(DataSource.scala:381)","chan":"stdout","logger":"task"}
{"timestamp":"2025-07-11T15:38:53.479067Z","level":"info","event":"\tat org.apache.spark.sql.catalyst.analysis.ResolveDataSource.org$apache$spark$sql$catalyst$analysis$ResolveDataSource$$loadV1BatchSource(ResolveDataSource.scala:143)","chan":"stdout","logger":"task"}
{"timestamp":"2025-07-11T15:38:53.479274Z","level":"info","event":"\tat org.apache.spark.sql.catalyst.analysis.ResolveDataSource$$anonfun$apply$1.$anonfun$applyOrElse$2(ResolveDataSource.scala:61)","chan":"stdout","logger":"task"}
{"timestamp":"2025-07-11T15:38:53.479456Z","level":"info","event":"\tat scala.Option.getOrElse(Option.scala:201)","chan":"stdout","logger":"task"}
{"timestamp":"2025-07-11T15:38:53.479668Z","level":"info","event":"\tat org.apache.spark.sql.catalyst.analysis.ResolveDataSource$$anonfun$apply$1.applyOrElse(ResolveDataSource.scala:61)","chan":"stdout","logger":"task"}
{"timestamp":"2025-07-11T15:38:53.479884Z","level":"info","event":"\tat org.apache.spark.sql.catalyst.analysis.ResolveDataSource$$anonfun$apply$1.applyOrElse(ResolveDataSource.scala:45)","chan":"stdout","logger":"task"}
{"timestamp":"2025-07-11T15:38:53.480086Z","level":"info","event":"\tat org.apache.spark.sql.catalyst.plans.logical.AnalysisHelper.$anonfun$resolveOperatorsUpWithPruning$3(AnalysisHelper.scala:139)","chan":"stdout","logger":"task"}
{"timestamp":"2025-07-11T15:38:53.480261Z","level":"info","event":"\tat org.apache.spark.sql.catalyst.trees.CurrentOrigin$.withOrigin(origin.scala:86)","chan":"stdout","logger":"task"}
{"timestamp":"2025-07-11T15:38:53.480517Z","level":"info","event":"\tat org.apache.spark.sql.catalyst.plans.logical.AnalysisHelper.$anonfun$resolveOperatorsUpWithPruning$1(AnalysisHelper.scala:139)","chan":"stdout","logger":"task"}
{"timestamp":"2025-07-11T15:38:53.480905Z","level":"info","event":"\tat org.apache.spark.sql.catalyst.plans.logical.AnalysisHelper$.allowInvokingTransformsInAnalyzer(AnalysisHelper.scala:416)","chan":"stdout","logger":"task"}
{"timestamp":"2025-07-11T15:38:53.481184Z","level":"info","event":"\tat org.apache.spark.sql.catalyst.plans.logical.AnalysisHelper.resolveOperatorsUpWithPruning(AnalysisHelper.scala:135)","chan":"stdout","logger":"task"}
{"timestamp":"2025-07-11T15:38:53.481445Z","level":"info","event":"\tat org.apache.spark.sql.catalyst.plans.logical.AnalysisHelper.resolveOperatorsUpWithPruning$(AnalysisHelper.scala:131)","chan":"stdout","logger":"task"}
{"timestamp":"2025-07-11T15:38:53.481707Z","level":"info","event":"\tat org.apache.spark.sql.catalyst.plans.logical.LogicalPlan.resolveOperatorsUpWithPruning(LogicalPlan.scala:37)","chan":"stdout","logger":"task"}
{"timestamp":"2025-07-11T15:38:53.481952Z","level":"info","event":"\tat org.apache.spark.sql.catalyst.plans.logical.AnalysisHelper.resolveOperatorsUp(AnalysisHelper.scala:112)","chan":"stdout","logger":"task"}
{"timestamp":"2025-07-11T15:38:53.482193Z","level":"info","event":"\tat org.apache.spark.sql.catalyst.plans.logical.AnalysisHelper.resolveOperatorsUp$(AnalysisHelper.scala:111)","chan":"stdout","logger":"task"}
{"timestamp":"2025-07-11T15:38:53.482434Z","level":"info","event":"\tat org.apache.spark.sql.catalyst.plans.logical.LogicalPlan.resolveOperatorsUp(LogicalPlan.scala:37)","chan":"stdout","logger":"task"}
{"timestamp":"2025-07-11T15:38:53.482664Z","level":"info","event":"\tat org.apache.spark.sql.catalyst.analysis.ResolveDataSource.apply(ResolveDataSource.scala:45)","chan":"stdout","logger":"task"}
{"timestamp":"2025-07-11T15:38:53.482897Z","level":"info","event":"\tat org.apache.spark.sql.catalyst.analysis.ResolveDataSource.apply(ResolveDataSource.scala:43)","chan":"stdout","logger":"task"}
{"timestamp":"2025-07-11T15:38:53.483074Z","level":"info","event":"\tat org.apache.spark.sql.catalyst.rules.RuleExecutor.$anonfun$execute$2(RuleExecutor.scala:242)","chan":"stdout","logger":"task"}
{"timestamp":"2025-07-11T15:38:53.483325Z","level":"info","event":"\tat scala.collection.LinearSeqOps.foldLeft(LinearSeq.scala:183)","chan":"stdout","logger":"task"}
{"timestamp":"2025-07-11T15:38:53.483524Z","level":"info","event":"\tat scala.collection.LinearSeqOps.foldLeft$(LinearSeq.scala:179)","chan":"stdout","logger":"task"}
{"timestamp":"2025-07-11T15:38:53.483757Z","level":"info","event":"\tat scala.collection.immutable.List.foldLeft(List.scala:79)","chan":"stdout","logger":"task"}
{"timestamp":"2025-07-11T15:38:53.484001Z","level":"info","event":"\tat org.apache.spark.sql.catalyst.rules.RuleExecutor.$anonfun$execute$1(RuleExecutor.scala:239)","chan":"stdout","logger":"task"}
{"timestamp":"2025-07-11T15:38:53.484229Z","level":"info","event":"\tat org.apache.spark.sql.catalyst.rules.RuleExecutor.$anonfun$execute$1$adapted(RuleExecutor.scala:231)","chan":"stdout","logger":"task"}
{"timestamp":"2025-07-11T15:38:53.484530Z","level":"info","event":"\tat scala.collection.immutable.List.foreach(List.scala:334)","chan":"stdout","logger":"task"}
{"timestamp":"2025-07-11T15:38:53.484779Z","level":"info","event":"\tat org.apache.spark.sql.catalyst.rules.RuleExecutor.execute(RuleExecutor.scala:231)","chan":"stdout","logger":"task"}
{"timestamp":"2025-07-11T15:38:53.485093Z","level":"info","event":"\tat org.apache.spark.sql.catalyst.analysis.Analyzer.org$apache$spark$sql$catalyst$analysis$Analyzer$$executeSameContext(Analyzer.scala:290)","chan":"stdout","logger":"task"}
{"timestamp":"2025-07-11T15:38:53.485338Z","level":"info","event":"\tat org.apache.spark.sql.catalyst.analysis.Analyzer.$anonfun$execute$1(Analyzer.scala:286)","chan":"stdout","logger":"task"}
{"timestamp":"2025-07-11T15:38:53.485555Z","level":"info","event":"\tat org.apache.spark.sql.catalyst.analysis.AnalysisContext$.withNewAnalysisContext(Analyzer.scala:234)","chan":"stdout","logger":"task"}
{"timestamp":"2025-07-11T15:38:53.485829Z","level":"info","event":"\tat org.apache.spark.sql.catalyst.analysis.Analyzer.execute(Analyzer.scala:286)","chan":"stdout","logger":"task"}
{"timestamp":"2025-07-11T15:38:53.486103Z","level":"info","event":"\tat org.apache.spark.sql.catalyst.analysis.Analyzer.execute(Analyzer.scala:249)","chan":"stdout","logger":"task"}
{"timestamp":"2025-07-11T15:38:53.486399Z","level":"info","event":"\tat org.apache.spark.sql.catalyst.rules.RuleExecutor.$anonfun$executeAndTrack$1(RuleExecutor.scala:201)","chan":"stdout","logger":"task"}
{"timestamp":"2025-07-11T15:38:53.486644Z","level":"info","event":"\tat org.apache.spark.sql.catalyst.QueryPlanningTracker$.withTracker(QueryPlanningTracker.scala:89)","chan":"stdout","logger":"task"}
{"timestamp":"2025-07-11T15:38:53.486985Z","level":"info","event":"\tat org.apache.spark.sql.catalyst.rules.RuleExecutor.executeAndTrack(RuleExecutor.scala:201)","chan":"stdout","logger":"task"}
{"timestamp":"2025-07-11T15:38:53.487293Z","level":"info","event":"\tat org.apache.spark.sql.catalyst.analysis.resolver.HybridAnalyzer.resolveInFixedPoint(HybridAnalyzer.scala:190)","chan":"stdout","logger":"task"}
{"timestamp":"2025-07-11T15:38:53.487698Z","level":"info","event":"\tat org.apache.spark.sql.catalyst.analysis.resolver.HybridAnalyzer.$anonfun$apply$1(HybridAnalyzer.scala:76)","chan":"stdout","logger":"task"}
{"timestamp":"2025-07-11T15:38:53.488037Z","level":"info","event":"\tat org.apache.spark.sql.catalyst.analysis.resolver.HybridAnalyzer.withTrackedAnalyzerBridgeState(HybridAnalyzer.scala:111)","chan":"stdout","logger":"task"}
{"timestamp":"2025-07-11T15:38:53.488376Z","level":"info","event":"\tat org.apache.spark.sql.catalyst.analysis.resolver.HybridAnalyzer.apply(HybridAnalyzer.scala:71)","chan":"stdout","logger":"task"}
{"timestamp":"2025-07-11T15:38:53.488803Z","level":"info","event":"\tat org.apache.spark.sql.catalyst.analysis.Analyzer.$anonfun$executeAndCheck$1(Analyzer.scala:280)","chan":"stdout","logger":"task"}
{"timestamp":"2025-07-11T15:38:53.489143Z","level":"info","event":"\tat org.apache.spark.sql.catalyst.plans.logical.AnalysisHelper$.markInAnalyzer(AnalysisHelper.scala:423)","chan":"stdout","logger":"task"}
{"timestamp":"2025-07-11T15:38:53.489453Z","level":"info","event":"\tat org.apache.spark.sql.catalyst.analysis.Analyzer.executeAndCheck(Analyzer.scala:280)","chan":"stdout","logger":"task"}
{"timestamp":"2025-07-11T15:38:53.489747Z","level":"info","event":"\tat org.apache.spark.sql.execution.QueryExecution.$anonfun$lazyAnalyzed$2(QueryExecution.scala:110)","chan":"stdout","logger":"task"}
{"timestamp":"2025-07-11T15:38:53.490064Z","level":"info","event":"\tat org.apache.spark.sql.catalyst.QueryPlanningTracker.measurePhase(QueryPlanningTracker.scala:148)","chan":"stdout","logger":"task"}
{"timestamp":"2025-07-11T15:38:53.490466Z","level":"info","event":"\tat org.apache.spark.sql.execution.QueryExecution.$anonfun$executePhase$2(QueryExecution.scala:278)","chan":"stdout","logger":"task"}
{"timestamp":"2025-07-11T15:38:53.490889Z","level":"info","event":"\tat org.apache.spark.sql.execution.QueryExecution$.withInternalError(QueryExecution.scala:654)","chan":"stdout","logger":"task"}
{"timestamp":"2025-07-11T15:38:53.491254Z","level":"info","event":"\tat org.apache.spark.sql.execution.QueryExecution.$anonfun$executePhase$1(QueryExecution.scala:278)","chan":"stdout","logger":"task"}
{"timestamp":"2025-07-11T15:38:53.491501Z","level":"info","event":"\tat org.apache.spark.sql.SparkSession.withActive(SparkSession.scala:804)","chan":"stdout","logger":"task"}
{"timestamp":"2025-07-11T15:38:53.491709Z","level":"info","event":"\tat org.apache.spark.sql.execution.QueryExecution.executePhase(QueryExecution.scala:277)","chan":"stdout","logger":"task"}
{"timestamp":"2025-07-11T15:38:53.491905Z","level":"info","event":"\tat org.apache.spark.sql.execution.QueryExecution.$anonfun$lazyAnalyzed$1(QueryExecution.scala:110)","chan":"stdout","logger":"task"}
{"timestamp":"2025-07-11T15:38:53.492091Z","level":"info","event":"\tat scala.util.Try$.apply(Try.scala:217)","chan":"stdout","logger":"task"}
{"timestamp":"2025-07-11T15:38:53.492382Z","level":"info","event":"\tat org.apache.spark.util.Utils$.doTryWithCallerStacktrace(Utils.scala:1378)","chan":"stdout","logger":"task"}
{"timestamp":"2025-07-11T15:38:53.492659Z","level":"info","event":"\tat org.apache.spark.util.LazyTry.tryT$lzycompute(LazyTry.scala:46)","chan":"stdout","logger":"task"}
{"timestamp":"2025-07-11T15:38:53.492912Z","level":"info","event":"\tat org.apache.spark.util.LazyTry.tryT(LazyTry.scala:46)","chan":"stdout","logger":"task"}
{"timestamp":"2025-07-11T15:38:53.493182Z","level":"info","event":"\tat org.apache.spark.util.LazyTry.get(LazyTry.scala:58)","chan":"stdout","logger":"task"}
{"timestamp":"2025-07-11T15:38:53.493490Z","level":"info","event":"\tat org.apache.spark.sql.execution.QueryExecution.analyzed(QueryExecution.scala:121)","chan":"stdout","logger":"task"}
{"timestamp":"2025-07-11T15:38:53.493754Z","level":"info","event":"\tat org.apache.spark.sql.execution.QueryExecution.assertAnalyzed(QueryExecution.scala:80)","chan":"stdout","logger":"task"}
{"timestamp":"2025-07-11T15:38:53.493996Z","level":"info","event":"\tat org.apache.spark.sql.classic.Dataset$.$anonfun$ofRows$1(Dataset.scala:115)","chan":"stdout","logger":"task"}
{"timestamp":"2025-07-11T15:38:53.494251Z","level":"info","event":"\tat org.apache.spark.sql.SparkSession.withActive(SparkSession.scala:804)","chan":"stdout","logger":"task"}
{"timestamp":"2025-07-11T15:38:53.494670Z","level":"info","event":"\tat org.apache.spark.sql.classic.Dataset$.ofRows(Dataset.scala:113)","chan":"stdout","logger":"task"}
{"timestamp":"2025-07-11T15:38:53.494932Z","level":"info","event":"\tat org.apache.spark.sql.classic.DataFrameReader.load(DataFrameReader.scala:109)","chan":"stdout","logger":"task"}
{"timestamp":"2025-07-11T15:38:53.495264Z","level":"info","event":"\tat org.apache.spark.sql.classic.DataFrameReader.load(DataFrameReader.scala:58)","chan":"stdout","logger":"task"}
{"timestamp":"2025-07-11T15:38:53.495512Z","level":"info","event":"\tat org.apache.spark.sql.DataFrameReader.json(DataFrameReader.scala:296)","chan":"stdout","logger":"task"}
{"timestamp":"2025-07-11T15:38:53.495694Z","level":"info","event":"\tat org.apache.spark.sql.classic.DataFrameReader.json(DataFrameReader.scala:150)","chan":"stdout","logger":"task"}
{"timestamp":"2025-07-11T15:38:53.495899Z","level":"info","event":"\tat java.base/jdk.internal.reflect.NativeMethodAccessorImpl.invoke0(Native Method)","chan":"stdout","logger":"task"}
{"timestamp":"2025-07-11T15:38:53.496143Z","level":"info","event":"\tat java.base/jdk.internal.reflect.NativeMethodAccessorImpl.invoke(NativeMethodAccessorImpl.java:77)","chan":"stdout","logger":"task"}
{"timestamp":"2025-07-11T15:38:53.496356Z","level":"info","event":"\tat java.base/jdk.internal.reflect.DelegatingMethodAccessorImpl.invoke(DelegatingMethodAccessorImpl.java:43)","chan":"stdout","logger":"task"}
{"timestamp":"2025-07-11T15:38:53.496574Z","level":"info","event":"\tat java.base/java.lang.reflect.Method.invoke(Method.java:569)","chan":"stdout","logger":"task"}
{"timestamp":"2025-07-11T15:38:53.496808Z","level":"info","event":"\tat py4j.reflection.MethodInvoker.invoke(MethodInvoker.java:244)","chan":"stdout","logger":"task"}
{"timestamp":"2025-07-11T15:38:53.497061Z","level":"info","event":"\tat py4j.reflection.ReflectionEngine.invoke(ReflectionEngine.java:374)","chan":"stdout","logger":"task"}
{"timestamp":"2025-07-11T15:38:53.497313Z","level":"info","event":"\tat py4j.Gateway.invoke(Gateway.java:282)","chan":"stdout","logger":"task"}
{"timestamp":"2025-07-11T15:38:53.497532Z","level":"info","event":"\tat py4j.commands.AbstractCommand.invokeMethod(AbstractCommand.java:132)","chan":"stdout","logger":"task"}
{"timestamp":"2025-07-11T15:38:53.497717Z","level":"info","event":"\tat py4j.commands.CallCommand.execute(CallCommand.java:79)","chan":"stdout","logger":"task"}
{"timestamp":"2025-07-11T15:38:53.497956Z","level":"info","event":"\tat py4j.ClientServerConnection.waitForCommands(ClientServerConnection.java:184)","chan":"stdout","logger":"task"}
{"timestamp":"2025-07-11T15:38:53.498190Z","level":"info","event":"\tat py4j.ClientServerConnection.run(ClientServerConnection.java:108)","chan":"stdout","logger":"task"}
{"timestamp":"2025-07-11T15:38:53.498430Z","level":"info","event":"\tat java.base/java.lang.Thread.run(Thread.java:840)","chan":"stdout","logger":"task"}
{"timestamp":"2025-07-11T15:38:53.498743Z","level":"info","event":"Caused by: java.lang.ClassNotFoundException: software.amazon.awssdk.auth.credentials.AwsCredentialsProvider","chan":"stdout","logger":"task"}
{"timestamp":"2025-07-11T15:38:53.499137Z","level":"info","event":"\tat java.base/java.net.URLClassLoader.findClass(URLClassLoader.java:445)","chan":"stdout","logger":"task"}
{"timestamp":"2025-07-11T15:38:53.499428Z","level":"info","event":"\tat java.base/java.lang.ClassLoader.loadClass(ClassLoader.java:592)","chan":"stdout","logger":"task"}
{"timestamp":"2025-07-11T15:38:53.499652Z","level":"info","event":"\tat java.base/java.lang.ClassLoader.loadClass(ClassLoader.java:525)","chan":"stdout","logger":"task"}
{"timestamp":"2025-07-11T15:38:53.499859Z","level":"info","event":"\t... 88 more","chan":"stdout","logger":"task"}
{"timestamp":"2025-07-11T15:38:53.500080Z","level":"info","event":"","chan":"stdout","logger":"task"}
{"timestamp":"2025-07-11T15:38:51.962615","level":"error","event":"Task failed with exception","logger":"task","error_detail":[{"exc_type":"Py4JJavaError","exc_value":"An error occurred while calling o146.json.\n: java.lang.NoClassDefFoundError: software/amazon/awssdk/auth/credentials/AwsCredentialsProvider\n\tat java.base/java.lang.Class.forName0(Native Method)\n\tat java.base/java.lang.Class.forName(Class.java:467)\n\tat org.apache.hadoop.conf.Configuration.getClassByNameOrNull(Configuration.java:2674)\n\tat org.apache.hadoop.conf.Configuration.getClassByName(Configuration.java:2639)\n\tat org.apache.hadoop.conf.Configuration.getClass(Configuration.java:2735)\n\tat org.apache.hadoop.fs.FileSystem.getFileSystemClass(FileSystem.java:3569)\n\tat org.apache.hadoop.fs.FileSystem.createFileSystem(FileSystem.java:3612)\n\tat org.apache.hadoop.fs.FileSystem.access$300(FileSystem.java:172)\n\tat org.apache.hadoop.fs.FileSystem$Cache.getInternal(FileSystem.java:3716)\n\tat org.apache.hadoop.fs.FileSystem$Cache.get(FileSystem.java:3667)\n\tat org.apache.hadoop.fs.FileSystem.get(FileSystem.java:557)\n\tat org.apache.hadoop.fs.Path.getFileSystem(Path.java:366)\n\tat org.apache.spark.sql.execution.streaming.FileStreamSink$.hasMetadata(FileStreamSink.scala:55)\n\tat org.apache.spark.sql.execution.datasources.DataSource.resolveRelation(DataSource.scala:381)\n\tat org.apache.spark.sql.catalyst.analysis.ResolveDataSource.org$apache$spark$sql$catalyst$analysis$ResolveDataSource$$loadV1BatchSource(ResolveDataSource.scala:143)\n\tat org.apache.spark.sql.catalyst.analysis.ResolveDataSource$$anonfun$apply$1.$anonfun$applyOrElse$2(ResolveDataSource.scala:61)\n\tat scala.Option.getOrElse(Option.scala:201)\n\tat org.apache.spark.sql.catalyst.analysis.ResolveDataSource$$anonfun$apply$1.applyOrElse(ResolveDataSource.scala:61)\n\tat org.apache.spark.sql.catalyst.analysis.ResolveDataSource$$anonfun$apply$1.applyOrElse(ResolveDataSource.scala:45)\n\tat org.apache.spark.sql.catalyst.plans.logical.AnalysisHelper.$anonfun$resolveOperatorsUpWithPruning$3(AnalysisHelper.scala:139)\n\tat org.apache.spark.sql.catalyst.trees.CurrentOrigin$.withOrigin(origin.scala:86)\n\tat org.apache.spark.sql.catalyst.plans.logical.AnalysisHelper.$anonfun$resolveOperatorsUpWithPruning$1(AnalysisHelper.scala:139)\n\tat org.apache.spark.sql.catalyst.plans.logical.AnalysisHelper$.allowInvokingTransformsInAnalyzer(AnalysisHelper.scala:416)\n\tat org.apache.spark.sql.catalyst.plans.logical.AnalysisHelper.resolveOperatorsUpWithPruning(AnalysisHelper.scala:135)\n\tat org.apache.spark.sql.catalyst.plans.logical.AnalysisHelper.resolveOperatorsUpWithPruning$(AnalysisHelper.scala:131)\n\tat org.apache.spark.sql.catalyst.plans.logical.LogicalPlan.resolveOperatorsUpWithPruning(LogicalPlan.scala:37)\n\tat org.apache.spark.sql.catalyst.plans.logical.AnalysisHelper.resolveOperatorsUp(AnalysisHelper.scala:112)\n\tat org.apache.spark.sql.catalyst.plans.logical.AnalysisHelper.resolveOperatorsUp$(AnalysisHelper.scala:111)\n\tat org.apache.spark.sql.catalyst.plans.logical.LogicalPlan.resolveOperatorsUp(LogicalPlan.scala:37)\n\tat org.apache.spark.sql.catalyst.analysis.ResolveDataSource.apply(ResolveDataSource.scala:45)\n\tat org.apache.spark.sql.catalyst.analysis.ResolveDataSource.apply(ResolveDataSource.scala:43)\n\tat org.apache.spark.sql.catalyst.rules.RuleExecutor.$anonfun$execute$2(RuleExecutor.scala:242)\n\tat scala.collection.LinearSeqOps.foldLeft(LinearSeq.scala:183)\n\tat scala.collection.LinearSeqOps.foldLeft$(LinearSeq.scala:179)\n\tat scala.collection.immutable.List.foldLeft(List.scala:79)\n\tat org.apache.spark.sql.catalyst.rules.RuleExecutor.$anonfun$execute$1(RuleExecutor.scala:239)\n\tat org.apache.spark.sql.catalyst.rules.RuleExecutor.$anonfun$execute$1$adapted(RuleExecutor.scala:231)\n\tat scala.collection.immutable.List.foreach(List.scala:334)\n\tat org.apache.spark.sql.catalyst.rules.RuleExecutor.execute(RuleExecutor.scala:231)\n\tat org.apache.spark.sql.catalyst.analysis.Analyzer.org$apache$spark$sql$catalyst$analysis$Analyzer$$executeSameContext(Analyzer.scala:290)\n\tat org.apache.spark.sql.catalyst.analysis.Analyzer.$anonfun$execute$1(Analyzer.scala:286)\n\tat org.apache.spark.sql.catalyst.analysis.AnalysisContext$.withNewAnalysisContext(Analyzer.scala:234)\n\tat org.apache.spark.sql.catalyst.analysis.Analyzer.execute(Analyzer.scala:286)\n\tat org.apache.spark.sql.catalyst.analysis.Analyzer.execute(Analyzer.scala:249)\n\tat org.apache.spark.sql.catalyst.rules.RuleExecutor.$anonfun$executeAndTrack$1(RuleExecutor.scala:201)\n\tat org.apache.spark.sql.catalyst.QueryPlanningTracker$.withTracker(QueryPlanningTracker.scala:89)\n\tat org.apache.spark.sql.catalyst.rules.RuleExecutor.executeAndTrack(RuleExecutor.scala:201)\n\tat org.apache.spark.sql.catalyst.analysis.resolver.HybridAnalyzer.resolveInFixedPoint(HybridAnalyzer.scala:190)\n\tat org.apache.spark.sql.catalyst.analysis.resolver.HybridAnalyzer.$anonfun$apply$1(HybridAnalyzer.scala:76)\n\tat org.apache.spark.sql.catalyst.analysis.resolver.HybridAnalyzer.withTrackedAnalyzerBridgeState(HybridAnalyzer.scala:111)\n\tat org.apache.spark.sql.catalyst.analysis.resolver.HybridAnalyzer.apply(HybridAnalyzer.scala:71)\n\tat org.apache.spark.sql.catalyst.analysis.Analyzer.$anonfun$executeAndCheck$1(Analyzer.scala:280)\n\tat org.apache.spark.sql.catalyst.plans.logical.AnalysisHelper$.markInAnalyzer(AnalysisHelper.scala:423)\n\tat org.apache.spark.sql.catalyst.analysis.Analyzer.executeAndCheck(Analyzer.scala:280)\n\tat org.apache.spark.sql.execution.QueryExecution.$anonfun$lazyAnalyzed$2(QueryExecution.scala:110)\n\tat org.apache.spark.sql.catalyst.QueryPlanningTracker.measurePhase(QueryPlanningTracker.scala:148)\n\tat org.apache.spark.sql.execution.QueryExecution.$anonfun$executePhase$2(QueryExecution.scala:278)\n\tat org.apache.spark.sql.execution.QueryExecution$.withInternalError(QueryExecution.scala:654)\n\tat org.apache.spark.sql.execution.QueryExecution.$anonfun$executePhase$1(QueryExecution.scala:278)\n\tat org.apache.spark.sql.SparkSession.withActive(SparkSession.scala:804)\n\tat org.apache.spark.sql.execution.QueryExecution.executePhase(QueryExecution.scala:277)\n\tat org.apache.spark.sql.execution.QueryExecution.$anonfun$lazyAnalyzed$1(QueryExecution.scala:110)\n\tat scala.util.Try$.apply(Try.scala:217)\n\tat org.apache.spark.util.Utils$.doTryWithCallerStacktrace(Utils.scala:1378)\n\tat org.apache.spark.util.LazyTry.tryT$lzycompute(LazyTry.scala:46)\n\tat org.apache.spark.util.LazyTry.tryT(LazyTry.scala:46)\n\tat org.apache.spark.util.LazyTry.get(LazyTry.scala:58)\n\tat org.apache.spark.sql.execution.QueryExecution.analyzed(QueryExecution.scala:121)\n\tat org.apache.spark.sql.execution.QueryExecution.assertAnalyzed(QueryExecution.scala:80)\n\tat org.apache.spark.sql.classic.Dataset$.$anonfun$ofRows$1(Dataset.scala:115)\n\tat org.apache.spark.sql.SparkSession.withActive(SparkSession.scala:804)\n\tat org.apache.spark.sql.classic.Dataset$.ofRows(Dataset.scala:113)\n\tat org.apache.spark.sql.classic.DataFrameReader.load(DataFrameReader.scala:109)\n\tat org.apache.spark.sql.classic.DataFrameReader.load(DataFrameReader.scala:58)\n\tat org.apache.spark.sql.DataFrameReader.json(DataFrameReader.scala:296)\n\tat org.apache.spark.sql.classic.DataFrameReader.json(DataFrameReader.scala:150)\n\tat java.base/jdk.internal.reflect.NativeMethodAccessorImpl.invoke0(Native Method)\n\tat java.base/jdk.internal.reflect.NativeMethodAccessorImpl.invoke(NativeMethodAccessorImpl.java:77)\n\tat java.base/jdk.internal.reflect.DelegatingMethodAccessorImpl.invoke(DelegatingMethodAccessorImpl.java:43)\n\tat java.base/java.lang.reflect.Method.invoke(Method.java:569)\n\tat py4j.reflection.MethodInvoker.invoke(MethodInvoker.java:244)\n\tat py4j.reflection.ReflectionEngine.invoke(ReflectionEngine.java:374)\n\tat py4j.Gateway.invoke(Gateway.java:282)\n\tat py4j.commands.AbstractCommand.invokeMethod(AbstractCommand.java:132)\n\tat py4j.commands.CallCommand.execute(CallCommand.java:79)\n\tat py4j.ClientServerConnection.waitForCommands(ClientServerConnection.java:184)\n\tat py4j.ClientServerConnection.run(ClientServerConnection.java:108)\n\tat java.base/java.lang.Thread.run(Thread.java:840)\nCaused by: java.lang.ClassNotFoundException: software.amazon.awssdk.auth.credentials.AwsCredentialsProvider\n\tat java.base/java.net.URLClassLoader.findClass(URLClassLoader.java:445)\n\tat java.base/java.lang.ClassLoader.loadClass(ClassLoader.java:592)\n\tat java.base/java.lang.ClassLoader.loadClass(ClassLoader.java:525)\n\t... 88 more\n","exc_notes":[],"syntax_error":null,"is_cause":false,"frames":[{"filename":"/home/airflow/.local/lib/python3.12/site-packages/airflow/sdk/execution_time/task_runner.py","lineno":825,"name":"run"},{"filename":"/home/airflow/.local/lib/python3.12/site-packages/airflow/sdk/execution_time/task_runner.py","lineno":1088,"name":"_execute_task"},{"filename":"/home/airflow/.local/lib/python3.12/site-packages/airflow/sdk/bases/operator.py","lineno":408,"name":"wrapper"},{"filename":"/home/airflow/.local/lib/python3.12/site-packages/airflow/providers/standard/operators/python.py","lineno":212,"name":"execute"},{"filename":"/home/airflow/.local/lib/python3.12/site-packages/airflow/providers/standard/operators/python.py","lineno":235,"name":"execute_callable"},{"filename":"/home/airflow/.local/lib/python3.12/site-packages/airflow/sdk/execution_time/callback_runner.py","lineno":81,"name":"run"},{"filename":"/opt/airflow/dags/main.py","lineno":22,"name":"run_etl_weather"},{"filename":"/opt/airflow/dags/etl_data_weather.py","lineno":27,"name":"extract_data_weather"},{"filename":"/home/airflow/.local/lib/python3.12/site-packages/pyspark/sql/readwriter.py","lineno":468,"name":"json"},{"filename":"/home/airflow/.local/lib/python3.12/site-packages/py4j/java_gateway.py","lineno":1362,"name":"__call__"},{"filename":"/home/airflow/.local/lib/python3.12/site-packages/pyspark/errors/exceptions/captured.py","lineno":282,"name":"deco"},{"filename":"/home/airflow/.local/lib/python3.12/site-packages/py4j/protocol.py","lineno":327,"name":"get_return_value"}]}]}
{"timestamp":"2025-07-11T15:59:51.818693","level":"info","event":"DAG bundles loaded: dags-folder, example_dags","logger":"airflow.dag_processing.bundles.manager.DagBundlesManager"}
{"timestamp":"2025-07-11T15:59:51.819929","level":"info","event":"Filling up the DagBag from /opt/airflow/dags/main.py","logger":"airflow.models.dagbag.DagBag"}
{"timestamp":"2025-07-11T15:59:52.304734Z","level":"error","event":"WARNING: Using incubator modules: jdk.incubator.vector","chan":"stderr","logger":"task"}
{"timestamp":"2025-07-11T15:59:53.818249Z","level":"error","event":"25/07/11 15:59:53 WARN NativeCodeLoader: Unable to load native-hadoop library for your platform... using builtin-java classes where applicable","chan":"stderr","logger":"task"}
{"timestamp":"2025-07-11T15:59:53.976003Z","level":"error","event":"Using Spark's default log4j profile: org/apache/spark/log4j2-defaults.properties","chan":"stderr","logger":"task"}
{"timestamp":"2025-07-11T15:59:53.976651Z","level":"error","event":"Setting default log level to \"WARN\".","chan":"stderr","logger":"task"}
{"timestamp":"2025-07-11T15:59:53.977005Z","level":"error","event":"To adjust logging level use sc.setLogLevel(newLevel). For SparkR, use setLogLevel(newLevel).","chan":"stderr","logger":"task"}
{"timestamp":"2025-07-11T16:00:00.500421Z","level":"info","event":"Task instance is in running state","chan":"stdout","logger":"task"}
{"timestamp":"2025-07-11T16:00:00.501078Z","level":"info","event":" Previous state of the Task instance: queued","chan":"stdout","logger":"task"}
{"timestamp":"2025-07-11T16:00:00.501791Z","level":"info","event":"Current task name:etl_data_weather.load","chan":"stdout","logger":"task"}
{"timestamp":"2025-07-11T16:00:00.502178Z","level":"info","event":"Dag name:etl_pipeline","chan":"stdout","logger":"task"}
{"timestamp":"2025-07-11T16:00:00.502495Z","level":"info","event":"extract data from file","chan":"stdout","logger":"task"}
{"timestamp":"2025-07-11T16:00:00.535785Z","level":"info","event":"spark.hadoop.fs.s3a.vectored.read.min.seek.size = 128K","chan":"stdout","logger":"task"}
{"timestamp":"2025-07-11T16:00:00.536349Z","level":"info","event":"spark.executor.extraJavaOptions = -Djava.net.preferIPv6Addresses=false -XX:+IgnoreUnrecognizedVMOptions --add-modules=jdk.incubator.vector --add-opens=java.base/java.lang=ALL-UNNAMED --add-opens=java.base/java.lang.invoke=ALL-UNNAMED --add-opens=java.base/java.lang.reflect=ALL-UNNAMED --add-opens=java.base/java.io=ALL-UNNAMED --add-opens=java.base/java.net=ALL-UNNAMED --add-opens=java.base/java.nio=ALL-UNNAMED --add-opens=java.base/java.util=ALL-UNNAMED --add-opens=java.base/java.util.concurrent=ALL-UNNAMED --add-opens=java.base/java.util.concurrent.atomic=ALL-UNNAMED --add-opens=java.base/jdk.internal.ref=ALL-UNNAMED --add-opens=java.base/sun.nio.ch=ALL-UNNAMED --add-opens=java.base/sun.nio.cs=ALL-UNNAMED --add-opens=java.base/sun.security.action=ALL-UNNAMED --add-opens=java.base/sun.util.calendar=ALL-UNNAMED --add-opens=java.security.jgss/sun.security.krb5=ALL-UNNAMED -Djdk.reflect.useDirectMethodHandle=false -Dio.netty.tryReflectionSetAccessible=true","chan":"stdout","logger":"task"}
{"timestamp":"2025-07-11T16:00:00.536935Z","level":"info","event":"spark.sql.artifact.isolation.enabled = false","chan":"stdout","logger":"task"}
{"timestamp":"2025-07-11T16:00:00.537682Z","level":"info","event":"spark.app.initial.jar.urls = spark://fac63bb05353:38985/jars/ojdbc11.jar,spark://fac63bb05353:38985/jars/aws-java-sdk-utils-2.20.158.jar,spark://fac63bb05353:38985/jars/aws-java-sdk-awscore-2.20.158.jar,spark://fac63bb05353:38985/jars/aws-java-sdk-auth-2.20.158.jar,spark://fac63bb05353:38985/jars/aws-java-sdk-s3-2.20.158.jar,spark://fac63bb05353:38985/jars/hadoop-aws-3.4.1.jar,spark://fac63bb05353:38985/jars/aws-java-sdk-core-2.20.158.jar","chan":"stdout","logger":"task"}
{"timestamp":"2025-07-11T16:00:00.538084Z","level":"info","event":"spark.app.id = local-1752249594969","chan":"stdout","logger":"task"}
{"timestamp":"2025-07-11T16:00:00.538493Z","level":"info","event":"spark.master = local[*]","chan":"stdout","logger":"task"}
{"timestamp":"2025-07-11T16:00:00.538980Z","level":"info","event":"spark.repl.local.jars = file:///opt/spark/jars/hadoop-aws-3.4.1.jar,file:///opt/spark/jars/aws-java-sdk-core-2.20.158.jar,file:///opt/spark/jars/aws-java-sdk-auth-2.20.158.jar,file:///opt/spark/jars/aws-java-sdk-s3-2.20.158.jar,file:///opt/spark/jars/aws-java-sdk-utils-2.20.158.jar,file:///opt/spark/jars/aws-java-sdk-awscore-2.20.158.jar,file:///opt/spark/jars/ojdbc11.jar","chan":"stdout","logger":"task"}
{"timestamp":"2025-07-11T16:00:00.539271Z","level":"info","event":"spark.executor.id = driver","chan":"stdout","logger":"task"}
{"timestamp":"2025-07-11T16:00:00.539762Z","level":"info","event":"spark.driver.extraClassPath = /opt/spark/jars/ojdbc11.jar","chan":"stdout","logger":"task"}
{"timestamp":"2025-07-11T16:00:00.540147Z","level":"info","event":"spark.app.name = BAITEST","chan":"stdout","logger":"task"}
{"timestamp":"2025-07-11T16:00:00.540538Z","level":"info","event":"spark.submit.deployMode = client","chan":"stdout","logger":"task"}
{"timestamp":"2025-07-11T16:00:00.540834Z","level":"info","event":"spark.hadoop.fs.s3a.connection.ssl.enabled = false","chan":"stdout","logger":"task"}
{"timestamp":"2025-07-11T16:00:00.541394Z","level":"info","event":"spark.serializer.objectStreamReset = 100","chan":"stdout","logger":"task"}
{"timestamp":"2025-07-11T16:00:00.541663Z","level":"info","event":"spark.ui.showConsoleProgress = true","chan":"stdout","logger":"task"}
{"timestamp":"2025-07-11T16:00:00.541907Z","level":"info","event":"spark.hadoop.fs.s3a.path.style.access = true","chan":"stdout","logger":"task"}
{"timestamp":"2025-07-11T16:00:00.542224Z","level":"info","event":"spark.rdd.compress = True","chan":"stdout","logger":"task"}
{"timestamp":"2025-07-11T16:00:00.542461Z","level":"info","event":"spark.driver.host = fac63bb05353","chan":"stdout","logger":"task"}
{"timestamp":"2025-07-11T16:00:00.542681Z","level":"info","event":"spark.app.submitTime = 1752249593945","chan":"stdout","logger":"task"}
{"timestamp":"2025-07-11T16:00:00.542916Z","level":"info","event":"spark.executor.extraClassPath = /opt/spark/jars/ojdbc11.jar","chan":"stdout","logger":"task"}
{"timestamp":"2025-07-11T16:00:00.543233Z","level":"info","event":"spark.app.startTime = 1752249594223","chan":"stdout","logger":"task"}
{"timestamp":"2025-07-11T16:00:00.543462Z","level":"info","event":"spark.hadoop.fs.s3a.endpoint = http://127.0.0.1:9000/","chan":"stdout","logger":"task"}
{"timestamp":"2025-07-11T16:00:00.543715Z","level":"info","event":"spark.hadoop.fs.s3a.access.key = admin","chan":"stdout","logger":"task"}
{"timestamp":"2025-07-11T16:00:00.543953Z","level":"info","event":"spark.hadoop.fs.s3a.aws.credentials.provider = org.apache.hadoop.fs.s3a.SimpleAWSCredentialsProvider","chan":"stdout","logger":"task"}
{"timestamp":"2025-07-11T16:00:00.544197Z","level":"info","event":"spark.submit.pyFiles =","chan":"stdout","logger":"task"}
{"timestamp":"2025-07-11T16:00:00.544445Z","level":"info","event":"spark.driver.extraJavaOptions = -Djava.net.preferIPv6Addresses=false -XX:+IgnoreUnrecognizedVMOptions --add-modules=jdk.incubator.vector --add-opens=java.base/java.lang=ALL-UNNAMED --add-opens=java.base/java.lang.invoke=ALL-UNNAMED --add-opens=java.base/java.lang.reflect=ALL-UNNAMED --add-opens=java.base/java.io=ALL-UNNAMED --add-opens=java.base/java.net=ALL-UNNAMED --add-opens=java.base/java.nio=ALL-UNNAMED --add-opens=java.base/java.util=ALL-UNNAMED --add-opens=java.base/java.util.concurrent=ALL-UNNAMED --add-opens=java.base/java.util.concurrent.atomic=ALL-UNNAMED --add-opens=java.base/jdk.internal.ref=ALL-UNNAMED --add-opens=java.base/sun.nio.ch=ALL-UNNAMED --add-opens=java.base/sun.nio.cs=ALL-UNNAMED --add-opens=java.base/sun.security.action=ALL-UNNAMED --add-opens=java.base/sun.util.calendar=ALL-UNNAMED --add-opens=java.security.jgss/sun.security.krb5=ALL-UNNAMED -Djdk.reflect.useDirectMethodHandle=false -Dio.netty.tryReflectionSetAccessible=true","chan":"stdout","logger":"task"}
{"timestamp":"2025-07-11T16:00:00.544696Z","level":"info","event":"spark.jars = /opt/spark/jars/hadoop-aws-3.4.1.jar,/opt/spark/jars/aws-java-sdk-core-2.20.158.jar,/opt/spark/jars/aws-java-sdk-auth-2.20.158.jar,/opt/spark/jars/aws-java-sdk-s3-2.20.158.jar,/opt/spark/jars/aws-java-sdk-utils-2.20.158.jar,/opt/spark/jars/aws-java-sdk-awscore-2.20.158.jar,/opt/spark/jars/ojdbc11.jar","chan":"stdout","logger":"task"}
{"timestamp":"2025-07-11T16:00:00.545018Z","level":"info","event":"spark.hadoop.fs.s3a.vectored.read.max.merged.size = 2M","chan":"stdout","logger":"task"}
{"timestamp":"2025-07-11T16:00:00.545274Z","level":"info","event":"spark.hadoop.fs.s3a.impl = org.apache.hadoop.fs.s3a.S3AFileSystem","chan":"stdout","logger":"task"}
{"timestamp":"2025-07-11T16:00:00.545512Z","level":"info","event":"spark.hadoop.fs.s3a.secret.key = admin12345","chan":"stdout","logger":"task"}
{"timestamp":"2025-07-11T16:00:00.545873Z","level":"info","event":"spark.driver.port = 38985","chan":"stdout","logger":"task"}
{"timestamp":"2025-07-11T16:00:02.774767","level":"error","event":"Task failed with exception","logger":"task","error_detail":[{"exc_type":"Py4JJavaError","exc_value":"An error occurred while calling o146.json.\n: java.lang.NoClassDefFoundError: software/amazon/awssdk/http/ContentStreamProvider\n\tat java.base/java.lang.Class.forName0(Native Method)\n\tat java.base/java.lang.Class.forName(Class.java:467)\n\tat org.apache.hadoop.conf.Configuration.getClassByNameOrNull(Configuration.java:2674)\n\tat org.apache.hadoop.conf.Configuration.getClassByName(Configuration.java:2639)\n\tat org.apache.hadoop.conf.Configuration.getClass(Configuration.java:2735)\n\tat org.apache.hadoop.fs.FileSystem.getFileSystemClass(FileSystem.java:3569)\n\tat org.apache.hadoop.fs.FileSystem.createFileSystem(FileSystem.java:3612)\n\tat org.apache.hadoop.fs.FileSystem.access$300(FileSystem.java:172)\n\tat org.apache.hadoop.fs.FileSystem$Cache.getInternal(FileSystem.java:3716)\n\tat org.apache.hadoop.fs.FileSystem$Cache.get(FileSystem.java:3667)\n\tat org.apache.hadoop.fs.FileSystem.get(FileSystem.java:557)\n\tat org.apache.hadoop.fs.Path.getFileSystem(Path.java:366)\n\tat org.apache.spark.sql.execution.streaming.FileStreamSink$.hasMetadata(FileStreamSink.scala:55)\n\tat org.apache.spark.sql.execution.datasources.DataSource.resolveRelation(DataSource.scala:381)\n\tat org.apache.spark.sql.catalyst.analysis.ResolveDataSource.org$apache$spark$sql$catalyst$analysis$ResolveDataSource$$loadV1BatchSource(ResolveDataSource.scala:143)\n\tat org.apache.spark.sql.catalyst.analysis.ResolveDataSource$$anonfun$apply$1.$anonfun$applyOrElse$2(ResolveDataSource.scala:61)\n\tat scala.Option.getOrElse(Option.scala:201)\n\tat org.apache.spark.sql.catalyst.analysis.ResolveDataSource$$anonfun$apply$1.applyOrElse(ResolveDataSource.scala:61)\n\tat org.apache.spark.sql.catalyst.analysis.ResolveDataSource$$anonfun$apply$1.applyOrElse(ResolveDataSource.scala:45)\n\tat org.apache.spark.sql.catalyst.plans.logical.AnalysisHelper.$anonfun$resolveOperatorsUpWithPruning$3(AnalysisHelper.scala:139)\n\tat org.apache.spark.sql.catalyst.trees.CurrentOrigin$.withOrigin(origin.scala:86)\n\tat org.apache.spark.sql.catalyst.plans.logical.AnalysisHelper.$anonfun$resolveOperatorsUpWithPruning$1(AnalysisHelper.scala:139)\n\tat org.apache.spark.sql.catalyst.plans.logical.AnalysisHelper$.allowInvokingTransformsInAnalyzer(AnalysisHelper.scala:416)\n\tat org.apache.spark.sql.catalyst.plans.logical.AnalysisHelper.resolveOperatorsUpWithPruning(AnalysisHelper.scala:135)\n\tat org.apache.spark.sql.catalyst.plans.logical.AnalysisHelper.resolveOperatorsUpWithPruning$(AnalysisHelper.scala:131)\n\tat org.apache.spark.sql.catalyst.plans.logical.LogicalPlan.resolveOperatorsUpWithPruning(LogicalPlan.scala:37)\n\tat org.apache.spark.sql.catalyst.plans.logical.AnalysisHelper.resolveOperatorsUp(AnalysisHelper.scala:112)\n\tat org.apache.spark.sql.catalyst.plans.logical.AnalysisHelper.resolveOperatorsUp$(AnalysisHelper.scala:111)\n\tat org.apache.spark.sql.catalyst.plans.logical.LogicalPlan.resolveOperatorsUp(LogicalPlan.scala:37)\n\tat org.apache.spark.sql.catalyst.analysis.ResolveDataSource.apply(ResolveDataSource.scala:45)\n\tat org.apache.spark.sql.catalyst.analysis.ResolveDataSource.apply(ResolveDataSource.scala:43)\n\tat org.apache.spark.sql.catalyst.rules.RuleExecutor.$anonfun$execute$2(RuleExecutor.scala:242)\n\tat scala.collection.LinearSeqOps.foldLeft(LinearSeq.scala:183)\n\tat scala.collection.LinearSeqOps.foldLeft$(LinearSeq.scala:179)\n\tat scala.collection.immutable.List.foldLeft(List.scala:79)\n\tat org.apache.spark.sql.catalyst.rules.RuleExecutor.$anonfun$execute$1(RuleExecutor.scala:239)\n\tat org.apache.spark.sql.catalyst.rules.RuleExecutor.$anonfun$execute$1$adapted(RuleExecutor.scala:231)\n\tat scala.collection.immutable.List.foreach(List.scala:334)\n\tat org.apache.spark.sql.catalyst.rules.RuleExecutor.execute(RuleExecutor.scala:231)\n\tat org.apache.spark.sql.catalyst.analysis.Analyzer.org$apache$spark$sql$catalyst$analysis$Analyzer$$executeSameContext(Analyzer.scala:290)\n\tat org.apache.spark.sql.catalyst.analysis.Analyzer.$anonfun$execute$1(Analyzer.scala:286)\n\tat org.apache.spark.sql.catalyst.analysis.AnalysisContext$.withNewAnalysisContext(Analyzer.scala:234)\n\tat org.apache.spark.sql.catalyst.analysis.Analyzer.execute(Analyzer.scala:286)\n\tat org.apache.spark.sql.catalyst.analysis.Analyzer.execute(Analyzer.scala:249)\n\tat org.apache.spark.sql.catalyst.rules.RuleExecutor.$anonfun$executeAndTrack$1(RuleExecutor.scala:201)\n\tat org.apache.spark.sql.catalyst.QueryPlanningTracker$.withTracker(QueryPlanningTracker.scala:89)\n\tat org.apache.spark.sql.catalyst.rules.RuleExecutor.executeAndTrack(RuleExecutor.scala:201)\n\tat org.apache.spark.sql.catalyst.analysis.resolver.HybridAnalyzer.resolveInFixedPoint(HybridAnalyzer.scala:190)\n\tat org.apache.spark.sql.catalyst.analysis.resolver.HybridAnalyzer.$anonfun$apply$1(HybridAnalyzer.scala:76)\n\tat org.apache.spark.sql.catalyst.analysis.resolver.HybridAnalyzer.withTrackedAnalyzerBridgeState(HybridAnalyzer.scala:111)\n\tat org.apache.spark.sql.catalyst.analysis.resolver.HybridAnalyzer.apply(HybridAnalyzer.scala:71)\n\tat org.apache.spark.sql.catalyst.analysis.Analyzer.$anonfun$executeAndCheck$1(Analyzer.scala:280)\n\tat org.apache.spark.sql.catalyst.plans.logical.AnalysisHelper$.markInAnalyzer(AnalysisHelper.scala:423)\n\tat org.apache.spark.sql.catalyst.analysis.Analyzer.executeAndCheck(Analyzer.scala:280)\n\tat org.apache.spark.sql.execution.QueryExecution.$anonfun$lazyAnalyzed$2(QueryExecution.scala:110)\n\tat org.apache.spark.sql.catalyst.QueryPlanningTracker.measurePhase(QueryPlanningTracker.scala:148)\n\tat org.apache.spark.sql.execution.QueryExecution.$anonfun$executePhase$2(QueryExecution.scala:278)\n\tat org.apache.spark.sql.execution.QueryExecution$.withInternalError(QueryExecution.scala:654)\n\tat org.apache.spark.sql.execution.QueryExecution.$anonfun$executePhase$1(QueryExecution.scala:278)\n\tat org.apache.spark.sql.SparkSession.withActive(SparkSession.scala:804)\n\tat org.apache.spark.sql.execution.QueryExecution.executePhase(QueryExecution.scala:277)\n\tat org.apache.spark.sql.execution.QueryExecution.$anonfun$lazyAnalyzed$1(QueryExecution.scala:110)\n\tat scala.util.Try$.apply(Try.scala:217)\n\tat org.apache.spark.util.Utils$.doTryWithCallerStacktrace(Utils.scala:1378)\n\tat org.apache.spark.util.LazyTry.tryT$lzycompute(LazyTry.scala:46)\n\tat org.apache.spark.util.LazyTry.tryT(LazyTry.scala:46)\n\tat org.apache.spark.util.LazyTry.get(LazyTry.scala:58)\n\tat org.apache.spark.sql.execution.QueryExecution.analyzed(QueryExecution.scala:121)\n\tat org.apache.spark.sql.execution.QueryExecution.assertAnalyzed(QueryExecution.scala:80)\n\tat org.apache.spark.sql.classic.Dataset$.$anonfun$ofRows$1(Dataset.scala:115)\n\tat org.apache.spark.sql.SparkSession.withActive(SparkSession.scala:804)\n\tat org.apache.spark.sql.classic.Dataset$.ofRows(Dataset.scala:113)\n\tat org.apache.spark.sql.classic.DataFrameReader.load(DataFrameReader.scala:109)\n\tat org.apache.spark.sql.classic.DataFrameReader.load(DataFrameReader.scala:58)\n\tat org.apache.spark.sql.DataFrameReader.json(DataFrameReader.scala:296)\n\tat org.apache.spark.sql.classic.DataFrameReader.json(DataFrameReader.scala:150)\n\tat java.base/jdk.internal.reflect.NativeMethodAccessorImpl.invoke0(Native Method)\n\tat java.base/jdk.internal.reflect.NativeMethodAccessorImpl.invoke(NativeMethodAccessorImpl.java:77)\n\tat java.base/jdk.internal.reflect.DelegatingMethodAccessorImpl.invoke(DelegatingMethodAccessorImpl.java:43)\n\tat java.base/java.lang.reflect.Method.invoke(Method.java:569)\n\tat py4j.reflection.MethodInvoker.invoke(MethodInvoker.java:244)\n\tat py4j.reflection.ReflectionEngine.invoke(ReflectionEngine.java:374)\n\tat py4j.Gateway.invoke(Gateway.java:282)\n\tat py4j.commands.AbstractCommand.invokeMethod(AbstractCommand.java:132)\n\tat py4j.commands.CallCommand.execute(CallCommand.java:79)\n\tat py4j.ClientServerConnection.waitForCommands(ClientServerConnection.java:184)\n\tat py4j.ClientServerConnection.run(ClientServerConnection.java:108)\n\tat java.base/java.lang.Thread.run(Thread.java:840)\nCaused by: java.lang.ClassNotFoundException: software.amazon.awssdk.http.ContentStreamProvider\n\tat java.base/java.net.URLClassLoader.findClass(URLClassLoader.java:445)\n\tat java.base/java.lang.ClassLoader.loadClass(ClassLoader.java:592)\n\tat java.base/java.lang.ClassLoader.loadClass(ClassLoader.java:525)\n\t... 88 more\n","exc_notes":[],"syntax_error":null,"is_cause":false,"frames":[{"filename":"/home/airflow/.local/lib/python3.12/site-packages/airflow/sdk/execution_time/task_runner.py","lineno":825,"name":"run"},{"filename":"/home/airflow/.local/lib/python3.12/site-packages/airflow/sdk/execution_time/task_runner.py","lineno":1088,"name":"_execute_task"},{"filename":"/home/airflow/.local/lib/python3.12/site-packages/airflow/sdk/bases/operator.py","lineno":408,"name":"wrapper"},{"filename":"/home/airflow/.local/lib/python3.12/site-packages/airflow/providers/standard/operators/python.py","lineno":212,"name":"execute"},{"filename":"/home/airflow/.local/lib/python3.12/site-packages/airflow/providers/standard/operators/python.py","lineno":235,"name":"execute_callable"},{"filename":"/home/airflow/.local/lib/python3.12/site-packages/airflow/sdk/execution_time/callback_runner.py","lineno":81,"name":"run"},{"filename":"/opt/airflow/dags/main.py","lineno":22,"name":"run_etl_weather"},{"filename":"/opt/airflow/dags/etl_data_weather.py","lineno":27,"name":"extract_data_weather"},{"filename":"/home/airflow/.local/lib/python3.12/site-packages/pyspark/sql/readwriter.py","lineno":468,"name":"json"},{"filename":"/home/airflow/.local/lib/python3.12/site-packages/py4j/java_gateway.py","lineno":1362,"name":"__call__"},{"filename":"/home/airflow/.local/lib/python3.12/site-packages/pyspark/errors/exceptions/captured.py","lineno":282,"name":"deco"},{"filename":"/home/airflow/.local/lib/python3.12/site-packages/py4j/protocol.py","lineno":327,"name":"get_return_value"}]}]}
{"timestamp":"2025-07-11T16:00:02.824288Z","level":"info","event":"Task instance in failure state","chan":"stdout","logger":"task"}
{"timestamp":"2025-07-11T16:00:02.824752Z","level":"info","event":"Task start","chan":"stdout","logger":"task"}
{"timestamp":"2025-07-11T16:00:02.825078Z","level":"info","event":"Task:<Task(PythonOperator): etl_data_weather.load>","chan":"stdout","logger":"task"}
{"timestamp":"2025-07-11T16:00:02.879274Z","level":"info","event":"Failure caused by An error occurred while calling o146.json.","chan":"stdout","logger":"task"}
{"timestamp":"2025-07-11T16:00:02.887296Z","level":"info","event":": java.lang.NoClassDefFoundError: software/amazon/awssdk/http/ContentStreamProvider","chan":"stdout","logger":"task"}
{"timestamp":"2025-07-11T16:00:02.910515Z","level":"info","event":"\tat java.base/java.lang.Class.forName0(Native Method)","chan":"stdout","logger":"task"}
{"timestamp":"2025-07-11T16:00:02.911182Z","level":"info","event":"\tat java.base/java.lang.Class.forName(Class.java:467)","chan":"stdout","logger":"task"}
{"timestamp":"2025-07-11T16:00:02.911756Z","level":"info","event":"\tat org.apache.hadoop.conf.Configuration.getClassByNameOrNull(Configuration.java:2674)","chan":"stdout","logger":"task"}
{"timestamp":"2025-07-11T16:00:02.912184Z","level":"info","event":"\tat org.apache.hadoop.conf.Configuration.getClassByName(Configuration.java:2639)","chan":"stdout","logger":"task"}
{"timestamp":"2025-07-11T16:00:02.912593Z","level":"info","event":"\tat org.apache.hadoop.conf.Configuration.getClass(Configuration.java:2735)","chan":"stdout","logger":"task"}
{"timestamp":"2025-07-11T16:00:02.912922Z","level":"info","event":"\tat org.apache.hadoop.fs.FileSystem.getFileSystemClass(FileSystem.java:3569)","chan":"stdout","logger":"task"}
{"timestamp":"2025-07-11T16:00:02.913275Z","level":"info","event":"\tat org.apache.hadoop.fs.FileSystem.createFileSystem(FileSystem.java:3612)","chan":"stdout","logger":"task"}
{"timestamp":"2025-07-11T16:00:02.913626Z","level":"info","event":"\tat org.apache.hadoop.fs.FileSystem.access$300(FileSystem.java:172)","chan":"stdout","logger":"task"}
{"timestamp":"2025-07-11T16:00:02.913980Z","level":"info","event":"\tat org.apache.hadoop.fs.FileSystem$Cache.getInternal(FileSystem.java:3716)","chan":"stdout","logger":"task"}
{"timestamp":"2025-07-11T16:00:02.914327Z","level":"info","event":"\tat org.apache.hadoop.fs.FileSystem$Cache.get(FileSystem.java:3667)","chan":"stdout","logger":"task"}
{"timestamp":"2025-07-11T16:00:02.914651Z","level":"info","event":"\tat org.apache.hadoop.fs.FileSystem.get(FileSystem.java:557)","chan":"stdout","logger":"task"}
{"timestamp":"2025-07-11T16:00:02.915027Z","level":"info","event":"\tat org.apache.hadoop.fs.Path.getFileSystem(Path.java:366)","chan":"stdout","logger":"task"}
{"timestamp":"2025-07-11T16:00:02.915330Z","level":"info","event":"\tat org.apache.spark.sql.execution.streaming.FileStreamSink$.hasMetadata(FileStreamSink.scala:55)","chan":"stdout","logger":"task"}
{"timestamp":"2025-07-11T16:00:02.915624Z","level":"info","event":"\tat org.apache.spark.sql.execution.datasources.DataSource.resolveRelation(DataSource.scala:381)","chan":"stdout","logger":"task"}
{"timestamp":"2025-07-11T16:00:02.916207Z","level":"info","event":"\tat org.apache.spark.sql.catalyst.analysis.ResolveDataSource.org$apache$spark$sql$catalyst$analysis$ResolveDataSource$$loadV1BatchSource(ResolveDataSource.scala:143)","chan":"stdout","logger":"task"}
{"timestamp":"2025-07-11T16:00:02.916625Z","level":"info","event":"\tat org.apache.spark.sql.catalyst.analysis.ResolveDataSource$$anonfun$apply$1.$anonfun$applyOrElse$2(ResolveDataSource.scala:61)","chan":"stdout","logger":"task"}
{"timestamp":"2025-07-11T16:00:02.916958Z","level":"info","event":"\tat scala.Option.getOrElse(Option.scala:201)","chan":"stdout","logger":"task"}
{"timestamp":"2025-07-11T16:00:02.917266Z","level":"info","event":"\tat org.apache.spark.sql.catalyst.analysis.ResolveDataSource$$anonfun$apply$1.applyOrElse(ResolveDataSource.scala:61)","chan":"stdout","logger":"task"}
{"timestamp":"2025-07-11T16:00:02.917531Z","level":"info","event":"\tat org.apache.spark.sql.catalyst.analysis.ResolveDataSource$$anonfun$apply$1.applyOrElse(ResolveDataSource.scala:45)","chan":"stdout","logger":"task"}
{"timestamp":"2025-07-11T16:00:02.917836Z","level":"info","event":"\tat org.apache.spark.sql.catalyst.plans.logical.AnalysisHelper.$anonfun$resolveOperatorsUpWithPruning$3(AnalysisHelper.scala:139)","chan":"stdout","logger":"task"}
{"timestamp":"2025-07-11T16:00:02.918120Z","level":"info","event":"\tat org.apache.spark.sql.catalyst.trees.CurrentOrigin$.withOrigin(origin.scala:86)","chan":"stdout","logger":"task"}
{"timestamp":"2025-07-11T16:00:02.918401Z","level":"info","event":"\tat org.apache.spark.sql.catalyst.plans.logical.AnalysisHelper.$anonfun$resolveOperatorsUpWithPruning$1(AnalysisHelper.scala:139)","chan":"stdout","logger":"task"}
{"timestamp":"2025-07-11T16:00:02.918760Z","level":"info","event":"\tat org.apache.spark.sql.catalyst.plans.logical.AnalysisHelper$.allowInvokingTransformsInAnalyzer(AnalysisHelper.scala:416)","chan":"stdout","logger":"task"}
{"timestamp":"2025-07-11T16:00:02.919042Z","level":"info","event":"\tat org.apache.spark.sql.catalyst.plans.logical.AnalysisHelper.resolveOperatorsUpWithPruning(AnalysisHelper.scala:135)","chan":"stdout","logger":"task"}
{"timestamp":"2025-07-11T16:00:02.919306Z","level":"info","event":"\tat org.apache.spark.sql.catalyst.plans.logical.AnalysisHelper.resolveOperatorsUpWithPruning$(AnalysisHelper.scala:131)","chan":"stdout","logger":"task"}
{"timestamp":"2025-07-11T16:00:02.919575Z","level":"info","event":"\tat org.apache.spark.sql.catalyst.plans.logical.LogicalPlan.resolveOperatorsUpWithPruning(LogicalPlan.scala:37)","chan":"stdout","logger":"task"}
{"timestamp":"2025-07-11T16:00:02.919971Z","level":"info","event":"\tat org.apache.spark.sql.catalyst.plans.logical.AnalysisHelper.resolveOperatorsUp(AnalysisHelper.scala:112)","chan":"stdout","logger":"task"}
{"timestamp":"2025-07-11T16:00:02.920274Z","level":"info","event":"\tat org.apache.spark.sql.catalyst.plans.logical.AnalysisHelper.resolveOperatorsUp$(AnalysisHelper.scala:111)","chan":"stdout","logger":"task"}
{"timestamp":"2025-07-11T16:00:02.920552Z","level":"info","event":"\tat org.apache.spark.sql.catalyst.plans.logical.LogicalPlan.resolveOperatorsUp(LogicalPlan.scala:37)","chan":"stdout","logger":"task"}
{"timestamp":"2025-07-11T16:00:02.920850Z","level":"info","event":"\tat org.apache.spark.sql.catalyst.analysis.ResolveDataSource.apply(ResolveDataSource.scala:45)","chan":"stdout","logger":"task"}
{"timestamp":"2025-07-11T16:00:02.921252Z","level":"info","event":"\tat org.apache.spark.sql.catalyst.analysis.ResolveDataSource.apply(ResolveDataSource.scala:43)","chan":"stdout","logger":"task"}
{"timestamp":"2025-07-11T16:00:02.921552Z","level":"info","event":"\tat org.apache.spark.sql.catalyst.rules.RuleExecutor.$anonfun$execute$2(RuleExecutor.scala:242)","chan":"stdout","logger":"task"}
{"timestamp":"2025-07-11T16:00:02.921861Z","level":"info","event":"\tat scala.collection.LinearSeqOps.foldLeft(LinearSeq.scala:183)","chan":"stdout","logger":"task"}
{"timestamp":"2025-07-11T16:00:02.922142Z","level":"info","event":"\tat scala.collection.LinearSeqOps.foldLeft$(LinearSeq.scala:179)","chan":"stdout","logger":"task"}
{"timestamp":"2025-07-11T16:00:02.922419Z","level":"info","event":"\tat scala.collection.immutable.List.foldLeft(List.scala:79)","chan":"stdout","logger":"task"}
{"timestamp":"2025-07-11T16:00:02.922744Z","level":"info","event":"\tat org.apache.spark.sql.catalyst.rules.RuleExecutor.$anonfun$execute$1(RuleExecutor.scala:239)","chan":"stdout","logger":"task"}
{"timestamp":"2025-07-11T16:00:02.923043Z","level":"info","event":"\tat org.apache.spark.sql.catalyst.rules.RuleExecutor.$anonfun$execute$1$adapted(RuleExecutor.scala:231)","chan":"stdout","logger":"task"}
{"timestamp":"2025-07-11T16:00:02.923469Z","level":"info","event":"\tat scala.collection.immutable.List.foreach(List.scala:334)","chan":"stdout","logger":"task"}
{"timestamp":"2025-07-11T16:00:02.923793Z","level":"info","event":"\tat org.apache.spark.sql.catalyst.rules.RuleExecutor.execute(RuleExecutor.scala:231)","chan":"stdout","logger":"task"}
{"timestamp":"2025-07-11T16:00:02.924084Z","level":"info","event":"\tat org.apache.spark.sql.catalyst.analysis.Analyzer.org$apache$spark$sql$catalyst$analysis$Analyzer$$executeSameContext(Analyzer.scala:290)","chan":"stdout","logger":"task"}
{"timestamp":"2025-07-11T16:00:02.924357Z","level":"info","event":"\tat org.apache.spark.sql.catalyst.analysis.Analyzer.$anonfun$execute$1(Analyzer.scala:286)","chan":"stdout","logger":"task"}
{"timestamp":"2025-07-11T16:00:02.924647Z","level":"info","event":"\tat org.apache.spark.sql.catalyst.analysis.AnalysisContext$.withNewAnalysisContext(Analyzer.scala:234)","chan":"stdout","logger":"task"}
{"timestamp":"2025-07-11T16:00:02.925131Z","level":"info","event":"\tat org.apache.spark.sql.catalyst.analysis.Analyzer.execute(Analyzer.scala:286)","chan":"stdout","logger":"task"}
{"timestamp":"2025-07-11T16:00:02.925431Z","level":"info","event":"\tat org.apache.spark.sql.catalyst.analysis.Analyzer.execute(Analyzer.scala:249)","chan":"stdout","logger":"task"}
{"timestamp":"2025-07-11T16:00:02.925825Z","level":"info","event":"\tat org.apache.spark.sql.catalyst.rules.RuleExecutor.$anonfun$executeAndTrack$1(RuleExecutor.scala:201)","chan":"stdout","logger":"task"}
{"timestamp":"2025-07-11T16:00:02.926194Z","level":"info","event":"\tat org.apache.spark.sql.catalyst.QueryPlanningTracker$.withTracker(QueryPlanningTracker.scala:89)","chan":"stdout","logger":"task"}
{"timestamp":"2025-07-11T16:00:02.926867Z","level":"info","event":"\tat org.apache.spark.sql.catalyst.rules.RuleExecutor.executeAndTrack(RuleExecutor.scala:201)","chan":"stdout","logger":"task"}
{"timestamp":"2025-07-11T16:00:02.927163Z","level":"info","event":"\tat org.apache.spark.sql.catalyst.analysis.resolver.HybridAnalyzer.resolveInFixedPoint(HybridAnalyzer.scala:190)","chan":"stdout","logger":"task"}
{"timestamp":"2025-07-11T16:00:02.927653Z","level":"info","event":"\tat org.apache.spark.sql.catalyst.analysis.resolver.HybridAnalyzer.$anonfun$apply$1(HybridAnalyzer.scala:76)","chan":"stdout","logger":"task"}
{"timestamp":"2025-07-11T16:00:02.927945Z","level":"info","event":"\tat org.apache.spark.sql.catalyst.analysis.resolver.HybridAnalyzer.withTrackedAnalyzerBridgeState(HybridAnalyzer.scala:111)","chan":"stdout","logger":"task"}
{"timestamp":"2025-07-11T16:00:02.928238Z","level":"info","event":"\tat org.apache.spark.sql.catalyst.analysis.resolver.HybridAnalyzer.apply(HybridAnalyzer.scala:71)","chan":"stdout","logger":"task"}
{"timestamp":"2025-07-11T16:00:02.928695Z","level":"info","event":"\tat org.apache.spark.sql.catalyst.analysis.Analyzer.$anonfun$executeAndCheck$1(Analyzer.scala:280)","chan":"stdout","logger":"task"}
{"timestamp":"2025-07-11T16:00:02.928993Z","level":"info","event":"\tat org.apache.spark.sql.catalyst.plans.logical.AnalysisHelper$.markInAnalyzer(AnalysisHelper.scala:423)","chan":"stdout","logger":"task"}
{"timestamp":"2025-07-11T16:00:02.929282Z","level":"info","event":"\tat org.apache.spark.sql.catalyst.analysis.Analyzer.executeAndCheck(Analyzer.scala:280)","chan":"stdout","logger":"task"}
{"timestamp":"2025-07-11T16:00:02.929550Z","level":"info","event":"\tat org.apache.spark.sql.execution.QueryExecution.$anonfun$lazyAnalyzed$2(QueryExecution.scala:110)","chan":"stdout","logger":"task"}
{"timestamp":"2025-07-11T16:00:02.929845Z","level":"info","event":"\tat org.apache.spark.sql.catalyst.QueryPlanningTracker.measurePhase(QueryPlanningTracker.scala:148)","chan":"stdout","logger":"task"}
{"timestamp":"2025-07-11T16:00:02.930122Z","level":"info","event":"\tat org.apache.spark.sql.execution.QueryExecution.$anonfun$executePhase$2(QueryExecution.scala:278)","chan":"stdout","logger":"task"}
{"timestamp":"2025-07-11T16:00:02.930381Z","level":"info","event":"\tat org.apache.spark.sql.execution.QueryExecution$.withInternalError(QueryExecution.scala:654)","chan":"stdout","logger":"task"}
{"timestamp":"2025-07-11T16:00:02.930725Z","level":"info","event":"\tat org.apache.spark.sql.execution.QueryExecution.$anonfun$executePhase$1(QueryExecution.scala:278)","chan":"stdout","logger":"task"}
{"timestamp":"2025-07-11T16:00:02.931002Z","level":"info","event":"\tat org.apache.spark.sql.SparkSession.withActive(SparkSession.scala:804)","chan":"stdout","logger":"task"}
{"timestamp":"2025-07-11T16:00:02.931282Z","level":"info","event":"\tat org.apache.spark.sql.execution.QueryExecution.executePhase(QueryExecution.scala:277)","chan":"stdout","logger":"task"}
{"timestamp":"2025-07-11T16:00:02.931553Z","level":"info","event":"\tat org.apache.spark.sql.execution.QueryExecution.$anonfun$lazyAnalyzed$1(QueryExecution.scala:110)","chan":"stdout","logger":"task"}
{"timestamp":"2025-07-11T16:00:02.931843Z","level":"info","event":"\tat scala.util.Try$.apply(Try.scala:217)","chan":"stdout","logger":"task"}
{"timestamp":"2025-07-11T16:00:02.932106Z","level":"info","event":"\tat org.apache.spark.util.Utils$.doTryWithCallerStacktrace(Utils.scala:1378)","chan":"stdout","logger":"task"}
{"timestamp":"2025-07-11T16:00:02.932410Z","level":"info","event":"\tat org.apache.spark.util.LazyTry.tryT$lzycompute(LazyTry.scala:46)","chan":"stdout","logger":"task"}
{"timestamp":"2025-07-11T16:00:02.932699Z","level":"info","event":"\tat org.apache.spark.util.LazyTry.tryT(LazyTry.scala:46)","chan":"stdout","logger":"task"}
{"timestamp":"2025-07-11T16:00:02.932973Z","level":"info","event":"\tat org.apache.spark.util.LazyTry.get(LazyTry.scala:58)","chan":"stdout","logger":"task"}
{"timestamp":"2025-07-11T16:00:02.933265Z","level":"info","event":"\tat org.apache.spark.sql.execution.QueryExecution.analyzed(QueryExecution.scala:121)","chan":"stdout","logger":"task"}
{"timestamp":"2025-07-11T16:00:02.933642Z","level":"info","event":"\tat org.apache.spark.sql.execution.QueryExecution.assertAnalyzed(QueryExecution.scala:80)","chan":"stdout","logger":"task"}
{"timestamp":"2025-07-11T16:00:02.933909Z","level":"info","event":"\tat org.apache.spark.sql.classic.Dataset$.$anonfun$ofRows$1(Dataset.scala:115)","chan":"stdout","logger":"task"}
{"timestamp":"2025-07-11T16:00:02.934178Z","level":"info","event":"\tat org.apache.spark.sql.SparkSession.withActive(SparkSession.scala:804)","chan":"stdout","logger":"task"}
{"timestamp":"2025-07-11T16:00:02.934449Z","level":"info","event":"\tat org.apache.spark.sql.classic.Dataset$.ofRows(Dataset.scala:113)","chan":"stdout","logger":"task"}
{"timestamp":"2025-07-11T16:00:02.934734Z","level":"info","event":"\tat org.apache.spark.sql.classic.DataFrameReader.load(DataFrameReader.scala:109)","chan":"stdout","logger":"task"}
{"timestamp":"2025-07-11T16:00:02.935022Z","level":"info","event":"\tat org.apache.spark.sql.classic.DataFrameReader.load(DataFrameReader.scala:58)","chan":"stdout","logger":"task"}
{"timestamp":"2025-07-11T16:00:02.935281Z","level":"info","event":"\tat org.apache.spark.sql.DataFrameReader.json(DataFrameReader.scala:296)","chan":"stdout","logger":"task"}
{"timestamp":"2025-07-11T16:00:02.935594Z","level":"info","event":"\tat org.apache.spark.sql.classic.DataFrameReader.json(DataFrameReader.scala:150)","chan":"stdout","logger":"task"}
{"timestamp":"2025-07-11T16:00:02.935842Z","level":"info","event":"\tat java.base/jdk.internal.reflect.NativeMethodAccessorImpl.invoke0(Native Method)","chan":"stdout","logger":"task"}
{"timestamp":"2025-07-11T16:00:02.936149Z","level":"info","event":"\tat java.base/jdk.internal.reflect.NativeMethodAccessorImpl.invoke(NativeMethodAccessorImpl.java:77)","chan":"stdout","logger":"task"}
{"timestamp":"2025-07-11T16:00:02.936451Z","level":"info","event":"\tat java.base/jdk.internal.reflect.DelegatingMethodAccessorImpl.invoke(DelegatingMethodAccessorImpl.java:43)","chan":"stdout","logger":"task"}
{"timestamp":"2025-07-11T16:00:02.936721Z","level":"info","event":"\tat java.base/java.lang.reflect.Method.invoke(Method.java:569)","chan":"stdout","logger":"task"}
{"timestamp":"2025-07-11T16:00:02.936968Z","level":"info","event":"\tat py4j.reflection.MethodInvoker.invoke(MethodInvoker.java:244)","chan":"stdout","logger":"task"}
{"timestamp":"2025-07-11T16:00:02.937212Z","level":"info","event":"\tat py4j.reflection.ReflectionEngine.invoke(ReflectionEngine.java:374)","chan":"stdout","logger":"task"}
{"timestamp":"2025-07-11T16:00:02.937461Z","level":"info","event":"\tat py4j.Gateway.invoke(Gateway.java:282)","chan":"stdout","logger":"task"}
{"timestamp":"2025-07-11T16:00:02.937839Z","level":"info","event":"\tat py4j.commands.AbstractCommand.invokeMethod(AbstractCommand.java:132)","chan":"stdout","logger":"task"}
{"timestamp":"2025-07-11T16:00:02.938118Z","level":"info","event":"\tat py4j.commands.CallCommand.execute(CallCommand.java:79)","chan":"stdout","logger":"task"}
{"timestamp":"2025-07-11T16:00:02.938376Z","level":"info","event":"\tat py4j.ClientServerConnection.waitForCommands(ClientServerConnection.java:184)","chan":"stdout","logger":"task"}
{"timestamp":"2025-07-11T16:00:02.938652Z","level":"info","event":"\tat py4j.ClientServerConnection.run(ClientServerConnection.java:108)","chan":"stdout","logger":"task"}
{"timestamp":"2025-07-11T16:00:02.939685Z","level":"info","event":"\tat java.base/java.lang.Thread.run(Thread.java:840)","chan":"stdout","logger":"task"}
{"timestamp":"2025-07-11T16:00:02.940023Z","level":"info","event":"Caused by: java.lang.ClassNotFoundException: software.amazon.awssdk.http.ContentStreamProvider","chan":"stdout","logger":"task"}
{"timestamp":"2025-07-11T16:00:02.940390Z","level":"info","event":"\tat java.base/java.net.URLClassLoader.findClass(URLClassLoader.java:445)","chan":"stdout","logger":"task"}
{"timestamp":"2025-07-11T16:00:02.940722Z","level":"info","event":"\tat java.base/java.lang.ClassLoader.loadClass(ClassLoader.java:592)","chan":"stdout","logger":"task"}
{"timestamp":"2025-07-11T16:00:02.941004Z","level":"info","event":"\tat java.base/java.lang.ClassLoader.loadClass(ClassLoader.java:525)","chan":"stdout","logger":"task"}
{"timestamp":"2025-07-11T16:00:02.941302Z","level":"info","event":"\t... 88 more","chan":"stdout","logger":"task"}
{"timestamp":"2025-07-11T16:00:02.941540Z","level":"info","event":"","chan":"stdout","logger":"task"}
