{"timestamp":"2025-07-11T14:22:48.488147","level":"info","event":"DAG bundles loaded: dags-folder, example_dags","logger":"airflow.dag_processing.bundles.manager.DagBundlesManager"}
{"timestamp":"2025-07-11T14:22:48.488639","level":"info","event":"Filling up the DagBag from /opt/airflow/dags/main.py","logger":"airflow.models.dagbag.DagBag"}
{"timestamp":"2025-07-11T14:22:48.922287Z","level":"error","event":"WARNING: Using incubator modules: jdk.incubator.vector","chan":"stderr","logger":"task"}
{"timestamp":"2025-07-11T14:22:51.154809Z","level":"error","event":"25/07/11 14:22:51 WARN NativeCodeLoader: Unable to load native-hadoop library for your platform... using builtin-java classes where applicable","chan":"stderr","logger":"task"}
{"timestamp":"2025-07-11T14:22:51.397448Z","level":"error","event":"Using Spark's default log4j profile: org/apache/spark/log4j2-defaults.properties","chan":"stderr","logger":"task"}
{"timestamp":"2025-07-11T14:22:51.397951Z","level":"error","event":"Setting default log level to \"WARN\".","chan":"stderr","logger":"task"}
{"timestamp":"2025-07-11T14:22:51.398234Z","level":"error","event":"To adjust logging level use sc.setLogLevel(newLevel). For SparkR, use setLogLevel(newLevel).","chan":"stderr","logger":"task"}
{"timestamp":"2025-07-11T14:22:59.170917Z","level":"info","event":"Task instance is in running state","chan":"stdout","logger":"task"}
{"timestamp":"2025-07-11T14:22:59.171785Z","level":"info","event":" Previous state of the Task instance: queued","chan":"stdout","logger":"task"}
{"timestamp":"2025-07-11T14:22:59.172194Z","level":"info","event":"Current task name:etl_data_weather.load","chan":"stdout","logger":"task"}
{"timestamp":"2025-07-11T14:22:59.172589Z","level":"info","event":"Dag name:etl_pipeline","chan":"stdout","logger":"task"}
{"timestamp":"2025-07-11T14:22:59.172868Z","level":"info","event":"extract data from file","chan":"stdout","logger":"task"}
{"timestamp":"2025-07-11T14:22:59.225139Z","level":"info","event":"spark.hadoop.fs.s3a.connection.part.upload.timeout = 60000","chan":"stdout","logger":"task"}
{"timestamp":"2025-07-11T14:22:59.225610Z","level":"info","event":"spark.jars = /opt/spark/jars/hadoop-aws-3.3.4.jar,/opt/spark/jars/aws-java-sdk-bundle-1.12.480.jar,/opt/spark/jars/ojdbc11.jar","chan":"stdout","logger":"task"}
{"timestamp":"2025-07-11T14:22:59.226000Z","level":"info","event":"spark.hadoop.fs.s3a.socket.recv.buffer = 65536","chan":"stdout","logger":"task"}
{"timestamp":"2025-07-11T14:22:59.226579Z","level":"info","event":"spark.hadoop.fs.s3a.impl.disable.cache = true","chan":"stdout","logger":"task"}
{"timestamp":"2025-07-11T14:22:59.227007Z","level":"info","event":"spark.app.initial.jar.urls = spark://50695376be0d:37683/jars/aws-java-sdk-bundle-1.12.480.jar,spark://50695376be0d:37683/jars/ojdbc11.jar,spark://50695376be0d:37683/jars/hadoop-aws-3.3.4.jar","chan":"stdout","logger":"task"}
{"timestamp":"2025-07-11T14:22:59.227337Z","level":"info","event":"spark.hadoop.fs.s3a.connection.request.timeout = 60000","chan":"stdout","logger":"task"}
{"timestamp":"2025-07-11T14:22:59.227670Z","level":"info","event":"spark.driver.host = 50695376be0d","chan":"stdout","logger":"task"}
{"timestamp":"2025-07-11T14:22:59.227948Z","level":"info","event":"spark.driver.port = 37683","chan":"stdout","logger":"task"}
{"timestamp":"2025-07-11T14:22:59.228236Z","level":"info","event":"spark.app.submitTime = 1752243771313","chan":"stdout","logger":"task"}
{"timestamp":"2025-07-11T14:22:59.228490Z","level":"info","event":"spark.hadoop.fs.s3a.path.style.access = true","chan":"stdout","logger":"task"}
{"timestamp":"2025-07-11T14:22:59.228926Z","level":"info","event":"spark.rdd.compress = True","chan":"stdout","logger":"task"}
{"timestamp":"2025-07-11T14:22:59.229755Z","level":"info","event":"spark.hadoop.fs.s3a.connection.idle.time = 60000","chan":"stdout","logger":"task"}
{"timestamp":"2025-07-11T14:22:59.230279Z","level":"info","event":"spark.executor.extraClassPath = /opt/spark/jars/ojdbc11.jar","chan":"stdout","logger":"task"}
{"timestamp":"2025-07-11T14:22:59.230541Z","level":"info","event":"spark.hadoop.fs.s3a.endpoint = http://127.0.0.1:9000/","chan":"stdout","logger":"task"}
{"timestamp":"2025-07-11T14:22:59.230856Z","level":"info","event":"spark.hadoop.fs.s3a.connection.establish.timeout = 5000","chan":"stdout","logger":"task"}
{"timestamp":"2025-07-11T14:22:59.231103Z","level":"info","event":"spark.hadoop.fs.s3a.access.key = admin","chan":"stdout","logger":"task"}
{"timestamp":"2025-07-11T14:22:59.231362Z","level":"info","event":"spark.hadoop.fs.s3a.retry.interval = 500","chan":"stdout","logger":"task"}
{"timestamp":"2025-07-11T14:22:59.231613Z","level":"info","event":"spark.hadoop.fs.s3a.connection.maximum = 15","chan":"stdout","logger":"task"}
{"timestamp":"2025-07-11T14:22:59.231904Z","level":"info","event":"spark.hadoop.fs.s3a.retry.limit = 5","chan":"stdout","logger":"task"}
{"timestamp":"2025-07-11T14:22:59.232142Z","level":"info","event":"spark.hadoop.fs.s3a.vectored.read.max.merged.size = 2097152","chan":"stdout","logger":"task"}
{"timestamp":"2025-07-11T14:22:59.232513Z","level":"info","event":"spark.hadoop.fs.s3a.impl = org.apache.hadoop.fs.s3a.S3AFileSystem","chan":"stdout","logger":"task"}
{"timestamp":"2025-07-11T14:22:59.232754Z","level":"info","event":"spark.hadoop.fs.s3a.vectored.read.min.seek.size = 131072","chan":"stdout","logger":"task"}
{"timestamp":"2025-07-11T14:22:59.232998Z","level":"info","event":"spark.hadoop.fs.s3a.secret.key = admin12345","chan":"stdout","logger":"task"}
{"timestamp":"2025-07-11T14:22:59.233261Z","level":"info","event":"spark.sql.adaptive.coalescePartitions.enabled = false","chan":"stdout","logger":"task"}
{"timestamp":"2025-07-11T14:22:59.233542Z","level":"info","event":"spark.hadoop.fs.s3a.socket.send.buffer = 65536","chan":"stdout","logger":"task"}
{"timestamp":"2025-07-11T14:22:59.233848Z","level":"info","event":"spark.hadoop.fs.s3a.fast.upload = true","chan":"stdout","logger":"task"}
{"timestamp":"2025-07-11T14:22:59.234082Z","level":"info","event":"spark.executor.extraJavaOptions = -Djava.net.preferIPv6Addresses=false -XX:+IgnoreUnrecognizedVMOptions --add-modules=jdk.incubator.vector --add-opens=java.base/java.lang=ALL-UNNAMED --add-opens=java.base/java.lang.invoke=ALL-UNNAMED --add-opens=java.base/java.lang.reflect=ALL-UNNAMED --add-opens=java.base/java.io=ALL-UNNAMED --add-opens=java.base/java.net=ALL-UNNAMED --add-opens=java.base/java.nio=ALL-UNNAMED --add-opens=java.base/java.util=ALL-UNNAMED --add-opens=java.base/java.util.concurrent=ALL-UNNAMED --add-opens=java.base/java.util.concurrent.atomic=ALL-UNNAMED --add-opens=java.base/jdk.internal.ref=ALL-UNNAMED --add-opens=java.base/sun.nio.ch=ALL-UNNAMED --add-opens=java.base/sun.nio.cs=ALL-UNNAMED --add-opens=java.base/sun.security.action=ALL-UNNAMED --add-opens=java.base/sun.util.calendar=ALL-UNNAMED --add-opens=java.security.jgss/sun.security.krb5=ALL-UNNAMED -Djdk.reflect.useDirectMethodHandle=false -Dio.netty.tryReflectionSetAccessible=true","chan":"stdout","logger":"task"}
{"timestamp":"2025-07-11T14:22:59.234423Z","level":"info","event":"spark.sql.artifact.isolation.enabled = false","chan":"stdout","logger":"task"}
{"timestamp":"2025-07-11T14:22:59.234792Z","level":"info","event":"spark.hadoop.fs.s3a.multipart.size = 104857600","chan":"stdout","logger":"task"}
{"timestamp":"2025-07-11T14:22:59.235003Z","level":"info","event":"spark.master = local[*]","chan":"stdout","logger":"task"}
{"timestamp":"2025-07-11T14:22:59.235219Z","level":"info","event":"spark.executor.id = driver","chan":"stdout","logger":"task"}
{"timestamp":"2025-07-11T14:22:59.235498Z","level":"info","event":"spark.driver.extraClassPath = /opt/spark/jars/ojdbc11.jar","chan":"stdout","logger":"task"}
{"timestamp":"2025-07-11T14:22:59.235748Z","level":"info","event":"spark.app.name = BAITEST","chan":"stdout","logger":"task"}
{"timestamp":"2025-07-11T14:22:59.235971Z","level":"info","event":"spark.submit.deployMode = client","chan":"stdout","logger":"task"}
{"timestamp":"2025-07-11T14:22:59.236223Z","level":"info","event":"spark.hadoop.fs.s3a.connection.ssl.enabled = false","chan":"stdout","logger":"task"}
{"timestamp":"2025-07-11T14:22:59.236485Z","level":"info","event":"spark.app.startTime = 1752243771773","chan":"stdout","logger":"task"}
{"timestamp":"2025-07-11T14:22:59.236778Z","level":"info","event":"spark.serializer.objectStreamReset = 100","chan":"stdout","logger":"task"}
{"timestamp":"2025-07-11T14:22:59.237146Z","level":"info","event":"spark.app.id = local-1752243773066","chan":"stdout","logger":"task"}
{"timestamp":"2025-07-11T14:22:59.237491Z","level":"info","event":"spark.ui.showConsoleProgress = true","chan":"stdout","logger":"task"}
{"timestamp":"2025-07-11T14:22:59.238118Z","level":"info","event":"spark.hadoop.fs.s3a.threads.max = 10","chan":"stdout","logger":"task"}
{"timestamp":"2025-07-11T14:22:59.238474Z","level":"info","event":"spark.hadoop.fs.s3a.aws.credentials.provider = org.apache.hadoop.fs.s3a.SimpleAWSCredentialsProvider","chan":"stdout","logger":"task"}
{"timestamp":"2025-07-11T14:22:59.238756Z","level":"info","event":"spark.submit.pyFiles =","chan":"stdout","logger":"task"}
{"timestamp":"2025-07-11T14:22:59.239027Z","level":"info","event":"spark.driver.extraJavaOptions = -Djava.net.preferIPv6Addresses=false -XX:+IgnoreUnrecognizedVMOptions --add-modules=jdk.incubator.vector --add-opens=java.base/java.lang=ALL-UNNAMED --add-opens=java.base/java.lang.invoke=ALL-UNNAMED --add-opens=java.base/java.lang.reflect=ALL-UNNAMED --add-opens=java.base/java.io=ALL-UNNAMED --add-opens=java.base/java.net=ALL-UNNAMED --add-opens=java.base/java.nio=ALL-UNNAMED --add-opens=java.base/java.util=ALL-UNNAMED --add-opens=java.base/java.util.concurrent=ALL-UNNAMED --add-opens=java.base/java.util.concurrent.atomic=ALL-UNNAMED --add-opens=java.base/jdk.internal.ref=ALL-UNNAMED --add-opens=java.base/sun.nio.ch=ALL-UNNAMED --add-opens=java.base/sun.nio.cs=ALL-UNNAMED --add-opens=java.base/sun.security.action=ALL-UNNAMED --add-opens=java.base/sun.util.calendar=ALL-UNNAMED --add-opens=java.security.jgss/sun.security.krb5=ALL-UNNAMED -Djdk.reflect.useDirectMethodHandle=false -Dio.netty.tryReflectionSetAccessible=true","chan":"stdout","logger":"task"}
{"timestamp":"2025-07-11T14:22:59.239268Z","level":"info","event":"spark.hadoop.fs.s3a.attempts.maximum = 3","chan":"stdout","logger":"task"}
{"timestamp":"2025-07-11T14:22:59.239567Z","level":"info","event":"spark.hadoop.fs.s3a.threads.keepalivetime = 60000","chan":"stdout","logger":"task"}
{"timestamp":"2025-07-11T14:22:59.239835Z","level":"info","event":"spark.sql.adaptive.enabled = false","chan":"stdout","logger":"task"}
{"timestamp":"2025-07-11T14:22:59.240125Z","level":"info","event":"spark.repl.local.jars = file:///opt/spark/jars/hadoop-aws-3.3.4.jar,file:///opt/spark/jars/aws-java-sdk-bundle-1.12.480.jar,file:///opt/spark/jars/ojdbc11.jar","chan":"stdout","logger":"task"}
{"timestamp":"2025-07-11T14:22:59.240380Z","level":"info","event":"spark.hadoop.fs.s3a.connection.timeout = 60000","chan":"stdout","logger":"task"}
{"timestamp":"2025-07-11T14:23:00.543429Z","level":"error","event":"25/07/11 14:23:00 WARN MetricsConfig: Cannot locate configuration: tried hadoop-metrics2-s3a-file-system.properties,hadoop-metrics2.properties","chan":"stderr","logger":"task"}
{"timestamp":"2025-07-11T14:23:01.581440Z","level":"error","event":"25/07/11 14:23:01 WARN FileSystem: Failed to initialize filesystem s3a://weather-data/opt/airflow/dataset/weather_data.json: java.lang.NumberFormatException: For input string: \"24h\"","chan":"stderr","logger":"task"}
{"timestamp":"2025-07-11T14:23:01.611337Z","level":"error","event":"25/07/11 14:23:01 WARN FileStreamSink: Assume no metadata directory. Error while looking for metadata directory in the path: s3a://weather-data/opt/airflow/dataset/weather_data.json.","chan":"stderr","logger":"task"}
{"timestamp":"2025-07-11T14:23:01.611844Z","level":"error","event":"java.lang.NumberFormatException: For input string: \"24h\"","chan":"stderr","logger":"task"}
{"timestamp":"2025-07-11T14:23:01.612204Z","level":"error","event":"\tat java.base/java.lang.NumberFormatException.forInputString(NumberFormatException.java:67)","chan":"stderr","logger":"task"}
{"timestamp":"2025-07-11T14:23:01.612611Z","level":"error","event":"\tat java.base/java.lang.Long.parseLong(Long.java:711)","chan":"stderr","logger":"task"}
{"timestamp":"2025-07-11T14:23:01.613163Z","level":"error","event":"\tat java.base/java.lang.Long.parseLong(Long.java:836)","chan":"stderr","logger":"task"}
{"timestamp":"2025-07-11T14:23:01.613443Z","level":"error","event":"\tat org.apache.hadoop.conf.Configuration.getLong(Configuration.java:1607)","chan":"stderr","logger":"task"}
{"timestamp":"2025-07-11T14:23:01.613690Z","level":"error","event":"\tat org.apache.hadoop.fs.s3a.S3AUtils.longOption(S3AUtils.java:1024)","chan":"stderr","logger":"task"}
{"timestamp":"2025-07-11T14:23:01.613992Z","level":"error","event":"\tat org.apache.hadoop.fs.s3a.S3AFileSystem.initMultipartUploads(S3AFileSystem.java:1074)","chan":"stderr","logger":"task"}
{"timestamp":"2025-07-11T14:23:01.614249Z","level":"error","event":"\tat org.apache.hadoop.fs.s3a.S3AFileSystem.initialize(S3AFileSystem.java:604)","chan":"stderr","logger":"task"}
{"timestamp":"2025-07-11T14:23:01.614512Z","level":"error","event":"\tat org.apache.hadoop.fs.FileSystem.createFileSystem(FileSystem.java:3615)","chan":"stderr","logger":"task"}
{"timestamp":"2025-07-11T14:23:01.614768Z","level":"error","event":"\tat org.apache.hadoop.fs.FileSystem.get(FileSystem.java:554)","chan":"stderr","logger":"task"}
{"timestamp":"2025-07-11T14:23:01.615016Z","level":"error","event":"\tat org.apache.hadoop.fs.Path.getFileSystem(Path.java:366)","chan":"stderr","logger":"task"}
{"timestamp":"2025-07-11T14:23:01.615274Z","level":"error","event":"\tat org.apache.spark.sql.execution.streaming.FileStreamSink$.hasMetadata(FileStreamSink.scala:55)","chan":"stderr","logger":"task"}
{"timestamp":"2025-07-11T14:23:01.615567Z","level":"error","event":"\tat org.apache.spark.sql.execution.datasources.DataSource.resolveRelation(DataSource.scala:381)","chan":"stderr","logger":"task"}
{"timestamp":"2025-07-11T14:23:01.615834Z","level":"error","event":"\tat org.apache.spark.sql.catalyst.analysis.ResolveDataSource.org$apache$spark$sql$catalyst$analysis$ResolveDataSource$$loadV1BatchSource(ResolveDataSource.scala:143)","chan":"stderr","logger":"task"}
{"timestamp":"2025-07-11T14:23:01.616074Z","level":"error","event":"\tat org.apache.spark.sql.catalyst.analysis.ResolveDataSource$$anonfun$apply$1.$anonfun$applyOrElse$2(ResolveDataSource.scala:61)","chan":"stderr","logger":"task"}
{"timestamp":"2025-07-11T14:23:01.616336Z","level":"error","event":"\tat scala.Option.getOrElse(Option.scala:201)","chan":"stderr","logger":"task"}
{"timestamp":"2025-07-11T14:23:01.616552Z","level":"error","event":"\tat org.apache.spark.sql.catalyst.analysis.ResolveDataSource$$anonfun$apply$1.applyOrElse(ResolveDataSource.scala:61)","chan":"stderr","logger":"task"}
{"timestamp":"2025-07-11T14:23:01.616760Z","level":"error","event":"\tat org.apache.spark.sql.catalyst.analysis.ResolveDataSource$$anonfun$apply$1.applyOrElse(ResolveDataSource.scala:45)","chan":"stderr","logger":"task"}
{"timestamp":"2025-07-11T14:23:01.616985Z","level":"error","event":"\tat org.apache.spark.sql.catalyst.plans.logical.AnalysisHelper.$anonfun$resolveOperatorsUpWithPruning$3(AnalysisHelper.scala:139)","chan":"stderr","logger":"task"}
{"timestamp":"2025-07-11T14:23:01.617224Z","level":"error","event":"\tat org.apache.spark.sql.catalyst.trees.CurrentOrigin$.withOrigin(origin.scala:86)","chan":"stderr","logger":"task"}
{"timestamp":"2025-07-11T14:23:01.617460Z","level":"error","event":"\tat org.apache.spark.sql.catalyst.plans.logical.AnalysisHelper.$anonfun$resolveOperatorsUpWithPruning$1(AnalysisHelper.scala:139)","chan":"stderr","logger":"task"}
{"timestamp":"2025-07-11T14:23:01.617708Z","level":"error","event":"\tat org.apache.spark.sql.catalyst.plans.logical.AnalysisHelper$.allowInvokingTransformsInAnalyzer(AnalysisHelper.scala:416)","chan":"stderr","logger":"task"}
{"timestamp":"2025-07-11T14:23:01.618044Z","level":"error","event":"\tat org.apache.spark.sql.catalyst.plans.logical.AnalysisHelper.resolveOperatorsUpWithPruning(AnalysisHelper.scala:135)","chan":"stderr","logger":"task"}
{"timestamp":"2025-07-11T14:23:01.618377Z","level":"error","event":"\tat org.apache.spark.sql.catalyst.plans.logical.AnalysisHelper.resolveOperatorsUpWithPruning$(AnalysisHelper.scala:131)","chan":"stderr","logger":"task"}
{"timestamp":"2025-07-11T14:23:01.618650Z","level":"error","event":"\tat org.apache.spark.sql.catalyst.plans.logical.LogicalPlan.resolveOperatorsUpWithPruning(LogicalPlan.scala:37)","chan":"stderr","logger":"task"}
{"timestamp":"2025-07-11T14:23:01.618895Z","level":"error","event":"\tat org.apache.spark.sql.catalyst.plans.logical.AnalysisHelper.resolveOperatorsUp(AnalysisHelper.scala:112)","chan":"stderr","logger":"task"}
{"timestamp":"2025-07-11T14:23:01.619165Z","level":"error","event":"\tat org.apache.spark.sql.catalyst.plans.logical.AnalysisHelper.resolveOperatorsUp$(AnalysisHelper.scala:111)","chan":"stderr","logger":"task"}
{"timestamp":"2025-07-11T14:23:01.619485Z","level":"error","event":"\tat org.apache.spark.sql.catalyst.plans.logical.LogicalPlan.resolveOperatorsUp(LogicalPlan.scala:37)","chan":"stderr","logger":"task"}
{"timestamp":"2025-07-11T14:23:01.619887Z","level":"error","event":"\tat org.apache.spark.sql.catalyst.analysis.ResolveDataSource.apply(ResolveDataSource.scala:45)","chan":"stderr","logger":"task"}
{"timestamp":"2025-07-11T14:23:01.620148Z","level":"error","event":"\tat org.apache.spark.sql.catalyst.analysis.ResolveDataSource.apply(ResolveDataSource.scala:43)","chan":"stderr","logger":"task"}
{"timestamp":"2025-07-11T14:23:01.620415Z","level":"error","event":"\tat org.apache.spark.sql.catalyst.rules.RuleExecutor.$anonfun$execute$2(RuleExecutor.scala:242)","chan":"stderr","logger":"task"}
{"timestamp":"2025-07-11T14:23:01.620767Z","level":"error","event":"\tat scala.collection.LinearSeqOps.foldLeft(LinearSeq.scala:183)","chan":"stderr","logger":"task"}
{"timestamp":"2025-07-11T14:23:01.621045Z","level":"error","event":"\tat scala.collection.LinearSeqOps.foldLeft$(LinearSeq.scala:179)","chan":"stderr","logger":"task"}
{"timestamp":"2025-07-11T14:23:01.622401Z","level":"error","event":"\tat scala.collection.immutable.List.foldLeft(List.scala:79)","chan":"stderr","logger":"task"}
{"timestamp":"2025-07-11T14:23:01.622769Z","level":"error","event":"\tat org.apache.spark.sql.catalyst.rules.RuleExecutor.$anonfun$execute$1(RuleExecutor.scala:239)","chan":"stderr","logger":"task"}
{"timestamp":"2025-07-11T14:23:01.623071Z","level":"error","event":"\tat org.apache.spark.sql.catalyst.rules.RuleExecutor.$anonfun$execute$1$adapted(RuleExecutor.scala:231)","chan":"stderr","logger":"task"}
{"timestamp":"2025-07-11T14:23:01.623328Z","level":"error","event":"\tat scala.collection.immutable.List.foreach(List.scala:334)","chan":"stderr","logger":"task"}
{"timestamp":"2025-07-11T14:23:01.623604Z","level":"error","event":"\tat org.apache.spark.sql.catalyst.rules.RuleExecutor.execute(RuleExecutor.scala:231)","chan":"stderr","logger":"task"}
{"timestamp":"2025-07-11T14:23:01.623858Z","level":"error","event":"\tat org.apache.spark.sql.catalyst.analysis.Analyzer.org$apache$spark$sql$catalyst$analysis$Analyzer$$executeSameContext(Analyzer.scala:290)","chan":"stderr","logger":"task"}
{"timestamp":"2025-07-11T14:23:01.624125Z","level":"error","event":"\tat org.apache.spark.sql.catalyst.analysis.Analyzer.$anonfun$execute$1(Analyzer.scala:286)","chan":"stderr","logger":"task"}
{"timestamp":"2025-07-11T14:23:01.624383Z","level":"error","event":"\tat org.apache.spark.sql.catalyst.analysis.AnalysisContext$.withNewAnalysisContext(Analyzer.scala:234)","chan":"stderr","logger":"task"}
{"timestamp":"2025-07-11T14:23:01.625265Z","level":"error","event":"\tat org.apache.spark.sql.catalyst.analysis.Analyzer.execute(Analyzer.scala:286)","chan":"stderr","logger":"task"}
{"timestamp":"2025-07-11T14:23:01.625637Z","level":"error","event":"\tat org.apache.spark.sql.catalyst.analysis.Analyzer.execute(Analyzer.scala:249)","chan":"stderr","logger":"task"}
{"timestamp":"2025-07-11T14:23:01.625886Z","level":"error","event":"\tat org.apache.spark.sql.catalyst.rules.RuleExecutor.$anonfun$executeAndTrack$1(RuleExecutor.scala:201)","chan":"stderr","logger":"task"}
{"timestamp":"2025-07-11T14:23:01.626168Z","level":"error","event":"\tat org.apache.spark.sql.catalyst.QueryPlanningTracker$.withTracker(QueryPlanningTracker.scala:89)","chan":"stderr","logger":"task"}
{"timestamp":"2025-07-11T14:23:01.626436Z","level":"error","event":"\tat org.apache.spark.sql.catalyst.rules.RuleExecutor.executeAndTrack(RuleExecutor.scala:201)","chan":"stderr","logger":"task"}
{"timestamp":"2025-07-11T14:23:01.626674Z","level":"error","event":"\tat org.apache.spark.sql.catalyst.analysis.resolver.HybridAnalyzer.resolveInFixedPoint(HybridAnalyzer.scala:190)","chan":"stderr","logger":"task"}
{"timestamp":"2025-07-11T14:23:01.626924Z","level":"error","event":"\tat org.apache.spark.sql.catalyst.analysis.resolver.HybridAnalyzer.$anonfun$apply$1(HybridAnalyzer.scala:76)","chan":"stderr","logger":"task"}
{"timestamp":"2025-07-11T14:23:01.627180Z","level":"error","event":"\tat org.apache.spark.sql.catalyst.analysis.resolver.HybridAnalyzer.withTrackedAnalyzerBridgeState(HybridAnalyzer.scala:111)","chan":"stderr","logger":"task"}
{"timestamp":"2025-07-11T14:23:01.627936Z","level":"error","event":"\tat org.apache.spark.sql.catalyst.analysis.resolver.HybridAnalyzer.apply(HybridAnalyzer.scala:71)","chan":"stderr","logger":"task"}
{"timestamp":"2025-07-11T14:23:01.628229Z","level":"error","event":"\tat org.apache.spark.sql.catalyst.analysis.Analyzer.$anonfun$executeAndCheck$1(Analyzer.scala:280)","chan":"stderr","logger":"task"}
{"timestamp":"2025-07-11T14:23:01.628500Z","level":"error","event":"\tat org.apache.spark.sql.catalyst.plans.logical.AnalysisHelper$.markInAnalyzer(AnalysisHelper.scala:423)","chan":"stderr","logger":"task"}
{"timestamp":"2025-07-11T14:23:01.628774Z","level":"error","event":"\tat org.apache.spark.sql.catalyst.analysis.Analyzer.executeAndCheck(Analyzer.scala:280)","chan":"stderr","logger":"task"}
{"timestamp":"2025-07-11T14:23:01.629203Z","level":"error","event":"\tat org.apache.spark.sql.execution.QueryExecution.$anonfun$lazyAnalyzed$2(QueryExecution.scala:110)","chan":"stderr","logger":"task"}
{"timestamp":"2025-07-11T14:23:01.629635Z","level":"error","event":"\tat org.apache.spark.sql.catalyst.QueryPlanningTracker.measurePhase(QueryPlanningTracker.scala:148)","chan":"stderr","logger":"task"}
{"timestamp":"2025-07-11T14:23:01.629914Z","level":"error","event":"\tat org.apache.spark.sql.execution.QueryExecution.$anonfun$executePhase$2(QueryExecution.scala:278)","chan":"stderr","logger":"task"}
{"timestamp":"2025-07-11T14:23:01.630915Z","level":"error","event":"\tat org.apache.spark.sql.execution.QueryExecution$.withInternalError(QueryExecution.scala:654)","chan":"stderr","logger":"task"}
{"timestamp":"2025-07-11T14:23:01.631306Z","level":"error","event":"\tat org.apache.spark.sql.execution.QueryExecution.$anonfun$executePhase$1(QueryExecution.scala:278)","chan":"stderr","logger":"task"}
{"timestamp":"2025-07-11T14:23:01.631781Z","level":"error","event":"\tat org.apache.spark.sql.SparkSession.withActive(SparkSession.scala:804)","chan":"stderr","logger":"task"}
{"timestamp":"2025-07-11T14:23:01.632085Z","level":"error","event":"\tat org.apache.spark.sql.execution.QueryExecution.executePhase(QueryExecution.scala:277)","chan":"stderr","logger":"task"}
{"timestamp":"2025-07-11T14:23:01.632426Z","level":"error","event":"\tat org.apache.spark.sql.execution.QueryExecution.$anonfun$lazyAnalyzed$1(QueryExecution.scala:110)","chan":"stderr","logger":"task"}
{"timestamp":"2025-07-11T14:23:01.632701Z","level":"error","event":"\tat scala.util.Try$.apply(Try.scala:217)","chan":"stderr","logger":"task"}
{"timestamp":"2025-07-11T14:23:01.633453Z","level":"error","event":"\tat org.apache.spark.util.Utils$.doTryWithCallerStacktrace(Utils.scala:1378)","chan":"stderr","logger":"task"}
{"timestamp":"2025-07-11T14:23:01.633743Z","level":"error","event":"\tat org.apache.spark.util.LazyTry.tryT$lzycompute(LazyTry.scala:46)","chan":"stderr","logger":"task"}
{"timestamp":"2025-07-11T14:23:01.634007Z","level":"error","event":"\tat org.apache.spark.util.LazyTry.tryT(LazyTry.scala:46)","chan":"stderr","logger":"task"}
{"timestamp":"2025-07-11T14:23:01.634271Z","level":"error","event":"\tat org.apache.spark.util.LazyTry.get(LazyTry.scala:58)","chan":"stderr","logger":"task"}
{"timestamp":"2025-07-11T14:23:01.634531Z","level":"error","event":"\tat org.apache.spark.sql.execution.QueryExecution.analyzed(QueryExecution.scala:121)","chan":"stderr","logger":"task"}
{"timestamp":"2025-07-11T14:23:01.634781Z","level":"error","event":"\tat org.apache.spark.sql.execution.QueryExecution.assertAnalyzed(QueryExecution.scala:80)","chan":"stderr","logger":"task"}
{"timestamp":"2025-07-11T14:23:01.635031Z","level":"error","event":"\tat org.apache.spark.sql.classic.Dataset$.$anonfun$ofRows$1(Dataset.scala:115)","chan":"stderr","logger":"task"}
{"timestamp":"2025-07-11T14:23:01.635862Z","level":"error","event":"\tat org.apache.spark.sql.SparkSession.withActive(SparkSession.scala:804)","chan":"stderr","logger":"task"}
{"timestamp":"2025-07-11T14:23:01.636143Z","level":"error","event":"\tat org.apache.spark.sql.classic.Dataset$.ofRows(Dataset.scala:113)","chan":"stderr","logger":"task"}
{"timestamp":"2025-07-11T14:23:01.636427Z","level":"error","event":"\tat org.apache.spark.sql.classic.DataFrameReader.load(DataFrameReader.scala:109)","chan":"stderr","logger":"task"}
{"timestamp":"2025-07-11T14:23:01.636669Z","level":"error","event":"\tat org.apache.spark.sql.classic.DataFrameReader.load(DataFrameReader.scala:58)","chan":"stderr","logger":"task"}
{"timestamp":"2025-07-11T14:23:01.636917Z","level":"error","event":"\tat org.apache.spark.sql.DataFrameReader.json(DataFrameReader.scala:296)","chan":"stderr","logger":"task"}
{"timestamp":"2025-07-11T14:23:01.637170Z","level":"error","event":"\tat org.apache.spark.sql.classic.DataFrameReader.json(DataFrameReader.scala:150)","chan":"stderr","logger":"task"}
{"timestamp":"2025-07-11T14:23:01.637566Z","level":"error","event":"\tat java.base/jdk.internal.reflect.NativeMethodAccessorImpl.invoke0(Native Method)","chan":"stderr","logger":"task"}
{"timestamp":"2025-07-11T14:23:01.638126Z","level":"error","event":"\tat java.base/jdk.internal.reflect.NativeMethodAccessorImpl.invoke(NativeMethodAccessorImpl.java:77)","chan":"stderr","logger":"task"}
{"timestamp":"2025-07-11T14:23:01.638381Z","level":"error","event":"\tat java.base/jdk.internal.reflect.DelegatingMethodAccessorImpl.invoke(DelegatingMethodAccessorImpl.java:43)","chan":"stderr","logger":"task"}
{"timestamp":"2025-07-11T14:23:01.638611Z","level":"error","event":"\tat java.base/java.lang.reflect.Method.invoke(Method.java:569)","chan":"stderr","logger":"task"}
{"timestamp":"2025-07-11T14:23:01.638968Z","level":"error","event":"\tat py4j.reflection.MethodInvoker.invoke(MethodInvoker.java:244)","chan":"stderr","logger":"task"}
{"timestamp":"2025-07-11T14:23:01.639259Z","level":"error","event":"\tat py4j.reflection.ReflectionEngine.invoke(ReflectionEngine.java:374)","chan":"stderr","logger":"task"}
{"timestamp":"2025-07-11T14:23:01.639538Z","level":"error","event":"\tat py4j.Gateway.invoke(Gateway.java:282)","chan":"stderr","logger":"task"}
{"timestamp":"2025-07-11T14:23:01.639810Z","level":"error","event":"\tat py4j.commands.AbstractCommand.invokeMethod(AbstractCommand.java:132)","chan":"stderr","logger":"task"}
{"timestamp":"2025-07-11T14:23:01.640068Z","level":"error","event":"\tat py4j.commands.CallCommand.execute(CallCommand.java:79)","chan":"stderr","logger":"task"}
{"timestamp":"2025-07-11T14:23:01.640333Z","level":"error","event":"\tat py4j.ClientServerConnection.waitForCommands(ClientServerConnection.java:184)","chan":"stderr","logger":"task"}
{"timestamp":"2025-07-11T14:23:01.640611Z","level":"error","event":"\tat py4j.ClientServerConnection.run(ClientServerConnection.java:108)","chan":"stderr","logger":"task"}
{"timestamp":"2025-07-11T14:23:01.640850Z","level":"error","event":"\tat java.base/java.lang.Thread.run(Thread.java:840)","chan":"stderr","logger":"task"}
{"timestamp":"2025-07-11T14:23:01.641112Z","level":"error","event":"25/07/11 14:23:01 WARN MetricsConfig: Cannot locate configuration: tried hadoop-metrics2-s3a-file-system.properties,hadoop-metrics2.properties","chan":"stderr","logger":"task"}
{"timestamp":"2025-07-11T14:23:01.641483Z","level":"error","event":"25/07/11 14:23:01 WARN FileSystem: Failed to initialize filesystem s3a://weather-data/opt/airflow/dataset/weather_data.json: java.lang.NumberFormatException: For input string: \"24h\"","chan":"stderr","logger":"task"}
{"timestamp":"2025-07-11T14:23:01.712189","level":"error","event":"Task failed with exception","logger":"task","error_detail":[{"exc_type":"NumberFormatException","exc_value":"For input string: \"24h\"","exc_notes":[],"syntax_error":null,"is_cause":false,"frames":[{"filename":"/home/airflow/.local/lib/python3.12/site-packages/airflow/sdk/execution_time/task_runner.py","lineno":825,"name":"run"},{"filename":"/home/airflow/.local/lib/python3.12/site-packages/airflow/sdk/execution_time/task_runner.py","lineno":1088,"name":"_execute_task"},{"filename":"/home/airflow/.local/lib/python3.12/site-packages/airflow/sdk/bases/operator.py","lineno":408,"name":"wrapper"},{"filename":"/home/airflow/.local/lib/python3.12/site-packages/airflow/providers/standard/operators/python.py","lineno":212,"name":"execute"},{"filename":"/home/airflow/.local/lib/python3.12/site-packages/airflow/providers/standard/operators/python.py","lineno":235,"name":"execute_callable"},{"filename":"/home/airflow/.local/lib/python3.12/site-packages/airflow/sdk/execution_time/callback_runner.py","lineno":81,"name":"run"},{"filename":"/opt/airflow/dags/main.py","lineno":22,"name":"run_etl_weather"},{"filename":"/opt/airflow/dags/etl_data_weather.py","lineno":27,"name":"extract_data_weather"},{"filename":"/home/airflow/.local/lib/python3.12/site-packages/pyspark/sql/readwriter.py","lineno":468,"name":"json"},{"filename":"/home/airflow/.local/lib/python3.12/site-packages/py4j/java_gateway.py","lineno":1362,"name":"__call__"},{"filename":"/home/airflow/.local/lib/python3.12/site-packages/pyspark/errors/exceptions/captured.py","lineno":288,"name":"deco"}]}]}
{"timestamp":"2025-07-11T14:23:01.749649Z","level":"info","event":"Task instance in failure state","chan":"stdout","logger":"task"}
{"timestamp":"2025-07-11T14:23:01.750179Z","level":"info","event":"Task start","chan":"stdout","logger":"task"}
{"timestamp":"2025-07-11T14:23:01.750557Z","level":"info","event":"Task:<Task(PythonOperator): etl_data_weather.load>","chan":"stdout","logger":"task"}
{"timestamp":"2025-07-11T14:23:01.750897Z","level":"info","event":"Failure caused by For input string: \"24h\"","chan":"stdout","logger":"task"}
