{"timestamp":"2025-07-11T19:58:21.874746","level":"info","event":"DAG bundles loaded: dags-folder, example_dags","logger":"airflow.dag_processing.bundles.manager.DagBundlesManager"}
{"timestamp":"2025-07-11T19:58:21.876030","level":"info","event":"Filling up the DagBag from /opt/airflow/dags/main.py","logger":"airflow.models.dagbag.DagBag"}
{"timestamp":"2025-07-11T19:58:22.811785Z","level":"error","event":"WARNING: Using incubator modules: jdk.incubator.vector","chan":"stderr","logger":"task"}
{"timestamp":"2025-07-11T19:58:25.811926Z","level":"error","event":"25/07/11 19:58:25 WARN NativeCodeLoader: Unable to load native-hadoop library for your platform... using builtin-java classes where applicable","chan":"stderr","logger":"task"}
{"timestamp":"2025-07-11T19:58:26.123035Z","level":"error","event":"Using Spark's default log4j profile: org/apache/spark/log4j2-defaults.properties","chan":"stderr","logger":"task"}
{"timestamp":"2025-07-11T19:58:26.124240Z","level":"error","event":"Setting default log level to \"WARN\".","chan":"stderr","logger":"task"}
{"timestamp":"2025-07-11T19:58:26.124704Z","level":"error","event":"To adjust logging level use sc.setLogLevel(newLevel). For SparkR, use setLogLevel(newLevel).","chan":"stderr","logger":"task"}
{"timestamp":"2025-07-11T19:58:35.040759Z","level":"info","event":"Task instance is in running state","chan":"stdout","logger":"task"}
{"timestamp":"2025-07-11T19:58:35.041189Z","level":"info","event":" Previous state of the Task instance: queued","chan":"stdout","logger":"task"}
{"timestamp":"2025-07-11T19:58:35.041492Z","level":"info","event":"Current task name:etl_data_weather.load","chan":"stdout","logger":"task"}
{"timestamp":"2025-07-11T19:58:35.041767Z","level":"info","event":"Dag name:etl_pipeline","chan":"stdout","logger":"task"}
{"timestamp":"2025-07-11T19:58:35.042129Z","level":"info","event":"extract data from file","chan":"stdout","logger":"task"}
{"timestamp":"2025-07-11T19:58:35.068517Z","level":"info","event":"spark.hadoop.fs.s3a.connection.part.upload.timeout = 60000","chan":"stdout","logger":"task"}
{"timestamp":"2025-07-11T19:58:35.069127Z","level":"info","event":"spark.hadoop.fs.s3a.socket.recv.buffer = 65536","chan":"stdout","logger":"task"}
{"timestamp":"2025-07-11T19:58:35.069542Z","level":"info","event":"spark.hadoop.fs.s3a.impl.disable.cache = true","chan":"stdout","logger":"task"}
{"timestamp":"2025-07-11T19:58:35.069858Z","level":"info","event":"spark.hadoop.fs.s3a.connection.request.timeout = 60000","chan":"stdout","logger":"task"}
{"timestamp":"2025-07-11T19:58:35.070130Z","level":"info","event":"spark.hadoop.fs.s3a.path.style.access = true","chan":"stdout","logger":"task"}
{"timestamp":"2025-07-11T19:58:35.070417Z","level":"info","event":"spark.rdd.compress = True","chan":"stdout","logger":"task"}
{"timestamp":"2025-07-11T19:58:35.070629Z","level":"info","event":"spark.hadoop.fs.s3a.connection.idle.time = 60000","chan":"stdout","logger":"task"}
{"timestamp":"2025-07-11T19:58:35.070853Z","level":"info","event":"spark.executor.extraClassPath = /opt/spark/jars/ojdbc11.jar","chan":"stdout","logger":"task"}
{"timestamp":"2025-07-11T19:58:35.071073Z","level":"info","event":"spark.hadoop.fs.s3a.connection.establish.timeout = 5000","chan":"stdout","logger":"task"}
{"timestamp":"2025-07-11T19:58:35.071302Z","level":"info","event":"spark.hadoop.fs.s3a.access.key = admin","chan":"stdout","logger":"task"}
{"timestamp":"2025-07-11T19:58:35.071543Z","level":"info","event":"spark.hadoop.fs.s3a.endpoint = http://minio:9000/","chan":"stdout","logger":"task"}
{"timestamp":"2025-07-11T19:58:35.071759Z","level":"info","event":"spark.hadoop.fs.s3a.retry.interval = 500","chan":"stdout","logger":"task"}
{"timestamp":"2025-07-11T19:58:35.071981Z","level":"info","event":"spark.jars = /opt/spark/jars/hadoop-aws-3.3.6.jar,/opt/spark/jars/aws-java-sdk-bundle-1.12.787.jar,/opt/spark/jars/ojdbc11.jar","chan":"stdout","logger":"task"}
{"timestamp":"2025-07-11T19:58:35.072231Z","level":"info","event":"spark.hadoop.fs.s3a.connection.maximum = 15","chan":"stdout","logger":"task"}
{"timestamp":"2025-07-11T19:58:35.072447Z","level":"info","event":"spark.hadoop.fs.s3a.retry.limit = 5","chan":"stdout","logger":"task"}
{"timestamp":"2025-07-11T19:58:35.072856Z","level":"info","event":"spark.app.id = local-1752263907950","chan":"stdout","logger":"task"}
{"timestamp":"2025-07-11T19:58:35.073167Z","level":"info","event":"spark.driver.host = 8033fbe9863f","chan":"stdout","logger":"task"}
{"timestamp":"2025-07-11T19:58:35.073425Z","level":"info","event":"spark.app.submitTime = 1752263906009","chan":"stdout","logger":"task"}
{"timestamp":"2025-07-11T19:58:35.073794Z","level":"info","event":"spark.hadoop.fs.s3a.vectored.read.max.merged.size = 2097152","chan":"stdout","logger":"task"}
{"timestamp":"2025-07-11T19:58:35.074035Z","level":"info","event":"spark.hadoop.fs.s3a.impl = org.apache.hadoop.fs.s3a.S3AFileSystem","chan":"stdout","logger":"task"}
{"timestamp":"2025-07-11T19:58:35.074320Z","level":"info","event":"spark.hadoop.fs.s3a.vectored.read.min.seek.size = 131072","chan":"stdout","logger":"task"}
{"timestamp":"2025-07-11T19:58:35.074578Z","level":"info","event":"spark.hadoop.fs.s3a.secret.key = admin12345","chan":"stdout","logger":"task"}
{"timestamp":"2025-07-11T19:58:35.074795Z","level":"info","event":"spark.app.initial.jar.urls = spark://8033fbe9863f:41267/jars/hadoop-aws-3.3.6.jar,spark://8033fbe9863f:41267/jars/aws-java-sdk-bundle-1.12.787.jar,spark://8033fbe9863f:41267/jars/ojdbc11.jar","chan":"stdout","logger":"task"}
{"timestamp":"2025-07-11T19:58:35.074999Z","level":"info","event":"spark.sql.adaptive.coalescePartitions.enabled = false","chan":"stdout","logger":"task"}
{"timestamp":"2025-07-11T19:58:35.075213Z","level":"info","event":"spark.hadoop.fs.s3a.socket.send.buffer = 65536","chan":"stdout","logger":"task"}
{"timestamp":"2025-07-11T19:58:35.075491Z","level":"info","event":"spark.hadoop.fs.s3a.fast.upload = true","chan":"stdout","logger":"task"}
{"timestamp":"2025-07-11T19:58:35.075859Z","level":"info","event":"spark.executor.extraJavaOptions = -Djava.net.preferIPv6Addresses=false -XX:+IgnoreUnrecognizedVMOptions --add-modules=jdk.incubator.vector --add-opens=java.base/java.lang=ALL-UNNAMED --add-opens=java.base/java.lang.invoke=ALL-UNNAMED --add-opens=java.base/java.lang.reflect=ALL-UNNAMED --add-opens=java.base/java.io=ALL-UNNAMED --add-opens=java.base/java.net=ALL-UNNAMED --add-opens=java.base/java.nio=ALL-UNNAMED --add-opens=java.base/java.util=ALL-UNNAMED --add-opens=java.base/java.util.concurrent=ALL-UNNAMED --add-opens=java.base/java.util.concurrent.atomic=ALL-UNNAMED --add-opens=java.base/jdk.internal.ref=ALL-UNNAMED --add-opens=java.base/sun.nio.ch=ALL-UNNAMED --add-opens=java.base/sun.nio.cs=ALL-UNNAMED --add-opens=java.base/sun.security.action=ALL-UNNAMED --add-opens=java.base/sun.util.calendar=ALL-UNNAMED --add-opens=java.security.jgss/sun.security.krb5=ALL-UNNAMED -Djdk.reflect.useDirectMethodHandle=false -Dio.netty.tryReflectionSetAccessible=true","chan":"stdout","logger":"task"}
{"timestamp":"2025-07-11T19:58:35.076415Z","level":"info","event":"spark.sql.artifact.isolation.enabled = false","chan":"stdout","logger":"task"}
{"timestamp":"2025-07-11T19:58:35.076689Z","level":"info","event":"spark.hadoop.fs.s3a.multipart.size = 104857600","chan":"stdout","logger":"task"}
{"timestamp":"2025-07-11T19:58:35.077026Z","level":"info","event":"spark.master = local[*]","chan":"stdout","logger":"task"}
{"timestamp":"2025-07-11T19:58:35.077318Z","level":"info","event":"spark.executor.id = driver","chan":"stdout","logger":"task"}
{"timestamp":"2025-07-11T19:58:35.077577Z","level":"info","event":"spark.driver.extraClassPath = /opt/spark/jars/ojdbc11.jar","chan":"stdout","logger":"task"}
{"timestamp":"2025-07-11T19:58:35.077829Z","level":"info","event":"spark.app.name = BAITEST","chan":"stdout","logger":"task"}
{"timestamp":"2025-07-11T19:58:35.078088Z","level":"info","event":"spark.submit.deployMode = client","chan":"stdout","logger":"task"}
{"timestamp":"2025-07-11T19:58:35.078344Z","level":"info","event":"spark.hadoop.fs.s3a.connection.ssl.enabled = false","chan":"stdout","logger":"task"}
{"timestamp":"2025-07-11T19:58:35.078603Z","level":"info","event":"spark.serializer.objectStreamReset = 100","chan":"stdout","logger":"task"}
{"timestamp":"2025-07-11T19:58:35.078915Z","level":"info","event":"spark.ui.showConsoleProgress = true","chan":"stdout","logger":"task"}
{"timestamp":"2025-07-11T19:58:35.079176Z","level":"info","event":"spark.hadoop.fs.s3a.multipart.purge.age = 86400","chan":"stdout","logger":"task"}
{"timestamp":"2025-07-11T19:58:35.079759Z","level":"info","event":"spark.hadoop.fs.s3a.threads.max = 10","chan":"stdout","logger":"task"}
{"timestamp":"2025-07-11T19:58:35.080095Z","level":"info","event":"spark.driver.port = 41267","chan":"stdout","logger":"task"}
{"timestamp":"2025-07-11T19:58:35.080367Z","level":"info","event":"spark.hadoop.fs.s3a.aws.credentials.provider = org.apache.hadoop.fs.s3a.SimpleAWSCredentialsProvider","chan":"stdout","logger":"task"}
{"timestamp":"2025-07-11T19:58:35.080584Z","level":"info","event":"spark.submit.pyFiles =","chan":"stdout","logger":"task"}
{"timestamp":"2025-07-11T19:58:35.080839Z","level":"info","event":"spark.driver.extraJavaOptions = -Djava.net.preferIPv6Addresses=false -XX:+IgnoreUnrecognizedVMOptions --add-modules=jdk.incubator.vector --add-opens=java.base/java.lang=ALL-UNNAMED --add-opens=java.base/java.lang.invoke=ALL-UNNAMED --add-opens=java.base/java.lang.reflect=ALL-UNNAMED --add-opens=java.base/java.io=ALL-UNNAMED --add-opens=java.base/java.net=ALL-UNNAMED --add-opens=java.base/java.nio=ALL-UNNAMED --add-opens=java.base/java.util=ALL-UNNAMED --add-opens=java.base/java.util.concurrent=ALL-UNNAMED --add-opens=java.base/java.util.concurrent.atomic=ALL-UNNAMED --add-opens=java.base/jdk.internal.ref=ALL-UNNAMED --add-opens=java.base/sun.nio.ch=ALL-UNNAMED --add-opens=java.base/sun.nio.cs=ALL-UNNAMED --add-opens=java.base/sun.security.action=ALL-UNNAMED --add-opens=java.base/sun.util.calendar=ALL-UNNAMED --add-opens=java.security.jgss/sun.security.krb5=ALL-UNNAMED -Djdk.reflect.useDirectMethodHandle=false -Dio.netty.tryReflectionSetAccessible=true","chan":"stdout","logger":"task"}
{"timestamp":"2025-07-11T19:58:35.081074Z","level":"info","event":"spark.hadoop.fs.s3a.attempts.maximum = 3","chan":"stdout","logger":"task"}
{"timestamp":"2025-07-11T19:58:35.081331Z","level":"info","event":"spark.hadoop.fs.s3a.threads.keepalivetime = 60000","chan":"stdout","logger":"task"}
{"timestamp":"2025-07-11T19:58:35.081580Z","level":"info","event":"spark.repl.local.jars = file:///opt/spark/jars/hadoop-aws-3.3.6.jar,file:///opt/spark/jars/aws-java-sdk-bundle-1.12.787.jar,file:///opt/spark/jars/ojdbc11.jar","chan":"stdout","logger":"task"}
{"timestamp":"2025-07-11T19:58:35.081829Z","level":"info","event":"spark.sql.adaptive.enabled = false","chan":"stdout","logger":"task"}
{"timestamp":"2025-07-11T19:58:35.082054Z","level":"info","event":"spark.app.startTime = 1752263906593","chan":"stdout","logger":"task"}
{"timestamp":"2025-07-11T19:58:35.082339Z","level":"info","event":"spark.hadoop.fs.s3a.connection.timeout = 60000","chan":"stdout","logger":"task"}
{"timestamp":"2025-07-11T19:58:36.756960Z","level":"error","event":"25/07/11 19:58:36 WARN MetricsConfig: Cannot locate configuration: tried hadoop-metrics2-s3a-file-system.properties,hadoop-metrics2.properties","chan":"stderr","logger":"task"}
{"timestamp":"2025-07-11T19:58:36.924578Z","level":"error","event":"25/07/11 19:58:36 WARN VersionInfoUtils: The AWS SDK for Java 1.x entered maintenance mode starting July 31, 2024 and will reach end of support on December 31, 2025. For more information, see https://aws.amazon.com/blogs/developer/the-aws-sdk-for-java-1-x-is-in-maintenance-mode-effective-july-31-2024/","chan":"stderr","logger":"task"}
{"timestamp":"2025-07-11T19:58:36.925127Z","level":"error","event":"You can print where on the file system the AWS SDK for Java 1.x core runtime is located by setting the AWS_JAVA_V1_PRINT_LOCATION environment variable or aws.java.v1.printLocation system property to 'true'.","chan":"stderr","logger":"task"}
{"timestamp":"2025-07-11T19:58:36.925433Z","level":"error","event":"This message can be disabled by setting the AWS_JAVA_V1_DISABLE_DEPRECATION_ANNOUNCEMENT environment variable or aws.java.v1.disableDeprecationAnnouncement system property to 'true'.","chan":"stderr","logger":"task"}
{"timestamp":"2025-07-11T19:58:36.925705Z","level":"error","event":"The AWS SDK for Java 1.x is being used here:","chan":"stderr","logger":"task"}
{"timestamp":"2025-07-11T19:58:36.926065Z","level":"error","event":"at java.base/java.lang.Thread.getStackTrace(Thread.java:1619)","chan":"stderr","logger":"task"}
{"timestamp":"2025-07-11T19:58:36.926320Z","level":"error","event":"at com.amazonaws.util.VersionInfoUtils.printDeprecationAnnouncement(VersionInfoUtils.java:81)","chan":"stderr","logger":"task"}
{"timestamp":"2025-07-11T19:58:36.926563Z","level":"error","event":"at com.amazonaws.util.VersionInfoUtils.<clinit>(VersionInfoUtils.java:59)","chan":"stderr","logger":"task"}
{"timestamp":"2025-07-11T19:58:36.926873Z","level":"error","event":"at com.amazonaws.ClientConfiguration.<clinit>(ClientConfiguration.java:95)","chan":"stderr","logger":"task"}
{"timestamp":"2025-07-11T19:58:36.927135Z","level":"error","event":"at org.apache.hadoop.fs.s3a.S3AUtils.createAwsConf(S3AUtils.java:1251)","chan":"stderr","logger":"task"}
{"timestamp":"2025-07-11T19:58:36.927357Z","level":"error","event":"at org.apache.hadoop.fs.s3a.DefaultS3ClientFactory.createS3Client(DefaultS3ClientFactory.java:118)","chan":"stderr","logger":"task"}
{"timestamp":"2025-07-11T19:58:36.927559Z","level":"error","event":"at org.apache.hadoop.fs.s3a.S3AFileSystem.bindAWSClient(S3AFileSystem.java:982)","chan":"stderr","logger":"task"}
{"timestamp":"2025-07-11T19:58:36.927783Z","level":"error","event":"at org.apache.hadoop.fs.s3a.S3AFileSystem.initialize(S3AFileSystem.java:586)","chan":"stderr","logger":"task"}
{"timestamp":"2025-07-11T19:58:36.928028Z","level":"error","event":"at org.apache.hadoop.fs.FileSystem.createFileSystem(FileSystem.java:3615)","chan":"stderr","logger":"task"}
{"timestamp":"2025-07-11T19:58:36.928269Z","level":"error","event":"at org.apache.hadoop.fs.FileSystem.get(FileSystem.java:554)","chan":"stderr","logger":"task"}
{"timestamp":"2025-07-11T19:58:36.928489Z","level":"error","event":"at org.apache.hadoop.fs.Path.getFileSystem(Path.java:366)","chan":"stderr","logger":"task"}
{"timestamp":"2025-07-11T19:58:36.928704Z","level":"error","event":"at org.apache.spark.sql.execution.streaming.FileStreamSink$.hasMetadata(FileStreamSink.scala:55)","chan":"stderr","logger":"task"}
{"timestamp":"2025-07-11T19:58:36.928979Z","level":"error","event":"at org.apache.spark.sql.execution.datasources.DataSource.resolveRelation(DataSource.scala:381)","chan":"stderr","logger":"task"}
{"timestamp":"2025-07-11T19:58:36.929197Z","level":"error","event":"at org.apache.spark.sql.catalyst.analysis.ResolveDataSource.org$apache$spark$sql$catalyst$analysis$ResolveDataSource$$loadV1BatchSource(ResolveDataSource.scala:143)","chan":"stderr","logger":"task"}
{"timestamp":"2025-07-11T19:58:36.929445Z","level":"error","event":"at org.apache.spark.sql.catalyst.analysis.ResolveDataSource$$anonfun$apply$1.$anonfun$applyOrElse$2(ResolveDataSource.scala:61)","chan":"stderr","logger":"task"}
{"timestamp":"2025-07-11T19:58:36.929691Z","level":"error","event":"at scala.Option.getOrElse(Option.scala:201)","chan":"stderr","logger":"task"}
{"timestamp":"2025-07-11T19:58:36.929926Z","level":"error","event":"at org.apache.spark.sql.catalyst.analysis.ResolveDataSource$$anonfun$apply$1.applyOrElse(ResolveDataSource.scala:61)","chan":"stderr","logger":"task"}
{"timestamp":"2025-07-11T19:58:36.930182Z","level":"error","event":"at org.apache.spark.sql.catalyst.analysis.ResolveDataSource$$anonfun$apply$1.applyOrElse(ResolveDataSource.scala:45)","chan":"stderr","logger":"task"}
{"timestamp":"2025-07-11T19:58:36.930420Z","level":"error","event":"at org.apache.spark.sql.catalyst.plans.logical.AnalysisHelper.$anonfun$resolveOperatorsUpWithPruning$3(AnalysisHelper.scala:139)","chan":"stderr","logger":"task"}
{"timestamp":"2025-07-11T19:58:36.930686Z","level":"error","event":"at org.apache.spark.sql.catalyst.trees.CurrentOrigin$.withOrigin(origin.scala:86)","chan":"stderr","logger":"task"}
{"timestamp":"2025-07-11T19:58:36.931056Z","level":"error","event":"at org.apache.spark.sql.catalyst.plans.logical.AnalysisHelper.$anonfun$resolveOperatorsUpWithPruning$1(AnalysisHelper.scala:139)","chan":"stderr","logger":"task"}
{"timestamp":"2025-07-11T19:58:36.931309Z","level":"error","event":"at org.apache.spark.sql.catalyst.plans.logical.AnalysisHelper$.allowInvokingTransformsInAnalyzer(AnalysisHelper.scala:416)","chan":"stderr","logger":"task"}
{"timestamp":"2025-07-11T19:58:36.931525Z","level":"error","event":"at org.apache.spark.sql.catalyst.plans.logical.AnalysisHelper.resolveOperatorsUpWithPruning(AnalysisHelper.scala:135)","chan":"stderr","logger":"task"}
{"timestamp":"2025-07-11T19:58:36.931751Z","level":"error","event":"at org.apache.spark.sql.catalyst.plans.logical.AnalysisHelper.resolveOperatorsUpWithPruning$(AnalysisHelper.scala:131)","chan":"stderr","logger":"task"}
{"timestamp":"2025-07-11T19:58:36.932007Z","level":"error","event":"at org.apache.spark.sql.catalyst.plans.logical.LogicalPlan.resolveOperatorsUpWithPruning(LogicalPlan.scala:37)","chan":"stderr","logger":"task"}
{"timestamp":"2025-07-11T19:58:36.932236Z","level":"error","event":"at org.apache.spark.sql.catalyst.plans.logical.AnalysisHelper.resolveOperatorsUp(AnalysisHelper.scala:112)","chan":"stderr","logger":"task"}
{"timestamp":"2025-07-11T19:58:36.932464Z","level":"error","event":"at org.apache.spark.sql.catalyst.plans.logical.AnalysisHelper.resolveOperatorsUp$(AnalysisHelper.scala:111)","chan":"stderr","logger":"task"}
{"timestamp":"2025-07-11T19:58:36.932674Z","level":"error","event":"at org.apache.spark.sql.catalyst.plans.logical.LogicalPlan.resolveOperatorsUp(LogicalPlan.scala:37)","chan":"stderr","logger":"task"}
{"timestamp":"2025-07-11T19:58:36.932943Z","level":"error","event":"at org.apache.spark.sql.catalyst.analysis.ResolveDataSource.apply(ResolveDataSource.scala:45)","chan":"stderr","logger":"task"}
{"timestamp":"2025-07-11T19:58:36.933176Z","level":"error","event":"at org.apache.spark.sql.catalyst.analysis.ResolveDataSource.apply(ResolveDataSource.scala:43)","chan":"stderr","logger":"task"}
{"timestamp":"2025-07-11T19:58:36.933397Z","level":"error","event":"at org.apache.spark.sql.catalyst.rules.RuleExecutor.$anonfun$execute$2(RuleExecutor.scala:242)","chan":"stderr","logger":"task"}
{"timestamp":"2025-07-11T19:58:36.933642Z","level":"error","event":"at scala.collection.LinearSeqOps.foldLeft(LinearSeq.scala:183)","chan":"stderr","logger":"task"}
{"timestamp":"2025-07-11T19:58:36.933891Z","level":"error","event":"at scala.collection.LinearSeqOps.foldLeft$(LinearSeq.scala:179)","chan":"stderr","logger":"task"}
{"timestamp":"2025-07-11T19:58:36.934166Z","level":"error","event":"at scala.collection.immutable.List.foldLeft(List.scala:79)","chan":"stderr","logger":"task"}
{"timestamp":"2025-07-11T19:58:36.934521Z","level":"error","event":"at org.apache.spark.sql.catalyst.rules.RuleExecutor.$anonfun$execute$1(RuleExecutor.scala:239)","chan":"stderr","logger":"task"}
{"timestamp":"2025-07-11T19:58:36.934884Z","level":"error","event":"at org.apache.spark.sql.catalyst.rules.RuleExecutor.$anonfun$execute$1$adapted(RuleExecutor.scala:231)","chan":"stderr","logger":"task"}
{"timestamp":"2025-07-11T19:58:36.935226Z","level":"error","event":"at scala.collection.immutable.List.foreach(List.scala:334)","chan":"stderr","logger":"task"}
{"timestamp":"2025-07-11T19:58:36.935505Z","level":"error","event":"at org.apache.spark.sql.catalyst.rules.RuleExecutor.execute(RuleExecutor.scala:231)","chan":"stderr","logger":"task"}
{"timestamp":"2025-07-11T19:58:36.935779Z","level":"error","event":"at org.apache.spark.sql.catalyst.analysis.Analyzer.org$apache$spark$sql$catalyst$analysis$Analyzer$$executeSameContext(Analyzer.scala:290)","chan":"stderr","logger":"task"}
{"timestamp":"2025-07-11T19:58:36.936010Z","level":"error","event":"at org.apache.spark.sql.catalyst.analysis.Analyzer.$anonfun$execute$1(Analyzer.scala:286)","chan":"stderr","logger":"task"}
{"timestamp":"2025-07-11T19:58:36.936283Z","level":"error","event":"at org.apache.spark.sql.catalyst.analysis.AnalysisContext$.withNewAnalysisContext(Analyzer.scala:234)","chan":"stderr","logger":"task"}
{"timestamp":"2025-07-11T19:58:36.936560Z","level":"error","event":"at org.apache.spark.sql.catalyst.analysis.Analyzer.execute(Analyzer.scala:286)","chan":"stderr","logger":"task"}
{"timestamp":"2025-07-11T19:58:36.936902Z","level":"error","event":"at org.apache.spark.sql.catalyst.analysis.Analyzer.execute(Analyzer.scala:249)","chan":"stderr","logger":"task"}
{"timestamp":"2025-07-11T19:58:36.937272Z","level":"error","event":"at org.apache.spark.sql.catalyst.rules.RuleExecutor.$anonfun$executeAndTrack$1(RuleExecutor.scala:201)","chan":"stderr","logger":"task"}
{"timestamp":"2025-07-11T19:58:36.937520Z","level":"error","event":"at org.apache.spark.sql.catalyst.QueryPlanningTracker$.withTracker(QueryPlanningTracker.scala:89)","chan":"stderr","logger":"task"}
{"timestamp":"2025-07-11T19:58:36.937814Z","level":"error","event":"at org.apache.spark.sql.catalyst.rules.RuleExecutor.executeAndTrack(RuleExecutor.scala:201)","chan":"stderr","logger":"task"}
{"timestamp":"2025-07-11T19:58:36.938054Z","level":"error","event":"at org.apache.spark.sql.catalyst.analysis.resolver.HybridAnalyzer.resolveInFixedPoint(HybridAnalyzer.scala:190)","chan":"stderr","logger":"task"}
{"timestamp":"2025-07-11T19:58:36.938266Z","level":"error","event":"at org.apache.spark.sql.catalyst.analysis.resolver.HybridAnalyzer.$anonfun$apply$1(HybridAnalyzer.scala:76)","chan":"stderr","logger":"task"}
{"timestamp":"2025-07-11T19:58:36.938491Z","level":"error","event":"at org.apache.spark.sql.catalyst.analysis.resolver.HybridAnalyzer.withTrackedAnalyzerBridgeState(HybridAnalyzer.scala:111)","chan":"stderr","logger":"task"}
{"timestamp":"2025-07-11T19:58:36.938743Z","level":"error","event":"at org.apache.spark.sql.catalyst.analysis.resolver.HybridAnalyzer.apply(HybridAnalyzer.scala:71)","chan":"stderr","logger":"task"}
{"timestamp":"2025-07-11T19:58:36.938970Z","level":"error","event":"at org.apache.spark.sql.catalyst.analysis.Analyzer.$anonfun$executeAndCheck$1(Analyzer.scala:280)","chan":"stderr","logger":"task"}
{"timestamp":"2025-07-11T19:58:36.939230Z","level":"error","event":"at org.apache.spark.sql.catalyst.plans.logical.AnalysisHelper$.markInAnalyzer(AnalysisHelper.scala:423)","chan":"stderr","logger":"task"}
{"timestamp":"2025-07-11T19:58:36.939479Z","level":"error","event":"at org.apache.spark.sql.catalyst.analysis.Analyzer.executeAndCheck(Analyzer.scala:280)","chan":"stderr","logger":"task"}
{"timestamp":"2025-07-11T19:58:36.939741Z","level":"error","event":"at org.apache.spark.sql.execution.QueryExecution.$anonfun$lazyAnalyzed$2(QueryExecution.scala:110)","chan":"stderr","logger":"task"}
{"timestamp":"2025-07-11T19:58:36.939944Z","level":"error","event":"at org.apache.spark.sql.catalyst.QueryPlanningTracker.measurePhase(QueryPlanningTracker.scala:148)","chan":"stderr","logger":"task"}
{"timestamp":"2025-07-11T19:58:36.940223Z","level":"error","event":"at org.apache.spark.sql.execution.QueryExecution.$anonfun$executePhase$2(QueryExecution.scala:278)","chan":"stderr","logger":"task"}
{"timestamp":"2025-07-11T19:58:36.940479Z","level":"error","event":"at org.apache.spark.sql.execution.QueryExecution$.withInternalError(QueryExecution.scala:654)","chan":"stderr","logger":"task"}
{"timestamp":"2025-07-11T19:58:36.940749Z","level":"error","event":"at org.apache.spark.sql.execution.QueryExecution.$anonfun$executePhase$1(QueryExecution.scala:278)","chan":"stderr","logger":"task"}
{"timestamp":"2025-07-11T19:58:36.940988Z","level":"error","event":"at org.apache.spark.sql.SparkSession.withActive(SparkSession.scala:804)","chan":"stderr","logger":"task"}
{"timestamp":"2025-07-11T19:58:36.941204Z","level":"error","event":"at org.apache.spark.sql.execution.QueryExecution.executePhase(QueryExecution.scala:277)","chan":"stderr","logger":"task"}
{"timestamp":"2025-07-11T19:58:36.941418Z","level":"error","event":"at org.apache.spark.sql.execution.QueryExecution.$anonfun$lazyAnalyzed$1(QueryExecution.scala:110)","chan":"stderr","logger":"task"}
{"timestamp":"2025-07-11T19:58:36.941629Z","level":"error","event":"at scala.util.Try$.apply(Try.scala:217)","chan":"stderr","logger":"task"}
{"timestamp":"2025-07-11T19:58:36.941900Z","level":"error","event":"at org.apache.spark.util.Utils$.doTryWithCallerStacktrace(Utils.scala:1378)","chan":"stderr","logger":"task"}
{"timestamp":"2025-07-11T19:58:36.942151Z","level":"error","event":"at org.apache.spark.util.LazyTry.tryT$lzycompute(LazyTry.scala:46)","chan":"stderr","logger":"task"}
{"timestamp":"2025-07-11T19:58:36.942424Z","level":"error","event":"at org.apache.spark.util.LazyTry.tryT(LazyTry.scala:46)","chan":"stderr","logger":"task"}
{"timestamp":"2025-07-11T19:58:36.942624Z","level":"error","event":"at org.apache.spark.util.LazyTry.get(LazyTry.scala:58)","chan":"stderr","logger":"task"}
{"timestamp":"2025-07-11T19:58:36.942930Z","level":"error","event":"at org.apache.spark.sql.execution.QueryExecution.analyzed(QueryExecution.scala:121)","chan":"stderr","logger":"task"}
{"timestamp":"2025-07-11T19:58:36.943214Z","level":"error","event":"at org.apache.spark.sql.execution.QueryExecution.assertAnalyzed(QueryExecution.scala:80)","chan":"stderr","logger":"task"}
{"timestamp":"2025-07-11T19:58:36.943542Z","level":"error","event":"at org.apache.spark.sql.classic.Dataset$.$anonfun$ofRows$1(Dataset.scala:115)","chan":"stderr","logger":"task"}
{"timestamp":"2025-07-11T19:58:36.943781Z","level":"error","event":"at org.apache.spark.sql.SparkSession.withActive(SparkSession.scala:804)","chan":"stderr","logger":"task"}
{"timestamp":"2025-07-11T19:58:36.944028Z","level":"error","event":"at org.apache.spark.sql.classic.Dataset$.ofRows(Dataset.scala:113)","chan":"stderr","logger":"task"}
{"timestamp":"2025-07-11T19:58:36.944264Z","level":"error","event":"at org.apache.spark.sql.classic.DataFrameReader.load(DataFrameReader.scala:109)","chan":"stderr","logger":"task"}
{"timestamp":"2025-07-11T19:58:36.944492Z","level":"error","event":"at org.apache.spark.sql.classic.DataFrameReader.load(DataFrameReader.scala:58)","chan":"stderr","logger":"task"}
{"timestamp":"2025-07-11T19:58:36.944798Z","level":"error","event":"at org.apache.spark.sql.DataFrameReader.json(DataFrameReader.scala:296)","chan":"stderr","logger":"task"}
{"timestamp":"2025-07-11T19:58:36.945076Z","level":"error","event":"at org.apache.spark.sql.classic.DataFrameReader.json(DataFrameReader.scala:150)","chan":"stderr","logger":"task"}
{"timestamp":"2025-07-11T19:58:36.945348Z","level":"error","event":"at java.base/jdk.internal.reflect.NativeMethodAccessorImpl.invoke0(Native Method)","chan":"stderr","logger":"task"}
{"timestamp":"2025-07-11T19:58:36.945610Z","level":"error","event":"at java.base/jdk.internal.reflect.NativeMethodAccessorImpl.invoke(NativeMethodAccessorImpl.java:77)","chan":"stderr","logger":"task"}
{"timestamp":"2025-07-11T19:58:36.945860Z","level":"error","event":"at java.base/jdk.internal.reflect.DelegatingMethodAccessorImpl.invoke(DelegatingMethodAccessorImpl.java:43)","chan":"stderr","logger":"task"}
{"timestamp":"2025-07-11T19:58:36.946087Z","level":"error","event":"at java.base/java.lang.reflect.Method.invoke(Method.java:569)","chan":"stderr","logger":"task"}
{"timestamp":"2025-07-11T19:58:36.946322Z","level":"error","event":"at py4j.reflection.MethodInvoker.invoke(MethodInvoker.java:244)","chan":"stderr","logger":"task"}
{"timestamp":"2025-07-11T19:58:36.946586Z","level":"error","event":"at py4j.reflection.ReflectionEngine.invoke(ReflectionEngine.java:374)","chan":"stderr","logger":"task"}
{"timestamp":"2025-07-11T19:58:36.946815Z","level":"error","event":"at py4j.Gateway.invoke(Gateway.java:282)","chan":"stderr","logger":"task"}
{"timestamp":"2025-07-11T19:58:36.947069Z","level":"error","event":"at py4j.commands.AbstractCommand.invokeMethod(AbstractCommand.java:132)","chan":"stderr","logger":"task"}
{"timestamp":"2025-07-11T19:58:36.947280Z","level":"error","event":"at py4j.commands.CallCommand.execute(CallCommand.java:79)","chan":"stderr","logger":"task"}
{"timestamp":"2025-07-11T19:58:36.947599Z","level":"error","event":"at py4j.ClientServerConnection.waitForCommands(ClientServerConnection.java:184)","chan":"stderr","logger":"task"}
{"timestamp":"2025-07-11T19:58:36.947827Z","level":"error","event":"at py4j.ClientServerConnection.run(ClientServerConnection.java:108)","chan":"stderr","logger":"task"}
{"timestamp":"2025-07-11T19:58:36.948092Z","level":"error","event":"at java.base/java.lang.Thread.run(Thread.java:840)","chan":"stderr","logger":"task"}
{"timestamp":"2025-07-11T19:58:39.069054Z","level":"info","event":"HELLLLLLLLLLLLLLLLLLLLLLLLLLLOOOOOOOOOOOOOOOOOOOOOOOOOOOOO","chan":"stdout","logger":"task"}
{"timestamp":"2025-07-11T19:58:39.107409Z","level":"info","event":"root","chan":"stdout","logger":"task"}
{"timestamp":"2025-07-11T19:58:39.108005Z","level":"info","event":" |-- city: struct (nullable = true)","chan":"stdout","logger":"task"}
{"timestamp":"2025-07-11T19:58:39.108835Z","level":"info","event":" |    |-- coord: struct (nullable = true)","chan":"stdout","logger":"task"}
{"timestamp":"2025-07-11T19:58:39.109351Z","level":"info","event":" |    |    |-- lat: double (nullable = true)","chan":"stdout","logger":"task"}
{"timestamp":"2025-07-11T19:58:39.109723Z","level":"info","event":" |    |    |-- lon: double (nullable = true)","chan":"stdout","logger":"task"}
{"timestamp":"2025-07-11T19:58:39.110226Z","level":"info","event":" |    |-- country: string (nullable = true)","chan":"stdout","logger":"task"}
{"timestamp":"2025-07-11T19:58:39.110557Z","level":"info","event":" |    |-- id: long (nullable = true)","chan":"stdout","logger":"task"}
{"timestamp":"2025-07-11T19:58:39.110937Z","level":"info","event":" |    |-- name: string (nullable = true)","chan":"stdout","logger":"task"}
{"timestamp":"2025-07-11T19:58:39.111608Z","level":"info","event":" |    |-- population: long (nullable = true)","chan":"stdout","logger":"task"}
{"timestamp":"2025-07-11T19:58:39.112475Z","level":"info","event":" |    |-- sunrise: long (nullable = true)","chan":"stdout","logger":"task"}
{"timestamp":"2025-07-11T19:58:39.113236Z","level":"info","event":" |    |-- sunset: long (nullable = true)","chan":"stdout","logger":"task"}
{"timestamp":"2025-07-11T19:58:39.113653Z","level":"info","event":" |    |-- timezone: long (nullable = true)","chan":"stdout","logger":"task"}
{"timestamp":"2025-07-11T19:58:39.114003Z","level":"info","event":" |-- cnt: long (nullable = true)","chan":"stdout","logger":"task"}
{"timestamp":"2025-07-11T19:58:39.114294Z","level":"info","event":" |-- cod: string (nullable = true)","chan":"stdout","logger":"task"}
{"timestamp":"2025-07-11T19:58:39.114624Z","level":"info","event":" |-- list: array (nullable = true)","chan":"stdout","logger":"task"}
{"timestamp":"2025-07-11T19:58:39.114908Z","level":"info","event":" |    |-- element: struct (containsNull = true)","chan":"stdout","logger":"task"}
{"timestamp":"2025-07-11T19:58:39.115210Z","level":"info","event":" |    |    |-- clouds: struct (nullable = true)","chan":"stdout","logger":"task"}
{"timestamp":"2025-07-11T19:58:39.115508Z","level":"info","event":" |    |    |    |-- all: long (nullable = true)","chan":"stdout","logger":"task"}
{"timestamp":"2025-07-11T19:58:39.115787Z","level":"info","event":" |    |    |-- dt: long (nullable = true)","chan":"stdout","logger":"task"}
{"timestamp":"2025-07-11T19:58:39.116075Z","level":"info","event":" |    |    |-- dt_txt: string (nullable = true)","chan":"stdout","logger":"task"}
{"timestamp":"2025-07-11T19:58:39.116369Z","level":"info","event":" |    |    |-- main: struct (nullable = true)","chan":"stdout","logger":"task"}
{"timestamp":"2025-07-11T19:58:39.116627Z","level":"info","event":" |    |    |    |-- feels_like: double (nullable = true)","chan":"stdout","logger":"task"}
{"timestamp":"2025-07-11T19:58:39.116881Z","level":"info","event":" |    |    |    |-- grnd_level: long (nullable = true)","chan":"stdout","logger":"task"}
{"timestamp":"2025-07-11T19:58:39.117177Z","level":"info","event":" |    |    |    |-- humidity: long (nullable = true)","chan":"stdout","logger":"task"}
{"timestamp":"2025-07-11T19:58:39.117585Z","level":"info","event":" |    |    |    |-- pressure: long (nullable = true)","chan":"stdout","logger":"task"}
{"timestamp":"2025-07-11T19:58:39.118027Z","level":"info","event":" |    |    |    |-- sea_level: long (nullable = true)","chan":"stdout","logger":"task"}
{"timestamp":"2025-07-11T19:58:39.118479Z","level":"info","event":" |    |    |    |-- temp: double (nullable = true)","chan":"stdout","logger":"task"}
{"timestamp":"2025-07-11T19:58:39.118829Z","level":"info","event":" |    |    |    |-- temp_kf: double (nullable = true)","chan":"stdout","logger":"task"}
{"timestamp":"2025-07-11T19:58:39.119200Z","level":"info","event":" |    |    |    |-- temp_max: double (nullable = true)","chan":"stdout","logger":"task"}
{"timestamp":"2025-07-11T19:58:39.119973Z","level":"info","event":" |    |    |    |-- temp_min: double (nullable = true)","chan":"stdout","logger":"task"}
{"timestamp":"2025-07-11T19:58:39.120285Z","level":"info","event":" |    |    |-- pop: double (nullable = true)","chan":"stdout","logger":"task"}
{"timestamp":"2025-07-11T19:58:39.120755Z","level":"info","event":" |    |    |-- rain: struct (nullable = true)","chan":"stdout","logger":"task"}
{"timestamp":"2025-07-11T19:58:39.121106Z","level":"info","event":" |    |    |    |-- 3h: double (nullable = true)","chan":"stdout","logger":"task"}
{"timestamp":"2025-07-11T19:58:39.122012Z","level":"info","event":" |    |    |-- sys: struct (nullable = true)","chan":"stdout","logger":"task"}
{"timestamp":"2025-07-11T19:58:39.122526Z","level":"info","event":" |    |    |    |-- pod: string (nullable = true)","chan":"stdout","logger":"task"}
{"timestamp":"2025-07-11T19:58:39.123212Z","level":"info","event":" |    |    |-- visibility: long (nullable = true)","chan":"stdout","logger":"task"}
{"timestamp":"2025-07-11T19:58:39.123686Z","level":"info","event":" |    |    |-- weather: array (nullable = true)","chan":"stdout","logger":"task"}
{"timestamp":"2025-07-11T19:58:39.124280Z","level":"info","event":" |    |    |    |-- element: struct (containsNull = true)","chan":"stdout","logger":"task"}
{"timestamp":"2025-07-11T19:58:39.124812Z","level":"info","event":" |    |    |    |    |-- description: string (nullable = true)","chan":"stdout","logger":"task"}
{"timestamp":"2025-07-11T19:58:39.125209Z","level":"info","event":" |    |    |    |    |-- icon: string (nullable = true)","chan":"stdout","logger":"task"}
{"timestamp":"2025-07-11T19:58:39.125607Z","level":"info","event":" |    |    |    |    |-- id: long (nullable = true)","chan":"stdout","logger":"task"}
{"timestamp":"2025-07-11T19:58:39.125966Z","level":"info","event":" |    |    |    |    |-- main: string (nullable = true)","chan":"stdout","logger":"task"}
{"timestamp":"2025-07-11T19:58:39.126352Z","level":"info","event":" |    |    |-- wind: struct (nullable = true)","chan":"stdout","logger":"task"}
{"timestamp":"2025-07-11T19:58:39.127136Z","level":"info","event":" |    |    |    |-- deg: long (nullable = true)","chan":"stdout","logger":"task"}
{"timestamp":"2025-07-11T19:58:39.127624Z","level":"info","event":" |    |    |    |-- gust: double (nullable = true)","chan":"stdout","logger":"task"}
{"timestamp":"2025-07-11T19:58:39.127907Z","level":"info","event":" |    |    |    |-- speed: double (nullable = true)","chan":"stdout","logger":"task"}
{"timestamp":"2025-07-11T19:58:39.128230Z","level":"info","event":" |-- message: long (nullable = true)","chan":"stdout","logger":"task"}
{"timestamp":"2025-07-11T19:58:39.128535Z","level":"info","event":"","chan":"stdout","logger":"task"}
{"timestamp":"2025-07-11T19:58:42.116498Z","level":"info","event":"+--------------------+---+---+--------------------+-------+","chan":"stdout","logger":"task"}
{"timestamp":"2025-07-11T19:58:42.118160Z","level":"info","event":"|                city|cnt|cod|                list|message|","chan":"stdout","logger":"task"}
{"timestamp":"2025-07-11T19:58:42.118540Z","level":"info","event":"+--------------------+---+---+--------------------+-------+","chan":"stdout","logger":"task"}
{"timestamp":"2025-07-11T19:58:42.118908Z","level":"info","event":"|{{21.0278, 105.83...| 40|200|[{{100}, 17521920...|      0|","chan":"stdout","logger":"task"}
{"timestamp":"2025-07-11T19:58:42.119272Z","level":"info","event":"+--------------------+---+---+--------------------+-------+","chan":"stdout","logger":"task"}
{"timestamp":"2025-07-11T19:58:42.119534Z","level":"info","event":"","chan":"stdout","logger":"task"}
{"timestamp":"2025-07-11T19:58:43.490687Z","level":"info","event":"+----------+-----------+--------+--------+-----------+","chan":"stdout","logger":"task"}
{"timestamp":"2025-07-11T19:58:43.491293Z","level":"info","event":"|        dt|temperature|pressure|humidity|description|","chan":"stdout","logger":"task"}
{"timestamp":"2025-07-11T19:58:43.491712Z","level":"info","event":"+----------+-----------+--------+--------+-----------+","chan":"stdout","logger":"task"}
{"timestamp":"2025-07-11T19:58:43.492103Z","level":"info","event":"|1752192000|      26.72|     998|      89|    mưa vừa|","chan":"stdout","logger":"task"}
{"timestamp":"2025-07-11T19:58:43.492475Z","level":"info","event":"|1752202800|      27.27|     999|      81|    mưa nhẹ|","chan":"stdout","logger":"task"}
{"timestamp":"2025-07-11T19:58:43.492778Z","level":"info","event":"|1752213600|      30.07|     999|      67|    mưa vừa|","chan":"stdout","logger":"task"}
{"timestamp":"2025-07-11T19:58:43.493055Z","level":"info","event":"|1752224400|      29.96|     998|      75|    mưa vừa|","chan":"stdout","logger":"task"}
{"timestamp":"2025-07-11T19:58:43.493343Z","level":"info","event":"|1752235200|      26.19|    1000|      91|    mưa vừa|","chan":"stdout","logger":"task"}
{"timestamp":"2025-07-11T19:58:43.493603Z","level":"info","event":"+----------+-----------+--------+--------+-----------+","chan":"stdout","logger":"task"}
{"timestamp":"2025-07-11T19:58:43.493878Z","level":"info","event":"only showing top 5 rows","chan":"stdout","logger":"task"}
{"timestamp":"2025-07-11T19:58:43.494167Z","level":"info","event":"HELLLLLLLLLLLLLLLLLLLLLLLLLLLOOOOOOOOOOOOOOOOOOOOOOOOOOOOO25252525","chan":"stdout","logger":"task"}
{"timestamp":"2025-07-11T19:58:43.494442Z","level":"info","event":"transform data","chan":"stdout","logger":"task"}
{"timestamp":"2025-07-11T19:58:43.707943Z","level":"info","event":"load data","chan":"stdout","logger":"task"}
{"timestamp":"2025-07-11T19:58:55.938053Z","level":"info","event":"ORA-12545: Connect failed because target host or object does not exist","chan":"stdout","logger":"task"}
{"timestamp":"2025-07-11T19:58:55.941568Z","level":"info","event":"Help: https://docs.oracle.com/error-help/db/ora-12545/","chan":"stdout","logger":"task"}
{"timestamp":"2025-07-11T19:58:56.432902","level":"error","event":"Task failed with exception","logger":"task","error_detail":[{"exc_type":"DatabaseError","exc_value":"ORA-12545: Connect failed because target host or object does not exist\nHelp: https://docs.oracle.com/error-help/db/ora-12545/","exc_notes":[],"syntax_error":null,"is_cause":false,"frames":[{"filename":"/home/airflow/.local/lib/python3.12/site-packages/airflow/sdk/execution_time/task_runner.py","lineno":825,"name":"run"},{"filename":"/home/airflow/.local/lib/python3.12/site-packages/airflow/sdk/execution_time/task_runner.py","lineno":1088,"name":"_execute_task"},{"filename":"/home/airflow/.local/lib/python3.12/site-packages/airflow/sdk/bases/operator.py","lineno":408,"name":"wrapper"},{"filename":"/home/airflow/.local/lib/python3.12/site-packages/airflow/providers/standard/operators/python.py","lineno":212,"name":"execute"},{"filename":"/home/airflow/.local/lib/python3.12/site-packages/airflow/providers/standard/operators/python.py","lineno":235,"name":"execute_callable"},{"filename":"/home/airflow/.local/lib/python3.12/site-packages/airflow/sdk/execution_time/callback_runner.py","lineno":81,"name":"run"},{"filename":"/opt/airflow/dags/main.py","lineno":24,"name":"run_etl_weather"},{"filename":"/opt/airflow/dags/etl_data_weather.py","lineno":84,"name":"load_data_weather"},{"filename":"/opt/airflow/dags/schema_database.py","lineno":71,"name":"create_table_weather"},{"filename":"/opt/airflow/dags/db_connections.py","lineno":24,"name":"get_oracle_conn"}]}]}
{"timestamp":"2025-07-11T19:58:56.446749Z","level":"info","event":"Task instance in failure state","chan":"stdout","logger":"task"}
{"timestamp":"2025-07-11T19:58:56.447248Z","level":"info","event":"Task start","chan":"stdout","logger":"task"}
{"timestamp":"2025-07-11T19:58:56.447508Z","level":"info","event":"Task:<Task(PythonOperator): etl_data_weather.load>","chan":"stdout","logger":"task"}
{"timestamp":"2025-07-11T19:58:56.447867Z","level":"info","event":"Failure caused by ORA-12545: Connect failed because target host or object does not exist","chan":"stdout","logger":"task"}
{"timestamp":"2025-07-11T19:58:56.448047Z","level":"info","event":"Help: https://docs.oracle.com/error-help/db/ora-12545/","chan":"stdout","logger":"task"}
{"timestamp":"2025-07-11T19:58:56.887171Z","level":"error","event":"\r[Stage 0:>                                                          (0 + 1) / 1]","chan":"stderr","logger":"task"}
