{"timestamp":"2025-07-11T19:09:16.473020","level":"info","event":"DAG bundles loaded: dags-folder, example_dags","logger":"airflow.dag_processing.bundles.manager.DagBundlesManager"}
{"timestamp":"2025-07-11T19:09:16.473589","level":"info","event":"Filling up the DagBag from /opt/airflow/dags/main.py","logger":"airflow.models.dagbag.DagBag"}
{"timestamp":"2025-07-11T19:09:16.894862Z","level":"error","event":"WARNING: Using incubator modules: jdk.incubator.vector","chan":"stderr","logger":"task"}
{"timestamp":"2025-07-11T19:09:18.603638Z","level":"error","event":"25/07/11 19:09:18 WARN NativeCodeLoader: Unable to load native-hadoop library for your platform... using builtin-java classes where applicable","chan":"stderr","logger":"task"}
{"timestamp":"2025-07-11T19:09:18.809552Z","level":"error","event":"Using Spark's default log4j profile: org/apache/spark/log4j2-defaults.properties","chan":"stderr","logger":"task"}
{"timestamp":"2025-07-11T19:09:18.810391Z","level":"error","event":"Setting default log level to \"WARN\".","chan":"stderr","logger":"task"}
{"timestamp":"2025-07-11T19:09:18.810791Z","level":"error","event":"To adjust logging level use sc.setLogLevel(newLevel). For SparkR, use setLogLevel(newLevel).","chan":"stderr","logger":"task"}
{"timestamp":"2025-07-11T19:09:25.160625Z","level":"info","event":"Task instance is in running state","chan":"stdout","logger":"task"}
{"timestamp":"2025-07-11T19:09:25.161403Z","level":"info","event":" Previous state of the Task instance: queued","chan":"stdout","logger":"task"}
{"timestamp":"2025-07-11T19:09:25.161875Z","level":"info","event":"Current task name:etl_data_weather.load","chan":"stdout","logger":"task"}
{"timestamp":"2025-07-11T19:09:25.162332Z","level":"info","event":"Dag name:etl_pipeline","chan":"stdout","logger":"task"}
{"timestamp":"2025-07-11T19:09:25.162694Z","level":"info","event":"extract data from file","chan":"stdout","logger":"task"}
{"timestamp":"2025-07-11T19:09:25.226841Z","level":"info","event":"spark.hadoop.fs.s3a.connection.part.upload.timeout = 60000","chan":"stdout","logger":"task"}
{"timestamp":"2025-07-11T19:09:25.227449Z","level":"info","event":"spark.hadoop.fs.s3a.socket.recv.buffer = 65536","chan":"stdout","logger":"task"}
{"timestamp":"2025-07-11T19:09:25.227918Z","level":"info","event":"spark.hadoop.fs.s3a.impl.disable.cache = true","chan":"stdout","logger":"task"}
{"timestamp":"2025-07-11T19:09:25.228295Z","level":"info","event":"spark.hadoop.fs.s3a.connection.request.timeout = 60000","chan":"stdout","logger":"task"}
{"timestamp":"2025-07-11T19:09:25.228632Z","level":"info","event":"spark.driver.port = 38931","chan":"stdout","logger":"task"}
{"timestamp":"2025-07-11T19:09:25.228967Z","level":"info","event":"spark.hadoop.fs.s3a.path.style.access = true","chan":"stdout","logger":"task"}
{"timestamp":"2025-07-11T19:09:25.229298Z","level":"info","event":"spark.rdd.compress = True","chan":"stdout","logger":"task"}
{"timestamp":"2025-07-11T19:09:25.229578Z","level":"info","event":"spark.hadoop.fs.s3a.connection.idle.time = 60000","chan":"stdout","logger":"task"}
{"timestamp":"2025-07-11T19:09:25.229887Z","level":"info","event":"spark.executor.extraClassPath = /opt/spark/jars/ojdbc11.jar","chan":"stdout","logger":"task"}
{"timestamp":"2025-07-11T19:09:25.230259Z","level":"info","event":"spark.hadoop.fs.s3a.connection.establish.timeout = 5000","chan":"stdout","logger":"task"}
{"timestamp":"2025-07-11T19:09:25.230499Z","level":"info","event":"spark.hadoop.fs.s3a.access.key = admin","chan":"stdout","logger":"task"}
{"timestamp":"2025-07-11T19:09:25.230758Z","level":"info","event":"spark.hadoop.fs.s3a.endpoint = http://minio:9000/","chan":"stdout","logger":"task"}
{"timestamp":"2025-07-11T19:09:25.231017Z","level":"info","event":"spark.hadoop.fs.s3a.retry.interval = 500","chan":"stdout","logger":"task"}
{"timestamp":"2025-07-11T19:09:25.231256Z","level":"info","event":"spark.jars = /opt/spark/jars/hadoop-aws-3.3.6.jar,/opt/spark/jars/aws-java-sdk-bundle-1.12.787.jar,/opt/spark/jars/ojdbc11.jar","chan":"stdout","logger":"task"}
{"timestamp":"2025-07-11T19:09:25.231668Z","level":"info","event":"spark.hadoop.fs.s3a.connection.maximum = 15","chan":"stdout","logger":"task"}
{"timestamp":"2025-07-11T19:09:25.231970Z","level":"info","event":"spark.hadoop.fs.s3a.retry.limit = 5","chan":"stdout","logger":"task"}
{"timestamp":"2025-07-11T19:09:25.232235Z","level":"info","event":"spark.hadoop.fs.s3a.vectored.read.max.merged.size = 2097152","chan":"stdout","logger":"task"}
{"timestamp":"2025-07-11T19:09:25.232473Z","level":"info","event":"spark.hadoop.fs.s3a.impl = org.apache.hadoop.fs.s3a.S3AFileSystem","chan":"stdout","logger":"task"}
{"timestamp":"2025-07-11T19:09:25.232707Z","level":"info","event":"spark.hadoop.fs.s3a.vectored.read.min.seek.size = 131072","chan":"stdout","logger":"task"}
{"timestamp":"2025-07-11T19:09:25.232923Z","level":"info","event":"spark.hadoop.fs.s3a.secret.key = admin12345","chan":"stdout","logger":"task"}
{"timestamp":"2025-07-11T19:09:25.233154Z","level":"info","event":"spark.sql.adaptive.coalescePartitions.enabled = false","chan":"stdout","logger":"task"}
{"timestamp":"2025-07-11T19:09:25.233490Z","level":"info","event":"spark.app.submitTime = 1752260958721","chan":"stdout","logger":"task"}
{"timestamp":"2025-07-11T19:09:25.233897Z","level":"info","event":"spark.hadoop.fs.s3a.socket.send.buffer = 65536","chan":"stdout","logger":"task"}
{"timestamp":"2025-07-11T19:09:25.234177Z","level":"info","event":"spark.hadoop.fs.s3a.fast.upload = true","chan":"stdout","logger":"task"}
{"timestamp":"2025-07-11T19:09:25.234481Z","level":"info","event":"spark.executor.extraJavaOptions = -Djava.net.preferIPv6Addresses=false -XX:+IgnoreUnrecognizedVMOptions --add-modules=jdk.incubator.vector --add-opens=java.base/java.lang=ALL-UNNAMED --add-opens=java.base/java.lang.invoke=ALL-UNNAMED --add-opens=java.base/java.lang.reflect=ALL-UNNAMED --add-opens=java.base/java.io=ALL-UNNAMED --add-opens=java.base/java.net=ALL-UNNAMED --add-opens=java.base/java.nio=ALL-UNNAMED --add-opens=java.base/java.util=ALL-UNNAMED --add-opens=java.base/java.util.concurrent=ALL-UNNAMED --add-opens=java.base/java.util.concurrent.atomic=ALL-UNNAMED --add-opens=java.base/jdk.internal.ref=ALL-UNNAMED --add-opens=java.base/sun.nio.ch=ALL-UNNAMED --add-opens=java.base/sun.nio.cs=ALL-UNNAMED --add-opens=java.base/sun.security.action=ALL-UNNAMED --add-opens=java.base/sun.util.calendar=ALL-UNNAMED --add-opens=java.security.jgss/sun.security.krb5=ALL-UNNAMED -Djdk.reflect.useDirectMethodHandle=false -Dio.netty.tryReflectionSetAccessible=true","chan":"stdout","logger":"task"}
{"timestamp":"2025-07-11T19:09:25.234758Z","level":"info","event":"spark.sql.artifact.isolation.enabled = false","chan":"stdout","logger":"task"}
{"timestamp":"2025-07-11T19:09:25.235024Z","level":"info","event":"spark.hadoop.fs.s3a.multipart.size = 104857600","chan":"stdout","logger":"task"}
{"timestamp":"2025-07-11T19:09:25.235290Z","level":"info","event":"spark.app.startTime = 1752260959084","chan":"stdout","logger":"task"}
{"timestamp":"2025-07-11T19:09:25.235632Z","level":"info","event":"spark.master = local[*]","chan":"stdout","logger":"task"}
{"timestamp":"2025-07-11T19:09:25.236160Z","level":"info","event":"spark.app.initial.jar.urls = spark://f3b2998412a1:38931/jars/hadoop-aws-3.3.6.jar,spark://f3b2998412a1:38931/jars/aws-java-sdk-bundle-1.12.787.jar,spark://f3b2998412a1:38931/jars/ojdbc11.jar","chan":"stdout","logger":"task"}
{"timestamp":"2025-07-11T19:09:25.236539Z","level":"info","event":"spark.app.id = local-1752260959943","chan":"stdout","logger":"task"}
{"timestamp":"2025-07-11T19:09:25.236894Z","level":"info","event":"spark.executor.id = driver","chan":"stdout","logger":"task"}
{"timestamp":"2025-07-11T19:09:25.237177Z","level":"info","event":"spark.driver.extraClassPath = /opt/spark/jars/ojdbc11.jar","chan":"stdout","logger":"task"}
{"timestamp":"2025-07-11T19:09:25.237459Z","level":"info","event":"spark.app.name = BAITEST","chan":"stdout","logger":"task"}
{"timestamp":"2025-07-11T19:09:25.237778Z","level":"info","event":"spark.submit.deployMode = client","chan":"stdout","logger":"task"}
{"timestamp":"2025-07-11T19:09:25.238030Z","level":"info","event":"spark.hadoop.fs.s3a.connection.ssl.enabled = false","chan":"stdout","logger":"task"}
{"timestamp":"2025-07-11T19:09:25.238344Z","level":"info","event":"spark.serializer.objectStreamReset = 100","chan":"stdout","logger":"task"}
{"timestamp":"2025-07-11T19:09:25.238600Z","level":"info","event":"spark.driver.host = f3b2998412a1","chan":"stdout","logger":"task"}
{"timestamp":"2025-07-11T19:09:25.238879Z","level":"info","event":"spark.ui.showConsoleProgress = true","chan":"stdout","logger":"task"}
{"timestamp":"2025-07-11T19:09:25.239133Z","level":"info","event":"spark.hadoop.fs.s3a.multipart.purge.age = 86400","chan":"stdout","logger":"task"}
{"timestamp":"2025-07-11T19:09:25.239374Z","level":"info","event":"spark.hadoop.fs.s3a.threads.max = 10","chan":"stdout","logger":"task"}
{"timestamp":"2025-07-11T19:09:25.239605Z","level":"info","event":"spark.hadoop.fs.s3a.aws.credentials.provider = org.apache.hadoop.fs.s3a.SimpleAWSCredentialsProvider","chan":"stdout","logger":"task"}
{"timestamp":"2025-07-11T19:09:25.239955Z","level":"info","event":"spark.submit.pyFiles =","chan":"stdout","logger":"task"}
{"timestamp":"2025-07-11T19:09:25.240202Z","level":"info","event":"spark.driver.extraJavaOptions = -Djava.net.preferIPv6Addresses=false -XX:+IgnoreUnrecognizedVMOptions --add-modules=jdk.incubator.vector --add-opens=java.base/java.lang=ALL-UNNAMED --add-opens=java.base/java.lang.invoke=ALL-UNNAMED --add-opens=java.base/java.lang.reflect=ALL-UNNAMED --add-opens=java.base/java.io=ALL-UNNAMED --add-opens=java.base/java.net=ALL-UNNAMED --add-opens=java.base/java.nio=ALL-UNNAMED --add-opens=java.base/java.util=ALL-UNNAMED --add-opens=java.base/java.util.concurrent=ALL-UNNAMED --add-opens=java.base/java.util.concurrent.atomic=ALL-UNNAMED --add-opens=java.base/jdk.internal.ref=ALL-UNNAMED --add-opens=java.base/sun.nio.ch=ALL-UNNAMED --add-opens=java.base/sun.nio.cs=ALL-UNNAMED --add-opens=java.base/sun.security.action=ALL-UNNAMED --add-opens=java.base/sun.util.calendar=ALL-UNNAMED --add-opens=java.security.jgss/sun.security.krb5=ALL-UNNAMED -Djdk.reflect.useDirectMethodHandle=false -Dio.netty.tryReflectionSetAccessible=true","chan":"stdout","logger":"task"}
{"timestamp":"2025-07-11T19:09:25.240440Z","level":"info","event":"spark.hadoop.fs.s3a.attempts.maximum = 3","chan":"stdout","logger":"task"}
{"timestamp":"2025-07-11T19:09:25.240715Z","level":"info","event":"spark.hadoop.fs.s3a.threads.keepalivetime = 60000","chan":"stdout","logger":"task"}
{"timestamp":"2025-07-11T19:09:25.240959Z","level":"info","event":"spark.repl.local.jars = file:///opt/spark/jars/hadoop-aws-3.3.6.jar,file:///opt/spark/jars/aws-java-sdk-bundle-1.12.787.jar,file:///opt/spark/jars/ojdbc11.jar","chan":"stdout","logger":"task"}
{"timestamp":"2025-07-11T19:09:25.241304Z","level":"info","event":"spark.sql.adaptive.enabled = false","chan":"stdout","logger":"task"}
{"timestamp":"2025-07-11T19:09:25.241524Z","level":"info","event":"spark.hadoop.fs.s3a.connection.timeout = 60000","chan":"stdout","logger":"task"}
{"timestamp":"2025-07-11T19:09:26.864700Z","level":"error","event":"25/07/11 19:09:26 WARN MetricsConfig: Cannot locate configuration: tried hadoop-metrics2-s3a-file-system.properties,hadoop-metrics2.properties","chan":"stderr","logger":"task"}
{"timestamp":"2025-07-11T19:09:27.042207Z","level":"error","event":"25/07/11 19:09:27 WARN VersionInfoUtils: The AWS SDK for Java 1.x entered maintenance mode starting July 31, 2024 and will reach end of support on December 31, 2025. For more information, see https://aws.amazon.com/blogs/developer/the-aws-sdk-for-java-1-x-is-in-maintenance-mode-effective-july-31-2024/","chan":"stderr","logger":"task"}
{"timestamp":"2025-07-11T19:09:27.042958Z","level":"error","event":"You can print where on the file system the AWS SDK for Java 1.x core runtime is located by setting the AWS_JAVA_V1_PRINT_LOCATION environment variable or aws.java.v1.printLocation system property to 'true'.","chan":"stderr","logger":"task"}
{"timestamp":"2025-07-11T19:09:27.043496Z","level":"error","event":"This message can be disabled by setting the AWS_JAVA_V1_DISABLE_DEPRECATION_ANNOUNCEMENT environment variable or aws.java.v1.disableDeprecationAnnouncement system property to 'true'.","chan":"stderr","logger":"task"}
{"timestamp":"2025-07-11T19:09:27.044220Z","level":"error","event":"The AWS SDK for Java 1.x is being used here:","chan":"stderr","logger":"task"}
{"timestamp":"2025-07-11T19:09:27.044724Z","level":"error","event":"at java.base/java.lang.Thread.getStackTrace(Thread.java:1619)","chan":"stderr","logger":"task"}
{"timestamp":"2025-07-11T19:09:27.045151Z","level":"error","event":"at com.amazonaws.util.VersionInfoUtils.printDeprecationAnnouncement(VersionInfoUtils.java:81)","chan":"stderr","logger":"task"}
{"timestamp":"2025-07-11T19:09:27.045500Z","level":"error","event":"at com.amazonaws.util.VersionInfoUtils.<clinit>(VersionInfoUtils.java:59)","chan":"stderr","logger":"task"}
{"timestamp":"2025-07-11T19:09:27.045822Z","level":"error","event":"at com.amazonaws.ClientConfiguration.<clinit>(ClientConfiguration.java:95)","chan":"stderr","logger":"task"}
{"timestamp":"2025-07-11T19:09:27.046143Z","level":"error","event":"at org.apache.hadoop.fs.s3a.S3AUtils.createAwsConf(S3AUtils.java:1251)","chan":"stderr","logger":"task"}
{"timestamp":"2025-07-11T19:09:27.046790Z","level":"error","event":"at org.apache.hadoop.fs.s3a.DefaultS3ClientFactory.createS3Client(DefaultS3ClientFactory.java:118)","chan":"stderr","logger":"task"}
{"timestamp":"2025-07-11T19:09:27.047157Z","level":"error","event":"at org.apache.hadoop.fs.s3a.S3AFileSystem.bindAWSClient(S3AFileSystem.java:982)","chan":"stderr","logger":"task"}
{"timestamp":"2025-07-11T19:09:27.047529Z","level":"error","event":"at org.apache.hadoop.fs.s3a.S3AFileSystem.initialize(S3AFileSystem.java:586)","chan":"stderr","logger":"task"}
{"timestamp":"2025-07-11T19:09:27.047832Z","level":"error","event":"at org.apache.hadoop.fs.FileSystem.createFileSystem(FileSystem.java:3615)","chan":"stderr","logger":"task"}
{"timestamp":"2025-07-11T19:09:27.048087Z","level":"error","event":"at org.apache.hadoop.fs.FileSystem.get(FileSystem.java:554)","chan":"stderr","logger":"task"}
{"timestamp":"2025-07-11T19:09:27.048336Z","level":"error","event":"at org.apache.hadoop.fs.Path.getFileSystem(Path.java:366)","chan":"stderr","logger":"task"}
{"timestamp":"2025-07-11T19:09:27.048568Z","level":"error","event":"at org.apache.spark.sql.execution.streaming.FileStreamSink$.hasMetadata(FileStreamSink.scala:55)","chan":"stderr","logger":"task"}
{"timestamp":"2025-07-11T19:09:27.048850Z","level":"error","event":"at org.apache.spark.sql.execution.datasources.DataSource.resolveRelation(DataSource.scala:381)","chan":"stderr","logger":"task"}
{"timestamp":"2025-07-11T19:09:27.049138Z","level":"error","event":"at org.apache.spark.sql.catalyst.analysis.ResolveDataSource.org$apache$spark$sql$catalyst$analysis$ResolveDataSource$$loadV1BatchSource(ResolveDataSource.scala:143)","chan":"stderr","logger":"task"}
{"timestamp":"2025-07-11T19:09:27.049395Z","level":"error","event":"at org.apache.spark.sql.catalyst.analysis.ResolveDataSource$$anonfun$apply$1.$anonfun$applyOrElse$2(ResolveDataSource.scala:61)","chan":"stderr","logger":"task"}
{"timestamp":"2025-07-11T19:09:27.049668Z","level":"error","event":"at scala.Option.getOrElse(Option.scala:201)","chan":"stderr","logger":"task"}
{"timestamp":"2025-07-11T19:09:27.050278Z","level":"error","event":"at org.apache.spark.sql.catalyst.analysis.ResolveDataSource$$anonfun$apply$1.applyOrElse(ResolveDataSource.scala:61)","chan":"stderr","logger":"task"}
{"timestamp":"2025-07-11T19:09:27.050572Z","level":"error","event":"at org.apache.spark.sql.catalyst.analysis.ResolveDataSource$$anonfun$apply$1.applyOrElse(ResolveDataSource.scala:45)","chan":"stderr","logger":"task"}
{"timestamp":"2025-07-11T19:09:27.050836Z","level":"error","event":"at org.apache.spark.sql.catalyst.plans.logical.AnalysisHelper.$anonfun$resolveOperatorsUpWithPruning$3(AnalysisHelper.scala:139)","chan":"stderr","logger":"task"}
{"timestamp":"2025-07-11T19:09:27.051245Z","level":"error","event":"at org.apache.spark.sql.catalyst.trees.CurrentOrigin$.withOrigin(origin.scala:86)","chan":"stderr","logger":"task"}
{"timestamp":"2025-07-11T19:09:27.051937Z","level":"error","event":"at org.apache.spark.sql.catalyst.plans.logical.AnalysisHelper.$anonfun$resolveOperatorsUpWithPruning$1(AnalysisHelper.scala:139)","chan":"stderr","logger":"task"}
{"timestamp":"2025-07-11T19:09:27.052492Z","level":"error","event":"at org.apache.spark.sql.catalyst.plans.logical.AnalysisHelper$.allowInvokingTransformsInAnalyzer(AnalysisHelper.scala:416)","chan":"stderr","logger":"task"}
{"timestamp":"2025-07-11T19:09:27.052984Z","level":"error","event":"at org.apache.spark.sql.catalyst.plans.logical.AnalysisHelper.resolveOperatorsUpWithPruning(AnalysisHelper.scala:135)","chan":"stderr","logger":"task"}
{"timestamp":"2025-07-11T19:09:27.053527Z","level":"error","event":"at org.apache.spark.sql.catalyst.plans.logical.AnalysisHelper.resolveOperatorsUpWithPruning$(AnalysisHelper.scala:131)","chan":"stderr","logger":"task"}
{"timestamp":"2025-07-11T19:09:27.053797Z","level":"error","event":"at org.apache.spark.sql.catalyst.plans.logical.LogicalPlan.resolveOperatorsUpWithPruning(LogicalPlan.scala:37)","chan":"stderr","logger":"task"}
{"timestamp":"2025-07-11T19:09:27.054089Z","level":"error","event":"at org.apache.spark.sql.catalyst.plans.logical.AnalysisHelper.resolveOperatorsUp(AnalysisHelper.scala:112)","chan":"stderr","logger":"task"}
{"timestamp":"2025-07-11T19:09:27.054369Z","level":"error","event":"at org.apache.spark.sql.catalyst.plans.logical.AnalysisHelper.resolveOperatorsUp$(AnalysisHelper.scala:111)","chan":"stderr","logger":"task"}
{"timestamp":"2025-07-11T19:09:27.054675Z","level":"error","event":"at org.apache.spark.sql.catalyst.plans.logical.LogicalPlan.resolveOperatorsUp(LogicalPlan.scala:37)","chan":"stderr","logger":"task"}
{"timestamp":"2025-07-11T19:09:27.056030Z","level":"error","event":"at org.apache.spark.sql.catalyst.analysis.ResolveDataSource.apply(ResolveDataSource.scala:45)","chan":"stderr","logger":"task"}
{"timestamp":"2025-07-11T19:09:27.056547Z","level":"error","event":"at org.apache.spark.sql.catalyst.analysis.ResolveDataSource.apply(ResolveDataSource.scala:43)","chan":"stderr","logger":"task"}
{"timestamp":"2025-07-11T19:09:27.057184Z","level":"error","event":"at org.apache.spark.sql.catalyst.rules.RuleExecutor.$anonfun$execute$2(RuleExecutor.scala:242)","chan":"stderr","logger":"task"}
{"timestamp":"2025-07-11T19:09:27.057508Z","level":"error","event":"at scala.collection.LinearSeqOps.foldLeft(LinearSeq.scala:183)","chan":"stderr","logger":"task"}
{"timestamp":"2025-07-11T19:09:27.057860Z","level":"error","event":"at scala.collection.LinearSeqOps.foldLeft$(LinearSeq.scala:179)","chan":"stderr","logger":"task"}
{"timestamp":"2025-07-11T19:09:27.058230Z","level":"error","event":"at scala.collection.immutable.List.foldLeft(List.scala:79)","chan":"stderr","logger":"task"}
{"timestamp":"2025-07-11T19:09:27.058537Z","level":"error","event":"at org.apache.spark.sql.catalyst.rules.RuleExecutor.$anonfun$execute$1(RuleExecutor.scala:239)","chan":"stderr","logger":"task"}
{"timestamp":"2025-07-11T19:09:27.058916Z","level":"error","event":"at org.apache.spark.sql.catalyst.rules.RuleExecutor.$anonfun$execute$1$adapted(RuleExecutor.scala:231)","chan":"stderr","logger":"task"}
{"timestamp":"2025-07-11T19:09:27.059182Z","level":"error","event":"at scala.collection.immutable.List.foreach(List.scala:334)","chan":"stderr","logger":"task"}
{"timestamp":"2025-07-11T19:09:27.059526Z","level":"error","event":"at org.apache.spark.sql.catalyst.rules.RuleExecutor.execute(RuleExecutor.scala:231)","chan":"stderr","logger":"task"}
{"timestamp":"2025-07-11T19:09:27.059820Z","level":"error","event":"at org.apache.spark.sql.catalyst.analysis.Analyzer.org$apache$spark$sql$catalyst$analysis$Analyzer$$executeSameContext(Analyzer.scala:290)","chan":"stderr","logger":"task"}
{"timestamp":"2025-07-11T19:09:27.060224Z","level":"error","event":"at org.apache.spark.sql.catalyst.analysis.Analyzer.$anonfun$execute$1(Analyzer.scala:286)","chan":"stderr","logger":"task"}
{"timestamp":"2025-07-11T19:09:27.060739Z","level":"error","event":"at org.apache.spark.sql.catalyst.analysis.AnalysisContext$.withNewAnalysisContext(Analyzer.scala:234)","chan":"stderr","logger":"task"}
{"timestamp":"2025-07-11T19:09:27.061124Z","level":"error","event":"at org.apache.spark.sql.catalyst.analysis.Analyzer.execute(Analyzer.scala:286)","chan":"stderr","logger":"task"}
{"timestamp":"2025-07-11T19:09:27.061412Z","level":"error","event":"at org.apache.spark.sql.catalyst.analysis.Analyzer.execute(Analyzer.scala:249)","chan":"stderr","logger":"task"}
{"timestamp":"2025-07-11T19:09:27.061753Z","level":"error","event":"at org.apache.spark.sql.catalyst.rules.RuleExecutor.$anonfun$executeAndTrack$1(RuleExecutor.scala:201)","chan":"stderr","logger":"task"}
{"timestamp":"2025-07-11T19:09:27.062034Z","level":"error","event":"at org.apache.spark.sql.catalyst.QueryPlanningTracker$.withTracker(QueryPlanningTracker.scala:89)","chan":"stderr","logger":"task"}
{"timestamp":"2025-07-11T19:09:27.062335Z","level":"error","event":"at org.apache.spark.sql.catalyst.rules.RuleExecutor.executeAndTrack(RuleExecutor.scala:201)","chan":"stderr","logger":"task"}
{"timestamp":"2025-07-11T19:09:27.062611Z","level":"error","event":"at org.apache.spark.sql.catalyst.analysis.resolver.HybridAnalyzer.resolveInFixedPoint(HybridAnalyzer.scala:190)","chan":"stderr","logger":"task"}
{"timestamp":"2025-07-11T19:09:27.062869Z","level":"error","event":"at org.apache.spark.sql.catalyst.analysis.resolver.HybridAnalyzer.$anonfun$apply$1(HybridAnalyzer.scala:76)","chan":"stderr","logger":"task"}
{"timestamp":"2025-07-11T19:09:27.063156Z","level":"error","event":"at org.apache.spark.sql.catalyst.analysis.resolver.HybridAnalyzer.withTrackedAnalyzerBridgeState(HybridAnalyzer.scala:111)","chan":"stderr","logger":"task"}
{"timestamp":"2025-07-11T19:09:27.063405Z","level":"error","event":"at org.apache.spark.sql.catalyst.analysis.resolver.HybridAnalyzer.apply(HybridAnalyzer.scala:71)","chan":"stderr","logger":"task"}
{"timestamp":"2025-07-11T19:09:27.063643Z","level":"error","event":"at org.apache.spark.sql.catalyst.analysis.Analyzer.$anonfun$executeAndCheck$1(Analyzer.scala:280)","chan":"stderr","logger":"task"}
{"timestamp":"2025-07-11T19:09:27.063912Z","level":"error","event":"at org.apache.spark.sql.catalyst.plans.logical.AnalysisHelper$.markInAnalyzer(AnalysisHelper.scala:423)","chan":"stderr","logger":"task"}
{"timestamp":"2025-07-11T19:09:27.064167Z","level":"error","event":"at org.apache.spark.sql.catalyst.analysis.Analyzer.executeAndCheck(Analyzer.scala:280)","chan":"stderr","logger":"task"}
{"timestamp":"2025-07-11T19:09:27.064411Z","level":"error","event":"at org.apache.spark.sql.execution.QueryExecution.$anonfun$lazyAnalyzed$2(QueryExecution.scala:110)","chan":"stderr","logger":"task"}
{"timestamp":"2025-07-11T19:09:27.064660Z","level":"error","event":"at org.apache.spark.sql.catalyst.QueryPlanningTracker.measurePhase(QueryPlanningTracker.scala:148)","chan":"stderr","logger":"task"}
{"timestamp":"2025-07-11T19:09:27.064892Z","level":"error","event":"at org.apache.spark.sql.execution.QueryExecution.$anonfun$executePhase$2(QueryExecution.scala:278)","chan":"stderr","logger":"task"}
{"timestamp":"2025-07-11T19:09:27.065185Z","level":"error","event":"at org.apache.spark.sql.execution.QueryExecution$.withInternalError(QueryExecution.scala:654)","chan":"stderr","logger":"task"}
{"timestamp":"2025-07-11T19:09:27.065475Z","level":"error","event":"at org.apache.spark.sql.execution.QueryExecution.$anonfun$executePhase$1(QueryExecution.scala:278)","chan":"stderr","logger":"task"}
{"timestamp":"2025-07-11T19:09:27.065732Z","level":"error","event":"at org.apache.spark.sql.SparkSession.withActive(SparkSession.scala:804)","chan":"stderr","logger":"task"}
{"timestamp":"2025-07-11T19:09:27.066000Z","level":"error","event":"at org.apache.spark.sql.execution.QueryExecution.executePhase(QueryExecution.scala:277)","chan":"stderr","logger":"task"}
{"timestamp":"2025-07-11T19:09:27.066271Z","level":"error","event":"at org.apache.spark.sql.execution.QueryExecution.$anonfun$lazyAnalyzed$1(QueryExecution.scala:110)","chan":"stderr","logger":"task"}
{"timestamp":"2025-07-11T19:09:27.066539Z","level":"error","event":"at scala.util.Try$.apply(Try.scala:217)","chan":"stderr","logger":"task"}
{"timestamp":"2025-07-11T19:09:27.066825Z","level":"error","event":"at org.apache.spark.util.Utils$.doTryWithCallerStacktrace(Utils.scala:1378)","chan":"stderr","logger":"task"}
{"timestamp":"2025-07-11T19:09:27.067103Z","level":"error","event":"at org.apache.spark.util.LazyTry.tryT$lzycompute(LazyTry.scala:46)","chan":"stderr","logger":"task"}
{"timestamp":"2025-07-11T19:09:27.067354Z","level":"error","event":"at org.apache.spark.util.LazyTry.tryT(LazyTry.scala:46)","chan":"stderr","logger":"task"}
{"timestamp":"2025-07-11T19:09:27.067610Z","level":"error","event":"at org.apache.spark.util.LazyTry.get(LazyTry.scala:58)","chan":"stderr","logger":"task"}
{"timestamp":"2025-07-11T19:09:27.067885Z","level":"error","event":"at org.apache.spark.sql.execution.QueryExecution.analyzed(QueryExecution.scala:121)","chan":"stderr","logger":"task"}
{"timestamp":"2025-07-11T19:09:27.068152Z","level":"error","event":"at org.apache.spark.sql.execution.QueryExecution.assertAnalyzed(QueryExecution.scala:80)","chan":"stderr","logger":"task"}
{"timestamp":"2025-07-11T19:09:27.068588Z","level":"error","event":"at org.apache.spark.sql.classic.Dataset$.$anonfun$ofRows$1(Dataset.scala:115)","chan":"stderr","logger":"task"}
{"timestamp":"2025-07-11T19:09:27.071002Z","level":"error","event":"at org.apache.spark.sql.SparkSession.withActive(SparkSession.scala:804)","chan":"stderr","logger":"task"}
{"timestamp":"2025-07-11T19:09:27.071744Z","level":"error","event":"at org.apache.spark.sql.classic.Dataset$.ofRows(Dataset.scala:113)","chan":"stderr","logger":"task"}
{"timestamp":"2025-07-11T19:09:27.072468Z","level":"error","event":"at org.apache.spark.sql.classic.DataFrameReader.load(DataFrameReader.scala:109)","chan":"stderr","logger":"task"}
{"timestamp":"2025-07-11T19:09:27.073143Z","level":"error","event":"at org.apache.spark.sql.classic.DataFrameReader.load(DataFrameReader.scala:58)","chan":"stderr","logger":"task"}
{"timestamp":"2025-07-11T19:09:27.073992Z","level":"error","event":"at org.apache.spark.sql.DataFrameReader.json(DataFrameReader.scala:296)","chan":"stderr","logger":"task"}
{"timestamp":"2025-07-11T19:09:27.074350Z","level":"error","event":"at org.apache.spark.sql.classic.DataFrameReader.json(DataFrameReader.scala:150)","chan":"stderr","logger":"task"}
{"timestamp":"2025-07-11T19:09:27.074660Z","level":"error","event":"at java.base/jdk.internal.reflect.NativeMethodAccessorImpl.invoke0(Native Method)","chan":"stderr","logger":"task"}
{"timestamp":"2025-07-11T19:09:27.074930Z","level":"error","event":"at java.base/jdk.internal.reflect.NativeMethodAccessorImpl.invoke(NativeMethodAccessorImpl.java:77)","chan":"stderr","logger":"task"}
{"timestamp":"2025-07-11T19:09:27.075183Z","level":"error","event":"at java.base/jdk.internal.reflect.DelegatingMethodAccessorImpl.invoke(DelegatingMethodAccessorImpl.java:43)","chan":"stderr","logger":"task"}
{"timestamp":"2025-07-11T19:09:27.075405Z","level":"error","event":"at java.base/java.lang.reflect.Method.invoke(Method.java:569)","chan":"stderr","logger":"task"}
{"timestamp":"2025-07-11T19:09:27.075645Z","level":"error","event":"at py4j.reflection.MethodInvoker.invoke(MethodInvoker.java:244)","chan":"stderr","logger":"task"}
{"timestamp":"2025-07-11T19:09:27.075891Z","level":"error","event":"at py4j.reflection.ReflectionEngine.invoke(ReflectionEngine.java:374)","chan":"stderr","logger":"task"}
{"timestamp":"2025-07-11T19:09:27.076108Z","level":"error","event":"at py4j.Gateway.invoke(Gateway.java:282)","chan":"stderr","logger":"task"}
{"timestamp":"2025-07-11T19:09:27.076636Z","level":"error","event":"at py4j.commands.AbstractCommand.invokeMethod(AbstractCommand.java:132)","chan":"stderr","logger":"task"}
{"timestamp":"2025-07-11T19:09:27.076946Z","level":"error","event":"at py4j.commands.CallCommand.execute(CallCommand.java:79)","chan":"stderr","logger":"task"}
{"timestamp":"2025-07-11T19:09:27.077520Z","level":"error","event":"at py4j.ClientServerConnection.waitForCommands(ClientServerConnection.java:184)","chan":"stderr","logger":"task"}
{"timestamp":"2025-07-11T19:09:27.077856Z","level":"error","event":"at py4j.ClientServerConnection.run(ClientServerConnection.java:108)","chan":"stderr","logger":"task"}
{"timestamp":"2025-07-11T19:09:27.078166Z","level":"error","event":"at java.base/java.lang.Thread.run(Thread.java:840)","chan":"stderr","logger":"task"}
{"timestamp":"2025-07-11T19:09:30.590851Z","level":"info","event":"HELLLLLLLLLLLLLLLLLLLLLLLLLLLOOOOOOOOOOOOOOOOOOOOOOOOOOOOO","chan":"stdout","logger":"task"}
{"timestamp":"2025-07-11T19:09:30.621617Z","level":"info","event":"root","chan":"stdout","logger":"task"}
{"timestamp":"2025-07-11T19:09:30.622094Z","level":"info","event":" |-- city: struct (nullable = true)","chan":"stdout","logger":"task"}
{"timestamp":"2025-07-11T19:09:30.622391Z","level":"info","event":" |    |-- coord: struct (nullable = true)","chan":"stdout","logger":"task"}
{"timestamp":"2025-07-11T19:09:30.622671Z","level":"info","event":" |    |    |-- lat: double (nullable = true)","chan":"stdout","logger":"task"}
{"timestamp":"2025-07-11T19:09:30.622966Z","level":"info","event":" |    |    |-- lon: double (nullable = true)","chan":"stdout","logger":"task"}
{"timestamp":"2025-07-11T19:09:30.623258Z","level":"info","event":" |    |-- country: string (nullable = true)","chan":"stdout","logger":"task"}
{"timestamp":"2025-07-11T19:09:30.623528Z","level":"info","event":" |    |-- id: long (nullable = true)","chan":"stdout","logger":"task"}
{"timestamp":"2025-07-11T19:09:30.623826Z","level":"info","event":" |    |-- name: string (nullable = true)","chan":"stdout","logger":"task"}
{"timestamp":"2025-07-11T19:09:30.624061Z","level":"info","event":" |    |-- population: long (nullable = true)","chan":"stdout","logger":"task"}
{"timestamp":"2025-07-11T19:09:30.624308Z","level":"info","event":" |    |-- sunrise: long (nullable = true)","chan":"stdout","logger":"task"}
{"timestamp":"2025-07-11T19:09:30.624534Z","level":"info","event":" |    |-- sunset: long (nullable = true)","chan":"stdout","logger":"task"}
{"timestamp":"2025-07-11T19:09:30.624787Z","level":"info","event":" |    |-- timezone: long (nullable = true)","chan":"stdout","logger":"task"}
{"timestamp":"2025-07-11T19:09:30.625039Z","level":"info","event":" |-- cnt: long (nullable = true)","chan":"stdout","logger":"task"}
{"timestamp":"2025-07-11T19:09:30.625307Z","level":"info","event":" |-- cod: string (nullable = true)","chan":"stdout","logger":"task"}
{"timestamp":"2025-07-11T19:09:30.625565Z","level":"info","event":" |-- list: array (nullable = true)","chan":"stdout","logger":"task"}
{"timestamp":"2025-07-11T19:09:30.625806Z","level":"info","event":" |    |-- element: struct (containsNull = true)","chan":"stdout","logger":"task"}
{"timestamp":"2025-07-11T19:09:30.626072Z","level":"info","event":" |    |    |-- clouds: struct (nullable = true)","chan":"stdout","logger":"task"}
{"timestamp":"2025-07-11T19:09:30.626328Z","level":"info","event":" |    |    |    |-- all: long (nullable = true)","chan":"stdout","logger":"task"}
{"timestamp":"2025-07-11T19:09:30.626604Z","level":"info","event":" |    |    |-- dt: long (nullable = true)","chan":"stdout","logger":"task"}
{"timestamp":"2025-07-11T19:09:30.626896Z","level":"info","event":" |    |    |-- dt_txt: string (nullable = true)","chan":"stdout","logger":"task"}
{"timestamp":"2025-07-11T19:09:30.627271Z","level":"info","event":" |    |    |-- main: struct (nullable = true)","chan":"stdout","logger":"task"}
{"timestamp":"2025-07-11T19:09:30.627588Z","level":"info","event":" |    |    |    |-- feels_like: double (nullable = true)","chan":"stdout","logger":"task"}
{"timestamp":"2025-07-11T19:09:30.627855Z","level":"info","event":" |    |    |    |-- grnd_level: long (nullable = true)","chan":"stdout","logger":"task"}
{"timestamp":"2025-07-11T19:09:30.628113Z","level":"info","event":" |    |    |    |-- humidity: long (nullable = true)","chan":"stdout","logger":"task"}
{"timestamp":"2025-07-11T19:09:30.628379Z","level":"info","event":" |    |    |    |-- pressure: long (nullable = true)","chan":"stdout","logger":"task"}
{"timestamp":"2025-07-11T19:09:30.628727Z","level":"info","event":" |    |    |    |-- sea_level: long (nullable = true)","chan":"stdout","logger":"task"}
{"timestamp":"2025-07-11T19:09:30.629041Z","level":"info","event":" |    |    |    |-- temp: double (nullable = true)","chan":"stdout","logger":"task"}
{"timestamp":"2025-07-11T19:09:30.629351Z","level":"info","event":" |    |    |    |-- temp_kf: double (nullable = true)","chan":"stdout","logger":"task"}
{"timestamp":"2025-07-11T19:09:30.629677Z","level":"info","event":" |    |    |    |-- temp_max: double (nullable = true)","chan":"stdout","logger":"task"}
{"timestamp":"2025-07-11T19:09:30.629957Z","level":"info","event":" |    |    |    |-- temp_min: double (nullable = true)","chan":"stdout","logger":"task"}
{"timestamp":"2025-07-11T19:09:30.630292Z","level":"info","event":" |    |    |-- pop: double (nullable = true)","chan":"stdout","logger":"task"}
{"timestamp":"2025-07-11T19:09:30.630609Z","level":"info","event":" |    |    |-- rain: struct (nullable = true)","chan":"stdout","logger":"task"}
{"timestamp":"2025-07-11T19:09:30.630851Z","level":"info","event":" |    |    |    |-- 3h: double (nullable = true)","chan":"stdout","logger":"task"}
{"timestamp":"2025-07-11T19:09:30.631119Z","level":"info","event":" |    |    |-- sys: struct (nullable = true)","chan":"stdout","logger":"task"}
{"timestamp":"2025-07-11T19:09:30.631415Z","level":"info","event":" |    |    |    |-- pod: string (nullable = true)","chan":"stdout","logger":"task"}
{"timestamp":"2025-07-11T19:09:30.631670Z","level":"info","event":" |    |    |-- visibility: long (nullable = true)","chan":"stdout","logger":"task"}
{"timestamp":"2025-07-11T19:09:30.631929Z","level":"info","event":" |    |    |-- weather: array (nullable = true)","chan":"stdout","logger":"task"}
{"timestamp":"2025-07-11T19:09:30.632164Z","level":"info","event":" |    |    |    |-- element: struct (containsNull = true)","chan":"stdout","logger":"task"}
{"timestamp":"2025-07-11T19:09:30.632426Z","level":"info","event":" |    |    |    |    |-- description: string (nullable = true)","chan":"stdout","logger":"task"}
{"timestamp":"2025-07-11T19:09:30.632629Z","level":"info","event":" |    |    |    |    |-- icon: string (nullable = true)","chan":"stdout","logger":"task"}
{"timestamp":"2025-07-11T19:09:30.632883Z","level":"info","event":" |    |    |    |    |-- id: long (nullable = true)","chan":"stdout","logger":"task"}
{"timestamp":"2025-07-11T19:09:30.633139Z","level":"info","event":" |    |    |    |    |-- main: string (nullable = true)","chan":"stdout","logger":"task"}
{"timestamp":"2025-07-11T19:09:30.633427Z","level":"info","event":" |    |    |-- wind: struct (nullable = true)","chan":"stdout","logger":"task"}
{"timestamp":"2025-07-11T19:09:30.633670Z","level":"info","event":" |    |    |    |-- deg: long (nullable = true)","chan":"stdout","logger":"task"}
{"timestamp":"2025-07-11T19:09:30.633908Z","level":"info","event":" |    |    |    |-- gust: double (nullable = true)","chan":"stdout","logger":"task"}
{"timestamp":"2025-07-11T19:09:30.634192Z","level":"info","event":" |    |    |    |-- speed: double (nullable = true)","chan":"stdout","logger":"task"}
{"timestamp":"2025-07-11T19:09:30.634433Z","level":"info","event":" |-- message: long (nullable = true)","chan":"stdout","logger":"task"}
{"timestamp":"2025-07-11T19:09:30.634726Z","level":"info","event":"","chan":"stdout","logger":"task"}
{"timestamp":"2025-07-11T19:09:55.826949Z","level":"info","event":"+--------------------+---+---+--------------------+-------+","chan":"stdout","logger":"task"}
{"timestamp":"2025-07-11T19:09:55.827530Z","level":"info","event":"|                city|cnt|cod|                list|message|","chan":"stdout","logger":"task"}
{"timestamp":"2025-07-11T19:09:55.827973Z","level":"info","event":"+--------------------+---+---+--------------------+-------+","chan":"stdout","logger":"task"}
{"timestamp":"2025-07-11T19:09:55.828863Z","level":"info","event":"|{{21.0278, 105.83...| 40|200|[{{100}, 17521920...|      0|","chan":"stdout","logger":"task"}
{"timestamp":"2025-07-11T19:09:55.829305Z","level":"info","event":"+--------------------+---+---+--------------------+-------+","chan":"stdout","logger":"task"}
{"timestamp":"2025-07-11T19:09:55.829660Z","level":"info","event":"","chan":"stdout","logger":"task"}
{"timestamp":"2025-07-11T19:09:58.322776Z","level":"info","event":"+----------+-----------+--------+--------+-----------+","chan":"stdout","logger":"task"}
{"timestamp":"2025-07-11T19:09:58.323565Z","level":"info","event":"|        dt|temperature|pressure|humidity|description|","chan":"stdout","logger":"task"}
{"timestamp":"2025-07-11T19:09:58.324210Z","level":"info","event":"+----------+-----------+--------+--------+-----------+","chan":"stdout","logger":"task"}
{"timestamp":"2025-07-11T19:09:58.324810Z","level":"info","event":"|1752192000|      26.72|     998|      89|    mưa vừa|","chan":"stdout","logger":"task"}
{"timestamp":"2025-07-11T19:09:58.325126Z","level":"info","event":"|1752202800|      27.27|     999|      81|    mưa nhẹ|","chan":"stdout","logger":"task"}
{"timestamp":"2025-07-11T19:09:58.325453Z","level":"info","event":"|1752213600|      30.07|     999|      67|    mưa vừa|","chan":"stdout","logger":"task"}
{"timestamp":"2025-07-11T19:09:58.325787Z","level":"info","event":"|1752224400|      29.96|     998|      75|    mưa vừa|","chan":"stdout","logger":"task"}
{"timestamp":"2025-07-11T19:09:58.326130Z","level":"info","event":"|1752235200|      26.19|    1000|      91|    mưa vừa|","chan":"stdout","logger":"task"}
{"timestamp":"2025-07-11T19:09:58.326673Z","level":"info","event":"+----------+-----------+--------+--------+-----------+","chan":"stdout","logger":"task"}
{"timestamp":"2025-07-11T19:09:58.327234Z","level":"info","event":"only showing top 5 rows","chan":"stdout","logger":"task"}
{"timestamp":"2025-07-11T19:09:58.327641Z","level":"info","event":"HELLLLLLLLLLLLLLLLLLLLLLLLLLLOOOOOOOOOOOOOOOOOOOOOOOOOOOOO25252525","chan":"stdout","logger":"task"}
{"timestamp":"2025-07-11T19:09:58.327926Z","level":"info","event":"transform data","chan":"stdout","logger":"task"}
{"timestamp":"2025-07-11T19:09:58.758114Z","level":"info","event":"load data","chan":"stdout","logger":"task"}
{"timestamp":"2025-07-11T19:09:59.496654Z","level":"info","event":"Table `WEATHER` created successfully.","chan":"stdout","logger":"task"}
{"timestamp":"2025-07-11T19:10:02.030059Z","level":"error","event":"\r[Stage 0:>                                                          (0 + 1) / 1]\r\r                                                                                \r\r[Stage 5:>                                                       (0 + 12) / 200]\r25/07/11 19:10:02 WARN JdbcUtils: Requested isolation level 1 is not supported; falling back to default isolation level 2","chan":"stderr","logger":"task"}
{"timestamp":"2025-07-11T19:10:02.094301Z","level":"error","event":"25/07/11 19:10:02 WARN JdbcUtils: Requested isolation level 1 is not supported; falling back to default isolation level 2","chan":"stderr","logger":"task"}
{"timestamp":"2025-07-11T19:10:02.100488Z","level":"error","event":"25/07/11 19:10:02 WARN JdbcUtils: Requested isolation level 1 is not supported; falling back to default isolation level 2","chan":"stderr","logger":"task"}
{"timestamp":"2025-07-11T19:10:02.117448Z","level":"error","event":"25/07/11 19:10:02 WARN JdbcUtils: Requested isolation level 1 is not supported; falling back to default isolation level 2","chan":"stderr","logger":"task"}
{"timestamp":"2025-07-11T19:10:02.122283Z","level":"error","event":"25/07/11 19:10:02 WARN JdbcUtils: Requested isolation level 1 is not supported; falling back to default isolation level 2","chan":"stderr","logger":"task"}
{"timestamp":"2025-07-11T19:10:02.122903Z","level":"error","event":"25/07/11 19:10:02 WARN JdbcUtils: Requested isolation level 1 is not supported; falling back to default isolation level 2","chan":"stderr","logger":"task"}
{"timestamp":"2025-07-11T19:10:02.127069Z","level":"error","event":"25/07/11 19:10:02 WARN JdbcUtils: Requested isolation level 1 is not supported; falling back to default isolation level 2","chan":"stderr","logger":"task"}
{"timestamp":"2025-07-11T19:10:02.129682Z","level":"error","event":"25/07/11 19:10:02 WARN JdbcUtils: Requested isolation level 1 is not supported; falling back to default isolation level 2","chan":"stderr","logger":"task"}
{"timestamp":"2025-07-11T19:10:02.136135Z","level":"error","event":"25/07/11 19:10:02 WARN JdbcUtils: Requested isolation level 1 is not supported; falling back to default isolation level 2","chan":"stderr","logger":"task"}
{"timestamp":"2025-07-11T19:10:02.147418Z","level":"error","event":"25/07/11 19:10:02 WARN JdbcUtils: Requested isolation level 1 is not supported; falling back to default isolation level 2","chan":"stderr","logger":"task"}
{"timestamp":"2025-07-11T19:10:02.152330Z","level":"error","event":"25/07/11 19:10:02 WARN JdbcUtils: Requested isolation level 1 is not supported; falling back to default isolation level 2","chan":"stderr","logger":"task"}
{"timestamp":"2025-07-11T19:10:02.157700Z","level":"error","event":"25/07/11 19:10:02 WARN JdbcUtils: Requested isolation level 1 is not supported; falling back to default isolation level 2","chan":"stderr","logger":"task"}
{"timestamp":"2025-07-11T19:10:02.344887Z","level":"error","event":"\r[Stage 5:===>                                                   (12 + 12) / 200]\r25/07/11 19:10:02 WARN JdbcUtils: Requested isolation level 1 is not supported; falling back to default isolation level 2","chan":"stderr","logger":"task"}
{"timestamp":"2025-07-11T19:10:02.356998Z","level":"error","event":"25/07/11 19:10:02 WARN JdbcUtils: Requested isolation level 1 is not supported; falling back to default isolation level 2","chan":"stderr","logger":"task"}
{"timestamp":"2025-07-11T19:10:02.359970Z","level":"error","event":"25/07/11 19:10:02 WARN JdbcUtils: Requested isolation level 1 is not supported; falling back to default isolation level 2","chan":"stderr","logger":"task"}
{"timestamp":"2025-07-11T19:10:02.366717Z","level":"error","event":"25/07/11 19:10:02 WARN JdbcUtils: Requested isolation level 1 is not supported; falling back to default isolation level 2","chan":"stderr","logger":"task"}
{"timestamp":"2025-07-11T19:10:02.368788Z","level":"error","event":"25/07/11 19:10:02 WARN JdbcUtils: Requested isolation level 1 is not supported; falling back to default isolation level 2","chan":"stderr","logger":"task"}
{"timestamp":"2025-07-11T19:10:02.374220Z","level":"error","event":"25/07/11 19:10:02 WARN JdbcUtils: Requested isolation level 1 is not supported; falling back to default isolation level 2","chan":"stderr","logger":"task"}
{"timestamp":"2025-07-11T19:10:02.374847Z","level":"error","event":"25/07/11 19:10:02 WARN JdbcUtils: Requested isolation level 1 is not supported; falling back to default isolation level 2","chan":"stderr","logger":"task"}
{"timestamp":"2025-07-11T19:10:02.387478Z","level":"error","event":"25/07/11 19:10:02 WARN JdbcUtils: Requested isolation level 1 is not supported; falling back to default isolation level 2","chan":"stderr","logger":"task"}
{"timestamp":"2025-07-11T19:10:02.403168Z","level":"error","event":"25/07/11 19:10:02 WARN JdbcUtils: Requested isolation level 1 is not supported; falling back to default isolation level 2","chan":"stderr","logger":"task"}
{"timestamp":"2025-07-11T19:10:02.442993Z","level":"error","event":"25/07/11 19:10:02 WARN JdbcUtils: Requested isolation level 1 is not supported; falling back to default isolation level 2","chan":"stderr","logger":"task"}
{"timestamp":"2025-07-11T19:10:02.452774Z","level":"error","event":"25/07/11 19:10:02 WARN JdbcUtils: Requested isolation level 1 is not supported; falling back to default isolation level 2","chan":"stderr","logger":"task"}
{"timestamp":"2025-07-11T19:10:02.507167Z","level":"error","event":"\r[Stage 5:=====>                                                 (21 + 12) / 200]\r25/07/11 19:10:02 WARN JdbcUtils: Requested isolation level 1 is not supported; falling back to default isolation level 2","chan":"stderr","logger":"task"}
{"timestamp":"2025-07-11T19:10:02.604198Z","level":"error","event":"25/07/11 19:10:02 WARN JdbcUtils: Requested isolation level 1 is not supported; falling back to default isolation level 2","chan":"stderr","logger":"task"}
{"timestamp":"2025-07-11T19:10:02.632057Z","level":"error","event":"25/07/11 19:10:02 WARN JdbcUtils: Requested isolation level 1 is not supported; falling back to default isolation level 2","chan":"stderr","logger":"task"}
{"timestamp":"2025-07-11T19:10:02.679386Z","level":"error","event":"25/07/11 19:10:02 WARN JdbcUtils: Requested isolation level 1 is not supported; falling back to default isolation level 2","chan":"stderr","logger":"task"}
{"timestamp":"2025-07-11T19:10:02.747202Z","level":"error","event":"\r[Stage 5:======>                                                (25 + 12) / 200]\r25/07/11 19:10:02 WARN JdbcUtils: Requested isolation level 1 is not supported; falling back to default isolation level 2","chan":"stderr","logger":"task"}
{"timestamp":"2025-07-11T19:10:02.748034Z","level":"error","event":"25/07/11 19:10:02 WARN JdbcUtils: Requested isolation level 1 is not supported; falling back to default isolation level 2","chan":"stderr","logger":"task"}
{"timestamp":"2025-07-11T19:10:02.758218Z","level":"error","event":"25/07/11 19:10:02 WARN JdbcUtils: Requested isolation level 1 is not supported; falling back to default isolation level 2","chan":"stderr","logger":"task"}
{"timestamp":"2025-07-11T19:10:02.778542Z","level":"error","event":"25/07/11 19:10:02 WARN JdbcUtils: Requested isolation level 1 is not supported; falling back to default isolation level 2","chan":"stderr","logger":"task"}
{"timestamp":"2025-07-11T19:10:02.792097Z","level":"error","event":"25/07/11 19:10:02 WARN JdbcUtils: Requested isolation level 1 is not supported; falling back to default isolation level 2","chan":"stderr","logger":"task"}
{"timestamp":"2025-07-11T19:10:02.792839Z","level":"error","event":"25/07/11 19:10:02 WARN JdbcUtils: Requested isolation level 1 is not supported; falling back to default isolation level 2","chan":"stderr","logger":"task"}
{"timestamp":"2025-07-11T19:10:02.819194Z","level":"error","event":"25/07/11 19:10:02 WARN JdbcUtils: Requested isolation level 1 is not supported; falling back to default isolation level 2","chan":"stderr","logger":"task"}
{"timestamp":"2025-07-11T19:10:02.852278Z","level":"error","event":"25/07/11 19:10:02 WARN JdbcUtils: Requested isolation level 1 is not supported; falling back to default isolation level 2","chan":"stderr","logger":"task"}
{"timestamp":"2025-07-11T19:10:02.870646Z","level":"error","event":"\r[Stage 5:=========>                                             (33 + 12) / 200]\r25/07/11 19:10:02 WARN JdbcUtils: Requested isolation level 1 is not supported; falling back to default isolation level 2","chan":"stderr","logger":"task"}
{"timestamp":"2025-07-11T19:10:02.884315Z","level":"error","event":"25/07/11 19:10:02 WARN JdbcUtils: Requested isolation level 1 is not supported; falling back to default isolation level 2","chan":"stderr","logger":"task"}
{"timestamp":"2025-07-11T19:10:02.910187Z","level":"error","event":"25/07/11 19:10:02 WARN JdbcUtils: Requested isolation level 1 is not supported; falling back to default isolation level 2","chan":"stderr","logger":"task"}
{"timestamp":"2025-07-11T19:10:02.911945Z","level":"error","event":"25/07/11 19:10:02 WARN JdbcUtils: Requested isolation level 1 is not supported; falling back to default isolation level 2","chan":"stderr","logger":"task"}
{"timestamp":"2025-07-11T19:10:05.112253","level":"info","event":"Done. Returned value was: None","logger":"airflow.task.operators.airflow.providers.standard.operators.python.PythonOperator"}
{"timestamp":"2025-07-11T19:10:05.145185Z","level":"info","event":"Task instance in success state","chan":"stdout","logger":"task"}
{"timestamp":"2025-07-11T19:10:05.145751Z","level":"info","event":" Previous state of the Task instance: running","chan":"stdout","logger":"task"}
{"timestamp":"2025-07-11T19:10:05.146131Z","level":"info","event":"Task operator:<Task(PythonOperator): etl_data_weather.load>","chan":"stdout","logger":"task"}
{"timestamp":"2025-07-11T19:10:05.616178Z","level":"error","event":"\r[Stage 5:=============>                                         (48 + 12) / 200]\r\r[Stage 5:================>                                      (61 + 13) / 200]\r\r[Stage 5:=========================>                             (91 + 12) / 200]\r\r[Stage 5:===========================>                           (99 + 14) / 200]\r\r[Stage 5:===================================>                  (131 + 11) / 200]\r\r[Stage 5:=========================================>            (154 + 12) / 200]","chan":"stderr","logger":"task"}
