{"timestamp":"2025-07-11T16:00:03.044479","level":"info","event":"DAG bundles loaded: dags-folder, example_dags","logger":"airflow.dag_processing.bundles.manager.DagBundlesManager"}
{"timestamp":"2025-07-11T16:00:03.049126","level":"info","event":"Filling up the DagBag from /opt/airflow/dags/main.py","logger":"airflow.models.dagbag.DagBag"}
{"timestamp":"2025-07-11T16:00:04.017536Z","level":"error","event":"WARNING: Using incubator modules: jdk.incubator.vector","chan":"stderr","logger":"task"}
{"timestamp":"2025-07-11T16:00:06.969187Z","level":"error","event":"25/07/11 16:00:06 WARN NativeCodeLoader: Unable to load native-hadoop library for your platform... using builtin-java classes where applicable","chan":"stderr","logger":"task"}
{"timestamp":"2025-07-11T16:00:07.221697Z","level":"error","event":"Using Spark's default log4j profile: org/apache/spark/log4j2-defaults.properties","chan":"stderr","logger":"task"}
{"timestamp":"2025-07-11T16:00:07.223062Z","level":"error","event":"Setting default log level to \"WARN\".","chan":"stderr","logger":"task"}
{"timestamp":"2025-07-11T16:00:07.224455Z","level":"error","event":"To adjust logging level use sc.setLogLevel(newLevel). For SparkR, use setLogLevel(newLevel).","chan":"stderr","logger":"task"}
{"timestamp":"2025-07-11T16:00:08.597889Z","level":"error","event":"25/07/11 16:00:08 WARN Utils: Service 'SparkUI' could not bind on port 4040. Attempting port 4041.","chan":"stderr","logger":"task"}
{"timestamp":"2025-07-11T16:00:13.701991Z","level":"info","event":"Task instance is in running state","chan":"stdout","logger":"task"}
{"timestamp":"2025-07-11T16:00:13.702486Z","level":"info","event":" Previous state of the Task instance: queued","chan":"stdout","logger":"task"}
{"timestamp":"2025-07-11T16:00:13.702858Z","level":"info","event":"Current task name:install_spark","chan":"stdout","logger":"task"}
{"timestamp":"2025-07-11T16:00:13.703380Z","level":"info","event":"Dag name:etl_pipeline","chan":"stdout","logger":"task"}
{"timestamp":"2025-07-11T16:00:13.930893Z","level":"info","event":"Spark session started.","chan":"stdout","logger":"task"}
{"timestamp":"2025-07-11T16:00:13.978570Z","level":"info","event":"spark.hadoop.fs.s3a.vectored.read.min.seek.size = 128K","chan":"stdout","logger":"task"}
{"timestamp":"2025-07-11T16:00:13.979128Z","level":"info","event":"spark.executor.extraJavaOptions = -Djava.net.preferIPv6Addresses=false -XX:+IgnoreUnrecognizedVMOptions --add-modules=jdk.incubator.vector --add-opens=java.base/java.lang=ALL-UNNAMED --add-opens=java.base/java.lang.invoke=ALL-UNNAMED --add-opens=java.base/java.lang.reflect=ALL-UNNAMED --add-opens=java.base/java.io=ALL-UNNAMED --add-opens=java.base/java.net=ALL-UNNAMED --add-opens=java.base/java.nio=ALL-UNNAMED --add-opens=java.base/java.util=ALL-UNNAMED --add-opens=java.base/java.util.concurrent=ALL-UNNAMED --add-opens=java.base/java.util.concurrent.atomic=ALL-UNNAMED --add-opens=java.base/jdk.internal.ref=ALL-UNNAMED --add-opens=java.base/sun.nio.ch=ALL-UNNAMED --add-opens=java.base/sun.nio.cs=ALL-UNNAMED --add-opens=java.base/sun.security.action=ALL-UNNAMED --add-opens=java.base/sun.util.calendar=ALL-UNNAMED --add-opens=java.security.jgss/sun.security.krb5=ALL-UNNAMED -Djdk.reflect.useDirectMethodHandle=false -Dio.netty.tryReflectionSetAccessible=true","chan":"stdout","logger":"task"}
{"timestamp":"2025-07-11T16:00:13.979476Z","level":"info","event":"spark.sql.artifact.isolation.enabled = false","chan":"stdout","logger":"task"}
{"timestamp":"2025-07-11T16:00:13.979813Z","level":"info","event":"spark.driver.port = 45397","chan":"stdout","logger":"task"}
{"timestamp":"2025-07-11T16:00:13.980111Z","level":"info","event":"spark.master = local[*]","chan":"stdout","logger":"task"}
{"timestamp":"2025-07-11T16:00:13.980396Z","level":"info","event":"spark.repl.local.jars = file:///opt/spark/jars/hadoop-aws-3.4.1.jar,file:///opt/spark/jars/aws-java-sdk-core-2.20.158.jar,file:///opt/spark/jars/aws-java-sdk-auth-2.20.158.jar,file:///opt/spark/jars/aws-java-sdk-s3-2.20.158.jar,file:///opt/spark/jars/aws-java-sdk-utils-2.20.158.jar,file:///opt/spark/jars/aws-java-sdk-awscore-2.20.158.jar,file:///opt/spark/jars/ojdbc11.jar","chan":"stdout","logger":"task"}
{"timestamp":"2025-07-11T16:00:13.980819Z","level":"info","event":"spark.executor.id = driver","chan":"stdout","logger":"task"}
{"timestamp":"2025-07-11T16:00:13.981130Z","level":"info","event":"spark.driver.extraClassPath = /opt/spark/jars/ojdbc11.jar","chan":"stdout","logger":"task"}
{"timestamp":"2025-07-11T16:00:13.981412Z","level":"info","event":"spark.app.name = BAITEST","chan":"stdout","logger":"task"}
{"timestamp":"2025-07-11T16:00:13.981636Z","level":"info","event":"spark.submit.deployMode = client","chan":"stdout","logger":"task"}
{"timestamp":"2025-07-11T16:00:13.981831Z","level":"info","event":"spark.hadoop.fs.s3a.connection.ssl.enabled = false","chan":"stdout","logger":"task"}
{"timestamp":"2025-07-11T16:00:13.982102Z","level":"info","event":"spark.serializer.objectStreamReset = 100","chan":"stdout","logger":"task"}
{"timestamp":"2025-07-11T16:00:13.982347Z","level":"info","event":"spark.ui.showConsoleProgress = true","chan":"stdout","logger":"task"}
{"timestamp":"2025-07-11T16:00:13.982608Z","level":"info","event":"spark.hadoop.fs.s3a.path.style.access = true","chan":"stdout","logger":"task"}
{"timestamp":"2025-07-11T16:00:13.983020Z","level":"info","event":"spark.rdd.compress = True","chan":"stdout","logger":"task"}
{"timestamp":"2025-07-11T16:00:13.983283Z","level":"info","event":"spark.driver.host = fac63bb05353","chan":"stdout","logger":"task"}
{"timestamp":"2025-07-11T16:00:13.983523Z","level":"info","event":"spark.app.submitTime = 1752249607162","chan":"stdout","logger":"task"}
{"timestamp":"2025-07-11T16:00:13.983803Z","level":"info","event":"spark.executor.extraClassPath = /opt/spark/jars/ojdbc11.jar","chan":"stdout","logger":"task"}
{"timestamp":"2025-07-11T16:00:13.984059Z","level":"info","event":"spark.hadoop.fs.s3a.endpoint = http://127.0.0.1:9000/","chan":"stdout","logger":"task"}
{"timestamp":"2025-07-11T16:00:13.984287Z","level":"info","event":"spark.hadoop.fs.s3a.access.key = admin","chan":"stdout","logger":"task"}
{"timestamp":"2025-07-11T16:00:13.984558Z","level":"info","event":"spark.app.initial.jar.urls = spark://fac63bb05353:45397/jars/aws-java-sdk-auth-2.20.158.jar,spark://fac63bb05353:45397/jars/ojdbc11.jar,spark://fac63bb05353:45397/jars/aws-java-sdk-core-2.20.158.jar,spark://fac63bb05353:45397/jars/aws-java-sdk-awscore-2.20.158.jar,spark://fac63bb05353:45397/jars/aws-java-sdk-utils-2.20.158.jar,spark://fac63bb05353:45397/jars/hadoop-aws-3.4.1.jar,spark://fac63bb05353:45397/jars/aws-java-sdk-s3-2.20.158.jar","chan":"stdout","logger":"task"}
{"timestamp":"2025-07-11T16:00:13.984779Z","level":"info","event":"spark.hadoop.fs.s3a.aws.credentials.provider = org.apache.hadoop.fs.s3a.SimpleAWSCredentialsProvider","chan":"stdout","logger":"task"}
{"timestamp":"2025-07-11T16:00:13.984972Z","level":"info","event":"spark.submit.pyFiles =","chan":"stdout","logger":"task"}
{"timestamp":"2025-07-11T16:00:13.985211Z","level":"info","event":"spark.driver.extraJavaOptions = -Djava.net.preferIPv6Addresses=false -XX:+IgnoreUnrecognizedVMOptions --add-modules=jdk.incubator.vector --add-opens=java.base/java.lang=ALL-UNNAMED --add-opens=java.base/java.lang.invoke=ALL-UNNAMED --add-opens=java.base/java.lang.reflect=ALL-UNNAMED --add-opens=java.base/java.io=ALL-UNNAMED --add-opens=java.base/java.net=ALL-UNNAMED --add-opens=java.base/java.nio=ALL-UNNAMED --add-opens=java.base/java.util=ALL-UNNAMED --add-opens=java.base/java.util.concurrent=ALL-UNNAMED --add-opens=java.base/java.util.concurrent.atomic=ALL-UNNAMED --add-opens=java.base/jdk.internal.ref=ALL-UNNAMED --add-opens=java.base/sun.nio.ch=ALL-UNNAMED --add-opens=java.base/sun.nio.cs=ALL-UNNAMED --add-opens=java.base/sun.security.action=ALL-UNNAMED --add-opens=java.base/sun.util.calendar=ALL-UNNAMED --add-opens=java.security.jgss/sun.security.krb5=ALL-UNNAMED -Djdk.reflect.useDirectMethodHandle=false -Dio.netty.tryReflectionSetAccessible=true","chan":"stdout","logger":"task"}
{"timestamp":"2025-07-11T16:00:13.985393Z","level":"info","event":"spark.jars = /opt/spark/jars/hadoop-aws-3.4.1.jar,/opt/spark/jars/aws-java-sdk-core-2.20.158.jar,/opt/spark/jars/aws-java-sdk-auth-2.20.158.jar,/opt/spark/jars/aws-java-sdk-s3-2.20.158.jar,/opt/spark/jars/aws-java-sdk-utils-2.20.158.jar,/opt/spark/jars/aws-java-sdk-awscore-2.20.158.jar,/opt/spark/jars/ojdbc11.jar","chan":"stdout","logger":"task"}
{"timestamp":"2025-07-11T16:00:13.985698Z","level":"info","event":"spark.hadoop.fs.s3a.vectored.read.max.merged.size = 2M","chan":"stdout","logger":"task"}
{"timestamp":"2025-07-11T16:00:13.985946Z","level":"info","event":"spark.app.startTime = 1752249607557","chan":"stdout","logger":"task"}
{"timestamp":"2025-07-11T16:00:13.986176Z","level":"info","event":"spark.app.id = local-1752249608806","chan":"stdout","logger":"task"}
{"timestamp":"2025-07-11T16:00:13.986396Z","level":"info","event":"spark.hadoop.fs.s3a.impl = org.apache.hadoop.fs.s3a.S3AFileSystem","chan":"stdout","logger":"task"}
{"timestamp":"2025-07-11T16:00:13.986660Z","level":"info","event":"spark.hadoop.fs.s3a.secret.key = admin12345","chan":"stdout","logger":"task"}
{"timestamp":"2025-07-11T16:00:13.986956Z","level":"info","event":"spark.sql.warehouse.dir = file:/opt/airflow/spark-warehouse","chan":"stdout","logger":"task"}
{"timestamp":"2025-07-11T16:00:13.987249Z","level":"info","event":"Spark session finished.","chan":"stdout","logger":"task"}
{"timestamp":"2025-07-11T16:00:14.084960","level":"info","event":"Done. Returned value was: None","logger":"airflow.task.operators.airflow.providers.standard.operators.python.PythonOperator"}
{"timestamp":"2025-07-11T16:00:14.119493Z","level":"info","event":"Task instance in success state","chan":"stdout","logger":"task"}
{"timestamp":"2025-07-11T16:00:14.121053Z","level":"info","event":" Previous state of the Task instance: running","chan":"stdout","logger":"task"}
{"timestamp":"2025-07-11T16:00:14.121402Z","level":"info","event":"Task operator:<Task(PythonOperator): install_spark>","chan":"stdout","logger":"task"}
{"timestamp":"2025-07-11T16:09:14.320576","level":"info","event":"DAG bundles loaded: dags-folder, example_dags","logger":"airflow.dag_processing.bundles.manager.DagBundlesManager"}
{"timestamp":"2025-07-11T16:09:14.321104","level":"info","event":"Filling up the DagBag from /opt/airflow/dags/main.py","logger":"airflow.models.dagbag.DagBag"}
{"timestamp":"2025-07-11T16:09:15.104425Z","level":"error","event":"WARNING: Using incubator modules: jdk.incubator.vector","chan":"stderr","logger":"task"}
{"timestamp":"2025-07-11T16:09:17.215009Z","level":"error","event":"25/07/11 16:09:17 WARN NativeCodeLoader: Unable to load native-hadoop library for your platform... using builtin-java classes where applicable","chan":"stderr","logger":"task"}
{"timestamp":"2025-07-11T16:09:17.390650Z","level":"error","event":"Using Spark's default log4j profile: org/apache/spark/log4j2-defaults.properties","chan":"stderr","logger":"task"}
{"timestamp":"2025-07-11T16:09:17.391203Z","level":"error","event":"Setting default log level to \"WARN\".","chan":"stderr","logger":"task"}
{"timestamp":"2025-07-11T16:09:17.391569Z","level":"error","event":"To adjust logging level use sc.setLogLevel(newLevel). For SparkR, use setLogLevel(newLevel).","chan":"stderr","logger":"task"}
{"timestamp":"2025-07-11T16:09:23.311921Z","level":"info","event":"Task instance is in running state","chan":"stdout","logger":"task"}
{"timestamp":"2025-07-11T16:09:23.312433Z","level":"info","event":" Previous state of the Task instance: queued","chan":"stdout","logger":"task"}
{"timestamp":"2025-07-11T16:09:23.312874Z","level":"info","event":"Current task name:install_spark","chan":"stdout","logger":"task"}
{"timestamp":"2025-07-11T16:09:23.313246Z","level":"info","event":"Dag name:etl_pipeline","chan":"stdout","logger":"task"}
{"timestamp":"2025-07-11T16:09:23.668527Z","level":"info","event":"Spark session started.","chan":"stdout","logger":"task"}
{"timestamp":"2025-07-11T16:09:23.734774Z","level":"info","event":"spark.hadoop.fs.s3a.vectored.read.min.seek.size = 128K","chan":"stdout","logger":"task"}
{"timestamp":"2025-07-11T16:09:23.735461Z","level":"info","event":"spark.executor.extraJavaOptions = -Djava.net.preferIPv6Addresses=false -XX:+IgnoreUnrecognizedVMOptions --add-modules=jdk.incubator.vector --add-opens=java.base/java.lang=ALL-UNNAMED --add-opens=java.base/java.lang.invoke=ALL-UNNAMED --add-opens=java.base/java.lang.reflect=ALL-UNNAMED --add-opens=java.base/java.io=ALL-UNNAMED --add-opens=java.base/java.net=ALL-UNNAMED --add-opens=java.base/java.nio=ALL-UNNAMED --add-opens=java.base/java.util=ALL-UNNAMED --add-opens=java.base/java.util.concurrent=ALL-UNNAMED --add-opens=java.base/java.util.concurrent.atomic=ALL-UNNAMED --add-opens=java.base/jdk.internal.ref=ALL-UNNAMED --add-opens=java.base/sun.nio.ch=ALL-UNNAMED --add-opens=java.base/sun.nio.cs=ALL-UNNAMED --add-opens=java.base/sun.security.action=ALL-UNNAMED --add-opens=java.base/sun.util.calendar=ALL-UNNAMED --add-opens=java.security.jgss/sun.security.krb5=ALL-UNNAMED -Djdk.reflect.useDirectMethodHandle=false -Dio.netty.tryReflectionSetAccessible=true","chan":"stdout","logger":"task"}
{"timestamp":"2025-07-11T16:09:23.736024Z","level":"info","event":"spark.sql.artifact.isolation.enabled = false","chan":"stdout","logger":"task"}
{"timestamp":"2025-07-11T16:09:23.737221Z","level":"info","event":"spark.master = local[*]","chan":"stdout","logger":"task"}
{"timestamp":"2025-07-11T16:09:23.737831Z","level":"info","event":"spark.repl.local.jars = file:///opt/spark/jars/hadoop-aws-3.4.1.jar,file:///opt/spark/jars/aws-java-sdk-core-2.20.158.jar,file:///opt/spark/jars/aws-java-sdk-auth-2.20.158.jar,file:///opt/spark/jars/aws-java-sdk-s3-2.20.158.jar,file:///opt/spark/jars/aws-java-sdk-utils-2.20.158.jar,file:///opt/spark/jars/aws-java-sdk-awscore-2.20.158.jar,file:///opt/spark/jars/ojdbc11.jar","chan":"stdout","logger":"task"}
{"timestamp":"2025-07-11T16:09:23.739873Z","level":"info","event":"spark.executor.id = driver","chan":"stdout","logger":"task"}
{"timestamp":"2025-07-11T16:09:23.740408Z","level":"info","event":"spark.driver.extraClassPath = /opt/spark/jars/ojdbc11.jar","chan":"stdout","logger":"task"}
{"timestamp":"2025-07-11T16:09:23.740753Z","level":"info","event":"spark.app.name = BAITEST","chan":"stdout","logger":"task"}
{"timestamp":"2025-07-11T16:09:23.741096Z","level":"info","event":"spark.app.id = local-1752250158996","chan":"stdout","logger":"task"}
{"timestamp":"2025-07-11T16:09:23.741429Z","level":"info","event":"spark.submit.deployMode = client","chan":"stdout","logger":"task"}
{"timestamp":"2025-07-11T16:09:23.741694Z","level":"info","event":"spark.hadoop.fs.s3a.connection.ssl.enabled = false","chan":"stdout","logger":"task"}
{"timestamp":"2025-07-11T16:09:23.741968Z","level":"info","event":"spark.driver.host = 90756e632957","chan":"stdout","logger":"task"}
{"timestamp":"2025-07-11T16:09:23.742427Z","level":"info","event":"spark.driver.port = 46201","chan":"stdout","logger":"task"}
{"timestamp":"2025-07-11T16:09:23.742707Z","level":"info","event":"spark.app.startTime = 1752250157811","chan":"stdout","logger":"task"}
{"timestamp":"2025-07-11T16:09:23.743039Z","level":"info","event":"spark.serializer.objectStreamReset = 100","chan":"stdout","logger":"task"}
{"timestamp":"2025-07-11T16:09:23.743285Z","level":"info","event":"spark.ui.showConsoleProgress = true","chan":"stdout","logger":"task"}
{"timestamp":"2025-07-11T16:09:23.743511Z","level":"info","event":"spark.hadoop.fs.s3a.path.style.access = true","chan":"stdout","logger":"task"}
{"timestamp":"2025-07-11T16:09:23.743741Z","level":"info","event":"spark.rdd.compress = True","chan":"stdout","logger":"task"}
{"timestamp":"2025-07-11T16:09:23.743956Z","level":"info","event":"spark.executor.extraClassPath = /opt/spark/jars/ojdbc11.jar","chan":"stdout","logger":"task"}
{"timestamp":"2025-07-11T16:09:23.744187Z","level":"info","event":"spark.hadoop.fs.s3a.endpoint = http://127.0.0.1:9000/","chan":"stdout","logger":"task"}
{"timestamp":"2025-07-11T16:09:23.744468Z","level":"info","event":"spark.hadoop.fs.s3a.access.key = admin","chan":"stdout","logger":"task"}
{"timestamp":"2025-07-11T16:09:23.744719Z","level":"info","event":"spark.hadoop.fs.s3a.aws.credentials.provider = org.apache.hadoop.fs.s3a.SimpleAWSCredentialsProvider","chan":"stdout","logger":"task"}
{"timestamp":"2025-07-11T16:09:23.745067Z","level":"info","event":"spark.app.initial.jar.urls = spark://90756e632957:46201/jars/ojdbc11.jar,spark://90756e632957:46201/jars/aws-java-sdk-s3-2.20.158.jar,spark://90756e632957:46201/jars/aws-java-sdk-core-2.20.158.jar,spark://90756e632957:46201/jars/aws-java-sdk-utils-2.20.158.jar,spark://90756e632957:46201/jars/aws-java-sdk-auth-2.20.158.jar,spark://90756e632957:46201/jars/hadoop-aws-3.4.1.jar,spark://90756e632957:46201/jars/aws-java-sdk-awscore-2.20.158.jar","chan":"stdout","logger":"task"}
{"timestamp":"2025-07-11T16:09:23.745442Z","level":"info","event":"spark.submit.pyFiles =","chan":"stdout","logger":"task"}
{"timestamp":"2025-07-11T16:09:23.745689Z","level":"info","event":"spark.driver.extraJavaOptions = -Djava.net.preferIPv6Addresses=false -XX:+IgnoreUnrecognizedVMOptions --add-modules=jdk.incubator.vector --add-opens=java.base/java.lang=ALL-UNNAMED --add-opens=java.base/java.lang.invoke=ALL-UNNAMED --add-opens=java.base/java.lang.reflect=ALL-UNNAMED --add-opens=java.base/java.io=ALL-UNNAMED --add-opens=java.base/java.net=ALL-UNNAMED --add-opens=java.base/java.nio=ALL-UNNAMED --add-opens=java.base/java.util=ALL-UNNAMED --add-opens=java.base/java.util.concurrent=ALL-UNNAMED --add-opens=java.base/java.util.concurrent.atomic=ALL-UNNAMED --add-opens=java.base/jdk.internal.ref=ALL-UNNAMED --add-opens=java.base/sun.nio.ch=ALL-UNNAMED --add-opens=java.base/sun.nio.cs=ALL-UNNAMED --add-opens=java.base/sun.security.action=ALL-UNNAMED --add-opens=java.base/sun.util.calendar=ALL-UNNAMED --add-opens=java.security.jgss/sun.security.krb5=ALL-UNNAMED -Djdk.reflect.useDirectMethodHandle=false -Dio.netty.tryReflectionSetAccessible=true","chan":"stdout","logger":"task"}
{"timestamp":"2025-07-11T16:09:23.745956Z","level":"info","event":"spark.jars = /opt/spark/jars/hadoop-aws-3.4.1.jar,/opt/spark/jars/aws-java-sdk-core-2.20.158.jar,/opt/spark/jars/aws-java-sdk-auth-2.20.158.jar,/opt/spark/jars/aws-java-sdk-s3-2.20.158.jar,/opt/spark/jars/aws-java-sdk-utils-2.20.158.jar,/opt/spark/jars/aws-java-sdk-awscore-2.20.158.jar,/opt/spark/jars/ojdbc11.jar","chan":"stdout","logger":"task"}
{"timestamp":"2025-07-11T16:09:23.746254Z","level":"info","event":"spark.hadoop.fs.s3a.vectored.read.max.merged.size = 2M","chan":"stdout","logger":"task"}
{"timestamp":"2025-07-11T16:09:23.746512Z","level":"info","event":"spark.hadoop.fs.s3a.impl = org.apache.hadoop.fs.s3a.S3AFileSystem","chan":"stdout","logger":"task"}
{"timestamp":"2025-07-11T16:09:23.746769Z","level":"info","event":"spark.hadoop.fs.s3a.secret.key = admin12345","chan":"stdout","logger":"task"}
{"timestamp":"2025-07-11T16:09:23.747118Z","level":"info","event":"spark.sql.warehouse.dir = file:/opt/airflow/spark-warehouse","chan":"stdout","logger":"task"}
{"timestamp":"2025-07-11T16:09:23.747384Z","level":"info","event":"spark.app.submitTime = 1752250157355","chan":"stdout","logger":"task"}
{"timestamp":"2025-07-11T16:09:23.747630Z","level":"info","event":"Spark session finished.","chan":"stdout","logger":"task"}
{"timestamp":"2025-07-11T16:09:23.954541","level":"info","event":"Done. Returned value was: None","logger":"airflow.task.operators.airflow.providers.standard.operators.python.PythonOperator"}
{"timestamp":"2025-07-11T16:09:23.988921Z","level":"info","event":"Task instance in success state","chan":"stdout","logger":"task"}
{"timestamp":"2025-07-11T16:09:23.989520Z","level":"info","event":" Previous state of the Task instance: running","chan":"stdout","logger":"task"}
{"timestamp":"2025-07-11T16:09:23.989993Z","level":"info","event":"Task operator:<Task(PythonOperator): install_spark>","chan":"stdout","logger":"task"}
