{"timestamp":"2025-07-11T17:22:32.638352","level":"info","event":"DAG bundles loaded: dags-folder, example_dags","logger":"airflow.dag_processing.bundles.manager.DagBundlesManager"}
{"timestamp":"2025-07-11T17:22:32.638994","level":"info","event":"Filling up the DagBag from /opt/airflow/dags/main.py","logger":"airflow.models.dagbag.DagBag"}
{"timestamp":"2025-07-11T17:22:33.238315Z","level":"error","event":"WARNING: Using incubator modules: jdk.incubator.vector","chan":"stderr","logger":"task"}
{"timestamp":"2025-07-11T17:22:35.187114Z","level":"error","event":"25/07/11 17:22:35 WARN NativeCodeLoader: Unable to load native-hadoop library for your platform... using builtin-java classes where applicable","chan":"stderr","logger":"task"}
{"timestamp":"2025-07-11T17:22:35.394549Z","level":"error","event":"Using Spark's default log4j profile: org/apache/spark/log4j2-defaults.properties","chan":"stderr","logger":"task"}
{"timestamp":"2025-07-11T17:22:35.395298Z","level":"error","event":"Setting default log level to \"WARN\".","chan":"stderr","logger":"task"}
{"timestamp":"2025-07-11T17:22:35.395729Z","level":"error","event":"To adjust logging level use sc.setLogLevel(newLevel). For SparkR, use setLogLevel(newLevel).","chan":"stderr","logger":"task"}
{"timestamp":"2025-07-11T17:22:41.530983Z","level":"info","event":"Task instance is in running state","chan":"stdout","logger":"task"}
{"timestamp":"2025-07-11T17:22:41.531457Z","level":"info","event":" Previous state of the Task instance: queued","chan":"stdout","logger":"task"}
{"timestamp":"2025-07-11T17:22:41.531836Z","level":"info","event":"Current task name:etl_data_weather.load","chan":"stdout","logger":"task"}
{"timestamp":"2025-07-11T17:22:41.532158Z","level":"info","event":"Dag name:etl_pipeline","chan":"stdout","logger":"task"}
{"timestamp":"2025-07-11T17:22:41.532446Z","level":"info","event":"extract data from file","chan":"stdout","logger":"task"}
{"timestamp":"2025-07-11T17:22:41.555876Z","level":"info","event":"spark.hadoop.fs.s3a.vectored.read.min.seek.size = 128K","chan":"stdout","logger":"task"}
{"timestamp":"2025-07-11T17:22:41.556450Z","level":"info","event":"spark.app.id = local-1752254556421","chan":"stdout","logger":"task"}
{"timestamp":"2025-07-11T17:22:41.556763Z","level":"info","event":"spark.executor.extraJavaOptions = -Djava.net.preferIPv6Addresses=false -XX:+IgnoreUnrecognizedVMOptions --add-modules=jdk.incubator.vector --add-opens=java.base/java.lang=ALL-UNNAMED --add-opens=java.base/java.lang.invoke=ALL-UNNAMED --add-opens=java.base/java.lang.reflect=ALL-UNNAMED --add-opens=java.base/java.io=ALL-UNNAMED --add-opens=java.base/java.net=ALL-UNNAMED --add-opens=java.base/java.nio=ALL-UNNAMED --add-opens=java.base/java.util=ALL-UNNAMED --add-opens=java.base/java.util.concurrent=ALL-UNNAMED --add-opens=java.base/java.util.concurrent.atomic=ALL-UNNAMED --add-opens=java.base/jdk.internal.ref=ALL-UNNAMED --add-opens=java.base/sun.nio.ch=ALL-UNNAMED --add-opens=java.base/sun.nio.cs=ALL-UNNAMED --add-opens=java.base/sun.security.action=ALL-UNNAMED --add-opens=java.base/sun.util.calendar=ALL-UNNAMED --add-opens=java.security.jgss/sun.security.krb5=ALL-UNNAMED -Djdk.reflect.useDirectMethodHandle=false -Dio.netty.tryReflectionSetAccessible=true","chan":"stdout","logger":"task"}
{"timestamp":"2025-07-11T17:22:41.557056Z","level":"info","event":"spark.sql.artifact.isolation.enabled = false","chan":"stdout","logger":"task"}
{"timestamp":"2025-07-11T17:22:41.557357Z","level":"info","event":"spark.master = local[*]","chan":"stdout","logger":"task"}
{"timestamp":"2025-07-11T17:22:41.557680Z","level":"info","event":"spark.executor.id = driver","chan":"stdout","logger":"task"}
{"timestamp":"2025-07-11T17:22:41.557890Z","level":"info","event":"spark.driver.extraClassPath = /opt/spark/jars/ojdbc11.jar","chan":"stdout","logger":"task"}
{"timestamp":"2025-07-11T17:22:41.558183Z","level":"info","event":"spark.app.name = BAITEST","chan":"stdout","logger":"task"}
{"timestamp":"2025-07-11T17:22:41.558556Z","level":"info","event":"spark.submit.deployMode = client","chan":"stdout","logger":"task"}
{"timestamp":"2025-07-11T17:22:41.558878Z","level":"info","event":"spark.hadoop.fs.s3a.connection.ssl.enabled = false","chan":"stdout","logger":"task"}
{"timestamp":"2025-07-11T17:22:41.559212Z","level":"info","event":"spark.serializer.objectStreamReset = 100","chan":"stdout","logger":"task"}
{"timestamp":"2025-07-11T17:22:41.559513Z","level":"info","event":"spark.ui.showConsoleProgress = true","chan":"stdout","logger":"task"}
{"timestamp":"2025-07-11T17:22:41.559734Z","level":"info","event":"spark.hadoop.fs.s3a.path.style.access = true","chan":"stdout","logger":"task"}
{"timestamp":"2025-07-11T17:22:41.559964Z","level":"info","event":"spark.rdd.compress = True","chan":"stdout","logger":"task"}
{"timestamp":"2025-07-11T17:22:41.560220Z","level":"info","event":"spark.executor.extraClassPath = /opt/spark/jars/ojdbc11.jar","chan":"stdout","logger":"task"}
{"timestamp":"2025-07-11T17:22:41.560446Z","level":"info","event":"spark.driver.host = 8344c87913bd","chan":"stdout","logger":"task"}
{"timestamp":"2025-07-11T17:22:41.560756Z","level":"info","event":"spark.hadoop.fs.s3a.endpoint = http://127.0.0.1:9000/","chan":"stdout","logger":"task"}
{"timestamp":"2025-07-11T17:22:41.561128Z","level":"info","event":"spark.hadoop.fs.s3a.access.key = admin","chan":"stdout","logger":"task"}
{"timestamp":"2025-07-11T17:22:41.561463Z","level":"info","event":"spark.hadoop.fs.s3a.aws.credentials.provider = org.apache.hadoop.fs.s3a.SimpleAWSCredentialsProvider","chan":"stdout","logger":"task"}
{"timestamp":"2025-07-11T17:22:41.561717Z","level":"info","event":"spark.submit.pyFiles =","chan":"stdout","logger":"task"}
{"timestamp":"2025-07-11T17:22:41.561957Z","level":"info","event":"spark.driver.extraJavaOptions = -Djava.net.preferIPv6Addresses=false -XX:+IgnoreUnrecognizedVMOptions --add-modules=jdk.incubator.vector --add-opens=java.base/java.lang=ALL-UNNAMED --add-opens=java.base/java.lang.invoke=ALL-UNNAMED --add-opens=java.base/java.lang.reflect=ALL-UNNAMED --add-opens=java.base/java.io=ALL-UNNAMED --add-opens=java.base/java.net=ALL-UNNAMED --add-opens=java.base/java.nio=ALL-UNNAMED --add-opens=java.base/java.util=ALL-UNNAMED --add-opens=java.base/java.util.concurrent=ALL-UNNAMED --add-opens=java.base/java.util.concurrent.atomic=ALL-UNNAMED --add-opens=java.base/jdk.internal.ref=ALL-UNNAMED --add-opens=java.base/sun.nio.ch=ALL-UNNAMED --add-opens=java.base/sun.nio.cs=ALL-UNNAMED --add-opens=java.base/sun.security.action=ALL-UNNAMED --add-opens=java.base/sun.util.calendar=ALL-UNNAMED --add-opens=java.security.jgss/sun.security.krb5=ALL-UNNAMED -Djdk.reflect.useDirectMethodHandle=false -Dio.netty.tryReflectionSetAccessible=true","chan":"stdout","logger":"task"}
{"timestamp":"2025-07-11T17:22:41.562271Z","level":"info","event":"spark.jars = /opt/spark/jars/hadoop-aws-3.3.6.jar,/opt/spark/jars/aws-java-sdk-bundle-1.12.787.jar,/opt/spark/jars/ojdbc11.jar","chan":"stdout","logger":"task"}
{"timestamp":"2025-07-11T17:22:41.562713Z","level":"info","event":"spark.hadoop.fs.s3a.vectored.read.max.merged.size = 2M","chan":"stdout","logger":"task"}
{"timestamp":"2025-07-11T17:22:41.562926Z","level":"info","event":"spark.driver.port = 46189","chan":"stdout","logger":"task"}
{"timestamp":"2025-07-11T17:22:41.563135Z","level":"info","event":"spark.app.initial.jar.urls = spark://8344c87913bd:46189/jars/hadoop-aws-3.3.6.jar,spark://8344c87913bd:46189/jars/aws-java-sdk-bundle-1.12.787.jar,spark://8344c87913bd:46189/jars/ojdbc11.jar","chan":"stdout","logger":"task"}
{"timestamp":"2025-07-11T17:22:41.563372Z","level":"info","event":"spark.app.submitTime = 1752254555296","chan":"stdout","logger":"task"}
{"timestamp":"2025-07-11T17:22:41.563535Z","level":"info","event":"spark.repl.local.jars = file:///opt/spark/jars/hadoop-aws-3.3.6.jar,file:///opt/spark/jars/aws-java-sdk-bundle-1.12.787.jar,file:///opt/spark/jars/ojdbc11.jar","chan":"stdout","logger":"task"}
{"timestamp":"2025-07-11T17:22:41.563722Z","level":"info","event":"spark.hadoop.fs.s3a.impl = org.apache.hadoop.fs.s3a.S3AFileSystem","chan":"stdout","logger":"task"}
{"timestamp":"2025-07-11T17:22:41.563889Z","level":"info","event":"spark.app.startTime = 1752254555596","chan":"stdout","logger":"task"}
{"timestamp":"2025-07-11T17:22:41.564170Z","level":"info","event":"spark.hadoop.fs.s3a.secret.key = admin12345","chan":"stdout","logger":"task"}
{"timestamp":"2025-07-11T17:22:42.923439Z","level":"error","event":"25/07/11 17:22:42 WARN MetricsConfig: Cannot locate configuration: tried hadoop-metrics2-s3a-file-system.properties,hadoop-metrics2.properties","chan":"stderr","logger":"task"}
{"timestamp":"2025-07-11T17:22:42.956249Z","level":"error","event":"25/07/11 17:22:42 WARN FileSystem: Failed to initialize filesystem s3a://weather-data/opt/airflow/dataset/weather_data.json: java.lang.NumberFormatException: For input string: \"60s\"","chan":"stderr","logger":"task"}
{"timestamp":"2025-07-11T17:22:42.959556Z","level":"error","event":"25/07/11 17:22:42 WARN FileStreamSink: Assume no metadata directory. Error while looking for metadata directory in the path: s3a://weather-data/opt/airflow/dataset/weather_data.json.","chan":"stderr","logger":"task"}
{"timestamp":"2025-07-11T17:22:42.960075Z","level":"error","event":"java.lang.NumberFormatException: For input string: \"60s\"","chan":"stderr","logger":"task"}
{"timestamp":"2025-07-11T17:22:42.960463Z","level":"error","event":"\tat java.base/java.lang.NumberFormatException.forInputString(NumberFormatException.java:67)","chan":"stderr","logger":"task"}
{"timestamp":"2025-07-11T17:22:42.960793Z","level":"error","event":"\tat java.base/java.lang.Long.parseLong(Long.java:711)","chan":"stderr","logger":"task"}
{"timestamp":"2025-07-11T17:22:42.961079Z","level":"error","event":"\tat java.base/java.lang.Long.parseLong(Long.java:836)","chan":"stderr","logger":"task"}
{"timestamp":"2025-07-11T17:22:42.961334Z","level":"error","event":"\tat org.apache.hadoop.conf.Configuration.getLong(Configuration.java:1607)","chan":"stderr","logger":"task"}
{"timestamp":"2025-07-11T17:22:42.961584Z","level":"error","event":"\tat org.apache.hadoop.fs.s3a.S3AUtils.longOption(S3AUtils.java:985)","chan":"stderr","logger":"task"}
{"timestamp":"2025-07-11T17:22:42.961830Z","level":"error","event":"\tat org.apache.hadoop.fs.s3a.S3AFileSystem.initThreadPools(S3AFileSystem.java:785)","chan":"stderr","logger":"task"}
{"timestamp":"2025-07-11T17:22:42.962060Z","level":"error","event":"\tat org.apache.hadoop.fs.s3a.S3AFileSystem.initialize(S3AFileSystem.java:555)","chan":"stderr","logger":"task"}
{"timestamp":"2025-07-11T17:22:42.962307Z","level":"error","event":"\tat org.apache.hadoop.fs.FileSystem.createFileSystem(FileSystem.java:3615)","chan":"stderr","logger":"task"}
{"timestamp":"2025-07-11T17:22:42.962553Z","level":"error","event":"\tat org.apache.hadoop.fs.FileSystem.access$300(FileSystem.java:172)","chan":"stderr","logger":"task"}
{"timestamp":"2025-07-11T17:22:42.962771Z","level":"error","event":"\tat org.apache.hadoop.fs.FileSystem$Cache.getInternal(FileSystem.java:3716)","chan":"stderr","logger":"task"}
{"timestamp":"2025-07-11T17:22:42.962999Z","level":"error","event":"\tat org.apache.hadoop.fs.FileSystem$Cache.get(FileSystem.java:3667)","chan":"stderr","logger":"task"}
{"timestamp":"2025-07-11T17:22:42.963270Z","level":"error","event":"\tat org.apache.hadoop.fs.FileSystem.get(FileSystem.java:557)","chan":"stderr","logger":"task"}
{"timestamp":"2025-07-11T17:22:42.963625Z","level":"error","event":"\tat org.apache.hadoop.fs.Path.getFileSystem(Path.java:366)","chan":"stderr","logger":"task"}
{"timestamp":"2025-07-11T17:22:42.963857Z","level":"error","event":"\tat org.apache.spark.sql.execution.streaming.FileStreamSink$.hasMetadata(FileStreamSink.scala:55)","chan":"stderr","logger":"task"}
{"timestamp":"2025-07-11T17:22:42.964081Z","level":"error","event":"\tat org.apache.spark.sql.execution.datasources.DataSource.resolveRelation(DataSource.scala:381)","chan":"stderr","logger":"task"}
{"timestamp":"2025-07-11T17:22:42.964293Z","level":"error","event":"\tat org.apache.spark.sql.catalyst.analysis.ResolveDataSource.org$apache$spark$sql$catalyst$analysis$ResolveDataSource$$loadV1BatchSource(ResolveDataSource.scala:143)","chan":"stderr","logger":"task"}
{"timestamp":"2025-07-11T17:22:42.964518Z","level":"error","event":"\tat org.apache.spark.sql.catalyst.analysis.ResolveDataSource$$anonfun$apply$1.$anonfun$applyOrElse$2(ResolveDataSource.scala:61)","chan":"stderr","logger":"task"}
{"timestamp":"2025-07-11T17:22:42.964740Z","level":"error","event":"\tat scala.Option.getOrElse(Option.scala:201)","chan":"stderr","logger":"task"}
{"timestamp":"2025-07-11T17:22:42.964972Z","level":"error","event":"\tat org.apache.spark.sql.catalyst.analysis.ResolveDataSource$$anonfun$apply$1.applyOrElse(ResolveDataSource.scala:61)","chan":"stderr","logger":"task"}
{"timestamp":"2025-07-11T17:22:42.965205Z","level":"error","event":"\tat org.apache.spark.sql.catalyst.analysis.ResolveDataSource$$anonfun$apply$1.applyOrElse(ResolveDataSource.scala:45)","chan":"stderr","logger":"task"}
{"timestamp":"2025-07-11T17:22:42.965405Z","level":"error","event":"\tat org.apache.spark.sql.catalyst.plans.logical.AnalysisHelper.$anonfun$resolveOperatorsUpWithPruning$3(AnalysisHelper.scala:139)","chan":"stderr","logger":"task"}
{"timestamp":"2025-07-11T17:22:42.965652Z","level":"error","event":"\tat org.apache.spark.sql.catalyst.trees.CurrentOrigin$.withOrigin(origin.scala:86)","chan":"stderr","logger":"task"}
{"timestamp":"2025-07-11T17:22:42.965861Z","level":"error","event":"\tat org.apache.spark.sql.catalyst.plans.logical.AnalysisHelper.$anonfun$resolveOperatorsUpWithPruning$1(AnalysisHelper.scala:139)","chan":"stderr","logger":"task"}
{"timestamp":"2025-07-11T17:22:42.966099Z","level":"error","event":"\tat org.apache.spark.sql.catalyst.plans.logical.AnalysisHelper$.allowInvokingTransformsInAnalyzer(AnalysisHelper.scala:416)","chan":"stderr","logger":"task"}
{"timestamp":"2025-07-11T17:22:42.966364Z","level":"error","event":"\tat org.apache.spark.sql.catalyst.plans.logical.AnalysisHelper.resolveOperatorsUpWithPruning(AnalysisHelper.scala:135)","chan":"stderr","logger":"task"}
{"timestamp":"2025-07-11T17:22:42.966583Z","level":"error","event":"\tat org.apache.spark.sql.catalyst.plans.logical.AnalysisHelper.resolveOperatorsUpWithPruning$(AnalysisHelper.scala:131)","chan":"stderr","logger":"task"}
{"timestamp":"2025-07-11T17:22:42.966832Z","level":"error","event":"\tat org.apache.spark.sql.catalyst.plans.logical.LogicalPlan.resolveOperatorsUpWithPruning(LogicalPlan.scala:37)","chan":"stderr","logger":"task"}
{"timestamp":"2025-07-11T17:22:42.967052Z","level":"error","event":"\tat org.apache.spark.sql.catalyst.plans.logical.AnalysisHelper.resolveOperatorsUp(AnalysisHelper.scala:112)","chan":"stderr","logger":"task"}
{"timestamp":"2025-07-11T17:22:42.967273Z","level":"error","event":"\tat org.apache.spark.sql.catalyst.plans.logical.AnalysisHelper.resolveOperatorsUp$(AnalysisHelper.scala:111)","chan":"stderr","logger":"task"}
{"timestamp":"2025-07-11T17:22:42.967504Z","level":"error","event":"\tat org.apache.spark.sql.catalyst.plans.logical.LogicalPlan.resolveOperatorsUp(LogicalPlan.scala:37)","chan":"stderr","logger":"task"}
{"timestamp":"2025-07-11T17:22:42.967746Z","level":"error","event":"\tat org.apache.spark.sql.catalyst.analysis.ResolveDataSource.apply(ResolveDataSource.scala:45)","chan":"stderr","logger":"task"}
{"timestamp":"2025-07-11T17:22:42.967964Z","level":"error","event":"\tat org.apache.spark.sql.catalyst.analysis.ResolveDataSource.apply(ResolveDataSource.scala:43)","chan":"stderr","logger":"task"}
{"timestamp":"2025-07-11T17:22:42.968198Z","level":"error","event":"\tat org.apache.spark.sql.catalyst.rules.RuleExecutor.$anonfun$execute$2(RuleExecutor.scala:242)","chan":"stderr","logger":"task"}
{"timestamp":"2025-07-11T17:22:42.968426Z","level":"error","event":"\tat scala.collection.LinearSeqOps.foldLeft(LinearSeq.scala:183)","chan":"stderr","logger":"task"}
{"timestamp":"2025-07-11T17:22:42.968662Z","level":"error","event":"\tat scala.collection.LinearSeqOps.foldLeft$(LinearSeq.scala:179)","chan":"stderr","logger":"task"}
{"timestamp":"2025-07-11T17:22:42.968906Z","level":"error","event":"\tat scala.collection.immutable.List.foldLeft(List.scala:79)","chan":"stderr","logger":"task"}
{"timestamp":"2025-07-11T17:22:42.969238Z","level":"error","event":"\tat org.apache.spark.sql.catalyst.rules.RuleExecutor.$anonfun$execute$1(RuleExecutor.scala:239)","chan":"stderr","logger":"task"}
{"timestamp":"2025-07-11T17:22:42.969467Z","level":"error","event":"\tat org.apache.spark.sql.catalyst.rules.RuleExecutor.$anonfun$execute$1$adapted(RuleExecutor.scala:231)","chan":"stderr","logger":"task"}
{"timestamp":"2025-07-11T17:22:42.969689Z","level":"error","event":"\tat scala.collection.immutable.List.foreach(List.scala:334)","chan":"stderr","logger":"task"}
{"timestamp":"2025-07-11T17:22:42.969919Z","level":"error","event":"\tat org.apache.spark.sql.catalyst.rules.RuleExecutor.execute(RuleExecutor.scala:231)","chan":"stderr","logger":"task"}
{"timestamp":"2025-07-11T17:22:42.970207Z","level":"error","event":"\tat org.apache.spark.sql.catalyst.analysis.Analyzer.org$apache$spark$sql$catalyst$analysis$Analyzer$$executeSameContext(Analyzer.scala:290)","chan":"stderr","logger":"task"}
{"timestamp":"2025-07-11T17:22:42.970537Z","level":"error","event":"\tat org.apache.spark.sql.catalyst.analysis.Analyzer.$anonfun$execute$1(Analyzer.scala:286)","chan":"stderr","logger":"task"}
{"timestamp":"2025-07-11T17:22:42.970778Z","level":"error","event":"\tat org.apache.spark.sql.catalyst.analysis.AnalysisContext$.withNewAnalysisContext(Analyzer.scala:234)","chan":"stderr","logger":"task"}
{"timestamp":"2025-07-11T17:22:42.971071Z","level":"error","event":"\tat org.apache.spark.sql.catalyst.analysis.Analyzer.execute(Analyzer.scala:286)","chan":"stderr","logger":"task"}
{"timestamp":"2025-07-11T17:22:42.971365Z","level":"error","event":"\tat org.apache.spark.sql.catalyst.analysis.Analyzer.execute(Analyzer.scala:249)","chan":"stderr","logger":"task"}
{"timestamp":"2025-07-11T17:22:42.971623Z","level":"error","event":"\tat org.apache.spark.sql.catalyst.rules.RuleExecutor.$anonfun$executeAndTrack$1(RuleExecutor.scala:201)","chan":"stderr","logger":"task"}
{"timestamp":"2025-07-11T17:22:42.971863Z","level":"error","event":"\tat org.apache.spark.sql.catalyst.QueryPlanningTracker$.withTracker(QueryPlanningTracker.scala:89)","chan":"stderr","logger":"task"}
{"timestamp":"2025-07-11T17:22:42.972075Z","level":"error","event":"\tat org.apache.spark.sql.catalyst.rules.RuleExecutor.executeAndTrack(RuleExecutor.scala:201)","chan":"stderr","logger":"task"}
{"timestamp":"2025-07-11T17:22:42.972307Z","level":"error","event":"\tat org.apache.spark.sql.catalyst.analysis.resolver.HybridAnalyzer.resolveInFixedPoint(HybridAnalyzer.scala:190)","chan":"stderr","logger":"task"}
{"timestamp":"2025-07-11T17:22:42.972600Z","level":"error","event":"\tat org.apache.spark.sql.catalyst.analysis.resolver.HybridAnalyzer.$anonfun$apply$1(HybridAnalyzer.scala:76)","chan":"stderr","logger":"task"}
{"timestamp":"2025-07-11T17:22:42.972840Z","level":"error","event":"\tat org.apache.spark.sql.catalyst.analysis.resolver.HybridAnalyzer.withTrackedAnalyzerBridgeState(HybridAnalyzer.scala:111)","chan":"stderr","logger":"task"}
{"timestamp":"2025-07-11T17:22:42.973060Z","level":"error","event":"\tat org.apache.spark.sql.catalyst.analysis.resolver.HybridAnalyzer.apply(HybridAnalyzer.scala:71)","chan":"stderr","logger":"task"}
{"timestamp":"2025-07-11T17:22:42.973284Z","level":"error","event":"\tat org.apache.spark.sql.catalyst.analysis.Analyzer.$anonfun$executeAndCheck$1(Analyzer.scala:280)","chan":"stderr","logger":"task"}
{"timestamp":"2025-07-11T17:22:42.973565Z","level":"error","event":"\tat org.apache.spark.sql.catalyst.plans.logical.AnalysisHelper$.markInAnalyzer(AnalysisHelper.scala:423)","chan":"stderr","logger":"task"}
{"timestamp":"2025-07-11T17:22:42.973811Z","level":"error","event":"\tat org.apache.spark.sql.catalyst.analysis.Analyzer.executeAndCheck(Analyzer.scala:280)","chan":"stderr","logger":"task"}
{"timestamp":"2025-07-11T17:22:42.974032Z","level":"error","event":"\tat org.apache.spark.sql.execution.QueryExecution.$anonfun$lazyAnalyzed$2(QueryExecution.scala:110)","chan":"stderr","logger":"task"}
{"timestamp":"2025-07-11T17:22:42.974264Z","level":"error","event":"\tat org.apache.spark.sql.catalyst.QueryPlanningTracker.measurePhase(QueryPlanningTracker.scala:148)","chan":"stderr","logger":"task"}
{"timestamp":"2025-07-11T17:22:42.974487Z","level":"error","event":"\tat org.apache.spark.sql.execution.QueryExecution.$anonfun$executePhase$2(QueryExecution.scala:278)","chan":"stderr","logger":"task"}
{"timestamp":"2025-07-11T17:22:42.974718Z","level":"error","event":"\tat org.apache.spark.sql.execution.QueryExecution$.withInternalError(QueryExecution.scala:654)","chan":"stderr","logger":"task"}
{"timestamp":"2025-07-11T17:22:42.974983Z","level":"error","event":"\tat org.apache.spark.sql.execution.QueryExecution.$anonfun$executePhase$1(QueryExecution.scala:278)","chan":"stderr","logger":"task"}
{"timestamp":"2025-07-11T17:22:42.975197Z","level":"error","event":"\tat org.apache.spark.sql.SparkSession.withActive(SparkSession.scala:804)","chan":"stderr","logger":"task"}
{"timestamp":"2025-07-11T17:22:42.975422Z","level":"error","event":"\tat org.apache.spark.sql.execution.QueryExecution.executePhase(QueryExecution.scala:277)","chan":"stderr","logger":"task"}
{"timestamp":"2025-07-11T17:22:42.975706Z","level":"error","event":"\tat org.apache.spark.sql.execution.QueryExecution.$anonfun$lazyAnalyzed$1(QueryExecution.scala:110)","chan":"stderr","logger":"task"}
{"timestamp":"2025-07-11T17:22:42.976016Z","level":"error","event":"\tat scala.util.Try$.apply(Try.scala:217)","chan":"stderr","logger":"task"}
{"timestamp":"2025-07-11T17:22:42.976357Z","level":"error","event":"\tat org.apache.spark.util.Utils$.doTryWithCallerStacktrace(Utils.scala:1378)","chan":"stderr","logger":"task"}
{"timestamp":"2025-07-11T17:22:42.976633Z","level":"error","event":"\tat org.apache.spark.util.LazyTry.tryT$lzycompute(LazyTry.scala:46)","chan":"stderr","logger":"task"}
{"timestamp":"2025-07-11T17:22:42.976923Z","level":"error","event":"\tat org.apache.spark.util.LazyTry.tryT(LazyTry.scala:46)","chan":"stderr","logger":"task"}
{"timestamp":"2025-07-11T17:22:42.977317Z","level":"error","event":"\tat org.apache.spark.util.LazyTry.get(LazyTry.scala:58)","chan":"stderr","logger":"task"}
{"timestamp":"2025-07-11T17:22:42.977640Z","level":"error","event":"\tat org.apache.spark.sql.execution.QueryExecution.analyzed(QueryExecution.scala:121)","chan":"stderr","logger":"task"}
{"timestamp":"2025-07-11T17:22:42.977925Z","level":"error","event":"\tat org.apache.spark.sql.execution.QueryExecution.assertAnalyzed(QueryExecution.scala:80)","chan":"stderr","logger":"task"}
{"timestamp":"2025-07-11T17:22:42.978242Z","level":"error","event":"\tat org.apache.spark.sql.classic.Dataset$.$anonfun$ofRows$1(Dataset.scala:115)","chan":"stderr","logger":"task"}
{"timestamp":"2025-07-11T17:22:42.978543Z","level":"error","event":"\tat org.apache.spark.sql.SparkSession.withActive(SparkSession.scala:804)","chan":"stderr","logger":"task"}
{"timestamp":"2025-07-11T17:22:42.978771Z","level":"error","event":"\tat org.apache.spark.sql.classic.Dataset$.ofRows(Dataset.scala:113)","chan":"stderr","logger":"task"}
{"timestamp":"2025-07-11T17:22:42.979181Z","level":"error","event":"\tat org.apache.spark.sql.classic.DataFrameReader.load(DataFrameReader.scala:109)","chan":"stderr","logger":"task"}
{"timestamp":"2025-07-11T17:22:42.979532Z","level":"error","event":"\tat org.apache.spark.sql.classic.DataFrameReader.load(DataFrameReader.scala:58)","chan":"stderr","logger":"task"}
{"timestamp":"2025-07-11T17:22:42.979901Z","level":"error","event":"\tat org.apache.spark.sql.DataFrameReader.json(DataFrameReader.scala:296)","chan":"stderr","logger":"task"}
{"timestamp":"2025-07-11T17:22:42.980156Z","level":"error","event":"\tat org.apache.spark.sql.classic.DataFrameReader.json(DataFrameReader.scala:150)","chan":"stderr","logger":"task"}
{"timestamp":"2025-07-11T17:22:42.980412Z","level":"error","event":"\tat java.base/jdk.internal.reflect.NativeMethodAccessorImpl.invoke0(Native Method)","chan":"stderr","logger":"task"}
{"timestamp":"2025-07-11T17:22:42.980661Z","level":"error","event":"\tat java.base/jdk.internal.reflect.NativeMethodAccessorImpl.invoke(NativeMethodAccessorImpl.java:77)","chan":"stderr","logger":"task"}
{"timestamp":"2025-07-11T17:22:42.980886Z","level":"error","event":"\tat java.base/jdk.internal.reflect.DelegatingMethodAccessorImpl.invoke(DelegatingMethodAccessorImpl.java:43)","chan":"stderr","logger":"task"}
{"timestamp":"2025-07-11T17:22:42.981154Z","level":"error","event":"\tat java.base/java.lang.reflect.Method.invoke(Method.java:569)","chan":"stderr","logger":"task"}
{"timestamp":"2025-07-11T17:22:42.981394Z","level":"error","event":"\tat py4j.reflection.MethodInvoker.invoke(MethodInvoker.java:244)","chan":"stderr","logger":"task"}
{"timestamp":"2025-07-11T17:22:42.981647Z","level":"error","event":"\tat py4j.reflection.ReflectionEngine.invoke(ReflectionEngine.java:374)","chan":"stderr","logger":"task"}
{"timestamp":"2025-07-11T17:22:42.981888Z","level":"error","event":"\tat py4j.Gateway.invoke(Gateway.java:282)","chan":"stderr","logger":"task"}
{"timestamp":"2025-07-11T17:22:42.982116Z","level":"error","event":"\tat py4j.commands.AbstractCommand.invokeMethod(AbstractCommand.java:132)","chan":"stderr","logger":"task"}
{"timestamp":"2025-07-11T17:22:42.982348Z","level":"error","event":"\tat py4j.commands.CallCommand.execute(CallCommand.java:79)","chan":"stderr","logger":"task"}
{"timestamp":"2025-07-11T17:22:42.982624Z","level":"error","event":"\tat py4j.ClientServerConnection.waitForCommands(ClientServerConnection.java:184)","chan":"stderr","logger":"task"}
{"timestamp":"2025-07-11T17:22:42.982878Z","level":"error","event":"\tat py4j.ClientServerConnection.run(ClientServerConnection.java:108)","chan":"stderr","logger":"task"}
{"timestamp":"2025-07-11T17:22:42.983148Z","level":"error","event":"\tat java.base/java.lang.Thread.run(Thread.java:840)","chan":"stderr","logger":"task"}
{"timestamp":"2025-07-11T17:22:42.983514Z","level":"error","event":"25/07/11 17:22:42 WARN MetricsConfig: Cannot locate configuration: tried hadoop-metrics2-s3a-file-system.properties,hadoop-metrics2.properties","chan":"stderr","logger":"task"}
{"timestamp":"2025-07-11T17:22:42.990093Z","level":"error","event":"25/07/11 17:22:42 WARN FileSystem: Failed to initialize filesystem s3a://weather-data/opt/airflow/dataset/weather_data.json: java.lang.NumberFormatException: For input string: \"60s\"","chan":"stderr","logger":"task"}
{"timestamp":"2025-07-11T17:22:43.065995","level":"error","event":"Task failed with exception","logger":"task","error_detail":[{"exc_type":"NumberFormatException","exc_value":"For input string: \"60s\"","exc_notes":[],"syntax_error":null,"is_cause":false,"frames":[{"filename":"/home/airflow/.local/lib/python3.12/site-packages/airflow/sdk/execution_time/task_runner.py","lineno":825,"name":"run"},{"filename":"/home/airflow/.local/lib/python3.12/site-packages/airflow/sdk/execution_time/task_runner.py","lineno":1088,"name":"_execute_task"},{"filename":"/home/airflow/.local/lib/python3.12/site-packages/airflow/sdk/bases/operator.py","lineno":408,"name":"wrapper"},{"filename":"/home/airflow/.local/lib/python3.12/site-packages/airflow/providers/standard/operators/python.py","lineno":212,"name":"execute"},{"filename":"/home/airflow/.local/lib/python3.12/site-packages/airflow/providers/standard/operators/python.py","lineno":235,"name":"execute_callable"},{"filename":"/home/airflow/.local/lib/python3.12/site-packages/airflow/sdk/execution_time/callback_runner.py","lineno":81,"name":"run"},{"filename":"/opt/airflow/dags/main.py","lineno":22,"name":"run_etl_weather"},{"filename":"/opt/airflow/dags/etl_data_weather.py","lineno":27,"name":"extract_data_weather"},{"filename":"/home/airflow/.local/lib/python3.12/site-packages/pyspark/sql/readwriter.py","lineno":468,"name":"json"},{"filename":"/home/airflow/.local/lib/python3.12/site-packages/py4j/java_gateway.py","lineno":1362,"name":"__call__"},{"filename":"/home/airflow/.local/lib/python3.12/site-packages/pyspark/errors/exceptions/captured.py","lineno":288,"name":"deco"}]}]}
{"timestamp":"2025-07-11T17:22:43.099598Z","level":"info","event":"Task instance in failure state","chan":"stdout","logger":"task"}
{"timestamp":"2025-07-11T17:22:43.100080Z","level":"info","event":"Task start","chan":"stdout","logger":"task"}
{"timestamp":"2025-07-11T17:22:43.100478Z","level":"info","event":"Task:<Task(PythonOperator): etl_data_weather.load>","chan":"stdout","logger":"task"}
{"timestamp":"2025-07-11T17:22:43.100782Z","level":"info","event":"Failure caused by For input string: \"60s\"","chan":"stdout","logger":"task"}
