{"timestamp":"2025-07-11T19:19:54.293466","level":"info","event":"DAG bundles loaded: dags-folder, example_dags","logger":"airflow.dag_processing.bundles.manager.DagBundlesManager"}
{"timestamp":"2025-07-11T19:19:54.298483","level":"info","event":"Filling up the DagBag from /opt/airflow/dags/main.py","logger":"airflow.models.dagbag.DagBag"}
{"timestamp":"2025-07-11T19:19:55.125183Z","level":"error","event":"WARNING: Using incubator modules: jdk.incubator.vector","chan":"stderr","logger":"task"}
{"timestamp":"2025-07-11T19:19:59.164027Z","level":"error","event":"25/07/11 19:19:59 WARN NativeCodeLoader: Unable to load native-hadoop library for your platform... using builtin-java classes where applicable","chan":"stderr","logger":"task"}
{"timestamp":"2025-07-11T19:19:59.590543Z","level":"error","event":"Using Spark's default log4j profile: org/apache/spark/log4j2-defaults.properties","chan":"stderr","logger":"task"}
{"timestamp":"2025-07-11T19:19:59.615072Z","level":"error","event":"Setting default log level to \"WARN\".","chan":"stderr","logger":"task"}
{"timestamp":"2025-07-11T19:19:59.615731Z","level":"error","event":"To adjust logging level use sc.setLogLevel(newLevel). For SparkR, use setLogLevel(newLevel).","chan":"stderr","logger":"task"}
{"timestamp":"2025-07-11T19:20:06.951727Z","level":"info","event":"Task instance is in running state","chan":"stdout","logger":"task"}
{"timestamp":"2025-07-11T19:20:06.952181Z","level":"info","event":" Previous state of the Task instance: queued","chan":"stdout","logger":"task"}
{"timestamp":"2025-07-11T19:20:06.952426Z","level":"info","event":"Current task name:install_spark","chan":"stdout","logger":"task"}
{"timestamp":"2025-07-11T19:20:06.952658Z","level":"info","event":"Dag name:etl_pipeline","chan":"stdout","logger":"task"}
{"timestamp":"2025-07-11T19:20:07.327020Z","level":"info","event":"Spark session started.","chan":"stdout","logger":"task"}
{"timestamp":"2025-07-11T19:20:07.401389Z","level":"info","event":"spark.hadoop.fs.s3a.connection.part.upload.timeout = 60000","chan":"stdout","logger":"task"}
{"timestamp":"2025-07-11T19:20:07.401821Z","level":"info","event":"spark.hadoop.fs.s3a.socket.recv.buffer = 65536","chan":"stdout","logger":"task"}
{"timestamp":"2025-07-11T19:20:07.402183Z","level":"info","event":"spark.hadoop.fs.s3a.impl.disable.cache = true","chan":"stdout","logger":"task"}
{"timestamp":"2025-07-11T19:20:07.402465Z","level":"info","event":"spark.app.submitTime = 1752261599441","chan":"stdout","logger":"task"}
{"timestamp":"2025-07-11T19:20:07.402734Z","level":"info","event":"spark.hadoop.fs.s3a.connection.request.timeout = 60000","chan":"stdout","logger":"task"}
{"timestamp":"2025-07-11T19:20:07.402967Z","level":"info","event":"spark.app.id = local-1752261601137","chan":"stdout","logger":"task"}
{"timestamp":"2025-07-11T19:20:07.403208Z","level":"info","event":"spark.hadoop.fs.s3a.path.style.access = true","chan":"stdout","logger":"task"}
{"timestamp":"2025-07-11T19:20:07.403510Z","level":"info","event":"spark.rdd.compress = True","chan":"stdout","logger":"task"}
{"timestamp":"2025-07-11T19:20:07.403724Z","level":"info","event":"spark.hadoop.fs.s3a.connection.idle.time = 60000","chan":"stdout","logger":"task"}
{"timestamp":"2025-07-11T19:20:07.403967Z","level":"info","event":"spark.app.startTime = 1752261599919","chan":"stdout","logger":"task"}
{"timestamp":"2025-07-11T19:20:07.404199Z","level":"info","event":"spark.executor.extraClassPath = /opt/spark/jars/ojdbc11.jar","chan":"stdout","logger":"task"}
{"timestamp":"2025-07-11T19:20:07.404415Z","level":"info","event":"spark.hadoop.fs.s3a.connection.establish.timeout = 5000","chan":"stdout","logger":"task"}
{"timestamp":"2025-07-11T19:20:07.404640Z","level":"info","event":"spark.hadoop.fs.s3a.access.key = admin","chan":"stdout","logger":"task"}
{"timestamp":"2025-07-11T19:20:07.405055Z","level":"info","event":"spark.hadoop.fs.s3a.endpoint = http://minio:9000/","chan":"stdout","logger":"task"}
{"timestamp":"2025-07-11T19:20:07.405346Z","level":"info","event":"spark.hadoop.fs.s3a.retry.interval = 500","chan":"stdout","logger":"task"}
{"timestamp":"2025-07-11T19:20:07.405680Z","level":"info","event":"spark.jars = /opt/spark/jars/hadoop-aws-3.3.6.jar,/opt/spark/jars/aws-java-sdk-bundle-1.12.787.jar,/opt/spark/jars/ojdbc11.jar","chan":"stdout","logger":"task"}
{"timestamp":"2025-07-11T19:20:07.405963Z","level":"info","event":"spark.hadoop.fs.s3a.connection.maximum = 15","chan":"stdout","logger":"task"}
{"timestamp":"2025-07-11T19:20:07.406257Z","level":"info","event":"spark.hadoop.fs.s3a.retry.limit = 5","chan":"stdout","logger":"task"}
{"timestamp":"2025-07-11T19:20:07.406513Z","level":"info","event":"spark.hadoop.fs.s3a.vectored.read.max.merged.size = 2097152","chan":"stdout","logger":"task"}
{"timestamp":"2025-07-11T19:20:07.406800Z","level":"info","event":"spark.hadoop.fs.s3a.impl = org.apache.hadoop.fs.s3a.S3AFileSystem","chan":"stdout","logger":"task"}
{"timestamp":"2025-07-11T19:20:07.407067Z","level":"info","event":"spark.hadoop.fs.s3a.vectored.read.min.seek.size = 131072","chan":"stdout","logger":"task"}
{"timestamp":"2025-07-11T19:20:07.407444Z","level":"info","event":"spark.hadoop.fs.s3a.secret.key = admin12345","chan":"stdout","logger":"task"}
{"timestamp":"2025-07-11T19:20:07.407722Z","level":"info","event":"spark.sql.adaptive.coalescePartitions.enabled = false","chan":"stdout","logger":"task"}
{"timestamp":"2025-07-11T19:20:07.408051Z","level":"info","event":"spark.sql.warehouse.dir = file:/opt/airflow/spark-warehouse","chan":"stdout","logger":"task"}
{"timestamp":"2025-07-11T19:20:07.408298Z","level":"info","event":"spark.hadoop.fs.s3a.socket.send.buffer = 65536","chan":"stdout","logger":"task"}
{"timestamp":"2025-07-11T19:20:07.408571Z","level":"info","event":"spark.hadoop.fs.s3a.fast.upload = true","chan":"stdout","logger":"task"}
{"timestamp":"2025-07-11T19:20:07.408885Z","level":"info","event":"spark.executor.extraJavaOptions = -Djava.net.preferIPv6Addresses=false -XX:+IgnoreUnrecognizedVMOptions --add-modules=jdk.incubator.vector --add-opens=java.base/java.lang=ALL-UNNAMED --add-opens=java.base/java.lang.invoke=ALL-UNNAMED --add-opens=java.base/java.lang.reflect=ALL-UNNAMED --add-opens=java.base/java.io=ALL-UNNAMED --add-opens=java.base/java.net=ALL-UNNAMED --add-opens=java.base/java.nio=ALL-UNNAMED --add-opens=java.base/java.util=ALL-UNNAMED --add-opens=java.base/java.util.concurrent=ALL-UNNAMED --add-opens=java.base/java.util.concurrent.atomic=ALL-UNNAMED --add-opens=java.base/jdk.internal.ref=ALL-UNNAMED --add-opens=java.base/sun.nio.ch=ALL-UNNAMED --add-opens=java.base/sun.nio.cs=ALL-UNNAMED --add-opens=java.base/sun.security.action=ALL-UNNAMED --add-opens=java.base/sun.util.calendar=ALL-UNNAMED --add-opens=java.security.jgss/sun.security.krb5=ALL-UNNAMED -Djdk.reflect.useDirectMethodHandle=false -Dio.netty.tryReflectionSetAccessible=true","chan":"stdout","logger":"task"}
{"timestamp":"2025-07-11T19:20:07.409183Z","level":"info","event":"spark.sql.artifact.isolation.enabled = false","chan":"stdout","logger":"task"}
{"timestamp":"2025-07-11T19:20:07.409415Z","level":"info","event":"spark.hadoop.fs.s3a.multipart.size = 104857600","chan":"stdout","logger":"task"}
{"timestamp":"2025-07-11T19:20:07.409635Z","level":"info","event":"spark.master = local[*]","chan":"stdout","logger":"task"}
{"timestamp":"2025-07-11T19:20:07.409873Z","level":"info","event":"spark.executor.id = driver","chan":"stdout","logger":"task"}
{"timestamp":"2025-07-11T19:20:07.410116Z","level":"info","event":"spark.driver.extraClassPath = /opt/spark/jars/ojdbc11.jar","chan":"stdout","logger":"task"}
{"timestamp":"2025-07-11T19:20:07.410429Z","level":"info","event":"spark.app.name = BAITEST","chan":"stdout","logger":"task"}
{"timestamp":"2025-07-11T19:20:07.410768Z","level":"info","event":"spark.submit.deployMode = client","chan":"stdout","logger":"task"}
{"timestamp":"2025-07-11T19:20:07.411031Z","level":"info","event":"spark.hadoop.fs.s3a.connection.ssl.enabled = false","chan":"stdout","logger":"task"}
{"timestamp":"2025-07-11T19:20:07.411320Z","level":"info","event":"spark.serializer.objectStreamReset = 100","chan":"stdout","logger":"task"}
{"timestamp":"2025-07-11T19:20:07.411647Z","level":"info","event":"spark.driver.host = f3b2998412a1","chan":"stdout","logger":"task"}
{"timestamp":"2025-07-11T19:20:07.412002Z","level":"info","event":"spark.app.initial.jar.urls = spark://f3b2998412a1:32999/jars/hadoop-aws-3.3.6.jar,spark://f3b2998412a1:32999/jars/ojdbc11.jar,spark://f3b2998412a1:32999/jars/aws-java-sdk-bundle-1.12.787.jar","chan":"stdout","logger":"task"}
{"timestamp":"2025-07-11T19:20:07.412311Z","level":"info","event":"spark.ui.showConsoleProgress = true","chan":"stdout","logger":"task"}
{"timestamp":"2025-07-11T19:20:07.412592Z","level":"info","event":"spark.hadoop.fs.s3a.multipart.purge.age = 86400","chan":"stdout","logger":"task"}
{"timestamp":"2025-07-11T19:20:07.412810Z","level":"info","event":"spark.driver.port = 32999","chan":"stdout","logger":"task"}
{"timestamp":"2025-07-11T19:20:07.413130Z","level":"info","event":"spark.hadoop.fs.s3a.threads.max = 10","chan":"stdout","logger":"task"}
{"timestamp":"2025-07-11T19:20:07.413393Z","level":"info","event":"spark.hadoop.fs.s3a.aws.credentials.provider = org.apache.hadoop.fs.s3a.SimpleAWSCredentialsProvider","chan":"stdout","logger":"task"}
{"timestamp":"2025-07-11T19:20:07.413630Z","level":"info","event":"spark.submit.pyFiles =","chan":"stdout","logger":"task"}
{"timestamp":"2025-07-11T19:20:07.413898Z","level":"info","event":"spark.driver.extraJavaOptions = -Djava.net.preferIPv6Addresses=false -XX:+IgnoreUnrecognizedVMOptions --add-modules=jdk.incubator.vector --add-opens=java.base/java.lang=ALL-UNNAMED --add-opens=java.base/java.lang.invoke=ALL-UNNAMED --add-opens=java.base/java.lang.reflect=ALL-UNNAMED --add-opens=java.base/java.io=ALL-UNNAMED --add-opens=java.base/java.net=ALL-UNNAMED --add-opens=java.base/java.nio=ALL-UNNAMED --add-opens=java.base/java.util=ALL-UNNAMED --add-opens=java.base/java.util.concurrent=ALL-UNNAMED --add-opens=java.base/java.util.concurrent.atomic=ALL-UNNAMED --add-opens=java.base/jdk.internal.ref=ALL-UNNAMED --add-opens=java.base/sun.nio.ch=ALL-UNNAMED --add-opens=java.base/sun.nio.cs=ALL-UNNAMED --add-opens=java.base/sun.security.action=ALL-UNNAMED --add-opens=java.base/sun.util.calendar=ALL-UNNAMED --add-opens=java.security.jgss/sun.security.krb5=ALL-UNNAMED -Djdk.reflect.useDirectMethodHandle=false -Dio.netty.tryReflectionSetAccessible=true","chan":"stdout","logger":"task"}
{"timestamp":"2025-07-11T19:20:07.414125Z","level":"info","event":"spark.hadoop.fs.s3a.attempts.maximum = 3","chan":"stdout","logger":"task"}
{"timestamp":"2025-07-11T19:20:07.414363Z","level":"info","event":"spark.hadoop.fs.s3a.threads.keepalivetime = 60000","chan":"stdout","logger":"task"}
{"timestamp":"2025-07-11T19:20:07.414591Z","level":"info","event":"spark.repl.local.jars = file:///opt/spark/jars/hadoop-aws-3.3.6.jar,file:///opt/spark/jars/aws-java-sdk-bundle-1.12.787.jar,file:///opt/spark/jars/ojdbc11.jar","chan":"stdout","logger":"task"}
{"timestamp":"2025-07-11T19:20:07.414859Z","level":"info","event":"spark.sql.adaptive.enabled = false","chan":"stdout","logger":"task"}
{"timestamp":"2025-07-11T19:20:07.415073Z","level":"info","event":"spark.hadoop.fs.s3a.connection.timeout = 60000","chan":"stdout","logger":"task"}
{"timestamp":"2025-07-11T19:20:07.415320Z","level":"info","event":"Spark session finished.","chan":"stdout","logger":"task"}
{"timestamp":"2025-07-11T19:20:07.860456","level":"info","event":"Done. Returned value was: None","logger":"airflow.task.operators.airflow.providers.standard.operators.python.PythonOperator"}
{"timestamp":"2025-07-11T19:20:07.880388Z","level":"info","event":"Task instance in success state","chan":"stdout","logger":"task"}
{"timestamp":"2025-07-11T19:20:07.880883Z","level":"info","event":" Previous state of the Task instance: running","chan":"stdout","logger":"task"}
{"timestamp":"2025-07-11T19:20:07.881195Z","level":"info","event":"Task operator:<Task(PythonOperator): install_spark>","chan":"stdout","logger":"task"}
